2019-01-10 03:43:56,696 - INFO - allennlp.common.from_params - instantiating class <class 'allennlp.data.dataset_readers.dataset_reader.DatasetReader'> from params {'type': 'document_reader_semi_supervised'} and extras {}
2019-01-10 03:43:56,696 - INFO - allennlp.common.params - dataset_reader.type = document_reader_semi_supervised
2019-01-10 03:43:56,696 - INFO - allennlp.common.from_params - instantiating class <class 'library.dataset_readers.document_reader.DocumentReaderSemiSupervised'> from params {} and extras {}
2019-01-10 03:43:56,696 - INFO - allennlp.common.params - dataset_reader.lazy = False
2019-01-10 03:43:56,696 - INFO - allennlp.common.params - validation_dataset_reader = None
2019-01-10 03:43:56,696 - INFO - allennlp.common.params - train_data_path = /data/dangt7/IMDB/train_20k_labelled.filtered.jsonl
2019-01-10 03:43:56,696 - INFO - allennlp.commands.train - Reading training data from /data/dangt7/IMDB/train_20k_labelled.filtered.jsonl
2019-01-10 03:43:56,696 - INFO - library.dataset_readers.document_reader - Reading instances from lines in file: /data/dangt7/IMDB/train_20k_labelled.filtered.jsonl
2019-01-10 03:44:24,428 - INFO - allennlp.common.params - validation_data_path = /data/dangt7/IMDB/valid.filtered.jsonl
2019-01-10 03:44:24,429 - INFO - allennlp.commands.train - Reading validation data from /data/dangt7/IMDB/valid.filtered.jsonl
2019-01-10 03:44:24,429 - INFO - library.dataset_readers.document_reader - Reading instances from lines in file: /data/dangt7/IMDB/valid.filtered.jsonl
2019-01-10 03:44:26,148 - INFO - allennlp.common.params - test_data_path = None
2019-01-10 03:44:26,148 - INFO - allennlp.commands.train - From dataset instances, train, validation will be considered for vocabulary creation.
2019-01-10 03:44:26,148 - INFO - allennlp.common.params - vocabulary.type = None
2019-01-10 03:44:26,148 - INFO - allennlp.common.params - vocabulary.extend = False
2019-01-10 03:44:26,148 - INFO - allennlp.common.params - vocabulary.directory_path = None
2019-01-10 03:44:26,148 - INFO - allennlp.common.params - vocabulary.min_count = None
2019-01-10 03:44:26,148 - INFO - allennlp.common.params - Converting Params object to dict; logging of default values will not occur when dictionary parameters are used subsequently.
2019-01-10 03:44:26,148 - INFO - allennlp.common.params - CURRENTLY DEFINED PARAMETERS: 
2019-01-10 03:44:26,148 - INFO - allennlp.common.params - vocabulary.max_vocab_size.full = 10000
2019-01-10 03:44:26,148 - INFO - allennlp.common.params - vocabulary.max_vocab_size.stopless = 2000
2019-01-10 03:44:26,148 - INFO - allennlp.common.params - vocabulary.non_padded_namespaces = ('*tags', '*labels')
2019-01-10 03:44:26,148 - INFO - allennlp.common.params - vocabulary.min_pretrained_embeddings = None
2019-01-10 03:44:26,148 - INFO - allennlp.common.params - vocabulary.only_include_pretrained_words = False
2019-01-10 03:44:26,148 - INFO - allennlp.common.params - vocabulary.tokens_to_add = None
2019-01-10 03:44:26,148 - INFO - allennlp.data.vocabulary - Fitting token dictionary from dataset.
2019-01-10 03:44:39,716 - INFO - allennlp.common.from_params - instantiating class <class 'allennlp.models.model.Model'> from params {'alpha': 50, 'background_data_path': '/data/dangt7/IMDB/train_20k_labelled.bgfreq.json', 'classification_layer': {'activations': ['linear'], 'hidden_dims': [2], 'input_dim': 300, 'num_layers': 1}, 'encoder': {'embedding_dim': 300, 'type': 'boe'}, 'filtered_embedder': {'filtered': {'embedding_dim': 300, 'pretrained_file': '/data/dangt7/glove/glove.6B.300d.txt', 'trainable': True, 'type': 'embedding', 'vocab_namespace': 'stopless'}}, 'input_embedder': {'full': {'embedding_dim': 300, 'trainable': True, 'type': 'embedding', 'vocab_namespace': 'full'}}, 'print_topics': False, 'type': 'BOWTopicModelSemiSupervised', 'update_bg': False, 'vae': {'apply_batchnorm': {'mu': False, 'sigma': False}, 'decoder': {'activations': ['tanh'], 'hidden_dims': [2004], 'input_dim': 10, 'num_layers': 1}, 'encoder': {'activations': ['relu', 'relu'], 'hidden_dims': [1000, 300], 'input_dim': 2004, 'num_layers': 2}, 'log_variance_projection': {'activations': ['linear'], 'hidden_dims': [10], 'input_dim': 300, 'num_layers': 1}, 'mu_projection': {'activations': ['linear'], 'hidden_dims': [10], 'input_dim': 300, 'num_layers': 1}}} and extras {'vocab': <allennlp.data.vocabulary.Vocabulary object at 0x7ff7d04a8048>}
2019-01-10 03:44:39,716 - INFO - allennlp.common.params - model.type = BOWTopicModelSemiSupervised
2019-01-10 03:44:39,716 - INFO - allennlp.common.from_params - instantiating class <class 'library.models.semi_supervised.BOWTopicModelSemiSupervised'> from params {'alpha': 50, 'background_data_path': '/data/dangt7/IMDB/train_20k_labelled.bgfreq.json', 'classification_layer': {'activations': ['linear'], 'hidden_dims': [2], 'input_dim': 300, 'num_layers': 1}, 'encoder': {'embedding_dim': 300, 'type': 'boe'}, 'filtered_embedder': {'filtered': {'embedding_dim': 300, 'pretrained_file': '/data/dangt7/glove/glove.6B.300d.txt', 'trainable': True, 'type': 'embedding', 'vocab_namespace': 'stopless'}}, 'input_embedder': {'full': {'embedding_dim': 300, 'trainable': True, 'type': 'embedding', 'vocab_namespace': 'full'}}, 'print_topics': False, 'update_bg': False, 'vae': {'apply_batchnorm': {'mu': False, 'sigma': False}, 'decoder': {'activations': ['tanh'], 'hidden_dims': [2004], 'input_dim': 10, 'num_layers': 1}, 'encoder': {'activations': ['relu', 'relu'], 'hidden_dims': [1000, 300], 'input_dim': 2004, 'num_layers': 2}, 'log_variance_projection': {'activations': ['linear'], 'hidden_dims': [10], 'input_dim': 300, 'num_layers': 1}, 'mu_projection': {'activations': ['linear'], 'hidden_dims': [10], 'input_dim': 300, 'num_layers': 1}}} and extras {'vocab': <allennlp.data.vocabulary.Vocabulary object at 0x7ff7d04a8048>}
2019-01-10 03:44:39,716 - INFO - allennlp.common.from_params - instantiating class <class 'allennlp.modules.seq2vec_encoders.seq2vec_encoder.Seq2VecEncoder'> from params {'embedding_dim': 300, 'type': 'boe'} and extras {'vocab': <allennlp.data.vocabulary.Vocabulary object at 0x7ff7d04a8048>}
2019-01-10 03:44:39,716 - INFO - allennlp.common.params - model.encoder.type = boe
2019-01-10 03:44:39,716 - INFO - allennlp.common.from_params - instantiating class <class 'allennlp.modules.seq2vec_encoders.boe_encoder.BagOfEmbeddingsEncoder'> from params {'embedding_dim': 300} and extras {'vocab': <allennlp.data.vocabulary.Vocabulary object at 0x7ff7d04a8048>}
2019-01-10 03:44:39,717 - INFO - allennlp.common.params - model.encoder.embedding_dim = 300
2019-01-10 03:44:39,717 - INFO - allennlp.common.params - model.encoder.averaged = False
2019-01-10 03:44:39,717 - INFO - allennlp.common.params - model.classification_layer.input_dim = 300
2019-01-10 03:44:39,717 - INFO - allennlp.common.params - model.classification_layer.num_layers = 1
2019-01-10 03:44:39,717 - INFO - allennlp.common.params - model.classification_layer.hidden_dims = [2]
2019-01-10 03:44:39,717 - INFO - allennlp.common.params - model.classification_layer.activations = ['linear']
2019-01-10 03:44:39,717 - INFO - allennlp.common.params - model.classification_layer.dropout = 0.0
2019-01-10 03:44:39,717 - INFO - allennlp.common.registrable - instantiating registered subclass linear of <class 'allennlp.nn.activations.Activation'>
2019-01-10 03:44:39,718 - INFO - allennlp.common.from_params - instantiating class <class 'library.models.vae.VAE'> from params {'apply_batchnorm': {'mu': False, 'sigma': False}, 'decoder': {'activations': ['tanh'], 'hidden_dims': [2004], 'input_dim': 10, 'num_layers': 1}, 'encoder': {'activations': ['relu', 'relu'], 'hidden_dims': [1000, 300], 'input_dim': 2004, 'num_layers': 2}, 'log_variance_projection': {'activations': ['linear'], 'hidden_dims': [10], 'input_dim': 300, 'num_layers': 1}, 'mu_projection': {'activations': ['linear'], 'hidden_dims': [10], 'input_dim': 300, 'num_layers': 1}} and extras {'vocab': <allennlp.data.vocabulary.Vocabulary object at 0x7ff7d04a8048>}
2019-01-10 03:44:39,718 - INFO - allennlp.common.params - model.vae.encoder.input_dim = 2004
2019-01-10 03:44:39,718 - INFO - allennlp.common.params - model.vae.encoder.num_layers = 2
2019-01-10 03:44:39,718 - INFO - allennlp.common.params - model.vae.encoder.hidden_dims = [1000, 300]
2019-01-10 03:44:39,718 - INFO - allennlp.common.params - model.vae.encoder.activations = ['relu', 'relu']
2019-01-10 03:44:39,718 - INFO - allennlp.common.params - model.vae.encoder.dropout = 0.0
2019-01-10 03:44:39,718 - INFO - allennlp.common.registrable - instantiating registered subclass relu of <class 'allennlp.nn.activations.Activation'>
2019-01-10 03:44:39,718 - INFO - allennlp.common.registrable - instantiating registered subclass relu of <class 'allennlp.nn.activations.Activation'>
2019-01-10 03:44:39,735 - INFO - allennlp.common.params - model.vae.mu_projection.input_dim = 300
2019-01-10 03:44:39,735 - INFO - allennlp.common.params - model.vae.mu_projection.num_layers = 1
2019-01-10 03:44:39,735 - INFO - allennlp.common.params - model.vae.mu_projection.hidden_dims = [10]
2019-01-10 03:44:39,735 - INFO - allennlp.common.params - model.vae.mu_projection.activations = ['linear']
2019-01-10 03:44:39,735 - INFO - allennlp.common.params - model.vae.mu_projection.dropout = 0.0
2019-01-10 03:44:39,736 - INFO - allennlp.common.registrable - instantiating registered subclass linear of <class 'allennlp.nn.activations.Activation'>
2019-01-10 03:44:39,736 - INFO - allennlp.common.params - model.vae.log_variance_projection.input_dim = 300
2019-01-10 03:44:39,736 - INFO - allennlp.common.params - model.vae.log_variance_projection.num_layers = 1
2019-01-10 03:44:39,736 - INFO - allennlp.common.params - model.vae.log_variance_projection.hidden_dims = [10]
2019-01-10 03:44:39,736 - INFO - allennlp.common.params - model.vae.log_variance_projection.activations = ['linear']
2019-01-10 03:44:39,736 - INFO - allennlp.common.params - model.vae.log_variance_projection.dropout = 0.0
2019-01-10 03:44:39,736 - INFO - allennlp.common.registrable - instantiating registered subclass linear of <class 'allennlp.nn.activations.Activation'>
2019-01-10 03:44:39,736 - INFO - allennlp.common.params - model.vae.decoder.input_dim = 10
2019-01-10 03:44:39,736 - INFO - allennlp.common.params - model.vae.decoder.num_layers = 1
2019-01-10 03:44:39,736 - INFO - allennlp.common.params - model.vae.decoder.hidden_dims = [2004]
2019-01-10 03:44:39,737 - INFO - allennlp.common.params - model.vae.decoder.activations = ['tanh']
2019-01-10 03:44:39,737 - INFO - allennlp.common.params - model.vae.decoder.dropout = 0.0
2019-01-10 03:44:39,737 - INFO - allennlp.common.registrable - instantiating registered subclass tanh of <class 'allennlp.nn.activations.Activation'>
2019-01-10 03:44:39,737 - INFO - allennlp.common.params - model.vae.z_dropout = 0.2
2019-01-10 03:44:39,738 - INFO - allennlp.common.from_params - instantiating class <class 'allennlp.modules.text_field_embedders.text_field_embedder.TextFieldEmbedder'> from params {'full': {'embedding_dim': 300, 'trainable': True, 'type': 'embedding', 'vocab_namespace': 'full'}} and extras {'vocab': <allennlp.data.vocabulary.Vocabulary object at 0x7ff7d04a8048>}
2019-01-10 03:44:39,738 - INFO - allennlp.common.params - model.input_embedder.type = basic
2019-01-10 03:44:39,738 - INFO - allennlp.common.params - model.input_embedder.embedder_to_indexer_map = None
2019-01-10 03:44:39,738 - INFO - allennlp.common.params - model.input_embedder.allow_unmatched_keys = False
2019-01-10 03:44:39,738 - INFO - allennlp.common.params - model.input_embedder.token_embedders = None
2019-01-10 03:44:39,738 - INFO - allennlp.common.from_params - instantiating class <class 'allennlp.modules.token_embedders.token_embedder.TokenEmbedder'> from params {'embedding_dim': 300, 'trainable': True, 'type': 'embedding', 'vocab_namespace': 'full'} and extras {'vocab': <allennlp.data.vocabulary.Vocabulary object at 0x7ff7d04a8048>}
2019-01-10 03:44:39,738 - INFO - allennlp.common.params - model.input_embedder.full.type = embedding
2019-01-10 03:44:39,738 - INFO - allennlp.common.params - model.input_embedder.full.num_embeddings = None
2019-01-10 03:44:39,738 - INFO - allennlp.common.params - model.input_embedder.full.vocab_namespace = full
2019-01-10 03:44:39,738 - INFO - allennlp.common.params - model.input_embedder.full.embedding_dim = 300
2019-01-10 03:44:39,738 - INFO - allennlp.common.params - model.input_embedder.full.pretrained_file = None
2019-01-10 03:44:39,738 - INFO - allennlp.common.params - model.input_embedder.full.projection_dim = None
2019-01-10 03:44:39,738 - INFO - allennlp.common.params - model.input_embedder.full.trainable = True
2019-01-10 03:44:39,738 - INFO - allennlp.common.params - model.input_embedder.full.padding_index = None
2019-01-10 03:44:39,738 - INFO - allennlp.common.params - model.input_embedder.full.max_norm = None
2019-01-10 03:44:39,738 - INFO - allennlp.common.params - model.input_embedder.full.norm_type = 2.0
2019-01-10 03:44:39,739 - INFO - allennlp.common.params - model.input_embedder.full.scale_grad_by_freq = False
2019-01-10 03:44:39,739 - INFO - allennlp.common.params - model.input_embedder.full.sparse = False
2019-01-10 03:44:39,761 - INFO - allennlp.common.from_params - instantiating class <class 'allennlp.modules.text_field_embedders.text_field_embedder.TextFieldEmbedder'> from params {'filtered': {'embedding_dim': 300, 'pretrained_file': '/data/dangt7/glove/glove.6B.300d.txt', 'trainable': True, 'type': 'embedding', 'vocab_namespace': 'stopless'}} and extras {'vocab': <allennlp.data.vocabulary.Vocabulary object at 0x7ff7d04a8048>}
2019-01-10 03:44:39,761 - INFO - allennlp.common.params - model.filtered_embedder.type = basic
2019-01-10 03:44:39,761 - INFO - allennlp.common.params - model.filtered_embedder.embedder_to_indexer_map = None
2019-01-10 03:44:39,761 - INFO - allennlp.common.params - model.filtered_embedder.allow_unmatched_keys = False
2019-01-10 03:44:39,761 - INFO - allennlp.common.params - model.filtered_embedder.token_embedders = None
2019-01-10 03:44:39,761 - INFO - allennlp.common.from_params - instantiating class <class 'allennlp.modules.token_embedders.token_embedder.TokenEmbedder'> from params {'embedding_dim': 300, 'pretrained_file': '/data/dangt7/glove/glove.6B.300d.txt', 'trainable': True, 'type': 'embedding', 'vocab_namespace': 'stopless'} and extras {'vocab': <allennlp.data.vocabulary.Vocabulary object at 0x7ff7d04a8048>}
2019-01-10 03:44:39,761 - INFO - allennlp.common.params - model.filtered_embedder.filtered.type = embedding
2019-01-10 03:44:39,762 - INFO - allennlp.common.params - model.filtered_embedder.filtered.num_embeddings = None
2019-01-10 03:44:39,762 - INFO - allennlp.common.params - model.filtered_embedder.filtered.vocab_namespace = stopless
2019-01-10 03:44:39,762 - INFO - allennlp.common.params - model.filtered_embedder.filtered.embedding_dim = 300
2019-01-10 03:44:39,762 - INFO - allennlp.common.params - model.filtered_embedder.filtered.pretrained_file = /data/dangt7/glove/glove.6B.300d.txt
2019-01-10 03:44:39,762 - INFO - allennlp.common.params - model.filtered_embedder.filtered.projection_dim = None
2019-01-10 03:44:39,762 - INFO - allennlp.common.params - model.filtered_embedder.filtered.trainable = True
2019-01-10 03:44:39,762 - INFO - allennlp.common.params - model.filtered_embedder.filtered.padding_index = None
2019-01-10 03:44:39,762 - INFO - allennlp.common.params - model.filtered_embedder.filtered.max_norm = None
2019-01-10 03:44:39,762 - INFO - allennlp.common.params - model.filtered_embedder.filtered.norm_type = 2.0
2019-01-10 03:44:39,762 - INFO - allennlp.common.params - model.filtered_embedder.filtered.scale_grad_by_freq = False
2019-01-10 03:44:39,762 - INFO - allennlp.common.params - model.filtered_embedder.filtered.sparse = False
2019-01-10 03:44:39,762 - INFO - allennlp.modules.token_embedders.embedding - Reading pretrained embeddings from file
2019-01-10 03:44:40,920 - INFO - allennlp.modules.token_embedders.embedding - Initializing pre-trained embedding layer
2019-01-10 03:44:40,936 - INFO - allennlp.modules.token_embedders.embedding - Pretrained embeddings were found for 1995 out of 2002 tokens
2019-01-10 03:44:40,937 - INFO - allennlp.common.params - model.alpha = 50
2019-01-10 03:44:40,937 - INFO - allennlp.common.params - model.background_data_path = /data/dangt7/IMDB/train_20k_labelled.bgfreq.json
2019-01-10 03:44:40,937 - INFO - allennlp.common.params - model.print_topics = False
2019-01-10 03:44:40,937 - INFO - allennlp.common.params - model.update_bg = False
2019-01-10 03:44:40,937 - INFO - allennlp.common.params - model.use_filtered_tokens = True
2019-01-10 03:44:40,937 - INFO - allennlp.common.params - model.use_shared_representation = False
2019-01-10 03:44:41,028 - INFO - allennlp.nn.initializers - Initializing parameters
2019-01-10 03:44:41,028 - INFO - allennlp.nn.initializers - Done initializing parameters; the following parameters are using their default initialization from their code
2019-01-10 03:44:41,028 - INFO - allennlp.nn.initializers -    background
2019-01-10 03:44:41,028 - INFO - allennlp.nn.initializers -    batchnorm.bias
2019-01-10 03:44:41,028 - INFO - allennlp.nn.initializers -    batchnorm.weight
2019-01-10 03:44:41,028 - INFO - allennlp.nn.initializers -    beta
2019-01-10 03:44:41,028 - INFO - allennlp.nn.initializers -    classification_layer._linear_layers.0.bias
2019-01-10 03:44:41,028 - INFO - allennlp.nn.initializers -    classification_layer._linear_layers.0.weight
2019-01-10 03:44:41,028 - INFO - allennlp.nn.initializers -    covariates
2019-01-10 03:44:41,028 - INFO - allennlp.nn.initializers -    filtered_embedder.token_embedder_filtered.weight
2019-01-10 03:44:41,028 - INFO - allennlp.nn.initializers -    input_batchnorm.bias
2019-01-10 03:44:41,028 - INFO - allennlp.nn.initializers -    input_batchnorm.weight
2019-01-10 03:44:41,028 - INFO - allennlp.nn.initializers -    input_embedder.token_embedder_full.weight
2019-01-10 03:44:41,028 - INFO - allennlp.nn.initializers -    vae.batchnorm.bias
2019-01-10 03:44:41,029 - INFO - allennlp.nn.initializers -    vae.batchnorm.weight
2019-01-10 03:44:41,029 - INFO - allennlp.nn.initializers -    vae.decoder._linear_layers.0.bias
2019-01-10 03:44:41,029 - INFO - allennlp.nn.initializers -    vae.decoder._linear_layers.0.weight
2019-01-10 03:44:41,029 - INFO - allennlp.nn.initializers -    vae.encoder._linear_layers.0.bias
2019-01-10 03:44:41,029 - INFO - allennlp.nn.initializers -    vae.encoder._linear_layers.0.weight
2019-01-10 03:44:41,029 - INFO - allennlp.nn.initializers -    vae.encoder._linear_layers.1.bias
2019-01-10 03:44:41,029 - INFO - allennlp.nn.initializers -    vae.encoder._linear_layers.1.weight
2019-01-10 03:44:41,029 - INFO - allennlp.nn.initializers -    vae.log_variance_projection._linear_layers.0.bias
2019-01-10 03:44:41,029 - INFO - allennlp.nn.initializers -    vae.log_variance_projection._linear_layers.0.weight
2019-01-10 03:44:41,029 - INFO - allennlp.nn.initializers -    vae.mu_projection._linear_layers.0.bias
2019-01-10 03:44:41,029 - INFO - allennlp.nn.initializers -    vae.mu_projection._linear_layers.0.weight
2019-01-10 03:44:41,052 - INFO - allennlp.common.from_params - instantiating class <class 'allennlp.data.iterators.data_iterator.DataIterator'> from params {'batch_size': 100, 'type': 'basic'} and extras {}
2019-01-10 03:44:41,052 - INFO - allennlp.common.params - iterator.type = basic
2019-01-10 03:44:41,052 - INFO - allennlp.common.from_params - instantiating class <class 'allennlp.data.iterators.basic_iterator.BasicIterator'> from params {'batch_size': 100} and extras {}
2019-01-10 03:44:41,052 - INFO - allennlp.common.params - iterator.batch_size = 100
2019-01-10 03:44:41,052 - INFO - allennlp.common.params - iterator.instances_per_epoch = None
2019-01-10 03:44:41,052 - INFO - allennlp.common.params - iterator.max_instances_in_memory = None
2019-01-10 03:44:41,052 - INFO - allennlp.common.params - iterator.cache_instances = False
2019-01-10 03:44:41,052 - INFO - allennlp.common.params - iterator.track_epoch = False
2019-01-10 03:44:41,052 - INFO - allennlp.common.params - iterator.maximum_samples_per_batch = None
2019-01-10 03:44:41,052 - INFO - allennlp.common.params - validation_iterator = None
2019-01-10 03:44:41,052 - INFO - allennlp.common.params - trainer.no_grad = ()
2019-01-10 03:44:41,052 - INFO - allennlp.commands.train - Following parameters are Frozen  (without gradient):
2019-01-10 03:44:41,053 - INFO - allennlp.commands.train - background
2019-01-10 03:44:41,053 - INFO - allennlp.commands.train - vae.batchnorm.weight
2019-01-10 03:44:41,053 - INFO - allennlp.commands.train - batchnorm.weight
2019-01-10 03:44:41,053 - INFO - allennlp.commands.train - input_batchnorm.weight
2019-01-10 03:44:41,053 - INFO - allennlp.commands.train - Following parameters are Tunable (with gradient):
2019-01-10 03:44:41,053 - INFO - allennlp.commands.train - beta
2019-01-10 03:44:41,053 - INFO - allennlp.commands.train - covariates
2019-01-10 03:44:41,053 - INFO - allennlp.commands.train - input_embedder.token_embedder_full.weight
2019-01-10 03:44:41,053 - INFO - allennlp.commands.train - filtered_embedder.token_embedder_filtered.weight
2019-01-10 03:44:41,053 - INFO - allennlp.commands.train - classification_layer._linear_layers.0.weight
2019-01-10 03:44:41,053 - INFO - allennlp.commands.train - classification_layer._linear_layers.0.bias
2019-01-10 03:44:41,053 - INFO - allennlp.commands.train - vae.encoder._linear_layers.0.weight
2019-01-10 03:44:41,053 - INFO - allennlp.commands.train - vae.encoder._linear_layers.0.bias
2019-01-10 03:44:41,053 - INFO - allennlp.commands.train - vae.encoder._linear_layers.1.weight
2019-01-10 03:44:41,053 - INFO - allennlp.commands.train - vae.encoder._linear_layers.1.bias
2019-01-10 03:44:41,053 - INFO - allennlp.commands.train - vae.mu_projection._linear_layers.0.weight
2019-01-10 03:44:41,053 - INFO - allennlp.commands.train - vae.mu_projection._linear_layers.0.bias
2019-01-10 03:44:41,053 - INFO - allennlp.commands.train - vae.log_variance_projection._linear_layers.0.weight
2019-01-10 03:44:41,053 - INFO - allennlp.commands.train - vae.log_variance_projection._linear_layers.0.bias
2019-01-10 03:44:41,053 - INFO - allennlp.commands.train - vae.decoder._linear_layers.0.weight
2019-01-10 03:44:41,053 - INFO - allennlp.commands.train - vae.decoder._linear_layers.0.bias
2019-01-10 03:44:41,053 - INFO - allennlp.commands.train - vae.batchnorm.bias
2019-01-10 03:44:41,053 - INFO - allennlp.commands.train - batchnorm.bias
2019-01-10 03:44:41,053 - INFO - allennlp.commands.train - input_batchnorm.bias
2019-01-10 03:44:41,054 - INFO - allennlp.common.params - trainer.patience = 20
2019-01-10 03:44:41,054 - INFO - allennlp.common.params - trainer.validation_metric = +Accuracy
2019-01-10 03:44:41,054 - INFO - allennlp.common.params - trainer.shuffle = True
2019-01-10 03:44:41,054 - INFO - allennlp.common.params - trainer.num_epochs = 200
2019-01-10 03:44:41,054 - INFO - allennlp.common.params - trainer.cuda_device = 0
2019-01-10 03:44:41,054 - INFO - allennlp.common.params - trainer.grad_norm = None
2019-01-10 03:44:41,054 - INFO - allennlp.common.params - trainer.grad_clipping = None
2019-01-10 03:44:41,054 - INFO - allennlp.common.params - trainer.learning_rate_scheduler = None
2019-01-10 03:44:42,858 - INFO - allennlp.common.params - trainer.optimizer.type = adam
2019-01-10 03:44:42,858 - INFO - allennlp.common.params - trainer.optimizer.parameter_groups = None
2019-01-10 03:44:42,858 - INFO - allennlp.training.optimizers - Number of trainable parameters: 5961502
2019-01-10 03:44:42,859 - INFO - allennlp.common.registrable - instantiating registered subclass adam of <class 'allennlp.training.optimizers.Optimizer'>
2019-01-10 03:44:42,859 - INFO - allennlp.common.params - Converting Params object to dict; logging of default values will not occur when dictionary parameters are used subsequently.
2019-01-10 03:44:42,859 - INFO - allennlp.common.params - CURRENTLY DEFINED PARAMETERS: 
2019-01-10 03:44:42,859 - INFO - allennlp.common.params - trainer.optimizer.lr = 0.001
2019-01-10 03:44:42,859 - INFO - allennlp.common.params - trainer.optimizer.weight_decay = 0.001
2019-01-10 03:44:42,859 - INFO - allennlp.common.params - trainer.num_serialized_models_to_keep = 20
2019-01-10 03:44:42,859 - INFO - allennlp.common.params - trainer.keep_serialized_model_every_num_seconds = None
2019-01-10 03:44:42,859 - INFO - allennlp.common.params - trainer.model_save_interval = None
2019-01-10 03:44:42,859 - INFO - allennlp.common.params - trainer.summary_interval = 100
2019-01-10 03:44:42,859 - INFO - allennlp.common.params - trainer.histogram_interval = None
2019-01-10 03:44:42,859 - INFO - allennlp.common.params - trainer.should_log_parameter_statistics = True
2019-01-10 03:44:42,859 - INFO - allennlp.common.params - trainer.should_log_learning_rate = False
2019-01-10 03:44:42,861 - INFO - allennlp.common.params - evaluate_on_test = False
2019-01-10 03:44:42,861 - INFO - allennlp.training.trainer - Beginning training.
2019-01-10 03:44:42,861 - INFO - allennlp.training.trainer - Epoch 0/199
2019-01-10 03:44:42,861 - INFO - allennlp.training.trainer - Peak CPU memory usage MB: 7922.124
2019-01-10 03:44:43,094 - INFO - allennlp.training.trainer - GPU 0 memory usage MB: 20
2019-01-10 03:44:43,095 - INFO - allennlp.training.trainer - GPU 1 memory usage MB: 557
2019-01-10 03:44:43,095 - INFO - allennlp.training.trainer - Training
2019-01-10 03:51:37,594 - INFO - allennlp.training.trainer - Validating
2019-01-10 03:52:11,011 - INFO - allennlp.training.trainer -                          Training |  Validation
2019-01-10 03:52:11,012 - INFO - allennlp.training.trainer - loss                 |  63577.547  |  59707.705
2019-01-10 03:52:11,012 - INFO - allennlp.training.trainer - KL-Divergence        |     5.900  |     5.978
2019-01-10 03:52:11,012 - INFO - allennlp.training.trainer - ELBO                 |  62445.100  |  57706.513
2019-01-10 03:52:11,012 - INFO - allennlp.training.trainer - Scaled_Cross_Entropy |  1132.447  |  2001.192
2019-01-10 03:52:11,012 - INFO - allennlp.training.trainer - Accuracy             |     0.797  |     0.861
2019-01-10 03:52:11,012 - INFO - allennlp.training.trainer - Reconstruction       |   623.327  |   570.394
2019-01-10 03:52:11,071 - INFO - allennlp.training.trainer - Best validation performance so far. Copying weights to 'experiments/semi_supervised/boe_trials/results/boe8/best.th'.
2019-01-10 03:52:11,084 - INFO - allennlp.training.trainer - Epoch duration: 00:07:28
2019-01-10 03:52:11,084 - INFO - allennlp.training.trainer - Estimated training time remaining: 1 day, 0:46:36
2019-01-10 03:52:11,084 - INFO - allennlp.training.trainer - Epoch 1/199
2019-01-10 03:52:11,084 - INFO - allennlp.training.trainer - Peak CPU memory usage MB: 8752.272
2019-01-10 03:52:11,332 - INFO - allennlp.training.trainer - GPU 0 memory usage MB: 20
2019-01-10 03:52:11,333 - INFO - allennlp.training.trainer - GPU 1 memory usage MB: 1583
2019-01-10 03:52:11,333 - INFO - allennlp.training.trainer - Training
2019-01-10 03:52:57,923 - INFO - allennlp.training.trainer - Validating
2019-01-10 03:52:59,637 - INFO - allennlp.training.trainer -                          Training |  Validation
2019-01-10 03:52:59,638 - INFO - allennlp.training.trainer - loss                 |  59803.035  |  59328.331
2019-01-10 03:52:59,638 - INFO - allennlp.training.trainer - KL-Divergence        |     9.652  |     5.524
2019-01-10 03:52:59,638 - INFO - allennlp.training.trainer - ELBO                 |  58997.395  |  57283.979
2019-01-10 03:52:59,638 - INFO - allennlp.training.trainer - Scaled_Cross_Entropy |   805.639  |  2044.352
2019-01-10 03:52:59,638 - INFO - allennlp.training.trainer - Accuracy             |     0.857  |     0.867
2019-01-10 03:52:59,638 - INFO - allennlp.training.trainer - Reconstruction       |   598.406  |   566.623
2019-01-10 03:52:59,663 - INFO - allennlp.training.trainer - Best validation performance so far. Copying weights to 'experiments/semi_supervised/boe_trials/results/boe8/best.th'.
2019-01-10 03:52:59,679 - INFO - allennlp.training.trainer - Epoch duration: 00:00:48
2019-01-10 03:52:59,679 - INFO - allennlp.training.trainer - Estimated training time remaining: 13:39:44
2019-01-10 03:52:59,679 - INFO - allennlp.training.trainer - Epoch 2/199
2019-01-10 03:52:59,679 - INFO - allennlp.training.trainer - Peak CPU memory usage MB: 8752.272
2019-01-10 03:52:59,914 - INFO - allennlp.training.trainer - GPU 0 memory usage MB: 20
2019-01-10 03:52:59,914 - INFO - allennlp.training.trainer - GPU 1 memory usage MB: 1791
2019-01-10 03:52:59,915 - INFO - allennlp.training.trainer - Training
2019-01-10 03:53:45,737 - INFO - allennlp.training.trainer - Validating
2019-01-10 03:53:47,387 - INFO - allennlp.training.trainer -                          Training |  Validation
2019-01-10 03:53:47,389 - INFO - allennlp.training.trainer - loss                 |  58696.896  |  58887.781
2019-01-10 03:53:47,389 - INFO - allennlp.training.trainer - KL-Divergence        |    10.662  |     4.505
2019-01-10 03:53:47,389 - INFO - allennlp.training.trainer - ELBO                 |  57951.296  |  56734.292
2019-01-10 03:53:47,389 - INFO - allennlp.training.trainer - Scaled_Cross_Entropy |   745.600  |  2153.490
2019-01-10 03:53:47,389 - INFO - allennlp.training.trainer - Accuracy             |     0.866  |     0.861
2019-01-10 03:53:47,389 - INFO - allennlp.training.trainer - Reconstruction       |   589.442  |   562.144
2019-01-10 03:53:47,411 - INFO - allennlp.training.trainer - Epoch duration: 00:00:47
2019-01-10 03:53:47,411 - INFO - allennlp.training.trainer - Estimated training time remaining: 9:55:58
2019-01-10 03:53:47,412 - INFO - allennlp.training.trainer - Epoch 3/199
2019-01-10 03:53:47,412 - INFO - allennlp.training.trainer - Peak CPU memory usage MB: 8752.272
2019-01-10 03:53:47,639 - INFO - allennlp.training.trainer - GPU 0 memory usage MB: 20
2019-01-10 03:53:47,640 - INFO - allennlp.training.trainer - GPU 1 memory usage MB: 1791
2019-01-10 03:53:47,640 - INFO - allennlp.training.trainer - Training
2019-01-10 03:54:33,812 - INFO - allennlp.training.trainer - Validating
2019-01-10 03:54:35,462 - INFO - allennlp.training.trainer -                          Training |  Validation
2019-01-10 03:54:35,462 - INFO - allennlp.training.trainer - loss                 |  58196.306  |  58637.684
2019-01-10 03:54:35,463 - INFO - allennlp.training.trainer - KL-Divergence        |    14.026  |     4.397
2019-01-10 03:54:35,463 - INFO - allennlp.training.trainer - ELBO                 |  57430.374  |  56383.012
2019-01-10 03:54:35,463 - INFO - allennlp.training.trainer - Scaled_Cross_Entropy |   765.932  |  2254.672
2019-01-10 03:54:35,463 - INFO - allennlp.training.trainer - Accuracy             |     0.867  |     0.858
2019-01-10 03:54:35,463 - INFO - allennlp.training.trainer - Reconstruction       |   582.588  |   558.740
2019-01-10 03:54:35,487 - INFO - allennlp.training.trainer - Epoch duration: 00:00:48
2019-01-10 03:54:35,488 - INFO - allennlp.training.trainer - Estimated training time remaining: 8:03:58
2019-01-10 03:54:35,488 - INFO - allennlp.training.trainer - Epoch 4/199
2019-01-10 03:54:35,488 - INFO - allennlp.training.trainer - Peak CPU memory usage MB: 8752.272
2019-01-10 03:54:35,720 - INFO - allennlp.training.trainer - GPU 0 memory usage MB: 20
2019-01-10 03:54:35,721 - INFO - allennlp.training.trainer - GPU 1 memory usage MB: 1791
2019-01-10 03:54:35,721 - INFO - allennlp.training.trainer - Training
2019-01-10 03:55:22,298 - INFO - allennlp.training.trainer - Validating
2019-01-10 03:55:23,969 - INFO - allennlp.training.trainer -                          Training |  Validation
2019-01-10 03:55:23,970 - INFO - allennlp.training.trainer - loss                 |  57763.867  |  58738.409
2019-01-10 03:55:23,970 - INFO - allennlp.training.trainer - KL-Divergence        |    26.339  |     4.874
2019-01-10 03:55:23,970 - INFO - allennlp.training.trainer - ELBO                 |  57108.572  |  56208.858
2019-01-10 03:55:23,970 - INFO - allennlp.training.trainer - Scaled_Cross_Entropy |   655.295  |  2529.551
2019-01-10 03:55:23,971 - INFO - allennlp.training.trainer - Accuracy             |     0.875  |     0.844
2019-01-10 03:55:23,971 - INFO - allennlp.training.trainer - Reconstruction       |   578.483  |   556.521
2019-01-10 03:55:23,993 - INFO - allennlp.training.trainer - Epoch duration: 00:00:48
2019-01-10 03:55:23,993 - INFO - allennlp.training.trainer - Estimated training time remaining: 6:56:44
2019-01-10 03:55:23,993 - INFO - allennlp.training.trainer - Epoch 5/199
2019-01-10 03:55:23,993 - INFO - allennlp.training.trainer - Peak CPU memory usage MB: 8752.272
2019-01-10 03:55:24,223 - INFO - allennlp.training.trainer - GPU 0 memory usage MB: 20
2019-01-10 03:55:24,223 - INFO - allennlp.training.trainer - GPU 1 memory usage MB: 1791
2019-01-10 03:55:24,224 - INFO - allennlp.training.trainer - Training
2019-01-10 03:56:11,258 - INFO - allennlp.training.trainer - Validating
2019-01-10 03:56:12,910 - INFO - allennlp.training.trainer -                          Training |  Validation
2019-01-10 03:56:12,910 - INFO - allennlp.training.trainer - loss                 |  57637.304  |  58701.535
2019-01-10 03:56:12,910 - INFO - allennlp.training.trainer - KL-Divergence        |   235.099  |     4.698
2019-01-10 03:56:12,910 - INFO - allennlp.training.trainer - ELBO                 |  56932.903  |  56058.760
2019-01-10 03:56:12,911 - INFO - allennlp.training.trainer - Scaled_Cross_Entropy |   704.401  |  2642.775
2019-01-10 03:56:12,911 - INFO - allennlp.training.trainer - Accuracy             |     0.871  |     0.845
2019-01-10 03:56:12,911 - INFO - allennlp.training.trainer - Reconstruction       |   575.184  |   555.196
2019-01-10 03:56:12,934 - INFO - allennlp.training.trainer - Epoch duration: 00:00:48
2019-01-10 03:56:12,935 - INFO - allennlp.training.trainer - Estimated training time remaining: 6:11:52
2019-01-10 03:56:12,935 - INFO - allennlp.training.trainer - Epoch 6/199
2019-01-10 03:56:12,935 - INFO - allennlp.training.trainer - Peak CPU memory usage MB: 8752.272
2019-01-10 03:56:13,169 - INFO - allennlp.training.trainer - GPU 0 memory usage MB: 20
2019-01-10 03:56:13,170 - INFO - allennlp.training.trainer - GPU 1 memory usage MB: 1791
2019-01-10 03:56:13,170 - INFO - allennlp.training.trainer - Training
2019-01-10 03:57:00,488 - INFO - allennlp.training.trainer - Validating
2019-01-10 03:57:02,162 - INFO - allennlp.training.trainer -                          Training |  Validation
2019-01-10 03:57:02,163 - INFO - allennlp.training.trainer - loss                 |  57510.615  |  58121.102
2019-01-10 03:57:02,163 - INFO - allennlp.training.trainer - KL-Divergence        |   130.013  |     4.928
2019-01-10 03:57:02,164 - INFO - allennlp.training.trainer - ELBO                 |  56824.582  |  55999.423
2019-01-10 03:57:02,165 - INFO - allennlp.training.trainer - Scaled_Cross_Entropy |   686.033  |  2121.679
2019-01-10 03:57:02,165 - INFO - allennlp.training.trainer - Accuracy             |     0.874  |     0.859
2019-01-10 03:57:02,165 - INFO - allennlp.training.trainer - Reconstruction       |   572.721  |   554.373
2019-01-10 03:57:02,187 - INFO - allennlp.training.trainer - Epoch duration: 00:00:49
2019-01-10 03:57:02,187 - INFO - allennlp.training.trainer - Estimated training time remaining: 5:39:44
2019-01-10 03:57:02,187 - INFO - allennlp.training.trainer - Epoch 7/199
2019-01-10 03:57:02,187 - INFO - allennlp.training.trainer - Peak CPU memory usage MB: 8752.272
2019-01-10 03:57:02,418 - INFO - allennlp.training.trainer - GPU 0 memory usage MB: 20
2019-01-10 03:57:02,418 - INFO - allennlp.training.trainer - GPU 1 memory usage MB: 1999
2019-01-10 03:57:02,419 - INFO - allennlp.training.trainer - Training
2019-01-10 03:57:48,882 - INFO - allennlp.training.trainer - Validating
2019-01-10 03:57:50,544 - INFO - allennlp.training.trainer -                          Training |  Validation
2019-01-10 03:57:50,544 - INFO - allennlp.training.trainer - loss                 |  57526.813  |  58805.464
2019-01-10 03:57:50,544 - INFO - allennlp.training.trainer - KL-Divergence        |    94.968  |     4.553
2019-01-10 03:57:50,544 - INFO - allennlp.training.trainer - ELBO                 |  56766.646  |  55915.761
2019-01-10 03:57:50,544 - INFO - allennlp.training.trainer - Scaled_Cross_Entropy |   760.166  |  2889.702
2019-01-10 03:57:50,544 - INFO - allennlp.training.trainer - Accuracy             |     0.867  |     0.848
2019-01-10 03:57:50,544 - INFO - allennlp.training.trainer - Reconstruction       |   570.878  |   553.912
2019-01-10 03:57:50,568 - INFO - allennlp.training.trainer - Epoch duration: 00:00:48
2019-01-10 03:57:50,568 - INFO - allennlp.training.trainer - Estimated training time remaining: 5:15:04
2019-01-10 03:57:50,568 - INFO - allennlp.training.trainer - Epoch 8/199
2019-01-10 03:57:50,568 - INFO - allennlp.training.trainer - Peak CPU memory usage MB: 8752.272
2019-01-10 03:57:50,802 - INFO - allennlp.training.trainer - GPU 0 memory usage MB: 20
2019-01-10 03:57:50,803 - INFO - allennlp.training.trainer - GPU 1 memory usage MB: 1999
2019-01-10 03:57:50,803 - INFO - allennlp.training.trainer - Training
2019-01-10 03:58:37,286 - INFO - allennlp.training.trainer - Validating
2019-01-10 03:58:38,964 - INFO - allennlp.training.trainer -                          Training |  Validation
2019-01-10 03:58:38,966 - INFO - allennlp.training.trainer - loss                 |  57373.561  |  59132.505
2019-01-10 03:58:38,966 - INFO - allennlp.training.trainer - KL-Divergence        |   109.571  |     5.152
2019-01-10 03:58:38,966 - INFO - allennlp.training.trainer - ELBO                 |  56718.391  |  55919.783
2019-01-10 03:58:38,966 - INFO - allennlp.training.trainer - Scaled_Cross_Entropy |   655.170  |  3212.722
2019-01-10 03:58:38,966 - INFO - allennlp.training.trainer - Accuracy             |     0.875  |     0.818
2019-01-10 03:58:38,966 - INFO - allennlp.training.trainer - Reconstruction       |   569.139  |   553.352
2019-01-10 03:58:38,988 - INFO - allennlp.training.trainer - Epoch duration: 00:00:48
2019-01-10 03:58:38,988 - INFO - allennlp.training.trainer - Estimated training time remaining: 4:55:44
2019-01-10 03:58:38,989 - INFO - allennlp.training.trainer - Epoch 9/199
2019-01-10 03:58:38,989 - INFO - allennlp.training.trainer - Peak CPU memory usage MB: 8752.332
2019-01-10 03:58:39,216 - INFO - allennlp.training.trainer - GPU 0 memory usage MB: 20
2019-01-10 03:58:39,217 - INFO - allennlp.training.trainer - GPU 1 memory usage MB: 1999
2019-01-10 03:58:39,217 - INFO - allennlp.training.trainer - Training
2019-01-10 03:59:26,649 - INFO - allennlp.training.trainer - Validating
2019-01-10 03:59:28,321 - INFO - allennlp.training.trainer -                          Training |  Validation
2019-01-10 03:59:28,322 - INFO - allennlp.training.trainer - loss                 |  57295.903  |  57996.316
2019-01-10 03:59:28,322 - INFO - allennlp.training.trainer - KL-Divergence        |    47.212  |     5.190
2019-01-10 03:59:28,322 - INFO - allennlp.training.trainer - ELBO                 |  56687.186  |  55899.812
2019-01-10 03:59:28,322 - INFO - allennlp.training.trainer - Scaled_Cross_Entropy |   608.717  |  2096.504
2019-01-10 03:59:28,322 - INFO - allennlp.training.trainer - Accuracy             |     0.879  |     0.859
2019-01-10 03:59:28,322 - INFO - allennlp.training.trainer - Reconstruction       |   568.688  |   553.115
2019-01-10 03:59:28,346 - INFO - allennlp.training.trainer - Epoch duration: 00:00:49
2019-01-10 03:59:28,346 - INFO - allennlp.training.trainer - Estimated training time remaining: 4:40:24
2019-01-10 03:59:28,346 - INFO - allennlp.training.trainer - Epoch 10/199
2019-01-10 03:59:28,346 - INFO - allennlp.training.trainer - Peak CPU memory usage MB: 8752.344
2019-01-10 03:59:28,578 - INFO - allennlp.training.trainer - GPU 0 memory usage MB: 20
2019-01-10 03:59:28,578 - INFO - allennlp.training.trainer - GPU 1 memory usage MB: 2219
2019-01-10 03:59:28,579 - INFO - allennlp.training.trainer - Training
2019-01-10 04:00:13,963 - INFO - allennlp.training.trainer - Validating
2019-01-10 04:00:15,618 - INFO - allennlp.training.trainer -                          Training |  Validation
2019-01-10 04:00:15,618 - INFO - allennlp.training.trainer - loss                 |  57347.575  |  58549.139
2019-01-10 04:00:15,619 - INFO - allennlp.training.trainer - KL-Divergence        |   638.986  |     5.331
2019-01-10 04:00:15,619 - INFO - allennlp.training.trainer - ELBO                 |  56662.429  |  55885.680
2019-01-10 04:00:15,619 - INFO - allennlp.training.trainer - Scaled_Cross_Entropy |   685.147  |  2663.459
2019-01-10 04:00:15,619 - INFO - allennlp.training.trainer - Accuracy             |     0.873  |     0.830
2019-01-10 04:00:15,620 - INFO - allennlp.training.trainer - Reconstruction       |   567.886  |   552.832
2019-01-10 04:00:15,642 - INFO - allennlp.training.trainer - Epoch duration: 00:00:47
2019-01-10 04:00:15,642 - INFO - allennlp.training.trainer - Estimated training time remaining: 4:27:06
2019-01-10 04:00:15,642 - INFO - allennlp.training.trainer - Epoch 11/199
2019-01-10 04:00:15,643 - INFO - allennlp.training.trainer - Peak CPU memory usage MB: 8752.588
2019-01-10 04:00:15,894 - INFO - allennlp.training.trainer - GPU 0 memory usage MB: 20
2019-01-10 04:00:15,894 - INFO - allennlp.training.trainer - GPU 1 memory usage MB: 2219
2019-01-10 04:00:15,895 - INFO - allennlp.training.trainer - Training
2019-01-10 04:01:01,541 - INFO - allennlp.training.trainer - Validating
2019-01-10 04:01:03,210 - INFO - allennlp.training.trainer -                          Training |  Validation
2019-01-10 04:01:03,210 - INFO - allennlp.training.trainer - loss                 |  57289.422  |  58015.302
2019-01-10 04:01:03,210 - INFO - allennlp.training.trainer - KL-Divergence        |    84.050  |     5.206
2019-01-10 04:01:03,210 - INFO - allennlp.training.trainer - ELBO                 |  56642.621  |  55843.374
2019-01-10 04:01:03,210 - INFO - allennlp.training.trainer - Scaled_Cross_Entropy |   646.802  |  2171.928
2019-01-10 04:01:03,210 - INFO - allennlp.training.trainer - Accuracy             |     0.877  |     0.852
2019-01-10 04:01:03,210 - INFO - allennlp.training.trainer - Reconstruction       |   567.731  |   552.534
2019-01-10 04:01:03,235 - INFO - allennlp.training.trainer - Epoch duration: 00:00:47
2019-01-10 04:01:03,235 - INFO - allennlp.training.trainer - Estimated training time remaining: 4:15:59
2019-01-10 04:01:03,235 - INFO - allennlp.training.trainer - Epoch 12/199
2019-01-10 04:01:03,235 - INFO - allennlp.training.trainer - Peak CPU memory usage MB: 8752.588
2019-01-10 04:01:03,487 - INFO - allennlp.training.trainer - GPU 0 memory usage MB: 20
2019-01-10 04:01:03,487 - INFO - allennlp.training.trainer - GPU 1 memory usage MB: 2219
2019-01-10 04:01:03,488 - INFO - allennlp.training.trainer - Training
2019-01-10 04:01:49,283 - INFO - allennlp.training.trainer - Validating
2019-01-10 04:01:50,935 - INFO - allennlp.training.trainer -                          Training |  Validation
2019-01-10 04:01:50,936 - INFO - allennlp.training.trainer - loss                 |  57223.670  |  57921.261
2019-01-10 04:01:50,936 - INFO - allennlp.training.trainer - KL-Divergence        |    53.661  |     5.172
2019-01-10 04:01:50,936 - INFO - allennlp.training.trainer - ELBO                 |  56617.134  |  55803.000
2019-01-10 04:01:50,936 - INFO - allennlp.training.trainer - Scaled_Cross_Entropy |   606.536  |  2118.261
2019-01-10 04:01:50,936 - INFO - allennlp.training.trainer - Accuracy             |     0.881  |     0.857
2019-01-10 04:01:50,936 - INFO - allennlp.training.trainer - Reconstruction       |   567.001  |   552.165
2019-01-10 04:01:50,960 - INFO - allennlp.training.trainer - Epoch duration: 00:00:47
2019-01-10 04:01:50,960 - INFO - allennlp.training.trainer - Estimated training time remaining: 4:06:28
2019-01-10 04:01:50,960 - INFO - allennlp.training.trainer - Epoch 13/199
2019-01-10 04:01:50,960 - INFO - allennlp.training.trainer - Peak CPU memory usage MB: 8752.588
2019-01-10 04:01:51,187 - INFO - allennlp.training.trainer - GPU 0 memory usage MB: 20
2019-01-10 04:01:51,188 - INFO - allennlp.training.trainer - GPU 1 memory usage MB: 2219
2019-01-10 04:01:51,188 - INFO - allennlp.training.trainer - Training
2019-01-10 04:02:37,149 - INFO - allennlp.training.trainer - Validating
2019-01-10 04:02:38,805 - INFO - allennlp.training.trainer -                          Training |  Validation
2019-01-10 04:02:38,805 - INFO - allennlp.training.trainer - loss                 |  57221.071  |  57806.682
2019-01-10 04:02:38,805 - INFO - allennlp.training.trainer - KL-Divergence        |    54.211  |     5.286
2019-01-10 04:02:38,805 - INFO - allennlp.training.trainer - ELBO                 |  56605.137  |  55790.711
2019-01-10 04:02:38,806 - INFO - allennlp.training.trainer - Scaled_Cross_Entropy |   615.934  |  2015.971
2019-01-10 04:02:38,806 - INFO - allennlp.training.trainer - Accuracy             |     0.878  |     0.858
2019-01-10 04:02:38,806 - INFO - allennlp.training.trainer - Reconstruction       |   566.188  |   551.928
2019-01-10 04:02:38,830 - INFO - allennlp.training.trainer - Epoch duration: 00:00:47
2019-01-10 04:02:38,830 - INFO - allennlp.training.trainer - Estimated training time remaining: 3:58:15
2019-01-10 04:02:38,830 - INFO - allennlp.training.trainer - Epoch 14/199
2019-01-10 04:02:38,831 - INFO - allennlp.training.trainer - Peak CPU memory usage MB: 8752.588
2019-01-10 04:02:39,079 - INFO - allennlp.training.trainer - GPU 0 memory usage MB: 20
2019-01-10 04:02:39,079 - INFO - allennlp.training.trainer - GPU 1 memory usage MB: 2219
2019-01-10 04:02:39,080 - INFO - allennlp.training.trainer - Training
2019-01-10 04:03:25,439 - INFO - allennlp.training.trainer - Validating
2019-01-10 04:03:27,158 - INFO - allennlp.training.trainer -                          Training |  Validation
2019-01-10 04:03:27,159 - INFO - allennlp.training.trainer - loss                 |  57157.799  |  57934.427
2019-01-10 04:03:27,159 - INFO - allennlp.training.trainer - KL-Divergence        |   135.880  |     5.226
2019-01-10 04:03:27,159 - INFO - allennlp.training.trainer - ELBO                 |  56589.436  |  55794.784
2019-01-10 04:03:27,159 - INFO - allennlp.training.trainer - Scaled_Cross_Entropy |   568.363  |  2139.643
2019-01-10 04:03:27,159 - INFO - allennlp.training.trainer - Accuracy             |     0.883  |     0.854
2019-01-10 04:03:27,160 - INFO - allennlp.training.trainer - Reconstruction       |   565.748  |   552.029
2019-01-10 04:03:27,183 - INFO - allennlp.training.trainer - Epoch duration: 00:00:48
2019-01-10 04:03:27,183 - INFO - allennlp.training.trainer - Estimated training time remaining: 3:51:06
2019-01-10 04:03:27,183 - INFO - allennlp.training.trainer - Epoch 15/199
2019-01-10 04:03:27,183 - INFO - allennlp.training.trainer - Peak CPU memory usage MB: 8752.716
2019-01-10 04:03:27,430 - INFO - allennlp.training.trainer - GPU 0 memory usage MB: 20
2019-01-10 04:03:27,430 - INFO - allennlp.training.trainer - GPU 1 memory usage MB: 2219
2019-01-10 04:03:27,430 - INFO - allennlp.training.trainer - Training
2019-01-10 04:04:13,794 - INFO - allennlp.training.trainer - Validating
2019-01-10 04:04:15,455 - INFO - allennlp.training.trainer -                          Training |  Validation
2019-01-10 04:04:15,456 - INFO - allennlp.training.trainer - loss                 |  57176.462  |  57862.546
2019-01-10 04:04:15,456 - INFO - allennlp.training.trainer - KL-Divergence        |    10.725  |     5.262
2019-01-10 04:04:15,456 - INFO - allennlp.training.trainer - ELBO                 |  56564.873  |  55795.972
2019-01-10 04:04:15,456 - INFO - allennlp.training.trainer - Scaled_Cross_Entropy |   611.589  |  2066.574
2019-01-10 04:04:15,456 - INFO - allennlp.training.trainer - Accuracy             |     0.877  |     0.851
2019-01-10 04:04:15,456 - INFO - allennlp.training.trainer - Reconstruction       |   565.359  |   552.004
2019-01-10 04:04:15,481 - INFO - allennlp.training.trainer - Epoch duration: 00:00:48
2019-01-10 04:04:15,481 - INFO - allennlp.training.trainer - Estimated training time remaining: 3:44:45
2019-01-10 04:04:15,481 - INFO - allennlp.training.trainer - Epoch 16/199
2019-01-10 04:04:15,481 - INFO - allennlp.training.trainer - Peak CPU memory usage MB: 8752.736
2019-01-10 04:04:15,728 - INFO - allennlp.training.trainer - GPU 0 memory usage MB: 20
2019-01-10 04:04:15,728 - INFO - allennlp.training.trainer - GPU 1 memory usage MB: 2219
2019-01-10 04:04:15,729 - INFO - allennlp.training.trainer - Training
2019-01-10 04:05:02,080 - INFO - allennlp.training.trainer - Validating
2019-01-10 04:05:03,802 - INFO - allennlp.training.trainer -                          Training |  Validation
2019-01-10 04:05:03,802 - INFO - allennlp.training.trainer - loss                 |  57152.506  |  58882.356
2019-01-10 04:05:03,802 - INFO - allennlp.training.trainer - KL-Divergence        |    10.278  |     5.526
2019-01-10 04:05:03,803 - INFO - allennlp.training.trainer - ELBO                 |  56550.245  |  55777.631
2019-01-10 04:05:03,803 - INFO - allennlp.training.trainer - Scaled_Cross_Entropy |   602.261  |  3104.724
2019-01-10 04:05:03,803 - INFO - allennlp.training.trainer - Accuracy             |     0.879  |     0.822
2019-01-10 04:05:03,803 - INFO - allennlp.training.trainer - Reconstruction       |   564.978  |   551.557
2019-01-10 04:05:03,828 - INFO - allennlp.training.trainer - Epoch duration: 00:00:48
2019-01-10 04:05:03,828 - INFO - allennlp.training.trainer - Estimated training time remaining: 3:39:03
2019-01-10 04:05:03,828 - INFO - allennlp.training.trainer - Epoch 17/199
2019-01-10 04:05:03,828 - INFO - allennlp.training.trainer - Peak CPU memory usage MB: 8752.768
2019-01-10 04:05:04,049 - INFO - allennlp.training.trainer - GPU 0 memory usage MB: 20
2019-01-10 04:05:04,050 - INFO - allennlp.training.trainer - GPU 1 memory usage MB: 2219
2019-01-10 04:05:04,050 - INFO - allennlp.training.trainer - Training
2019-01-10 04:05:51,039 - INFO - allennlp.training.trainer - Validating
2019-01-10 04:05:52,697 - INFO - allennlp.training.trainer -                          Training |  Validation
2019-01-10 04:05:52,697 - INFO - allennlp.training.trainer - loss                 |  57097.446  |  57969.875
2019-01-10 04:05:52,697 - INFO - allennlp.training.trainer - KL-Divergence        |    10.380  |     5.415
2019-01-10 04:05:52,697 - INFO - allennlp.training.trainer - ELBO                 |  56537.815  |  55741.489
2019-01-10 04:05:52,697 - INFO - allennlp.training.trainer - Scaled_Cross_Entropy |   559.631  |  2228.386
2019-01-10 04:05:52,697 - INFO - allennlp.training.trainer - Accuracy             |     0.884  |     0.848
2019-01-10 04:05:52,697 - INFO - allennlp.training.trainer - Reconstruction       |   564.420  |   551.306
2019-01-10 04:05:52,721 - INFO - allennlp.training.trainer - Epoch duration: 00:00:48
2019-01-10 04:05:52,721 - INFO - allennlp.training.trainer - Estimated training time remaining: 3:33:59
2019-01-10 04:05:52,722 - INFO - allennlp.training.trainer - Epoch 18/199
2019-01-10 04:05:52,722 - INFO - allennlp.training.trainer - Peak CPU memory usage MB: 8752.768
2019-01-10 04:05:52,963 - INFO - allennlp.training.trainer - GPU 0 memory usage MB: 20
2019-01-10 04:05:52,964 - INFO - allennlp.training.trainer - GPU 1 memory usage MB: 2219
2019-01-10 04:05:52,964 - INFO - allennlp.training.trainer - Training
2019-01-10 04:06:40,320 - INFO - allennlp.training.trainer - Validating
2019-01-10 04:06:41,987 - INFO - allennlp.training.trainer -                          Training |  Validation
2019-01-10 04:06:41,989 - INFO - allennlp.training.trainer - loss                 |  57108.994  |  57948.060
2019-01-10 04:06:41,989 - INFO - allennlp.training.trainer - KL-Divergence        |     9.841  |     5.455
2019-01-10 04:06:41,989 - INFO - allennlp.training.trainer - ELBO                 |  56518.784  |  55719.556
2019-01-10 04:06:41,989 - INFO - allennlp.training.trainer - Scaled_Cross_Entropy |   590.210  |  2228.504
2019-01-10 04:06:41,989 - INFO - allennlp.training.trainer - Accuracy             |     0.882  |     0.846
2019-01-10 04:06:41,990 - INFO - allennlp.training.trainer - Reconstruction       |   564.263  |   551.048
2019-01-10 04:06:42,012 - INFO - allennlp.training.trainer - Epoch duration: 00:00:49
2019-01-10 04:06:42,013 - INFO - allennlp.training.trainer - Estimated training time remaining: 3:29:26
2019-01-10 04:06:42,013 - INFO - allennlp.training.trainer - Epoch 19/199
2019-01-10 04:06:42,013 - INFO - allennlp.training.trainer - Peak CPU memory usage MB: 8752.984
2019-01-10 04:06:42,232 - INFO - allennlp.training.trainer - GPU 0 memory usage MB: 20
2019-01-10 04:06:42,232 - INFO - allennlp.training.trainer - GPU 1 memory usage MB: 2447
2019-01-10 04:06:42,233 - INFO - allennlp.training.trainer - Training
2019-01-10 04:07:29,055 - INFO - allennlp.training.trainer - Validating
2019-01-10 04:07:30,720 - INFO - allennlp.training.trainer -                          Training |  Validation
2019-01-10 04:07:30,720 - INFO - allennlp.training.trainer - loss                 |  57078.761  |  58029.875
2019-01-10 04:07:30,720 - INFO - allennlp.training.trainer - KL-Divergence        |     9.542  |     5.140
2019-01-10 04:07:30,721 - INFO - allennlp.training.trainer - ELBO                 |  56518.876  |  55714.713
2019-01-10 04:07:30,721 - INFO - allennlp.training.trainer - Scaled_Cross_Entropy |   559.885  |  2315.162
2019-01-10 04:07:30,721 - INFO - allennlp.training.trainer - Accuracy             |     0.883  |     0.845
2019-01-10 04:07:30,721 - INFO - allennlp.training.trainer - Reconstruction       |   563.321  |   551.314
2019-01-10 04:07:30,745 - INFO - allennlp.training.trainer - Epoch duration: 00:00:48
2019-01-10 04:07:30,746 - INFO - allennlp.training.trainer - Estimated training time remaining: 3:25:10
2019-01-10 04:07:30,746 - INFO - allennlp.training.trainer - Epoch 20/199
2019-01-10 04:07:30,746 - INFO - allennlp.training.trainer - Peak CPU memory usage MB: 8753.012
2019-01-10 04:07:30,966 - INFO - allennlp.training.trainer - GPU 0 memory usage MB: 20
2019-01-10 04:07:30,967 - INFO - allennlp.training.trainer - GPU 1 memory usage MB: 2447
2019-01-10 04:07:30,968 - INFO - allennlp.training.trainer - Training
2019-01-10 04:08:17,587 - INFO - allennlp.training.trainer - Validating
2019-01-10 04:08:19,325 - INFO - allennlp.training.trainer -                          Training |  Validation
2019-01-10 04:08:19,325 - INFO - allennlp.training.trainer - loss                 |  57116.041  |  57739.382
2019-01-10 04:08:19,325 - INFO - allennlp.training.trainer - KL-Divergence        |     9.483  |     5.052
2019-01-10 04:08:19,325 - INFO - allennlp.training.trainer - ELBO                 |  56509.743  |  55686.753
2019-01-10 04:08:19,325 - INFO - allennlp.training.trainer - Scaled_Cross_Entropy |   606.299  |  2052.628
2019-01-10 04:08:19,325 - INFO - allennlp.training.trainer - Accuracy             |     0.879  |     0.854
2019-01-10 04:08:19,325 - INFO - allennlp.training.trainer - Reconstruction       |   563.584  |   551.122
2019-01-10 04:08:19,355 - INFO - allennlp.training.trainer - Epoch duration: 00:00:48
2019-01-10 04:08:19,355 - INFO - allennlp.training.trainer - Estimated training time remaining: 3:21:13
2019-01-10 04:08:19,355 - INFO - allennlp.training.trainer - Epoch 21/199
2019-01-10 04:08:19,355 - INFO - allennlp.training.trainer - Peak CPU memory usage MB: 8753.016
2019-01-10 04:08:19,604 - INFO - allennlp.training.trainer - GPU 0 memory usage MB: 20
2019-01-10 04:08:19,605 - INFO - allennlp.training.trainer - GPU 1 memory usage MB: 2447
2019-01-10 04:08:19,605 - INFO - allennlp.training.trainer - Training
2019-01-10 04:09:06,128 - INFO - allennlp.training.trainer - Validating
2019-01-10 04:09:07,796 - INFO - allennlp.training.trainer - Ran out of patience.  Stopping training.
2019-01-10 04:09:07,796 - INFO - allennlp.models.archival - archiving weights and vocabulary to experiments/semi_supervised/boe_trials/results/boe8/model.tar.gz
2019-01-10 04:09:08,780 - INFO - allennlp.commands.train - Loading the best epoch weights.
2019-01-10 04:09:08,794 - INFO - allennlp.common.util - Metrics: {
  "training_duration": "00:23:36",
  "training_start_epoch": 0,
  "training_epochs": 20,
  "epoch": 20,
  "training_KL-Divergence": 9.483138084411621,
  "training_Reconstruction": 563.583984375,
  "training_Accuracy": 0.8787,
  "training_Scaled_Cross_Entropy": 606.2987670898438,
  "training_ELBO": 56509.742776988634,
  "training_loss": 57116.04144886364,
  "validation_KL-Divergence": 5.052026748657227,
  "validation_Reconstruction": 551.1223754882812,
  "validation_Accuracy": 0.8544,
  "validation_Scaled_Cross_Entropy": 2052.6279296875,
  "validation_ELBO": 55686.753203125,
  "validation_loss": 57739.38171875,
  "best_epoch": 1,
  "best_validation_KL-Divergence": 5.523923397064209,
  "best_validation_Reconstruction": 566.6226806640625,
  "best_validation_Accuracy": 0.8666,
  "best_validation_Scaled_Cross_Entropy": 2044.3515625,
  "best_validation_ELBO": 57283.978828125,
  "best_validation_loss": 59328.3309375
}
