2019-01-10 09:42:29,793 - INFO - allennlp.common.from_params - instantiating class <class 'allennlp.data.dataset_readers.dataset_reader.DatasetReader'> from params {'type': 'document_reader_semi_supervised'} and extras {}
2019-01-10 09:42:29,793 - INFO - allennlp.common.params - dataset_reader.type = document_reader_semi_supervised
2019-01-10 09:42:29,793 - INFO - allennlp.common.from_params - instantiating class <class 'library.dataset_readers.document_reader.DocumentReaderSemiSupervised'> from params {} and extras {}
2019-01-10 09:42:29,793 - INFO - allennlp.common.params - dataset_reader.lazy = False
2019-01-10 09:42:29,793 - INFO - allennlp.common.params - validation_dataset_reader = None
2019-01-10 09:42:29,793 - INFO - allennlp.common.params - train_data_path = /data/dangt7/IMDB/train_20k_labelled.filtered.jsonl
2019-01-10 09:42:29,793 - INFO - allennlp.commands.train - Reading training data from /data/dangt7/IMDB/train_20k_labelled.filtered.jsonl
2019-01-10 09:42:29,794 - INFO - library.dataset_readers.document_reader - Reading instances from lines in file: /data/dangt7/IMDB/train_20k_labelled.filtered.jsonl
2019-01-10 09:42:57,269 - INFO - allennlp.common.params - validation_data_path = /data/dangt7/IMDB/valid.filtered.jsonl
2019-01-10 09:42:57,269 - INFO - allennlp.commands.train - Reading validation data from /data/dangt7/IMDB/valid.filtered.jsonl
2019-01-10 09:42:57,269 - INFO - library.dataset_readers.document_reader - Reading instances from lines in file: /data/dangt7/IMDB/valid.filtered.jsonl
2019-01-10 09:42:58,974 - INFO - allennlp.common.params - test_data_path = None
2019-01-10 09:42:58,975 - INFO - allennlp.commands.train - From dataset instances, train, validation will be considered for vocabulary creation.
2019-01-10 09:42:58,975 - INFO - allennlp.common.params - vocabulary.type = None
2019-01-10 09:42:58,975 - INFO - allennlp.common.params - vocabulary.extend = False
2019-01-10 09:42:58,975 - INFO - allennlp.common.params - vocabulary.directory_path = None
2019-01-10 09:42:58,975 - INFO - allennlp.common.params - vocabulary.min_count = None
2019-01-10 09:42:58,975 - INFO - allennlp.common.params - Converting Params object to dict; logging of default values will not occur when dictionary parameters are used subsequently.
2019-01-10 09:42:58,975 - INFO - allennlp.common.params - CURRENTLY DEFINED PARAMETERS: 
2019-01-10 09:42:58,975 - INFO - allennlp.common.params - vocabulary.max_vocab_size.full = 10000
2019-01-10 09:42:58,975 - INFO - allennlp.common.params - vocabulary.max_vocab_size.stopless = 2000
2019-01-10 09:42:58,975 - INFO - allennlp.common.params - vocabulary.non_padded_namespaces = ('*tags', '*labels')
2019-01-10 09:42:58,975 - INFO - allennlp.common.params - vocabulary.min_pretrained_embeddings = None
2019-01-10 09:42:58,975 - INFO - allennlp.common.params - vocabulary.only_include_pretrained_words = False
2019-01-10 09:42:58,975 - INFO - allennlp.common.params - vocabulary.tokens_to_add = None
2019-01-10 09:42:58,975 - INFO - allennlp.data.vocabulary - Fitting token dictionary from dataset.
2019-01-10 09:43:13,030 - INFO - allennlp.common.from_params - instantiating class <class 'allennlp.models.model.Model'> from params {'alpha': 50, 'background_data_path': '/data/dangt7/IMDB/train_20k_labelled.bgfreq.json', 'classification_layer': {'activations': ['linear'], 'hidden_dims': [2], 'input_dim': 300, 'num_layers': 1}, 'encoder': {'embedding_dim': 300, 'num_filters': 32, 'output_dim': 300, 'type': 'cnn'}, 'filtered_embedder': {'filtered': {'embedding_dim': 300, 'pretrained_file': '/data/dangt7/glove/glove.6B.300d.txt', 'trainable': True, 'type': 'embedding', 'vocab_namespace': 'stopless'}}, 'input_embedder': {'full': {'embedding_dim': 300, 'pretrained_file': '/data/dangt7/glove/glove.6B.300d.txt', 'trainable': True, 'type': 'embedding', 'vocab_namespace': 'full'}}, 'print_topics': False, 'type': 'BOWTopicModelSemiSupervised', 'update_bg': False, 'use_filtered_tokens': False, 'vae': {'apply_batchnorm': {'mu': False, 'sigma': False}, 'decoder': {'activations': ['tanh'], 'hidden_dims': [2004], 'input_dim': 10, 'num_layers': 1}, 'encoder': {'activations': ['relu', 'relu'], 'dropout': 0.3, 'hidden_dims': [1000, 300], 'input_dim': 2004, 'num_layers': 2}, 'log_variance_projection': {'activations': ['linear'], 'hidden_dims': [10], 'input_dim': 300, 'num_layers': 1}, 'mu_projection': {'activations': ['linear'], 'hidden_dims': [10], 'input_dim': 300, 'num_layers': 1}}} and extras {'vocab': <allennlp.data.vocabulary.Vocabulary object at 0x7fad75ecf208>}
2019-01-10 09:43:13,030 - INFO - allennlp.common.params - model.type = BOWTopicModelSemiSupervised
2019-01-10 09:43:13,030 - INFO - allennlp.common.from_params - instantiating class <class 'library.models.semi_supervised.BOWTopicModelSemiSupervised'> from params {'alpha': 50, 'background_data_path': '/data/dangt7/IMDB/train_20k_labelled.bgfreq.json', 'classification_layer': {'activations': ['linear'], 'hidden_dims': [2], 'input_dim': 300, 'num_layers': 1}, 'encoder': {'embedding_dim': 300, 'num_filters': 32, 'output_dim': 300, 'type': 'cnn'}, 'filtered_embedder': {'filtered': {'embedding_dim': 300, 'pretrained_file': '/data/dangt7/glove/glove.6B.300d.txt', 'trainable': True, 'type': 'embedding', 'vocab_namespace': 'stopless'}}, 'input_embedder': {'full': {'embedding_dim': 300, 'pretrained_file': '/data/dangt7/glove/glove.6B.300d.txt', 'trainable': True, 'type': 'embedding', 'vocab_namespace': 'full'}}, 'print_topics': False, 'update_bg': False, 'use_filtered_tokens': False, 'vae': {'apply_batchnorm': {'mu': False, 'sigma': False}, 'decoder': {'activations': ['tanh'], 'hidden_dims': [2004], 'input_dim': 10, 'num_layers': 1}, 'encoder': {'activations': ['relu', 'relu'], 'dropout': 0.3, 'hidden_dims': [1000, 300], 'input_dim': 2004, 'num_layers': 2}, 'log_variance_projection': {'activations': ['linear'], 'hidden_dims': [10], 'input_dim': 300, 'num_layers': 1}, 'mu_projection': {'activations': ['linear'], 'hidden_dims': [10], 'input_dim': 300, 'num_layers': 1}}} and extras {'vocab': <allennlp.data.vocabulary.Vocabulary object at 0x7fad75ecf208>}
2019-01-10 09:43:13,030 - INFO - allennlp.common.from_params - instantiating class <class 'allennlp.modules.seq2vec_encoders.seq2vec_encoder.Seq2VecEncoder'> from params {'embedding_dim': 300, 'num_filters': 32, 'output_dim': 300, 'type': 'cnn'} and extras {'vocab': <allennlp.data.vocabulary.Vocabulary object at 0x7fad75ecf208>}
2019-01-10 09:43:13,030 - INFO - allennlp.common.params - model.encoder.type = cnn
2019-01-10 09:43:13,030 - INFO - allennlp.common.from_params - instantiating class <class 'allennlp.modules.seq2vec_encoders.cnn_encoder.CnnEncoder'> from params {'embedding_dim': 300, 'num_filters': 32, 'output_dim': 300} and extras {'vocab': <allennlp.data.vocabulary.Vocabulary object at 0x7fad75ecf208>}
2019-01-10 09:43:13,031 - INFO - allennlp.common.params - model.encoder.embedding_dim = 300
2019-01-10 09:43:13,031 - INFO - allennlp.common.params - model.encoder.num_filters = 32
2019-01-10 09:43:13,031 - INFO - allennlp.common.params - model.encoder.ngram_filter_sizes = (2, 3, 4, 5)
2019-01-10 09:43:13,031 - INFO - allennlp.common.params - model.encoder.output_dim = 300
2019-01-10 09:43:13,031 - INFO - allennlp.common.registrable - instantiating registered subclass relu of <class 'allennlp.nn.activations.Activation'>
2019-01-10 09:43:13,033 - INFO - allennlp.common.params - model.classification_layer.input_dim = 300
2019-01-10 09:43:13,033 - INFO - allennlp.common.params - model.classification_layer.num_layers = 1
2019-01-10 09:43:13,033 - INFO - allennlp.common.params - model.classification_layer.hidden_dims = [2]
2019-01-10 09:43:13,033 - INFO - allennlp.common.params - model.classification_layer.activations = ['linear']
2019-01-10 09:43:13,033 - INFO - allennlp.common.params - model.classification_layer.dropout = 0.0
2019-01-10 09:43:13,033 - INFO - allennlp.common.registrable - instantiating registered subclass linear of <class 'allennlp.nn.activations.Activation'>
2019-01-10 09:43:13,033 - INFO - allennlp.common.from_params - instantiating class <class 'library.models.vae.VAE'> from params {'apply_batchnorm': {'mu': False, 'sigma': False}, 'decoder': {'activations': ['tanh'], 'hidden_dims': [2004], 'input_dim': 10, 'num_layers': 1}, 'encoder': {'activations': ['relu', 'relu'], 'dropout': 0.3, 'hidden_dims': [1000, 300], 'input_dim': 2004, 'num_layers': 2}, 'log_variance_projection': {'activations': ['linear'], 'hidden_dims': [10], 'input_dim': 300, 'num_layers': 1}, 'mu_projection': {'activations': ['linear'], 'hidden_dims': [10], 'input_dim': 300, 'num_layers': 1}} and extras {'vocab': <allennlp.data.vocabulary.Vocabulary object at 0x7fad75ecf208>}
2019-01-10 09:43:13,034 - INFO - allennlp.common.params - model.vae.encoder.input_dim = 2004
2019-01-10 09:43:13,034 - INFO - allennlp.common.params - model.vae.encoder.num_layers = 2
2019-01-10 09:43:13,034 - INFO - allennlp.common.params - model.vae.encoder.hidden_dims = [1000, 300]
2019-01-10 09:43:13,034 - INFO - allennlp.common.params - model.vae.encoder.activations = ['relu', 'relu']
2019-01-10 09:43:13,034 - INFO - allennlp.common.params - model.vae.encoder.dropout = 0.3
2019-01-10 09:43:13,034 - INFO - allennlp.common.registrable - instantiating registered subclass relu of <class 'allennlp.nn.activations.Activation'>
2019-01-10 09:43:13,034 - INFO - allennlp.common.registrable - instantiating registered subclass relu of <class 'allennlp.nn.activations.Activation'>
2019-01-10 09:43:13,051 - INFO - allennlp.common.params - model.vae.mu_projection.input_dim = 300
2019-01-10 09:43:13,051 - INFO - allennlp.common.params - model.vae.mu_projection.num_layers = 1
2019-01-10 09:43:13,051 - INFO - allennlp.common.params - model.vae.mu_projection.hidden_dims = [10]
2019-01-10 09:43:13,051 - INFO - allennlp.common.params - model.vae.mu_projection.activations = ['linear']
2019-01-10 09:43:13,051 - INFO - allennlp.common.params - model.vae.mu_projection.dropout = 0.0
2019-01-10 09:43:13,052 - INFO - allennlp.common.registrable - instantiating registered subclass linear of <class 'allennlp.nn.activations.Activation'>
2019-01-10 09:43:13,052 - INFO - allennlp.common.params - model.vae.log_variance_projection.input_dim = 300
2019-01-10 09:43:13,052 - INFO - allennlp.common.params - model.vae.log_variance_projection.num_layers = 1
2019-01-10 09:43:13,052 - INFO - allennlp.common.params - model.vae.log_variance_projection.hidden_dims = [10]
2019-01-10 09:43:13,052 - INFO - allennlp.common.params - model.vae.log_variance_projection.activations = ['linear']
2019-01-10 09:43:13,052 - INFO - allennlp.common.params - model.vae.log_variance_projection.dropout = 0.0
2019-01-10 09:43:13,052 - INFO - allennlp.common.registrable - instantiating registered subclass linear of <class 'allennlp.nn.activations.Activation'>
2019-01-10 09:43:13,052 - INFO - allennlp.common.params - model.vae.decoder.input_dim = 10
2019-01-10 09:43:13,052 - INFO - allennlp.common.params - model.vae.decoder.num_layers = 1
2019-01-10 09:43:13,052 - INFO - allennlp.common.params - model.vae.decoder.hidden_dims = [2004]
2019-01-10 09:43:13,052 - INFO - allennlp.common.params - model.vae.decoder.activations = ['tanh']
2019-01-10 09:43:13,053 - INFO - allennlp.common.params - model.vae.decoder.dropout = 0.0
2019-01-10 09:43:13,053 - INFO - allennlp.common.registrable - instantiating registered subclass tanh of <class 'allennlp.nn.activations.Activation'>
2019-01-10 09:43:13,053 - INFO - allennlp.common.params - model.vae.z_dropout = 0.2
2019-01-10 09:43:13,053 - INFO - allennlp.common.from_params - instantiating class <class 'allennlp.modules.text_field_embedders.text_field_embedder.TextFieldEmbedder'> from params {'full': {'embedding_dim': 300, 'pretrained_file': '/data/dangt7/glove/glove.6B.300d.txt', 'trainable': True, 'type': 'embedding', 'vocab_namespace': 'full'}} and extras {'vocab': <allennlp.data.vocabulary.Vocabulary object at 0x7fad75ecf208>}
2019-01-10 09:43:13,054 - INFO - allennlp.common.params - model.input_embedder.type = basic
2019-01-10 09:43:13,054 - INFO - allennlp.common.params - model.input_embedder.embedder_to_indexer_map = None
2019-01-10 09:43:13,054 - INFO - allennlp.common.params - model.input_embedder.allow_unmatched_keys = False
2019-01-10 09:43:13,054 - INFO - allennlp.common.params - model.input_embedder.token_embedders = None
2019-01-10 09:43:13,054 - INFO - allennlp.common.from_params - instantiating class <class 'allennlp.modules.token_embedders.token_embedder.TokenEmbedder'> from params {'embedding_dim': 300, 'pretrained_file': '/data/dangt7/glove/glove.6B.300d.txt', 'trainable': True, 'type': 'embedding', 'vocab_namespace': 'full'} and extras {'vocab': <allennlp.data.vocabulary.Vocabulary object at 0x7fad75ecf208>}
2019-01-10 09:43:13,054 - INFO - allennlp.common.params - model.input_embedder.full.type = embedding
2019-01-10 09:43:13,054 - INFO - allennlp.common.params - model.input_embedder.full.num_embeddings = None
2019-01-10 09:43:13,054 - INFO - allennlp.common.params - model.input_embedder.full.vocab_namespace = full
2019-01-10 09:43:13,054 - INFO - allennlp.common.params - model.input_embedder.full.embedding_dim = 300
2019-01-10 09:43:13,054 - INFO - allennlp.common.params - model.input_embedder.full.pretrained_file = /data/dangt7/glove/glove.6B.300d.txt
2019-01-10 09:43:13,054 - INFO - allennlp.common.params - model.input_embedder.full.projection_dim = None
2019-01-10 09:43:13,054 - INFO - allennlp.common.params - model.input_embedder.full.trainable = True
2019-01-10 09:43:13,054 - INFO - allennlp.common.params - model.input_embedder.full.padding_index = None
2019-01-10 09:43:13,054 - INFO - allennlp.common.params - model.input_embedder.full.max_norm = None
2019-01-10 09:43:13,054 - INFO - allennlp.common.params - model.input_embedder.full.norm_type = 2.0
2019-01-10 09:43:13,054 - INFO - allennlp.common.params - model.input_embedder.full.scale_grad_by_freq = False
2019-01-10 09:43:13,054 - INFO - allennlp.common.params - model.input_embedder.full.sparse = False
2019-01-10 09:43:13,055 - INFO - allennlp.modules.token_embedders.embedding - Reading pretrained embeddings from file
2019-01-10 09:43:14,681 - INFO - allennlp.modules.token_embedders.embedding - Initializing pre-trained embedding layer
2019-01-10 09:43:14,762 - INFO - allennlp.modules.token_embedders.embedding - Pretrained embeddings were found for 9961 out of 10002 tokens
2019-01-10 09:43:14,765 - INFO - allennlp.common.from_params - instantiating class <class 'allennlp.modules.text_field_embedders.text_field_embedder.TextFieldEmbedder'> from params {'filtered': {'embedding_dim': 300, 'pretrained_file': '/data/dangt7/glove/glove.6B.300d.txt', 'trainable': True, 'type': 'embedding', 'vocab_namespace': 'stopless'}} and extras {'vocab': <allennlp.data.vocabulary.Vocabulary object at 0x7fad75ecf208>}
2019-01-10 09:43:14,765 - INFO - allennlp.common.params - model.filtered_embedder.type = basic
2019-01-10 09:43:14,765 - INFO - allennlp.common.params - model.filtered_embedder.embedder_to_indexer_map = None
2019-01-10 09:43:14,765 - INFO - allennlp.common.params - model.filtered_embedder.allow_unmatched_keys = False
2019-01-10 09:43:14,765 - INFO - allennlp.common.params - model.filtered_embedder.token_embedders = None
2019-01-10 09:43:14,765 - INFO - allennlp.common.from_params - instantiating class <class 'allennlp.modules.token_embedders.token_embedder.TokenEmbedder'> from params {'embedding_dim': 300, 'pretrained_file': '/data/dangt7/glove/glove.6B.300d.txt', 'trainable': True, 'type': 'embedding', 'vocab_namespace': 'stopless'} and extras {'vocab': <allennlp.data.vocabulary.Vocabulary object at 0x7fad75ecf208>}
2019-01-10 09:43:14,765 - INFO - allennlp.common.params - model.filtered_embedder.filtered.type = embedding
2019-01-10 09:43:14,766 - INFO - allennlp.common.params - model.filtered_embedder.filtered.num_embeddings = None
2019-01-10 09:43:14,766 - INFO - allennlp.common.params - model.filtered_embedder.filtered.vocab_namespace = stopless
2019-01-10 09:43:14,766 - INFO - allennlp.common.params - model.filtered_embedder.filtered.embedding_dim = 300
2019-01-10 09:43:14,766 - INFO - allennlp.common.params - model.filtered_embedder.filtered.pretrained_file = /data/dangt7/glove/glove.6B.300d.txt
2019-01-10 09:43:14,766 - INFO - allennlp.common.params - model.filtered_embedder.filtered.projection_dim = None
2019-01-10 09:43:14,766 - INFO - allennlp.common.params - model.filtered_embedder.filtered.trainable = True
2019-01-10 09:43:14,766 - INFO - allennlp.common.params - model.filtered_embedder.filtered.padding_index = None
2019-01-10 09:43:14,766 - INFO - allennlp.common.params - model.filtered_embedder.filtered.max_norm = None
2019-01-10 09:43:14,766 - INFO - allennlp.common.params - model.filtered_embedder.filtered.norm_type = 2.0
2019-01-10 09:43:14,766 - INFO - allennlp.common.params - model.filtered_embedder.filtered.scale_grad_by_freq = False
2019-01-10 09:43:14,766 - INFO - allennlp.common.params - model.filtered_embedder.filtered.sparse = False
2019-01-10 09:43:14,766 - INFO - allennlp.modules.token_embedders.embedding - Reading pretrained embeddings from file
2019-01-10 09:43:15,941 - INFO - allennlp.modules.token_embedders.embedding - Initializing pre-trained embedding layer
2019-01-10 09:43:15,962 - INFO - allennlp.modules.token_embedders.embedding - Pretrained embeddings were found for 1995 out of 2002 tokens
2019-01-10 09:43:15,963 - INFO - allennlp.common.params - model.alpha = 50
2019-01-10 09:43:15,963 - INFO - allennlp.common.params - model.background_data_path = /data/dangt7/IMDB/train_20k_labelled.bgfreq.json
2019-01-10 09:43:15,963 - INFO - allennlp.common.params - model.print_topics = False
2019-01-10 09:43:15,963 - INFO - allennlp.common.params - model.update_bg = False
2019-01-10 09:43:15,964 - INFO - allennlp.common.params - model.use_filtered_tokens = False
2019-01-10 09:43:15,964 - INFO - allennlp.common.params - model.use_shared_representation = False
2019-01-10 09:43:16,059 - INFO - allennlp.nn.initializers - Initializing parameters
2019-01-10 09:43:16,059 - INFO - allennlp.nn.initializers - Done initializing parameters; the following parameters are using their default initialization from their code
2019-01-10 09:43:16,059 - INFO - allennlp.nn.initializers -    background
2019-01-10 09:43:16,059 - INFO - allennlp.nn.initializers -    batchnorm.bias
2019-01-10 09:43:16,059 - INFO - allennlp.nn.initializers -    batchnorm.weight
2019-01-10 09:43:16,059 - INFO - allennlp.nn.initializers -    beta
2019-01-10 09:43:16,059 - INFO - allennlp.nn.initializers -    classification_layer._linear_layers.0.bias
2019-01-10 09:43:16,059 - INFO - allennlp.nn.initializers -    classification_layer._linear_layers.0.weight
2019-01-10 09:43:16,059 - INFO - allennlp.nn.initializers -    covariates
2019-01-10 09:43:16,060 - INFO - allennlp.nn.initializers -    encoder.conv_layer_0.bias
2019-01-10 09:43:16,060 - INFO - allennlp.nn.initializers -    encoder.conv_layer_0.weight
2019-01-10 09:43:16,060 - INFO - allennlp.nn.initializers -    encoder.conv_layer_1.bias
2019-01-10 09:43:16,060 - INFO - allennlp.nn.initializers -    encoder.conv_layer_1.weight
2019-01-10 09:43:16,060 - INFO - allennlp.nn.initializers -    encoder.conv_layer_2.bias
2019-01-10 09:43:16,060 - INFO - allennlp.nn.initializers -    encoder.conv_layer_2.weight
2019-01-10 09:43:16,060 - INFO - allennlp.nn.initializers -    encoder.conv_layer_3.bias
2019-01-10 09:43:16,060 - INFO - allennlp.nn.initializers -    encoder.conv_layer_3.weight
2019-01-10 09:43:16,060 - INFO - allennlp.nn.initializers -    encoder.projection_layer.bias
2019-01-10 09:43:16,060 - INFO - allennlp.nn.initializers -    encoder.projection_layer.weight
2019-01-10 09:43:16,060 - INFO - allennlp.nn.initializers -    filtered_embedder.token_embedder_filtered.weight
2019-01-10 09:43:16,060 - INFO - allennlp.nn.initializers -    input_batchnorm.bias
2019-01-10 09:43:16,060 - INFO - allennlp.nn.initializers -    input_batchnorm.weight
2019-01-10 09:43:16,060 - INFO - allennlp.nn.initializers -    input_embedder.token_embedder_full.weight
2019-01-10 09:43:16,060 - INFO - allennlp.nn.initializers -    vae.batchnorm.bias
2019-01-10 09:43:16,060 - INFO - allennlp.nn.initializers -    vae.batchnorm.weight
2019-01-10 09:43:16,060 - INFO - allennlp.nn.initializers -    vae.decoder._linear_layers.0.bias
2019-01-10 09:43:16,060 - INFO - allennlp.nn.initializers -    vae.decoder._linear_layers.0.weight
2019-01-10 09:43:16,060 - INFO - allennlp.nn.initializers -    vae.encoder._linear_layers.0.bias
2019-01-10 09:43:16,060 - INFO - allennlp.nn.initializers -    vae.encoder._linear_layers.0.weight
2019-01-10 09:43:16,060 - INFO - allennlp.nn.initializers -    vae.encoder._linear_layers.1.bias
2019-01-10 09:43:16,060 - INFO - allennlp.nn.initializers -    vae.encoder._linear_layers.1.weight
2019-01-10 09:43:16,060 - INFO - allennlp.nn.initializers -    vae.log_variance_projection._linear_layers.0.bias
2019-01-10 09:43:16,060 - INFO - allennlp.nn.initializers -    vae.log_variance_projection._linear_layers.0.weight
2019-01-10 09:43:16,061 - INFO - allennlp.nn.initializers -    vae.mu_projection._linear_layers.0.bias
2019-01-10 09:43:16,061 - INFO - allennlp.nn.initializers -    vae.mu_projection._linear_layers.0.weight
2019-01-10 09:43:16,083 - INFO - allennlp.common.from_params - instantiating class <class 'allennlp.data.iterators.data_iterator.DataIterator'> from params {'batch_size': 100, 'type': 'basic'} and extras {}
2019-01-10 09:43:16,083 - INFO - allennlp.common.params - iterator.type = basic
2019-01-10 09:43:16,083 - INFO - allennlp.common.from_params - instantiating class <class 'allennlp.data.iterators.basic_iterator.BasicIterator'> from params {'batch_size': 100} and extras {}
2019-01-10 09:43:16,084 - INFO - allennlp.common.params - iterator.batch_size = 100
2019-01-10 09:43:16,084 - INFO - allennlp.common.params - iterator.instances_per_epoch = None
2019-01-10 09:43:16,084 - INFO - allennlp.common.params - iterator.max_instances_in_memory = None
2019-01-10 09:43:16,084 - INFO - allennlp.common.params - iterator.cache_instances = False
2019-01-10 09:43:16,084 - INFO - allennlp.common.params - iterator.track_epoch = False
2019-01-10 09:43:16,084 - INFO - allennlp.common.params - iterator.maximum_samples_per_batch = None
2019-01-10 09:43:16,084 - INFO - allennlp.common.params - validation_iterator = None
2019-01-10 09:43:16,084 - INFO - allennlp.common.params - trainer.no_grad = ()
2019-01-10 09:43:16,084 - INFO - allennlp.commands.train - Following parameters are Frozen  (without gradient):
2019-01-10 09:43:16,084 - INFO - allennlp.commands.train - background
2019-01-10 09:43:16,084 - INFO - allennlp.commands.train - vae.batchnorm.weight
2019-01-10 09:43:16,084 - INFO - allennlp.commands.train - batchnorm.weight
2019-01-10 09:43:16,084 - INFO - allennlp.commands.train - input_batchnorm.weight
2019-01-10 09:43:16,084 - INFO - allennlp.commands.train - Following parameters are Tunable (with gradient):
2019-01-10 09:43:16,084 - INFO - allennlp.commands.train - beta
2019-01-10 09:43:16,085 - INFO - allennlp.commands.train - covariates
2019-01-10 09:43:16,085 - INFO - allennlp.commands.train - input_embedder.token_embedder_full.weight
2019-01-10 09:43:16,085 - INFO - allennlp.commands.train - filtered_embedder.token_embedder_filtered.weight
2019-01-10 09:43:16,085 - INFO - allennlp.commands.train - encoder.conv_layer_0.weight
2019-01-10 09:43:16,085 - INFO - allennlp.commands.train - encoder.conv_layer_0.bias
2019-01-10 09:43:16,085 - INFO - allennlp.commands.train - encoder.conv_layer_1.weight
2019-01-10 09:43:16,085 - INFO - allennlp.commands.train - encoder.conv_layer_1.bias
2019-01-10 09:43:16,085 - INFO - allennlp.commands.train - encoder.conv_layer_2.weight
2019-01-10 09:43:16,085 - INFO - allennlp.commands.train - encoder.conv_layer_2.bias
2019-01-10 09:43:16,085 - INFO - allennlp.commands.train - encoder.conv_layer_3.weight
2019-01-10 09:43:16,085 - INFO - allennlp.commands.train - encoder.conv_layer_3.bias
2019-01-10 09:43:16,085 - INFO - allennlp.commands.train - encoder.projection_layer.weight
2019-01-10 09:43:16,085 - INFO - allennlp.commands.train - encoder.projection_layer.bias
2019-01-10 09:43:16,085 - INFO - allennlp.commands.train - classification_layer._linear_layers.0.weight
2019-01-10 09:43:16,085 - INFO - allennlp.commands.train - classification_layer._linear_layers.0.bias
2019-01-10 09:43:16,085 - INFO - allennlp.commands.train - vae.encoder._linear_layers.0.weight
2019-01-10 09:43:16,085 - INFO - allennlp.commands.train - vae.encoder._linear_layers.0.bias
2019-01-10 09:43:16,085 - INFO - allennlp.commands.train - vae.encoder._linear_layers.1.weight
2019-01-10 09:43:16,085 - INFO - allennlp.commands.train - vae.encoder._linear_layers.1.bias
2019-01-10 09:43:16,085 - INFO - allennlp.commands.train - vae.mu_projection._linear_layers.0.weight
2019-01-10 09:43:16,085 - INFO - allennlp.commands.train - vae.mu_projection._linear_layers.0.bias
2019-01-10 09:43:16,085 - INFO - allennlp.commands.train - vae.log_variance_projection._linear_layers.0.weight
2019-01-10 09:43:16,085 - INFO - allennlp.commands.train - vae.log_variance_projection._linear_layers.0.bias
2019-01-10 09:43:16,085 - INFO - allennlp.commands.train - vae.decoder._linear_layers.0.weight
2019-01-10 09:43:16,085 - INFO - allennlp.commands.train - vae.decoder._linear_layers.0.bias
2019-01-10 09:43:16,085 - INFO - allennlp.commands.train - vae.batchnorm.bias
2019-01-10 09:43:16,086 - INFO - allennlp.commands.train - batchnorm.bias
2019-01-10 09:43:16,086 - INFO - allennlp.commands.train - input_batchnorm.bias
2019-01-10 09:43:16,086 - INFO - allennlp.common.params - trainer.patience = 20
2019-01-10 09:43:16,086 - INFO - allennlp.common.params - trainer.validation_metric = +Accuracy
2019-01-10 09:43:16,086 - INFO - allennlp.common.params - trainer.shuffle = True
2019-01-10 09:43:16,086 - INFO - allennlp.common.params - trainer.num_epochs = 200
2019-01-10 09:43:16,086 - INFO - allennlp.common.params - trainer.cuda_device = 0
2019-01-10 09:43:16,086 - INFO - allennlp.common.params - trainer.grad_norm = None
2019-01-10 09:43:16,086 - INFO - allennlp.common.params - trainer.grad_clipping = None
2019-01-10 09:43:16,086 - INFO - allennlp.common.params - trainer.learning_rate_scheduler = None
2019-01-10 09:43:17,926 - INFO - allennlp.common.params - trainer.optimizer.type = adam
2019-01-10 09:43:17,926 - INFO - allennlp.common.params - trainer.optimizer.parameter_groups = None
2019-01-10 09:43:17,926 - INFO - allennlp.training.optimizers - Number of trainable parameters: 6134730
2019-01-10 09:43:17,926 - INFO - allennlp.common.registrable - instantiating registered subclass adam of <class 'allennlp.training.optimizers.Optimizer'>
2019-01-10 09:43:17,926 - INFO - allennlp.common.params - Converting Params object to dict; logging of default values will not occur when dictionary parameters are used subsequently.
2019-01-10 09:43:17,926 - INFO - allennlp.common.params - CURRENTLY DEFINED PARAMETERS: 
2019-01-10 09:43:17,926 - INFO - allennlp.common.params - trainer.optimizer.lr = 0.001
2019-01-10 09:43:17,926 - INFO - allennlp.common.params - trainer.optimizer.weight_decay = 0.001
2019-01-10 09:43:17,927 - INFO - allennlp.common.params - trainer.num_serialized_models_to_keep = 20
2019-01-10 09:43:17,927 - INFO - allennlp.common.params - trainer.keep_serialized_model_every_num_seconds = None
2019-01-10 09:43:17,927 - INFO - allennlp.common.params - trainer.model_save_interval = None
2019-01-10 09:43:17,927 - INFO - allennlp.common.params - trainer.summary_interval = 100
2019-01-10 09:43:17,927 - INFO - allennlp.common.params - trainer.histogram_interval = None
2019-01-10 09:43:17,927 - INFO - allennlp.common.params - trainer.should_log_parameter_statistics = True
2019-01-10 09:43:17,927 - INFO - allennlp.common.params - trainer.should_log_learning_rate = False
2019-01-10 09:43:17,928 - INFO - allennlp.common.params - evaluate_on_test = False
2019-01-10 09:43:17,928 - INFO - allennlp.training.trainer - Beginning training.
2019-01-10 09:43:17,928 - INFO - allennlp.training.trainer - Epoch 0/199
2019-01-10 09:43:17,929 - INFO - allennlp.training.trainer - Peak CPU memory usage MB: 7911.08
2019-01-10 09:43:18,142 - INFO - allennlp.training.trainer - GPU 0 memory usage MB: 20
2019-01-10 09:43:18,143 - INFO - allennlp.training.trainer - GPU 1 memory usage MB: 557
2019-01-10 09:43:18,143 - INFO - allennlp.training.trainer - Training
2019-01-10 09:50:50,830 - INFO - allennlp.training.trainer - Validating
2019-01-10 09:51:25,490 - INFO - allennlp.training.trainer -                          Training |  Validation
2019-01-10 09:51:25,491 - INFO - allennlp.training.trainer - loss                 |  63181.719  |  59065.746
2019-01-10 09:51:25,491 - INFO - allennlp.training.trainer - ELBO                 |  62530.944  |  57734.952
2019-01-10 09:51:25,491 - INFO - allennlp.training.trainer - Accuracy             |     0.834  |     0.893
2019-01-10 09:51:25,491 - INFO - allennlp.training.trainer - Reconstruction       |   623.881  |   570.512
2019-01-10 09:51:25,491 - INFO - allennlp.training.trainer - KL-Divergence        |     5.538  |     6.144
2019-01-10 09:51:25,491 - INFO - allennlp.training.trainer - Scaled_Cross_Entropy |   650.774  |  1330.794
2019-01-10 09:51:25,562 - INFO - allennlp.training.trainer - Best validation performance so far. Copying weights to 'experiments/semi_supervised/cnn_trials/results/cnn6/best.th'.
2019-01-10 09:51:25,575 - INFO - allennlp.training.trainer - Epoch duration: 00:08:07
2019-01-10 09:51:25,575 - INFO - allennlp.training.trainer - Estimated training time remaining: 1 day, 2:57:21
2019-01-10 09:51:25,575 - INFO - allennlp.training.trainer - Epoch 1/199
2019-01-10 09:51:25,575 - INFO - allennlp.training.trainer - Peak CPU memory usage MB: 8742.916
2019-01-10 09:51:25,813 - INFO - allennlp.training.trainer - GPU 0 memory usage MB: 20
2019-01-10 09:51:25,813 - INFO - allennlp.training.trainer - GPU 1 memory usage MB: 6553
2019-01-10 09:51:25,814 - INFO - allennlp.training.trainer - Training
2019-01-10 09:52:56,537 - INFO - allennlp.training.trainer - Validating
2019-01-10 09:52:58,725 - INFO - allennlp.training.trainer -                          Training |  Validation
2019-01-10 09:52:58,725 - INFO - allennlp.training.trainer - loss                 |  59528.212  |  58628.262
2019-01-10 09:52:58,725 - INFO - allennlp.training.trainer - ELBO                 |  59193.052  |  57252.128
2019-01-10 09:52:58,725 - INFO - allennlp.training.trainer - Accuracy             |     0.931  |     0.898
2019-01-10 09:52:58,725 - INFO - allennlp.training.trainer - Reconstruction       |   597.157  |   566.527
2019-01-10 09:52:58,725 - INFO - allennlp.training.trainer - KL-Divergence        |     9.627  |     5.301
2019-01-10 09:52:58,725 - INFO - allennlp.training.trainer - Scaled_Cross_Entropy |   335.160  |  1376.135
2019-01-10 09:52:58,759 - INFO - allennlp.training.trainer - Best validation performance so far. Copying weights to 'experiments/semi_supervised/cnn_trials/results/cnn6/best.th'.
2019-01-10 09:52:58,776 - INFO - allennlp.training.trainer - Epoch duration: 00:01:33
2019-01-10 09:52:58,776 - INFO - allennlp.training.trainer - Estimated training time remaining: 15:58:23
2019-01-10 09:52:58,776 - INFO - allennlp.training.trainer - Epoch 2/199
2019-01-10 09:52:58,776 - INFO - allennlp.training.trainer - Peak CPU memory usage MB: 8742.916
2019-01-10 09:52:58,999 - INFO - allennlp.training.trainer - GPU 0 memory usage MB: 20
2019-01-10 09:52:59,000 - INFO - allennlp.training.trainer - GPU 1 memory usage MB: 6553
2019-01-10 09:52:59,001 - INFO - allennlp.training.trainer - Training
2019-01-10 09:54:29,996 - INFO - allennlp.training.trainer - Validating
2019-01-10 09:54:32,207 - INFO - allennlp.training.trainer -                          Training |  Validation
2019-01-10 09:54:32,207 - INFO - allennlp.training.trainer - loss                 |  58233.573  |  58585.537
2019-01-10 09:54:32,207 - INFO - allennlp.training.trainer - ELBO                 |  58113.142  |  56717.069
2019-01-10 09:54:32,207 - INFO - allennlp.training.trainer - Accuracy             |     0.978  |     0.898
2019-01-10 09:54:32,207 - INFO - allennlp.training.trainer - Reconstruction       |   587.518  |   562.136
2019-01-10 09:54:32,207 - INFO - allennlp.training.trainer - KL-Divergence        |    12.655  |     4.341
2019-01-10 09:54:32,208 - INFO - allennlp.training.trainer - Scaled_Cross_Entropy |   120.432  |  1868.468
2019-01-10 09:54:32,242 - INFO - allennlp.training.trainer - Epoch duration: 00:01:33
2019-01-10 09:54:32,242 - INFO - allennlp.training.trainer - Estimated training time remaining: 12:17:59
2019-01-10 09:54:32,242 - INFO - allennlp.training.trainer - Epoch 3/199
2019-01-10 09:54:32,242 - INFO - allennlp.training.trainer - Peak CPU memory usage MB: 8742.916
2019-01-10 09:54:32,473 - INFO - allennlp.training.trainer - GPU 0 memory usage MB: 20
2019-01-10 09:54:32,473 - INFO - allennlp.training.trainer - GPU 1 memory usage MB: 6553
2019-01-10 09:54:32,474 - INFO - allennlp.training.trainer - Training
2019-01-10 09:56:03,341 - INFO - allennlp.training.trainer - Validating
2019-01-10 09:56:05,531 - INFO - allennlp.training.trainer -                          Training |  Validation
2019-01-10 09:56:05,532 - INFO - allennlp.training.trainer - loss                 |  57608.176  |  58828.246
2019-01-10 09:56:05,532 - INFO - allennlp.training.trainer - ELBO                 |  57558.517  |  56434.443
2019-01-10 09:56:05,532 - INFO - allennlp.training.trainer - Accuracy             |     0.991  |     0.900
2019-01-10 09:56:05,532 - INFO - allennlp.training.trainer - Reconstruction       |   581.566  |   559.038
2019-01-10 09:56:05,532 - INFO - allennlp.training.trainer - KL-Divergence        |    19.313  |     4.613
2019-01-10 09:56:05,532 - INFO - allennlp.training.trainer - Scaled_Cross_Entropy |    49.659  |  2393.803
2019-01-10 09:56:05,567 - INFO - allennlp.training.trainer - Best validation performance so far. Copying weights to 'experiments/semi_supervised/cnn_trials/results/cnn6/best.th'.
2019-01-10 09:56:05,584 - INFO - allennlp.training.trainer - Epoch duration: 00:01:33
2019-01-10 09:56:05,584 - INFO - allennlp.training.trainer - Estimated training time remaining: 10:26:55
2019-01-10 09:56:05,584 - INFO - allennlp.training.trainer - Epoch 4/199
2019-01-10 09:56:05,585 - INFO - allennlp.training.trainer - Peak CPU memory usage MB: 8742.916
2019-01-10 09:56:05,813 - INFO - allennlp.training.trainer - GPU 0 memory usage MB: 20
2019-01-10 09:56:05,813 - INFO - allennlp.training.trainer - GPU 1 memory usage MB: 6553
2019-01-10 09:56:05,814 - INFO - allennlp.training.trainer - Training
2019-01-10 09:57:36,484 - INFO - allennlp.training.trainer - Validating
2019-01-10 09:57:38,697 - INFO - allennlp.training.trainer -                          Training |  Validation
2019-01-10 09:57:38,697 - INFO - allennlp.training.trainer - loss                 |  57289.656  |  58955.364
2019-01-10 09:57:38,698 - INFO - allennlp.training.trainer - ELBO                 |  57237.555  |  56185.453
2019-01-10 09:57:38,698 - INFO - allennlp.training.trainer - Accuracy             |     0.990  |     0.887
2019-01-10 09:57:38,698 - INFO - allennlp.training.trainer - Reconstruction       |   577.463  |   557.024
2019-01-10 09:57:38,698 - INFO - allennlp.training.trainer - KL-Divergence        |    25.192  |     4.138
2019-01-10 09:57:38,698 - INFO - allennlp.training.trainer - Scaled_Cross_Entropy |    52.100  |  2769.911
2019-01-10 09:57:38,731 - INFO - allennlp.training.trainer - Epoch duration: 00:01:33
2019-01-10 09:57:38,731 - INFO - allennlp.training.trainer - Estimated training time remaining: 9:19:31
2019-01-10 09:57:38,731 - INFO - allennlp.training.trainer - Epoch 5/199
2019-01-10 09:57:38,732 - INFO - allennlp.training.trainer - Peak CPU memory usage MB: 8743.088
2019-01-10 09:57:38,941 - INFO - allennlp.training.trainer - GPU 0 memory usage MB: 20
2019-01-10 09:57:38,941 - INFO - allennlp.training.trainer - GPU 1 memory usage MB: 6553
2019-01-10 09:57:38,942 - INFO - allennlp.training.trainer - Training
2019-01-10 09:59:09,973 - INFO - allennlp.training.trainer - Validating
2019-01-10 09:59:12,162 - INFO - allennlp.training.trainer -                          Training |  Validation
2019-01-10 09:59:12,162 - INFO - allennlp.training.trainer - loss                 |  57081.442  |  59218.811
2019-01-10 09:59:12,162 - INFO - allennlp.training.trainer - ELBO                 |  57048.770  |  56064.184
2019-01-10 09:59:12,162 - INFO - allennlp.training.trainer - Accuracy             |     0.993  |     0.900
2019-01-10 09:59:12,163 - INFO - allennlp.training.trainer - Reconstruction       |   574.784  |   556.189
2019-01-10 09:59:12,163 - INFO - allennlp.training.trainer - KL-Divergence        |   927.472  |     3.760
2019-01-10 09:59:12,163 - INFO - allennlp.training.trainer - Scaled_Cross_Entropy |    32.673  |  3154.627
2019-01-10 09:59:12,197 - INFO - allennlp.training.trainer - Epoch duration: 00:01:33
2019-01-10 09:59:12,197 - INFO - allennlp.training.trainer - Estimated training time remaining: 8:34:14
2019-01-10 09:59:12,197 - INFO - allennlp.training.trainer - Epoch 6/199
2019-01-10 09:59:12,197 - INFO - allennlp.training.trainer - Peak CPU memory usage MB: 8743.088
2019-01-10 09:59:12,423 - INFO - allennlp.training.trainer - GPU 0 memory usage MB: 20
2019-01-10 09:59:12,423 - INFO - allennlp.training.trainer - GPU 1 memory usage MB: 6553
2019-01-10 09:59:12,424 - INFO - allennlp.training.trainer - Training
2019-01-10 10:00:17,697 - INFO - allennlp.training.trainer - Validating
2019-01-10 10:00:19,855 - INFO - allennlp.training.trainer -                          Training |  Validation
2019-01-10 10:00:19,855 - INFO - allennlp.training.trainer - loss                 |  57054.828  |  60213.477
2019-01-10 10:00:19,855 - INFO - allennlp.training.trainer - ELBO                 |  57038.145  |  56052.366
2019-01-10 10:00:19,855 - INFO - allennlp.training.trainer - Accuracy             |     0.996  |     0.887
2019-01-10 10:00:19,855 - INFO - allennlp.training.trainer - Reconstruction       |   573.095  |   555.914
2019-01-10 10:00:19,855 - INFO - allennlp.training.trainer - KL-Divergence        |  114081.664  |     3.917
2019-01-10 10:00:19,855 - INFO - allennlp.training.trainer - Scaled_Cross_Entropy |    16.683  |  4161.111
2019-01-10 10:00:19,891 - INFO - allennlp.training.trainer - Epoch duration: 00:01:07
2019-01-10 10:00:19,891 - INFO - allennlp.training.trainer - Estimated training time remaining: 7:49:36
2019-01-10 10:00:19,891 - INFO - allennlp.training.trainer - Epoch 7/199
2019-01-10 10:00:19,891 - INFO - allennlp.training.trainer - Peak CPU memory usage MB: 8743.088
2019-01-10 10:00:20,119 - INFO - allennlp.training.trainer - GPU 0 memory usage MB: 20
2019-01-10 10:00:20,119 - INFO - allennlp.training.trainer - GPU 1 memory usage MB: 7753
2019-01-10 10:00:20,119 - INFO - allennlp.training.trainer - Training
2019-01-10 10:01:24,346 - INFO - allennlp.training.trainer - Validating
2019-01-10 10:01:26,503 - INFO - allennlp.training.trainer -                          Training |  Validation
2019-01-10 10:01:26,503 - INFO - allennlp.training.trainer - loss                 |  56945.043  |  58988.152
2019-01-10 10:01:26,503 - INFO - allennlp.training.trainer - ELBO                 |  56882.466  |  56006.714
2019-01-10 10:01:26,503 - INFO - allennlp.training.trainer - Accuracy             |     0.990  |     0.899
2019-01-10 10:01:26,503 - INFO - allennlp.training.trainer - Reconstruction       |   571.128  |   555.328
2019-01-10 10:01:26,503 - INFO - allennlp.training.trainer - KL-Divergence        |  3131.635  |     4.046
2019-01-10 10:01:26,504 - INFO - allennlp.training.trainer - Scaled_Cross_Entropy |    62.578  |  2981.438
2019-01-10 10:01:26,539 - INFO - allennlp.training.trainer - Epoch duration: 00:01:06
2019-01-10 10:01:26,539 - INFO - allennlp.training.trainer - Estimated training time remaining: 7:15:26
2019-01-10 10:01:26,539 - INFO - allennlp.training.trainer - Epoch 8/199
2019-01-10 10:01:26,539 - INFO - allennlp.training.trainer - Peak CPU memory usage MB: 8743.316
2019-01-10 10:01:26,761 - INFO - allennlp.training.trainer - GPU 0 memory usage MB: 20
2019-01-10 10:01:26,761 - INFO - allennlp.training.trainer - GPU 1 memory usage MB: 7753
2019-01-10 10:01:26,762 - INFO - allennlp.training.trainer - Training
2019-01-10 10:02:31,455 - INFO - allennlp.training.trainer - Validating
2019-01-10 10:02:33,620 - INFO - allennlp.training.trainer -                          Training |  Validation
2019-01-10 10:02:33,620 - INFO - allennlp.training.trainer - loss                 |  56842.486  |  59815.266
2019-01-10 10:02:33,620 - INFO - allennlp.training.trainer - ELBO                 |  56831.541  |  56002.196
2019-01-10 10:02:33,620 - INFO - allennlp.training.trainer - Accuracy             |     0.998  |     0.895
2019-01-10 10:02:33,620 - INFO - allennlp.training.trainer - Reconstruction       |   569.919  |   555.308
2019-01-10 10:02:33,620 - INFO - allennlp.training.trainer - KL-Divergence        |  11477.970  |     4.021
2019-01-10 10:02:33,620 - INFO - allennlp.training.trainer - Scaled_Cross_Entropy |    10.945  |  3813.070
2019-01-10 10:02:33,655 - INFO - allennlp.training.trainer - Epoch duration: 00:01:07
2019-01-10 10:02:33,655 - INFO - allennlp.training.trainer - Estimated training time remaining: 6:48:47
2019-01-10 10:02:33,655 - INFO - allennlp.training.trainer - Epoch 9/199
2019-01-10 10:02:33,655 - INFO - allennlp.training.trainer - Peak CPU memory usage MB: 8743.336
2019-01-10 10:02:33,896 - INFO - allennlp.training.trainer - GPU 0 memory usage MB: 20
2019-01-10 10:02:33,896 - INFO - allennlp.training.trainer - GPU 1 memory usage MB: 7753
2019-01-10 10:02:33,897 - INFO - allennlp.training.trainer - Training
2019-01-10 10:03:57,965 - INFO - allennlp.training.trainer - Validating
2019-01-10 10:04:00,183 - INFO - allennlp.training.trainer -                          Training |  Validation
2019-01-10 10:04:00,183 - INFO - allennlp.training.trainer - loss                 |  56821.939  |  59185.617
2019-01-10 10:04:00,183 - INFO - allennlp.training.trainer - ELBO                 |  56803.891  |  56032.854
2019-01-10 10:04:00,183 - INFO - allennlp.training.trainer - Accuracy             |     0.997  |     0.901
2019-01-10 10:04:00,183 - INFO - allennlp.training.trainer - Reconstruction       |   569.667  |   555.434
2019-01-10 10:04:00,183 - INFO - allennlp.training.trainer - KL-Divergence        |  45871.676  |     4.202
2019-01-10 10:04:00,183 - INFO - allennlp.training.trainer - Scaled_Cross_Entropy |    18.048  |  3152.762
2019-01-10 10:04:00,218 - INFO - allennlp.training.trainer - Best validation performance so far. Copying weights to 'experiments/semi_supervised/cnn_trials/results/cnn6/best.th'.
2019-01-10 10:04:00,236 - INFO - allennlp.training.trainer - Epoch duration: 00:01:26
2019-01-10 10:04:00,236 - INFO - allennlp.training.trainer - Estimated training time remaining: 6:33:23
2019-01-10 10:04:00,236 - INFO - allennlp.training.trainer - Epoch 10/199
2019-01-10 10:04:00,236 - INFO - allennlp.training.trainer - Peak CPU memory usage MB: 8743.36
2019-01-10 10:04:00,456 - INFO - allennlp.training.trainer - GPU 0 memory usage MB: 20
2019-01-10 10:04:00,457 - INFO - allennlp.training.trainer - GPU 1 memory usage MB: 7753
2019-01-10 10:04:00,458 - INFO - allennlp.training.trainer - Training
2019-01-10 10:05:31,515 - INFO - allennlp.training.trainer - Validating
2019-01-10 10:05:33,729 - INFO - allennlp.training.trainer -                          Training |  Validation
2019-01-10 10:05:33,730 - INFO - allennlp.training.trainer - loss                 |  56802.973  |  59582.749
2019-01-10 10:05:33,730 - INFO - allennlp.training.trainer - ELBO                 |  56780.509  |  55998.644
2019-01-10 10:05:33,730 - INFO - allennlp.training.trainer - Accuracy             |     0.996  |     0.893
2019-01-10 10:05:33,730 - INFO - allennlp.training.trainer - Reconstruction       |   568.569  |   555.126
2019-01-10 10:05:33,730 - INFO - allennlp.training.trainer - KL-Divergence        |  98884.062  |     4.167
2019-01-10 10:05:33,730 - INFO - allennlp.training.trainer - Scaled_Cross_Entropy |    22.463  |  3584.104
2019-01-10 10:05:33,765 - INFO - allennlp.training.trainer - Epoch duration: 00:01:33
2019-01-10 10:05:33,765 - INFO - allennlp.training.trainer - Estimated training time remaining: 6:22:32
2019-01-10 10:05:33,765 - INFO - allennlp.training.trainer - Epoch 11/199
2019-01-10 10:05:33,765 - INFO - allennlp.training.trainer - Peak CPU memory usage MB: 8743.548
2019-01-10 10:05:33,965 - INFO - allennlp.training.trainer - GPU 0 memory usage MB: 20
2019-01-10 10:05:33,965 - INFO - allennlp.training.trainer - GPU 1 memory usage MB: 7753
2019-01-10 10:05:33,966 - INFO - allennlp.training.trainer - Training
2019-01-10 10:07:05,120 - INFO - allennlp.training.trainer - Validating
2019-01-10 10:07:07,324 - INFO - allennlp.training.trainer -                          Training |  Validation
2019-01-10 10:07:07,324 - INFO - allennlp.training.trainer - loss                 |  56766.942  |  60012.162
2019-01-10 10:07:07,324 - INFO - allennlp.training.trainer - ELBO                 |  56753.712  |  55995.882
2019-01-10 10:07:07,324 - INFO - allennlp.training.trainer - Accuracy             |     0.998  |     0.903
2019-01-10 10:07:07,324 - INFO - allennlp.training.trainer - Reconstruction       |   568.188  |   555.311
2019-01-10 10:07:07,324 - INFO - allennlp.training.trainer - KL-Divergence        |  22647.680  |     3.954
2019-01-10 10:07:07,324 - INFO - allennlp.training.trainer - Scaled_Cross_Entropy |    13.229  |  4016.281
2019-01-10 10:07:07,358 - INFO - allennlp.training.trainer - Best validation performance so far. Copying weights to 'experiments/semi_supervised/cnn_trials/results/cnn6/best.th'.
2019-01-10 10:07:07,375 - INFO - allennlp.training.trainer - Epoch duration: 00:01:33
2019-01-10 10:07:07,375 - INFO - allennlp.training.trainer - Estimated training time remaining: 6:13:14
2019-01-10 10:07:07,375 - INFO - allennlp.training.trainer - Epoch 12/199
2019-01-10 10:07:07,375 - INFO - allennlp.training.trainer - Peak CPU memory usage MB: 8743.568
2019-01-10 10:07:07,608 - INFO - allennlp.training.trainer - GPU 0 memory usage MB: 20
2019-01-10 10:07:07,608 - INFO - allennlp.training.trainer - GPU 1 memory usage MB: 7753
2019-01-10 10:07:07,609 - INFO - allennlp.training.trainer - Training
2019-01-10 10:08:38,117 - INFO - allennlp.training.trainer - Validating
2019-01-10 10:08:40,333 - INFO - allennlp.training.trainer -                          Training |  Validation
2019-01-10 10:08:40,333 - INFO - allennlp.training.trainer - loss                 |  56765.896  |  59374.063
2019-01-10 10:08:40,333 - INFO - allennlp.training.trainer - ELBO                 |  56739.041  |  56004.048
2019-01-10 10:08:40,333 - INFO - allennlp.training.trainer - Accuracy             |     0.995  |     0.898
2019-01-10 10:08:40,333 - INFO - allennlp.training.trainer - Reconstruction       |   567.199  |   555.310
2019-01-10 10:08:40,333 - INFO - allennlp.training.trainer - KL-Divergence        |  22228.355  |     4.037
2019-01-10 10:08:40,333 - INFO - allennlp.training.trainer - Scaled_Cross_Entropy |    26.854  |  3370.016
2019-01-10 10:08:40,368 - INFO - allennlp.training.trainer - Epoch duration: 00:01:32
2019-01-10 10:08:40,368 - INFO - allennlp.training.trainer - Estimated training time remaining: 6:04:59
2019-01-10 10:08:40,368 - INFO - allennlp.training.trainer - Epoch 13/199
2019-01-10 10:08:40,368 - INFO - allennlp.training.trainer - Peak CPU memory usage MB: 8743.568
2019-01-10 10:08:40,580 - INFO - allennlp.training.trainer - GPU 0 memory usage MB: 20
2019-01-10 10:08:40,580 - INFO - allennlp.training.trainer - GPU 1 memory usage MB: 8953
2019-01-10 10:08:40,581 - INFO - allennlp.training.trainer - Training
2019-01-10 10:10:11,308 - INFO - allennlp.training.trainer - Validating
2019-01-10 10:10:13,504 - INFO - allennlp.training.trainer -                          Training |  Validation
2019-01-10 10:10:13,504 - INFO - allennlp.training.trainer - loss                 |  56726.568  |  59981.121
2019-01-10 10:10:13,504 - INFO - allennlp.training.trainer - ELBO                 |  56713.025  |  55936.908
2019-01-10 10:10:13,504 - INFO - allennlp.training.trainer - Accuracy             |     0.998  |     0.902
2019-01-10 10:10:13,504 - INFO - allennlp.training.trainer - Reconstruction       |   566.415  |   555.118
2019-01-10 10:10:13,504 - INFO - allennlp.training.trainer - KL-Divergence        |  2780.403  |     3.558
2019-01-10 10:10:13,504 - INFO - allennlp.training.trainer - Scaled_Cross_Entropy |    13.543  |  4044.212
2019-01-10 10:10:13,540 - INFO - allennlp.training.trainer - Epoch duration: 00:01:33
2019-01-10 10:10:13,540 - INFO - allennlp.training.trainer - Estimated training time remaining: 5:57:44
2019-01-10 10:10:13,540 - INFO - allennlp.training.trainer - Epoch 14/199
2019-01-10 10:10:13,540 - INFO - allennlp.training.trainer - Peak CPU memory usage MB: 8743.716
2019-01-10 10:10:13,741 - INFO - allennlp.training.trainer - GPU 0 memory usage MB: 20
2019-01-10 10:10:13,741 - INFO - allennlp.training.trainer - GPU 1 memory usage MB: 8953
2019-01-10 10:10:13,742 - INFO - allennlp.training.trainer - Training
2019-01-10 10:11:43,658 - INFO - allennlp.training.trainer - Validating
2019-01-10 10:11:45,864 - INFO - allennlp.training.trainer -                          Training |  Validation
2019-01-10 10:11:45,864 - INFO - allennlp.training.trainer - loss                 |  56701.502  |  60215.830
2019-01-10 10:11:45,864 - INFO - allennlp.training.trainer - ELBO                 |  56689.061  |  55919.278
2019-01-10 10:11:45,864 - INFO - allennlp.training.trainer - Accuracy             |     0.997  |     0.902
2019-01-10 10:11:45,864 - INFO - allennlp.training.trainer - Reconstruction       |   565.687  |   554.636
2019-01-10 10:11:45,864 - INFO - allennlp.training.trainer - KL-Divergence        |  5581.579  |     3.864
2019-01-10 10:11:45,864 - INFO - allennlp.training.trainer - Scaled_Cross_Entropy |    12.441  |  4296.552
2019-01-10 10:11:45,898 - INFO - allennlp.training.trainer - Epoch duration: 00:01:32
2019-01-10 10:11:45,898 - INFO - allennlp.training.trainer - Estimated training time remaining: 5:51:04
2019-01-10 10:11:45,898 - INFO - allennlp.training.trainer - Epoch 15/199
2019-01-10 10:11:45,898 - INFO - allennlp.training.trainer - Peak CPU memory usage MB: 8743.804
2019-01-10 10:11:46,106 - INFO - allennlp.training.trainer - GPU 0 memory usage MB: 20
2019-01-10 10:11:46,106 - INFO - allennlp.training.trainer - GPU 1 memory usage MB: 8953
2019-01-10 10:11:46,107 - INFO - allennlp.training.trainer - Training
2019-01-10 10:13:16,721 - INFO - allennlp.training.trainer - Validating
2019-01-10 10:13:18,905 - INFO - allennlp.training.trainer -                          Training |  Validation
2019-01-10 10:13:18,905 - INFO - allennlp.training.trainer - loss                 |  56680.154  |  60610.973
2019-01-10 10:13:18,905 - INFO - allennlp.training.trainer - ELBO                 |  56668.267  |  55914.285
2019-01-10 10:13:18,905 - INFO - allennlp.training.trainer - Accuracy             |     0.998  |     0.887
2019-01-10 10:13:18,905 - INFO - allennlp.training.trainer - Reconstruction       |   565.045  |   554.556
2019-01-10 10:13:18,905 - INFO - allennlp.training.trainer - KL-Divergence        |  2354.566  |     3.894
2019-01-10 10:13:18,905 - INFO - allennlp.training.trainer - Scaled_Cross_Entropy |    11.887  |  4696.687
2019-01-10 10:13:18,940 - INFO - allennlp.training.trainer - Epoch duration: 00:01:33
2019-01-10 10:13:18,940 - INFO - allennlp.training.trainer - Estimated training time remaining: 5:45:11
2019-01-10 10:13:18,940 - INFO - allennlp.training.trainer - Epoch 16/199
2019-01-10 10:13:18,940 - INFO - allennlp.training.trainer - Peak CPU memory usage MB: 8743.804
2019-01-10 10:13:19,144 - INFO - allennlp.training.trainer - GPU 0 memory usage MB: 20
2019-01-10 10:13:19,144 - INFO - allennlp.training.trainer - GPU 1 memory usage MB: 8953
2019-01-10 10:13:19,145 - INFO - allennlp.training.trainer - Training
2019-01-10 10:14:49,440 - INFO - allennlp.training.trainer - Validating
2019-01-10 10:14:51,648 - INFO - allennlp.training.trainer -                          Training |  Validation
2019-01-10 10:14:51,648 - INFO - allennlp.training.trainer - loss                 |  56675.353  |  59815.812
2019-01-10 10:14:51,648 - INFO - allennlp.training.trainer - ELBO                 |  56655.543  |  55884.176
2019-01-10 10:14:51,648 - INFO - allennlp.training.trainer - Accuracy             |     0.996  |     0.895
2019-01-10 10:14:51,648 - INFO - allennlp.training.trainer - Reconstruction       |   564.626  |   554.445
2019-01-10 10:14:51,648 - INFO - allennlp.training.trainer - KL-Divergence        |   164.031  |     3.704
2019-01-10 10:14:51,648 - INFO - allennlp.training.trainer - Scaled_Cross_Entropy |    19.810  |  3931.636
2019-01-10 10:14:51,683 - INFO - allennlp.training.trainer - Epoch duration: 00:01:32
2019-01-10 10:14:51,683 - INFO - allennlp.training.trainer - Estimated training time remaining: 5:39:45
2019-01-10 10:14:51,683 - INFO - allennlp.training.trainer - Epoch 17/199
2019-01-10 10:14:51,683 - INFO - allennlp.training.trainer - Peak CPU memory usage MB: 8743.872
2019-01-10 10:14:51,889 - INFO - allennlp.training.trainer - GPU 0 memory usage MB: 20
2019-01-10 10:14:51,889 - INFO - allennlp.training.trainer - GPU 1 memory usage MB: 8953
2019-01-10 10:14:51,890 - INFO - allennlp.training.trainer - Training
2019-01-10 10:16:22,327 - INFO - allennlp.training.trainer - Validating
2019-01-10 10:16:24,512 - INFO - allennlp.training.trainer -                          Training |  Validation
2019-01-10 10:16:24,513 - INFO - allennlp.training.trainer - loss                 |  56642.611  |  60456.389
2019-01-10 10:16:24,513 - INFO - allennlp.training.trainer - ELBO                 |  56637.952  |  55898.013
2019-01-10 10:16:24,513 - INFO - allennlp.training.trainer - Accuracy             |     0.999  |     0.893
2019-01-10 10:16:24,513 - INFO - allennlp.training.trainer - Reconstruction       |   563.834  |   554.562
2019-01-10 10:16:24,513 - INFO - allennlp.training.trainer - KL-Divergence        |   198.936  |     3.725
2019-01-10 10:16:24,513 - INFO - allennlp.training.trainer - Scaled_Cross_Entropy |     4.659  |  4558.376
2019-01-10 10:16:24,548 - INFO - allennlp.training.trainer - Epoch duration: 00:01:32
2019-01-10 10:16:24,548 - INFO - allennlp.training.trainer - Estimated training time remaining: 5:34:46
2019-01-10 10:16:24,548 - INFO - allennlp.training.trainer - Epoch 18/199
2019-01-10 10:16:24,548 - INFO - allennlp.training.trainer - Peak CPU memory usage MB: 8743.88
2019-01-10 10:16:24,742 - INFO - allennlp.training.trainer - GPU 0 memory usage MB: 20
2019-01-10 10:16:24,743 - INFO - allennlp.training.trainer - GPU 1 memory usage MB: 8953
2019-01-10 10:16:24,743 - INFO - allennlp.training.trainer - Training
2019-01-10 10:17:54,640 - INFO - allennlp.training.trainer - Validating
2019-01-10 10:17:56,849 - INFO - allennlp.training.trainer -                          Training |  Validation
2019-01-10 10:17:56,849 - INFO - allennlp.training.trainer - loss                 |  56624.556  |  62000.003
2019-01-10 10:17:56,849 - INFO - allennlp.training.trainer - ELBO                 |  56623.611  |  55872.665
2019-01-10 10:17:56,849 - INFO - allennlp.training.trainer - Accuracy             |     1.000  |     0.886
2019-01-10 10:17:56,849 - INFO - allennlp.training.trainer - Reconstruction       |   564.054  |   554.349
2019-01-10 10:17:56,849 - INFO - allennlp.training.trainer - KL-Divergence        |  2714.338  |     3.684
2019-01-10 10:17:56,850 - INFO - allennlp.training.trainer - Scaled_Cross_Entropy |     0.945  |  6127.339
2019-01-10 10:17:56,884 - INFO - allennlp.training.trainer - Epoch duration: 00:01:32
2019-01-10 10:17:56,884 - INFO - allennlp.training.trainer - Estimated training time remaining: 5:30:04
2019-01-10 10:17:56,884 - INFO - allennlp.training.trainer - Epoch 19/199
2019-01-10 10:17:56,884 - INFO - allennlp.training.trainer - Peak CPU memory usage MB: 8743.94
2019-01-10 10:17:57,084 - INFO - allennlp.training.trainer - GPU 0 memory usage MB: 20
2019-01-10 10:17:57,084 - INFO - allennlp.training.trainer - GPU 1 memory usage MB: 8953
2019-01-10 10:17:57,085 - INFO - allennlp.training.trainer - Training
2019-01-10 10:19:27,780 - INFO - allennlp.training.trainer - Validating
2019-01-10 10:19:29,976 - INFO - allennlp.training.trainer -                          Training |  Validation
2019-01-10 10:19:29,977 - INFO - allennlp.training.trainer - loss                 |  56630.844  |  60108.107
2019-01-10 10:19:29,978 - INFO - allennlp.training.trainer - ELBO                 |  56616.926  |  55860.413
2019-01-10 10:19:29,978 - INFO - allennlp.training.trainer - Accuracy             |     0.997  |     0.897
2019-01-10 10:19:29,978 - INFO - allennlp.training.trainer - Reconstruction       |   563.900  |   554.162
2019-01-10 10:19:29,978 - INFO - allennlp.training.trainer - KL-Divergence        |  1238.596  |     3.749
2019-01-10 10:19:29,978 - INFO - allennlp.training.trainer - Scaled_Cross_Entropy |    13.917  |  4247.692
2019-01-10 10:19:30,010 - INFO - allennlp.training.trainer - Epoch duration: 00:01:33
2019-01-10 10:19:30,010 - INFO - allennlp.training.trainer - Estimated training time remaining: 5:25:48
2019-01-10 10:19:30,010 - INFO - allennlp.training.trainer - Epoch 20/199
2019-01-10 10:19:30,010 - INFO - allennlp.training.trainer - Peak CPU memory usage MB: 8744.036
2019-01-10 10:19:30,213 - INFO - allennlp.training.trainer - GPU 0 memory usage MB: 20
2019-01-10 10:19:30,214 - INFO - allennlp.training.trainer - GPU 1 memory usage MB: 8953
2019-01-10 10:19:30,214 - INFO - allennlp.training.trainer - Training
2019-01-10 10:21:01,037 - INFO - allennlp.training.trainer - Validating
2019-01-10 10:21:03,263 - INFO - allennlp.training.trainer -                          Training |  Validation
2019-01-10 10:21:03,263 - INFO - allennlp.training.trainer - loss                 |  56630.472  |  58926.722
2019-01-10 10:21:03,264 - INFO - allennlp.training.trainer - ELBO                 |  56609.949  |  55862.832
2019-01-10 10:21:03,264 - INFO - allennlp.training.trainer - Accuracy             |     0.996  |     0.898
2019-01-10 10:21:03,264 - INFO - allennlp.training.trainer - Reconstruction       |   563.319  |   554.210
2019-01-10 10:21:03,264 - INFO - allennlp.training.trainer - KL-Divergence        |    21.153  |     3.726
2019-01-10 10:21:03,264 - INFO - allennlp.training.trainer - Scaled_Cross_Entropy |    20.523  |  3063.890
2019-01-10 10:21:03,304 - INFO - allennlp.training.trainer - Epoch duration: 00:01:33
2019-01-10 10:21:03,304 - INFO - allennlp.training.trainer - Estimated training time remaining: 5:21:49
2019-01-10 10:21:03,304 - INFO - allennlp.training.trainer - Epoch 21/199
2019-01-10 10:21:03,304 - INFO - allennlp.training.trainer - Peak CPU memory usage MB: 8744.172
2019-01-10 10:21:03,528 - INFO - allennlp.training.trainer - GPU 0 memory usage MB: 20
2019-01-10 10:21:03,528 - INFO - allennlp.training.trainer - GPU 1 memory usage MB: 8953
2019-01-10 10:21:03,529 - INFO - allennlp.training.trainer - Training
2019-01-10 10:22:34,389 - INFO - allennlp.training.trainer - Validating
2019-01-10 10:22:36,608 - INFO - allennlp.training.trainer -                          Training |  Validation
2019-01-10 10:22:36,608 - INFO - allennlp.training.trainer - loss                 |  56615.766  |  60402.114
2019-01-10 10:22:36,609 - INFO - allennlp.training.trainer - ELBO                 |  56602.213  |  55834.909
2019-01-10 10:22:36,609 - INFO - allennlp.training.trainer - Accuracy             |     0.997  |     0.898
2019-01-10 10:22:36,609 - INFO - allennlp.training.trainer - Reconstruction       |   563.331  |   553.986
2019-01-10 10:22:36,609 - INFO - allennlp.training.trainer - KL-Divergence        |    55.963  |     3.670
2019-01-10 10:22:36,609 - INFO - allennlp.training.trainer - Scaled_Cross_Entropy |    13.554  |  4567.205
2019-01-10 10:22:36,648 - INFO - allennlp.training.trainer - Epoch duration: 00:01:33
2019-01-10 10:22:36,648 - INFO - allennlp.training.trainer - Estimated training time remaining: 5:18:04
2019-01-10 10:22:36,648 - INFO - allennlp.training.trainer - Epoch 22/199
2019-01-10 10:22:36,648 - INFO - allennlp.training.trainer - Peak CPU memory usage MB: 8744.172
2019-01-10 10:22:36,848 - INFO - allennlp.training.trainer - GPU 0 memory usage MB: 20
2019-01-10 10:22:36,849 - INFO - allennlp.training.trainer - GPU 1 memory usage MB: 10165
2019-01-10 10:22:36,849 - INFO - allennlp.training.trainer - Training
2019-01-10 10:24:07,527 - INFO - allennlp.training.trainer - Validating
2019-01-10 10:24:09,760 - INFO - allennlp.training.trainer -                          Training |  Validation
2019-01-10 10:24:09,761 - INFO - allennlp.training.trainer - loss                 |  56610.524  |  60733.947
2019-01-10 10:24:09,761 - INFO - allennlp.training.trainer - ELBO                 |  56600.226  |  55845.855
2019-01-10 10:24:09,761 - INFO - allennlp.training.trainer - Accuracy             |     0.998  |     0.892
2019-01-10 10:24:09,761 - INFO - allennlp.training.trainer - Reconstruction       |   563.043  |   554.012
2019-01-10 10:24:09,761 - INFO - allennlp.training.trainer - KL-Divergence        |   149.294  |     3.753
2019-01-10 10:24:09,761 - INFO - allennlp.training.trainer - Scaled_Cross_Entropy |    10.298  |  4888.092
2019-01-10 10:24:09,802 - INFO - allennlp.training.trainer - Epoch duration: 00:01:33
2019-01-10 10:24:09,802 - INFO - allennlp.training.trainer - Estimated training time remaining: 5:14:28
2019-01-10 10:24:09,802 - INFO - allennlp.training.trainer - Epoch 23/199
2019-01-10 10:24:09,802 - INFO - allennlp.training.trainer - Peak CPU memory usage MB: 8744.204
2019-01-10 10:24:10,007 - INFO - allennlp.training.trainer - GPU 0 memory usage MB: 20
2019-01-10 10:24:10,007 - INFO - allennlp.training.trainer - GPU 1 memory usage MB: 10165
2019-01-10 10:24:10,008 - INFO - allennlp.training.trainer - Training
2019-01-10 10:25:40,312 - INFO - allennlp.training.trainer - Validating
2019-01-10 10:25:42,516 - INFO - allennlp.training.trainer -                          Training |  Validation
2019-01-10 10:25:42,517 - INFO - allennlp.training.trainer - loss                 |  56610.028  |  60343.821
2019-01-10 10:25:42,517 - INFO - allennlp.training.trainer - ELBO                 |  56595.906  |  55859.152
2019-01-10 10:25:42,517 - INFO - allennlp.training.trainer - Accuracy             |     0.998  |     0.892
2019-01-10 10:25:42,517 - INFO - allennlp.training.trainer - Reconstruction       |   562.905  |   554.055
2019-01-10 10:25:42,517 - INFO - allennlp.training.trainer - KL-Divergence        |  2857.322  |     3.843
2019-01-10 10:25:42,517 - INFO - allennlp.training.trainer - Scaled_Cross_Entropy |    14.122  |  4484.669
2019-01-10 10:25:42,558 - INFO - allennlp.training.trainer - Epoch duration: 00:01:32
2019-01-10 10:25:42,558 - INFO - allennlp.training.trainer - Estimated training time remaining: 5:11:00
2019-01-10 10:25:42,558 - INFO - allennlp.training.trainer - Epoch 24/199
2019-01-10 10:25:42,558 - INFO - allennlp.training.trainer - Peak CPU memory usage MB: 8744.424
2019-01-10 10:25:42,759 - INFO - allennlp.training.trainer - GPU 0 memory usage MB: 20
2019-01-10 10:25:42,759 - INFO - allennlp.training.trainer - GPU 1 memory usage MB: 10165
2019-01-10 10:25:42,760 - INFO - allennlp.training.trainer - Training
2019-01-10 10:27:13,128 - INFO - allennlp.training.trainer - Validating
2019-01-10 10:27:15,350 - INFO - allennlp.training.trainer -                          Training |  Validation
2019-01-10 10:27:15,351 - INFO - allennlp.training.trainer - loss                 |  56601.183  |  60365.631
2019-01-10 10:27:15,352 - INFO - allennlp.training.trainer - ELBO                 |  56590.877  |  55830.940
2019-01-10 10:27:15,352 - INFO - allennlp.training.trainer - Accuracy             |     0.998  |     0.898
2019-01-10 10:27:15,352 - INFO - allennlp.training.trainer - Reconstruction       |   563.233  |   553.977
2019-01-10 10:27:15,353 - INFO - allennlp.training.trainer - KL-Divergence        |   487.566  |     3.639
2019-01-10 10:27:15,353 - INFO - allennlp.training.trainer - Scaled_Cross_Entropy |    10.306  |  4534.690
2019-01-10 10:27:15,391 - INFO - allennlp.training.trainer - Epoch duration: 00:01:32
2019-01-10 10:27:15,392 - INFO - allennlp.training.trainer - Estimated training time remaining: 5:07:42
2019-01-10 10:27:15,392 - INFO - allennlp.training.trainer - Epoch 25/199
2019-01-10 10:27:15,392 - INFO - allennlp.training.trainer - Peak CPU memory usage MB: 8744.424
2019-01-10 10:27:15,586 - INFO - allennlp.training.trainer - GPU 0 memory usage MB: 20
2019-01-10 10:27:15,587 - INFO - allennlp.training.trainer - GPU 1 memory usage MB: 10165
2019-01-10 10:27:15,587 - INFO - allennlp.training.trainer - Training
2019-01-10 10:28:45,873 - INFO - allennlp.training.trainer - Validating
2019-01-10 10:28:48,074 - INFO - allennlp.training.trainer -                          Training |  Validation
2019-01-10 10:28:48,074 - INFO - allennlp.training.trainer - loss                 |  56597.984  |  59952.822
2019-01-10 10:28:48,074 - INFO - allennlp.training.trainer - ELBO                 |  56589.234  |  55821.771
2019-01-10 10:28:48,075 - INFO - allennlp.training.trainer - Accuracy             |     0.998  |     0.896
2019-01-10 10:28:48,075 - INFO - allennlp.training.trainer - Reconstruction       |   562.731  |   553.940
2019-01-10 10:28:48,075 - INFO - allennlp.training.trainer - KL-Divergence        |  42687.766  |     3.585
2019-01-10 10:28:48,075 - INFO - allennlp.training.trainer - Scaled_Cross_Entropy |     8.750  |  4131.051
2019-01-10 10:28:48,115 - INFO - allennlp.training.trainer - Epoch duration: 00:01:32
2019-01-10 10:28:48,115 - INFO - allennlp.training.trainer - Estimated training time remaining: 5:04:31
2019-01-10 10:28:48,115 - INFO - allennlp.training.trainer - Epoch 26/199
2019-01-10 10:28:48,115 - INFO - allennlp.training.trainer - Peak CPU memory usage MB: 8744.428
2019-01-10 10:28:48,322 - INFO - allennlp.training.trainer - GPU 0 memory usage MB: 20
2019-01-10 10:28:48,322 - INFO - allennlp.training.trainer - GPU 1 memory usage MB: 10165
2019-01-10 10:28:48,323 - INFO - allennlp.training.trainer - Training
2019-01-10 10:30:17,755 - INFO - allennlp.training.trainer - Validating
2019-01-10 10:30:19,979 - INFO - allennlp.training.trainer -                          Training |  Validation
2019-01-10 10:30:19,979 - INFO - allennlp.training.trainer - loss                 |  56603.730  |  59970.708
2019-01-10 10:30:19,979 - INFO - allennlp.training.trainer - ELBO                 |  56588.462  |  55827.610
2019-01-10 10:30:19,979 - INFO - allennlp.training.trainer - Accuracy             |     0.997  |     0.886
2019-01-10 10:30:19,979 - INFO - allennlp.training.trainer - Reconstruction       |   562.853  |   553.889
2019-01-10 10:30:19,979 - INFO - allennlp.training.trainer - KL-Divergence        |   253.361  |     3.694
2019-01-10 10:30:19,979 - INFO - allennlp.training.trainer - Scaled_Cross_Entropy |    15.268  |  4143.099
2019-01-10 10:30:20,021 - INFO - allennlp.training.trainer - Epoch duration: 00:01:31
2019-01-10 10:30:20,021 - INFO - allennlp.training.trainer - Estimated training time remaining: 5:01:22
2019-01-10 10:30:20,021 - INFO - allennlp.training.trainer - Epoch 27/199
2019-01-10 10:30:20,021 - INFO - allennlp.training.trainer - Peak CPU memory usage MB: 8744.592
2019-01-10 10:30:20,235 - INFO - allennlp.training.trainer - GPU 0 memory usage MB: 20
2019-01-10 10:30:20,235 - INFO - allennlp.training.trainer - GPU 1 memory usage MB: 10165
2019-01-10 10:30:20,236 - INFO - allennlp.training.trainer - Training
2019-01-10 10:31:50,717 - INFO - allennlp.training.trainer - Validating
2019-01-10 10:31:52,917 - INFO - allennlp.training.trainer -                          Training |  Validation
2019-01-10 10:31:52,918 - INFO - allennlp.training.trainer - loss                 |  56612.077  |  60232.291
2019-01-10 10:31:52,918 - INFO - allennlp.training.trainer - ELBO                 |  56586.126  |  55840.620
2019-01-10 10:31:52,918 - INFO - allennlp.training.trainer - Accuracy             |     0.996  |     0.902
2019-01-10 10:31:52,918 - INFO - allennlp.training.trainer - Reconstruction       |   562.651  |   553.859
2019-01-10 10:31:52,918 - INFO - allennlp.training.trainer - KL-Divergence        |    37.257  |     3.854
2019-01-10 10:31:52,918 - INFO - allennlp.training.trainer - Scaled_Cross_Entropy |    25.951  |  4391.672
2019-01-10 10:31:52,959 - INFO - allennlp.training.trainer - Epoch duration: 00:01:32
2019-01-10 10:31:52,959 - INFO - allennlp.training.trainer - Estimated training time remaining: 4:58:26
2019-01-10 10:31:52,959 - INFO - allennlp.training.trainer - Epoch 28/199
2019-01-10 10:31:52,960 - INFO - allennlp.training.trainer - Peak CPU memory usage MB: 8744.784
2019-01-10 10:31:53,157 - INFO - allennlp.training.trainer - GPU 0 memory usage MB: 20
2019-01-10 10:31:53,157 - INFO - allennlp.training.trainer - GPU 1 memory usage MB: 10165
2019-01-10 10:31:53,158 - INFO - allennlp.training.trainer - Training
2019-01-10 10:33:23,570 - INFO - allennlp.training.trainer - Validating
2019-01-10 10:33:25,795 - INFO - allennlp.training.trainer -                          Training |  Validation
2019-01-10 10:33:25,796 - INFO - allennlp.training.trainer - loss                 |  56583.474  |  60495.134
2019-01-10 10:33:25,796 - INFO - allennlp.training.trainer - ELBO                 |  56581.389  |  55845.948
2019-01-10 10:33:25,796 - INFO - allennlp.training.trainer - Accuracy             |     1.000  |     0.903
2019-01-10 10:33:25,796 - INFO - allennlp.training.trainer - Reconstruction       |   562.527  |   554.039
2019-01-10 10:33:25,796 - INFO - allennlp.training.trainer - KL-Divergence        |   313.705  |     3.728
2019-01-10 10:33:25,796 - INFO - allennlp.training.trainer - Scaled_Cross_Entropy |     2.085  |  4649.187
2019-01-10 10:33:25,831 - INFO - allennlp.training.trainer - Best validation performance so far. Copying weights to 'experiments/semi_supervised/cnn_trials/results/cnn6/best.th'.
2019-01-10 10:33:25,856 - INFO - allennlp.training.trainer - Epoch duration: 00:01:32
2019-01-10 10:33:25,856 - INFO - allennlp.training.trainer - Estimated training time remaining: 4:55:36
2019-01-10 10:33:25,856 - INFO - allennlp.training.trainer - Epoch 29/199
2019-01-10 10:33:25,856 - INFO - allennlp.training.trainer - Peak CPU memory usage MB: 8744.784
2019-01-10 10:33:26,066 - INFO - allennlp.training.trainer - GPU 0 memory usage MB: 20
2019-01-10 10:33:26,067 - INFO - allennlp.training.trainer - GPU 1 memory usage MB: 10165
2019-01-10 10:33:26,067 - INFO - allennlp.training.trainer - Training
2019-01-10 10:34:56,854 - INFO - allennlp.training.trainer - Validating
2019-01-10 10:34:59,062 - INFO - allennlp.training.trainer -                          Training |  Validation
2019-01-10 10:34:59,062 - INFO - allennlp.training.trainer - loss                 |  56582.423  |  61024.336
2019-01-10 10:34:59,062 - INFO - allennlp.training.trainer - ELBO                 |  56581.723  |  55813.545
2019-01-10 10:34:59,062 - INFO - allennlp.training.trainer - Accuracy             |     1.000  |     0.899
2019-01-10 10:34:59,062 - INFO - allennlp.training.trainer - Reconstruction       |   562.509  |   553.491
2019-01-10 10:34:59,062 - INFO - allennlp.training.trainer - KL-Divergence        |    89.559  |     3.951
2019-01-10 10:34:59,062 - INFO - allennlp.training.trainer - Scaled_Cross_Entropy |     0.700  |  5210.791
2019-01-10 10:34:59,104 - INFO - allennlp.training.trainer - Epoch duration: 00:01:33
2019-01-10 10:34:59,104 - INFO - allennlp.training.trainer - Estimated training time remaining: 4:52:53
2019-01-10 10:34:59,104 - INFO - allennlp.training.trainer - Epoch 30/199
2019-01-10 10:34:59,104 - INFO - allennlp.training.trainer - Peak CPU memory usage MB: 8744.836
2019-01-10 10:34:59,294 - INFO - allennlp.training.trainer - GPU 0 memory usage MB: 20
2019-01-10 10:34:59,294 - INFO - allennlp.training.trainer - GPU 1 memory usage MB: 10165
2019-01-10 10:34:59,295 - INFO - allennlp.training.trainer - Training
2019-01-10 10:36:29,751 - INFO - allennlp.training.trainer - Validating
2019-01-10 10:36:31,974 - INFO - allennlp.training.trainer -                          Training |  Validation
2019-01-10 10:36:31,974 - INFO - allennlp.training.trainer - loss                 |  56581.927  |  60919.360
2019-01-10 10:36:31,975 - INFO - allennlp.training.trainer - ELBO                 |  56581.706  |  55827.039
2019-01-10 10:36:31,976 - INFO - allennlp.training.trainer - Accuracy             |     1.000  |     0.894
2019-01-10 10:36:31,976 - INFO - allennlp.training.trainer - Reconstruction       |   562.344  |   553.495
2019-01-10 10:36:31,976 - INFO - allennlp.training.trainer - KL-Divergence        |  3091.771  |     4.082
2019-01-10 10:36:31,976 - INFO - allennlp.training.trainer - Scaled_Cross_Entropy |     0.221  |  5092.321
2019-01-10 10:36:32,015 - INFO - allennlp.training.trainer - Epoch duration: 00:01:32
2019-01-10 10:36:32,015 - INFO - allennlp.training.trainer - Estimated training time remaining: 4:50:12
2019-01-10 10:36:32,015 - INFO - allennlp.training.trainer - Epoch 31/199
2019-01-10 10:36:32,016 - INFO - allennlp.training.trainer - Peak CPU memory usage MB: 8744.864
2019-01-10 10:36:32,239 - INFO - allennlp.training.trainer - GPU 0 memory usage MB: 20
2019-01-10 10:36:32,239 - INFO - allennlp.training.trainer - GPU 1 memory usage MB: 10165
2019-01-10 10:36:32,240 - INFO - allennlp.training.trainer - Training
2019-01-10 10:38:02,783 - INFO - allennlp.training.trainer - Validating
2019-01-10 10:38:04,986 - INFO - allennlp.training.trainer -                          Training |  Validation
2019-01-10 10:38:04,986 - INFO - allennlp.training.trainer - loss                 |  56587.956  |  61669.685
2019-01-10 10:38:04,986 - INFO - allennlp.training.trainer - ELBO                 |  56581.577  |  55824.024
2019-01-10 10:38:04,986 - INFO - allennlp.training.trainer - Accuracy             |     0.999  |     0.888
2019-01-10 10:38:04,986 - INFO - allennlp.training.trainer - Reconstruction       |   562.504  |   553.532
2019-01-10 10:38:04,986 - INFO - allennlp.training.trainer - KL-Divergence        |   604.196  |     4.015
2019-01-10 10:38:04,986 - INFO - allennlp.training.trainer - Scaled_Cross_Entropy |     6.379  |  5845.660
2019-01-10 10:38:05,027 - INFO - allennlp.training.trainer - Epoch duration: 00:01:33
2019-01-10 10:38:05,027 - INFO - allennlp.training.trainer - Estimated training time remaining: 4:47:37
2019-01-10 10:38:05,027 - INFO - allennlp.training.trainer - Epoch 32/199
2019-01-10 10:38:05,027 - INFO - allennlp.training.trainer - Peak CPU memory usage MB: 8745.044
2019-01-10 10:38:05,242 - INFO - allennlp.training.trainer - GPU 0 memory usage MB: 20
2019-01-10 10:38:05,242 - INFO - allennlp.training.trainer - GPU 1 memory usage MB: 10165
2019-01-10 10:38:05,243 - INFO - allennlp.training.trainer - Training
2019-01-10 10:39:36,072 - INFO - allennlp.training.trainer - Validating
2019-01-10 10:39:38,284 - INFO - allennlp.training.trainer -                          Training |  Validation
2019-01-10 10:39:38,284 - INFO - allennlp.training.trainer - loss                 |  56598.188  |  60697.961
2019-01-10 10:39:38,285 - INFO - allennlp.training.trainer - ELBO                 |  56577.015  |  55821.418
2019-01-10 10:39:38,285 - INFO - allennlp.training.trainer - Accuracy             |     0.996  |     0.900
2019-01-10 10:39:38,285 - INFO - allennlp.training.trainer - Reconstruction       |   562.423  |   553.652
2019-01-10 10:39:38,285 - INFO - allennlp.training.trainer - KL-Divergence        |   244.660  |     3.869
2019-01-10 10:39:38,285 - INFO - allennlp.training.trainer - Scaled_Cross_Entropy |    21.173  |  4876.544
2019-01-10 10:39:38,326 - INFO - allennlp.training.trainer - Epoch duration: 00:01:33
2019-01-10 10:39:38,326 - INFO - allennlp.training.trainer - Estimated training time remaining: 4:45:06
2019-01-10 10:39:38,326 - INFO - allennlp.training.trainer - Epoch 33/199
2019-01-10 10:39:38,326 - INFO - allennlp.training.trainer - Peak CPU memory usage MB: 8745.044
2019-01-10 10:39:38,524 - INFO - allennlp.training.trainer - GPU 0 memory usage MB: 20
2019-01-10 10:39:38,524 - INFO - allennlp.training.trainer - GPU 1 memory usage MB: 10165
2019-01-10 10:39:38,525 - INFO - allennlp.training.trainer - Training
2019-01-10 10:41:09,536 - INFO - allennlp.training.trainer - Validating
2019-01-10 10:41:11,739 - INFO - allennlp.training.trainer -                          Training |  Validation
2019-01-10 10:41:11,739 - INFO - allennlp.training.trainer - loss                 |  56589.928  |  60770.134
2019-01-10 10:41:11,739 - INFO - allennlp.training.trainer - ELBO                 |  56577.723  |  55834.032
2019-01-10 10:41:11,739 - INFO - allennlp.training.trainer - Accuracy             |     0.998  |     0.895
2019-01-10 10:41:11,739 - INFO - allennlp.training.trainer - Reconstruction       |   562.224  |   553.891
2019-01-10 10:41:11,739 - INFO - allennlp.training.trainer - KL-Divergence        |   826.299  |     3.756
2019-01-10 10:41:11,739 - INFO - allennlp.training.trainer - Scaled_Cross_Entropy |    12.205  |  4936.102
2019-01-10 10:41:11,780 - INFO - allennlp.training.trainer - Epoch duration: 00:01:33
2019-01-10 10:41:11,780 - INFO - allennlp.training.trainer - Estimated training time remaining: 4:42:40
2019-01-10 10:41:11,780 - INFO - allennlp.training.trainer - Epoch 34/199
2019-01-10 10:41:11,780 - INFO - allennlp.training.trainer - Peak CPU memory usage MB: 8745.044
2019-01-10 10:41:11,982 - INFO - allennlp.training.trainer - GPU 0 memory usage MB: 20
2019-01-10 10:41:11,982 - INFO - allennlp.training.trainer - GPU 1 memory usage MB: 10165
2019-01-10 10:41:11,983 - INFO - allennlp.training.trainer - Training
2019-01-10 10:42:43,015 - INFO - allennlp.training.trainer - Validating
2019-01-10 10:42:45,238 - INFO - allennlp.training.trainer -                          Training |  Validation
2019-01-10 10:42:45,238 - INFO - allennlp.training.trainer - loss                 |  56596.177  |  60975.603
2019-01-10 10:42:45,238 - INFO - allennlp.training.trainer - ELBO                 |  56574.635  |  55826.740
2019-01-10 10:42:45,238 - INFO - allennlp.training.trainer - Accuracy             |     0.997  |     0.896
2019-01-10 10:42:45,238 - INFO - allennlp.training.trainer - Reconstruction       |   562.357  |   553.753
2019-01-10 10:42:45,238 - INFO - allennlp.training.trainer - KL-Divergence        |    10.364  |     3.821
2019-01-10 10:42:45,238 - INFO - allennlp.training.trainer - Scaled_Cross_Entropy |    21.542  |  5148.863
2019-01-10 10:42:45,278 - INFO - allennlp.training.trainer - Epoch duration: 00:01:33
2019-01-10 10:42:45,279 - INFO - allennlp.training.trainer - Estimated training time remaining: 4:40:17
2019-01-10 10:42:45,279 - INFO - allennlp.training.trainer - Epoch 35/199
2019-01-10 10:42:45,279 - INFO - allennlp.training.trainer - Peak CPU memory usage MB: 8745.3
2019-01-10 10:42:45,484 - INFO - allennlp.training.trainer - GPU 0 memory usage MB: 20
2019-01-10 10:42:45,484 - INFO - allennlp.training.trainer - GPU 1 memory usage MB: 10165
2019-01-10 10:42:45,485 - INFO - allennlp.training.trainer - Training
2019-01-10 10:44:16,919 - INFO - allennlp.training.trainer - Validating
2019-01-10 10:44:19,126 - INFO - allennlp.training.trainer -                          Training |  Validation
2019-01-10 10:44:19,127 - INFO - allennlp.training.trainer - loss                 |  56580.936  |  60222.061
2019-01-10 10:44:19,127 - INFO - allennlp.training.trainer - ELBO                 |  56575.363  |  55799.394
2019-01-10 10:44:19,127 - INFO - allennlp.training.trainer - Accuracy             |     0.999  |     0.896
2019-01-10 10:44:19,127 - INFO - allennlp.training.trainer - Reconstruction       |   562.289  |   553.442
2019-01-10 10:44:19,127 - INFO - allennlp.training.trainer - KL-Divergence        |    11.624  |     3.859
2019-01-10 10:44:19,127 - INFO - allennlp.training.trainer - Scaled_Cross_Entropy |     5.574  |  4422.667
2019-01-10 10:44:19,166 - INFO - allennlp.training.trainer - Epoch duration: 00:01:33
2019-01-10 10:44:19,166 - INFO - allennlp.training.trainer - Estimated training time remaining: 4:37:58
2019-01-10 10:44:19,166 - INFO - allennlp.training.trainer - Epoch 36/199
2019-01-10 10:44:19,166 - INFO - allennlp.training.trainer - Peak CPU memory usage MB: 8745.3
2019-01-10 10:44:19,371 - INFO - allennlp.training.trainer - GPU 0 memory usage MB: 20
2019-01-10 10:44:19,372 - INFO - allennlp.training.trainer - GPU 1 memory usage MB: 10165
2019-01-10 10:44:19,372 - INFO - allennlp.training.trainer - Training
2019-01-10 10:45:50,191 - INFO - allennlp.training.trainer - Validating
2019-01-10 10:45:52,421 - INFO - allennlp.training.trainer -                          Training |  Validation
2019-01-10 10:45:52,423 - INFO - allennlp.training.trainer - loss                 |  56574.592  |  61363.920
2019-01-10 10:45:52,423 - INFO - allennlp.training.trainer - ELBO                 |  56570.515  |  55810.882
2019-01-10 10:45:52,423 - INFO - allennlp.training.trainer - Accuracy             |     0.999  |     0.896
2019-01-10 10:45:52,423 - INFO - allennlp.training.trainer - Reconstruction       |   562.188  |   553.505
2019-01-10 10:45:52,423 - INFO - allennlp.training.trainer - KL-Divergence        |   201.056  |     3.911
2019-01-10 10:45:52,424 - INFO - allennlp.training.trainer - Scaled_Cross_Entropy |     4.077  |  5553.039
2019-01-10 10:45:52,462 - INFO - allennlp.training.trainer - Epoch duration: 00:01:33
2019-01-10 10:45:52,462 - INFO - allennlp.training.trainer - Estimated training time remaining: 4:35:40
2019-01-10 10:45:52,462 - INFO - allennlp.training.trainer - Epoch 37/199
2019-01-10 10:45:52,463 - INFO - allennlp.training.trainer - Peak CPU memory usage MB: 8745.3
2019-01-10 10:45:52,687 - INFO - allennlp.training.trainer - GPU 0 memory usage MB: 20
2019-01-10 10:45:52,687 - INFO - allennlp.training.trainer - GPU 1 memory usage MB: 10165
2019-01-10 10:45:52,688 - INFO - allennlp.training.trainer - Training
2019-01-10 10:47:23,577 - INFO - allennlp.training.trainer - Validating
2019-01-10 10:47:25,776 - INFO - allennlp.training.trainer -                          Training |  Validation
2019-01-10 10:47:25,777 - INFO - allennlp.training.trainer - loss                 |  56576.095  |  61966.439
2019-01-10 10:47:25,777 - INFO - allennlp.training.trainer - ELBO                 |  56572.595  |  55821.301
2019-01-10 10:47:25,777 - INFO - allennlp.training.trainer - Accuracy             |     1.000  |     0.895
2019-01-10 10:47:25,777 - INFO - allennlp.training.trainer - Reconstruction       |   562.423  |   553.624
2019-01-10 10:47:25,777 - INFO - allennlp.training.trainer - KL-Divergence        |  2480.462  |     3.896
2019-01-10 10:47:25,777 - INFO - allennlp.training.trainer - Scaled_Cross_Entropy |     3.500  |  6145.139
2019-01-10 10:47:25,818 - INFO - allennlp.training.trainer - Epoch duration: 00:01:33
2019-01-10 10:47:25,818 - INFO - allennlp.training.trainer - Estimated training time remaining: 4:33:24
2019-01-10 10:47:25,818 - INFO - allennlp.training.trainer - Epoch 38/199
2019-01-10 10:47:25,818 - INFO - allennlp.training.trainer - Peak CPU memory usage MB: 8745.3
2019-01-10 10:47:26,024 - INFO - allennlp.training.trainer - GPU 0 memory usage MB: 20
2019-01-10 10:47:26,024 - INFO - allennlp.training.trainer - GPU 1 memory usage MB: 10165
2019-01-10 10:47:26,025 - INFO - allennlp.training.trainer - Training
2019-01-10 10:48:57,078 - INFO - allennlp.training.trainer - Validating
2019-01-10 10:48:59,303 - INFO - allennlp.training.trainer -                          Training |  Validation
2019-01-10 10:48:59,303 - INFO - allennlp.training.trainer - loss                 |  56619.679  |  72399.850
2019-01-10 10:48:59,303 - INFO - allennlp.training.trainer - ELBO                 |  56575.701  |  55794.050
2019-01-10 10:48:59,303 - INFO - allennlp.training.trainer - Accuracy             |     0.995  |     0.854
2019-01-10 10:48:59,304 - INFO - allennlp.training.trainer - Reconstruction       |   562.339  |   553.386
2019-01-10 10:48:59,304 - INFO - allennlp.training.trainer - KL-Divergence        |  125962.328  |     3.861
2019-01-10 10:48:59,304 - INFO - allennlp.training.trainer - Scaled_Cross_Entropy |    43.978  |  16605.801
2019-01-10 10:48:59,344 - INFO - allennlp.training.trainer - Epoch duration: 00:01:33
2019-01-10 10:48:59,344 - INFO - allennlp.training.trainer - Estimated training time remaining: 4:31:10
2019-01-10 10:48:59,345 - INFO - allennlp.training.trainer - Epoch 39/199
2019-01-10 10:48:59,345 - INFO - allennlp.training.trainer - Peak CPU memory usage MB: 8745.348
2019-01-10 10:48:59,551 - INFO - allennlp.training.trainer - GPU 0 memory usage MB: 20
2019-01-10 10:48:59,551 - INFO - allennlp.training.trainer - GPU 1 memory usage MB: 10165
2019-01-10 10:48:59,552 - INFO - allennlp.training.trainer - Training
2019-01-10 10:50:30,671 - INFO - allennlp.training.trainer - Validating
2019-01-10 10:50:32,872 - INFO - allennlp.training.trainer -                          Training |  Validation
2019-01-10 10:50:32,872 - INFO - allennlp.training.trainer - loss                 |  56606.608  |  62580.438
2019-01-10 10:50:32,873 - INFO - allennlp.training.trainer - ELBO                 |  56576.119  |  55813.664
2019-01-10 10:50:32,873 - INFO - allennlp.training.trainer - Accuracy             |     0.996  |     0.899
2019-01-10 10:50:32,873 - INFO - allennlp.training.trainer - Reconstruction       |   562.093  |   553.493
2019-01-10 10:50:32,873 - INFO - allennlp.training.trainer - KL-Divergence        |    10.062  |     3.951
2019-01-10 10:50:32,873 - INFO - allennlp.training.trainer - Scaled_Cross_Entropy |    30.489  |  6766.773
2019-01-10 10:50:32,913 - INFO - allennlp.training.trainer - Epoch duration: 00:01:33
2019-01-10 10:50:32,913 - INFO - allennlp.training.trainer - Estimated training time remaining: 4:28:59
2019-01-10 10:50:32,913 - INFO - allennlp.training.trainer - Epoch 40/199
2019-01-10 10:50:32,913 - INFO - allennlp.training.trainer - Peak CPU memory usage MB: 8745.428
2019-01-10 10:50:33,117 - INFO - allennlp.training.trainer - GPU 0 memory usage MB: 20
2019-01-10 10:50:33,118 - INFO - allennlp.training.trainer - GPU 1 memory usage MB: 10165
2019-01-10 10:50:33,119 - INFO - allennlp.training.trainer - Training
2019-01-10 10:52:04,088 - INFO - allennlp.training.trainer - Validating
2019-01-10 10:52:06,313 - INFO - allennlp.training.trainer -                          Training |  Validation
2019-01-10 10:52:06,313 - INFO - allennlp.training.trainer - loss                 |  56574.362  |  63316.030
2019-01-10 10:52:06,313 - INFO - allennlp.training.trainer - ELBO                 |  56569.984  |  55810.531
2019-01-10 10:52:06,313 - INFO - allennlp.training.trainer - Accuracy             |     0.999  |     0.896
2019-01-10 10:52:06,313 - INFO - allennlp.training.trainer - Reconstruction       |   562.558  |   553.463
2019-01-10 10:52:06,313 - INFO - allennlp.training.trainer - KL-Divergence        |   134.454  |     3.949
2019-01-10 10:52:06,313 - INFO - allennlp.training.trainer - Scaled_Cross_Entropy |     4.379  |  7505.499
2019-01-10 10:52:06,353 - INFO - allennlp.training.trainer - Epoch duration: 00:01:33
2019-01-10 10:52:06,353 - INFO - allennlp.training.trainer - Estimated training time remaining: 4:26:50
2019-01-10 10:52:06,353 - INFO - allennlp.training.trainer - Epoch 41/199
2019-01-10 10:52:06,353 - INFO - allennlp.training.trainer - Peak CPU memory usage MB: 8745.504
2019-01-10 10:52:06,576 - INFO - allennlp.training.trainer - GPU 0 memory usage MB: 20
2019-01-10 10:52:06,576 - INFO - allennlp.training.trainer - GPU 1 memory usage MB: 2573
2019-01-10 10:52:06,577 - INFO - allennlp.training.trainer - Training
2019-01-10 10:53:37,562 - INFO - allennlp.training.trainer - Validating
2019-01-10 10:53:39,767 - INFO - allennlp.training.trainer -                          Training |  Validation
2019-01-10 10:53:39,768 - INFO - allennlp.training.trainer - loss                 |  56561.421  |  63431.463
2019-01-10 10:53:39,768 - INFO - allennlp.training.trainer - ELBO                 |  56561.002  |  55799.811
2019-01-10 10:53:39,768 - INFO - allennlp.training.trainer - Accuracy             |     1.000  |     0.899
2019-01-10 10:53:39,768 - INFO - allennlp.training.trainer - Reconstruction       |   562.166  |   553.495
2019-01-10 10:53:39,768 - INFO - allennlp.training.trainer - KL-Divergence        |    11.094  |     3.810
2019-01-10 10:53:39,768 - INFO - allennlp.training.trainer - Scaled_Cross_Entropy |     0.420  |  7631.653
2019-01-10 10:53:39,808 - INFO - allennlp.training.trainer - Epoch duration: 00:01:33
2019-01-10 10:53:39,808 - INFO - allennlp.training.trainer - Estimated training time remaining: 4:24:42
2019-01-10 10:53:39,808 - INFO - allennlp.training.trainer - Epoch 42/199
2019-01-10 10:53:39,808 - INFO - allennlp.training.trainer - Peak CPU memory usage MB: 8745.504
2019-01-10 10:53:40,012 - INFO - allennlp.training.trainer - GPU 0 memory usage MB: 20
2019-01-10 10:53:40,013 - INFO - allennlp.training.trainer - GPU 1 memory usage MB: 3311
2019-01-10 10:53:40,014 - INFO - allennlp.training.trainer - Training
2019-01-10 10:55:11,077 - INFO - allennlp.training.trainer - Validating
2019-01-10 10:55:13,307 - INFO - allennlp.training.trainer -                          Training |  Validation
2019-01-10 10:55:13,307 - INFO - allennlp.training.trainer - loss                 |  56566.002  |  63409.959
2019-01-10 10:55:13,308 - INFO - allennlp.training.trainer - ELBO                 |  56565.465  |  55815.414
2019-01-10 10:55:13,308 - INFO - allennlp.training.trainer - Accuracy             |     1.000  |     0.900
2019-01-10 10:55:13,308 - INFO - allennlp.training.trainer - Reconstruction       |   562.089  |   553.513
2019-01-10 10:55:13,308 - INFO - allennlp.training.trainer - KL-Divergence        |    10.267  |     3.948
2019-01-10 10:55:13,308 - INFO - allennlp.training.trainer - Scaled_Cross_Entropy |     0.537  |  7594.545
2019-01-10 10:55:13,349 - INFO - allennlp.training.trainer - Epoch duration: 00:01:33
2019-01-10 10:55:13,349 - INFO - allennlp.training.trainer - Estimated training time remaining: 4:22:36
2019-01-10 10:55:13,349 - INFO - allennlp.training.trainer - Epoch 43/199
2019-01-10 10:55:13,349 - INFO - allennlp.training.trainer - Peak CPU memory usage MB: 8745.604
2019-01-10 10:55:13,554 - INFO - allennlp.training.trainer - GPU 0 memory usage MB: 20
2019-01-10 10:55:13,555 - INFO - allennlp.training.trainer - GPU 1 memory usage MB: 3471
2019-01-10 10:55:13,555 - INFO - allennlp.training.trainer - Training
2019-01-10 10:56:44,517 - INFO - allennlp.training.trainer - Validating
2019-01-10 10:56:46,717 - INFO - allennlp.training.trainer -                          Training |  Validation
2019-01-10 10:56:46,719 - INFO - allennlp.training.trainer - loss                 |  56565.373  |  63686.478
2019-01-10 10:56:46,719 - INFO - allennlp.training.trainer - ELBO                 |  56565.102  |  55813.488
2019-01-10 10:56:46,719 - INFO - allennlp.training.trainer - Accuracy             |     1.000  |     0.894
2019-01-10 10:56:46,719 - INFO - allennlp.training.trainer - Reconstruction       |   562.212  |   553.350
2019-01-10 10:56:46,719 - INFO - allennlp.training.trainer - KL-Divergence        |    11.557  |     4.092
2019-01-10 10:56:46,720 - INFO - allennlp.training.trainer - Scaled_Cross_Entropy |     0.271  |  7872.991
2019-01-10 10:56:46,758 - INFO - allennlp.training.trainer - Epoch duration: 00:01:33
2019-01-10 10:56:46,759 - INFO - allennlp.training.trainer - Estimated training time remaining: 4:20:31
2019-01-10 10:56:46,759 - INFO - allennlp.training.trainer - Epoch 44/199
2019-01-10 10:56:46,759 - INFO - allennlp.training.trainer - Peak CPU memory usage MB: 8745.796
2019-01-10 10:56:46,966 - INFO - allennlp.training.trainer - GPU 0 memory usage MB: 20
2019-01-10 10:56:46,966 - INFO - allennlp.training.trainer - GPU 1 memory usage MB: 3641
2019-01-10 10:56:46,967 - INFO - allennlp.training.trainer - Training
2019-01-10 10:58:17,683 - INFO - allennlp.training.trainer - Validating
2019-01-10 10:58:19,911 - INFO - allennlp.training.trainer -                          Training |  Validation
2019-01-10 10:58:19,911 - INFO - allennlp.training.trainer - loss                 |  56564.618  |  63494.594
2019-01-10 10:58:19,911 - INFO - allennlp.training.trainer - ELBO                 |  56562.519  |  55804.162
2019-01-10 10:58:19,911 - INFO - allennlp.training.trainer - Accuracy             |     1.000  |     0.896
2019-01-10 10:58:19,911 - INFO - allennlp.training.trainer - Reconstruction       |   562.264  |   553.360
2019-01-10 10:58:19,911 - INFO - allennlp.training.trainer - KL-Divergence        |    28.224  |     3.989
2019-01-10 10:58:19,911 - INFO - allennlp.training.trainer - Scaled_Cross_Entropy |     2.099  |  7690.433
2019-01-10 10:58:19,953 - INFO - allennlp.training.trainer - Epoch duration: 00:01:33
2019-01-10 10:58:19,953 - INFO - allennlp.training.trainer - Estimated training time remaining: 4:18:26
2019-01-10 10:58:19,953 - INFO - allennlp.training.trainer - Epoch 45/199
2019-01-10 10:58:19,953 - INFO - allennlp.training.trainer - Peak CPU memory usage MB: 8745.812
2019-01-10 10:58:20,155 - INFO - allennlp.training.trainer - GPU 0 memory usage MB: 20
2019-01-10 10:58:20,156 - INFO - allennlp.training.trainer - GPU 1 memory usage MB: 3641
2019-01-10 10:58:20,156 - INFO - allennlp.training.trainer - Training
2019-01-10 10:59:51,011 - INFO - allennlp.training.trainer - Validating
2019-01-10 10:59:53,217 - INFO - allennlp.training.trainer -                          Training |  Validation
2019-01-10 10:59:53,218 - INFO - allennlp.training.trainer - loss                 |  56595.993  |  60563.067
2019-01-10 10:59:53,218 - INFO - allennlp.training.trainer - ELBO                 |  56567.374  |  55798.719
2019-01-10 10:59:53,218 - INFO - allennlp.training.trainer - Accuracy             |     0.996  |     0.889
2019-01-10 10:59:53,218 - INFO - allennlp.training.trainer - Reconstruction       |   562.196  |   553.366
2019-01-10 10:59:53,218 - INFO - allennlp.training.trainer - KL-Divergence        |    14.318  |     3.928
2019-01-10 10:59:53,218 - INFO - allennlp.training.trainer - Scaled_Cross_Entropy |    28.619  |  4764.348
2019-01-10 10:59:53,259 - INFO - allennlp.training.trainer - Epoch duration: 00:01:33
2019-01-10 10:59:53,260 - INFO - allennlp.training.trainer - Estimated training time remaining: 4:16:24
2019-01-10 10:59:53,260 - INFO - allennlp.training.trainer - Epoch 46/199
2019-01-10 10:59:53,260 - INFO - allennlp.training.trainer - Peak CPU memory usage MB: 8745.812
2019-01-10 10:59:53,481 - INFO - allennlp.training.trainer - GPU 0 memory usage MB: 20
2019-01-10 10:59:53,482 - INFO - allennlp.training.trainer - GPU 1 memory usage MB: 3641
2019-01-10 10:59:53,482 - INFO - allennlp.training.trainer - Training
2019-01-10 11:01:24,513 - INFO - allennlp.training.trainer - Validating
2019-01-10 11:01:26,747 - INFO - allennlp.training.trainer -                          Training |  Validation
2019-01-10 11:01:26,748 - INFO - allennlp.training.trainer - loss                 |  56574.836  |  61530.230
2019-01-10 11:01:26,748 - INFO - allennlp.training.trainer - ELBO                 |  56568.096  |  55793.295
2019-01-10 11:01:26,748 - INFO - allennlp.training.trainer - Accuracy             |     0.999  |     0.884
2019-01-10 11:01:26,748 - INFO - allennlp.training.trainer - Reconstruction       |   562.364  |   553.236
2019-01-10 11:01:26,748 - INFO - allennlp.training.trainer - KL-Divergence        |    10.785  |     4.004
2019-01-10 11:01:26,748 - INFO - allennlp.training.trainer - Scaled_Cross_Entropy |     6.740  |  5736.934
2019-01-10 11:01:26,789 - INFO - allennlp.training.trainer - Epoch duration: 00:01:33
2019-01-10 11:01:26,789 - INFO - allennlp.training.trainer - Estimated training time remaining: 4:14:23
2019-01-10 11:01:26,789 - INFO - allennlp.training.trainer - Epoch 47/199
2019-01-10 11:01:26,789 - INFO - allennlp.training.trainer - Peak CPU memory usage MB: 8745.812
2019-01-10 11:01:26,990 - INFO - allennlp.training.trainer - GPU 0 memory usage MB: 20
2019-01-10 11:01:26,991 - INFO - allennlp.training.trainer - GPU 1 memory usage MB: 3641
2019-01-10 11:01:26,991 - INFO - allennlp.training.trainer - Training
2019-01-10 11:02:58,125 - INFO - allennlp.training.trainer - Validating
2019-01-10 11:03:00,341 - INFO - allennlp.training.trainer -                          Training |  Validation
2019-01-10 11:03:00,343 - INFO - allennlp.training.trainer - loss                 |  56567.482  |  60809.049
2019-01-10 11:03:00,343 - INFO - allennlp.training.trainer - ELBO                 |  56565.350  |  55788.514
2019-01-10 11:03:00,343 - INFO - allennlp.training.trainer - Accuracy             |     1.000  |     0.896
2019-01-10 11:03:00,343 - INFO - allennlp.training.trainer - Reconstruction       |   562.350  |   553.332
2019-01-10 11:03:00,343 - INFO - allennlp.training.trainer - KL-Divergence        |     9.852  |     3.860
2019-01-10 11:03:00,343 - INFO - allennlp.training.trainer - Scaled_Cross_Entropy |     2.132  |  5020.536
2019-01-10 11:03:00,383 - INFO - allennlp.training.trainer - Epoch duration: 00:01:33
2019-01-10 11:03:00,383 - INFO - allennlp.training.trainer - Estimated training time remaining: 4:12:24
2019-01-10 11:03:00,383 - INFO - allennlp.training.trainer - Epoch 48/199
2019-01-10 11:03:00,383 - INFO - allennlp.training.trainer - Peak CPU memory usage MB: 8745.872
2019-01-10 11:03:00,606 - INFO - allennlp.training.trainer - GPU 0 memory usage MB: 20
2019-01-10 11:03:00,606 - INFO - allennlp.training.trainer - GPU 1 memory usage MB: 4889
2019-01-10 11:03:00,607 - INFO - allennlp.training.trainer - Training
2019-01-10 11:04:31,366 - INFO - allennlp.training.trainer - Validating
2019-01-10 11:04:33,587 - INFO - allennlp.training.trainer - Ran out of patience.  Stopping training.
2019-01-10 11:04:33,588 - INFO - allennlp.models.archival - archiving weights and vocabulary to experiments/semi_supervised/cnn_trials/results/cnn6/model.tar.gz
2019-01-10 11:04:34,636 - INFO - allennlp.commands.train - Loading the best epoch weights.
2019-01-10 11:04:34,651 - INFO - allennlp.common.util - Metrics: {
  "training_duration": "01:19:42",
  "training_start_epoch": 0,
  "training_epochs": 47,
  "epoch": 47,
  "training_KL-Divergence": 9.85180377960205,
  "training_Reconstruction": 562.3499145507812,
  "training_Accuracy": 0.9996,
  "training_Scaled_Cross_Entropy": 2.132458448410034,
  "training_ELBO": 56565.35005149148,
  "training_loss": 56567.48237215909,
  "validation_KL-Divergence": 3.8603203296661377,
  "validation_Reconstruction": 553.3316650390625,
  "validation_Accuracy": 0.8958,
  "validation_Scaled_Cross_Entropy": 5020.53564453125,
  "validation_ELBO": 55788.513984375,
  "validation_loss": 60809.04875,
  "best_epoch": 28,
  "best_validation_KL-Divergence": 3.727579355239868,
  "best_validation_Reconstruction": 554.0387573242188,
  "best_validation_Accuracy": 0.9032,
  "best_validation_Scaled_Cross_Entropy": 4649.18701171875,
  "best_validation_ELBO": 55845.947578125,
  "best_validation_loss": 60495.134140625
}
