2019-01-13 15:03:52,992 - INFO - allennlp.common.from_params - instantiating class <class 'allennlp.data.dataset_readers.dataset_reader.DatasetReader'> from params {'type': 'document_reader'} and extras {}
2019-01-13 15:03:52,992 - INFO - allennlp.common.params - dataset_reader.type = document_reader
2019-01-13 15:03:52,992 - INFO - allennlp.common.from_params - instantiating class <class 'library.dataset_readers.document_reader.DocumentReader'> from params {} and extras {}
2019-01-13 15:03:52,992 - INFO - allennlp.common.params - dataset_reader.lazy = False
2019-01-13 15:03:52,992 - INFO - allennlp.common.params - dataset_reader.token_indexers = <allennlp.common.params.Params object at 0x7f2f290ee860>
2019-01-13 15:03:52,992 - INFO - allennlp.common.params - dataset_reader.use_stopless_tokens = True
2019-01-13 15:03:53,220 - INFO - allennlp.common.params - validation_dataset_reader = None
2019-01-13 15:03:53,220 - INFO - allennlp.common.params - train_data_path = /data/dangt7/IMDB/train_labelled.filtered.jsonl
2019-01-13 15:03:53,220 - INFO - allennlp.commands.train - Reading training data from /data/dangt7/IMDB/train_labelled.filtered.jsonl
2019-01-13 15:03:53,220 - INFO - library.dataset_readers.document_reader - Reading instances from lines in file: /data/dangt7/IMDB/train_labelled.filtered.jsonl
2019-01-13 15:04:55,525 - INFO - allennlp.common.params - validation_data_path = /data/dangt7/IMDB/valid.filtered.jsonl
2019-01-13 15:04:55,525 - INFO - allennlp.commands.train - Reading validation data from /data/dangt7/IMDB/valid.filtered.jsonl
2019-01-13 15:04:55,526 - INFO - library.dataset_readers.document_reader - Reading instances from lines in file: /data/dangt7/IMDB/valid.filtered.jsonl
2019-01-13 15:05:10,958 - INFO - allennlp.common.params - test_data_path = None
2019-01-13 15:05:10,958 - INFO - allennlp.commands.train - From dataset instances, train, validation will be considered for vocabulary creation.
2019-01-13 15:05:10,959 - INFO - allennlp.common.params - vocabulary.type = None
2019-01-13 15:05:10,959 - INFO - allennlp.common.params - vocabulary.extend = False
2019-01-13 15:05:10,959 - INFO - allennlp.common.params - vocabulary.directory_path = None
2019-01-13 15:05:10,959 - INFO - allennlp.common.params - vocabulary.min_count = None
2019-01-13 15:05:10,959 - INFO - allennlp.common.params - vocabulary.max_vocab_size = 2000
2019-01-13 15:05:10,959 - INFO - allennlp.common.params - vocabulary.non_padded_namespaces = ('*tags', '*labels')
2019-01-13 15:05:10,959 - INFO - allennlp.common.params - vocabulary.min_pretrained_embeddings = None
2019-01-13 15:05:10,959 - INFO - allennlp.common.params - vocabulary.only_include_pretrained_words = False
2019-01-13 15:05:10,959 - INFO - allennlp.common.params - vocabulary.tokens_to_add = None
2019-01-13 15:05:10,959 - INFO - allennlp.data.vocabulary - Fitting token dictionary from dataset.
2019-01-13 15:05:14,659 - INFO - allennlp.common.from_params - instantiating class <class 'allennlp.models.model.Model'> from params {'classification_layer': {'activations': ['linear'], 'hidden_dims': [2], 'input_dim': 300, 'num_layers': 1}, 'encoder': {'embedding_dim': 300, 'type': 'boe'}, 'text_field_embedder': {'tokens': {'embedding_dim': 300, 'pretrained_file': '/data/dangt7/glove/glove.6B.300d.txt', 'trainable': True, 'type': 'embedding', 'vocab_namespace': 'tokens'}}, 'type': 'seq2vec_classifier'} and extras {'vocab': <allennlp.data.vocabulary.Vocabulary object at 0x7f2f290ee860>}
2019-01-13 15:05:14,659 - INFO - allennlp.common.params - model.type = seq2vec_classifier
2019-01-13 15:05:14,659 - INFO - allennlp.common.from_params - instantiating class <class 'library.models.baselines.Seq2VecClassifier'> from params {'classification_layer': {'activations': ['linear'], 'hidden_dims': [2], 'input_dim': 300, 'num_layers': 1}, 'encoder': {'embedding_dim': 300, 'type': 'boe'}, 'text_field_embedder': {'tokens': {'embedding_dim': 300, 'pretrained_file': '/data/dangt7/glove/glove.6B.300d.txt', 'trainable': True, 'type': 'embedding', 'vocab_namespace': 'tokens'}}} and extras {'vocab': <allennlp.data.vocabulary.Vocabulary object at 0x7f2f290ee860>}
2019-01-13 15:05:14,659 - INFO - allennlp.common.from_params - instantiating class <class 'allennlp.modules.seq2vec_encoders.seq2vec_encoder.Seq2VecEncoder'> from params {'embedding_dim': 300, 'type': 'boe'} and extras {'vocab': <allennlp.data.vocabulary.Vocabulary object at 0x7f2f290ee860>}
2019-01-13 15:05:14,660 - INFO - allennlp.common.params - model.encoder.type = boe
2019-01-13 15:05:14,660 - INFO - allennlp.common.from_params - instantiating class <class 'allennlp.modules.seq2vec_encoders.boe_encoder.BagOfEmbeddingsEncoder'> from params {'embedding_dim': 300} and extras {'vocab': <allennlp.data.vocabulary.Vocabulary object at 0x7f2f290ee860>}
2019-01-13 15:05:14,660 - INFO - allennlp.common.params - model.encoder.embedding_dim = 300
2019-01-13 15:05:14,660 - INFO - allennlp.common.params - model.encoder.averaged = False
2019-01-13 15:05:14,660 - INFO - allennlp.common.params - model.classification_layer.input_dim = 300
2019-01-13 15:05:14,660 - INFO - allennlp.common.params - model.classification_layer.num_layers = 1
2019-01-13 15:05:14,660 - INFO - allennlp.common.params - model.classification_layer.hidden_dims = [2]
2019-01-13 15:05:14,660 - INFO - allennlp.common.params - model.classification_layer.activations = ['linear']
2019-01-13 15:05:14,660 - INFO - allennlp.common.params - model.classification_layer.dropout = 0.0
2019-01-13 15:05:14,660 - INFO - allennlp.common.registrable - instantiating registered subclass linear of <class 'allennlp.nn.activations.Activation'>
2019-01-13 15:05:14,661 - INFO - allennlp.common.from_params - instantiating class <class 'allennlp.modules.text_field_embedders.text_field_embedder.TextFieldEmbedder'> from params {'tokens': {'embedding_dim': 300, 'pretrained_file': '/data/dangt7/glove/glove.6B.300d.txt', 'trainable': True, 'type': 'embedding', 'vocab_namespace': 'tokens'}} and extras {'vocab': <allennlp.data.vocabulary.Vocabulary object at 0x7f2f290ee860>}
2019-01-13 15:05:14,661 - INFO - allennlp.common.params - model.text_field_embedder.type = basic
2019-01-13 15:05:14,661 - INFO - allennlp.common.params - model.text_field_embedder.embedder_to_indexer_map = None
2019-01-13 15:05:14,661 - INFO - allennlp.common.params - model.text_field_embedder.allow_unmatched_keys = False
2019-01-13 15:05:14,661 - INFO - allennlp.common.params - model.text_field_embedder.token_embedders = None
2019-01-13 15:05:14,661 - INFO - allennlp.common.from_params - instantiating class <class 'allennlp.modules.token_embedders.token_embedder.TokenEmbedder'> from params {'embedding_dim': 300, 'pretrained_file': '/data/dangt7/glove/glove.6B.300d.txt', 'trainable': True, 'type': 'embedding', 'vocab_namespace': 'tokens'} and extras {'vocab': <allennlp.data.vocabulary.Vocabulary object at 0x7f2f290ee860>}
2019-01-13 15:05:14,661 - INFO - allennlp.common.params - model.text_field_embedder.tokens.type = embedding
2019-01-13 15:05:14,661 - INFO - allennlp.common.params - model.text_field_embedder.tokens.num_embeddings = None
2019-01-13 15:05:14,661 - INFO - allennlp.common.params - model.text_field_embedder.tokens.vocab_namespace = tokens
2019-01-13 15:05:14,661 - INFO - allennlp.common.params - model.text_field_embedder.tokens.embedding_dim = 300
2019-01-13 15:05:14,662 - INFO - allennlp.common.params - model.text_field_embedder.tokens.pretrained_file = /data/dangt7/glove/glove.6B.300d.txt
2019-01-13 15:05:14,662 - INFO - allennlp.common.params - model.text_field_embedder.tokens.projection_dim = None
2019-01-13 15:05:14,662 - INFO - allennlp.common.params - model.text_field_embedder.tokens.trainable = True
2019-01-13 15:05:14,662 - INFO - allennlp.common.params - model.text_field_embedder.tokens.padding_index = None
2019-01-13 15:05:14,662 - INFO - allennlp.common.params - model.text_field_embedder.tokens.max_norm = None
2019-01-13 15:05:14,662 - INFO - allennlp.common.params - model.text_field_embedder.tokens.norm_type = 2.0
2019-01-13 15:05:14,662 - INFO - allennlp.common.params - model.text_field_embedder.tokens.scale_grad_by_freq = False
2019-01-13 15:05:14,662 - INFO - allennlp.common.params - model.text_field_embedder.tokens.sparse = False
2019-01-13 15:05:14,662 - INFO - allennlp.modules.token_embedders.embedding - Reading pretrained embeddings from file
2019-01-13 15:05:15,880 - INFO - allennlp.modules.token_embedders.embedding - Initializing pre-trained embedding layer
2019-01-13 15:05:15,895 - INFO - allennlp.modules.token_embedders.embedding - Pretrained embeddings were found for 2000 out of 2002 tokens
2019-01-13 15:05:15,896 - INFO - allennlp.nn.initializers - Initializing parameters
2019-01-13 15:05:15,896 - INFO - allennlp.nn.initializers - Done initializing parameters; the following parameters are using their default initialization from their code
2019-01-13 15:05:15,896 - INFO - allennlp.nn.initializers -    classification_layer._linear_layers.0.bias
2019-01-13 15:05:15,896 - INFO - allennlp.nn.initializers -    classification_layer._linear_layers.0.weight
2019-01-13 15:05:15,896 - INFO - allennlp.nn.initializers -    text_field_embedder.token_embedder_tokens.weight
2019-01-13 15:05:15,900 - INFO - allennlp.common.from_params - instantiating class <class 'allennlp.data.iterators.data_iterator.DataIterator'> from params {'batch_size': 100, 'type': 'basic'} and extras {}
2019-01-13 15:05:15,900 - INFO - allennlp.common.params - iterator.type = basic
2019-01-13 15:05:15,900 - INFO - allennlp.common.from_params - instantiating class <class 'allennlp.data.iterators.basic_iterator.BasicIterator'> from params {'batch_size': 100} and extras {}
2019-01-13 15:05:15,900 - INFO - allennlp.common.params - iterator.batch_size = 100
2019-01-13 15:05:15,900 - INFO - allennlp.common.params - iterator.instances_per_epoch = None
2019-01-13 15:05:15,900 - INFO - allennlp.common.params - iterator.max_instances_in_memory = None
2019-01-13 15:05:15,900 - INFO - allennlp.common.params - iterator.cache_instances = False
2019-01-13 15:05:15,900 - INFO - allennlp.common.params - iterator.track_epoch = False
2019-01-13 15:05:15,900 - INFO - allennlp.common.params - iterator.maximum_samples_per_batch = None
2019-01-13 15:05:15,900 - INFO - allennlp.common.params - validation_iterator = None
2019-01-13 15:05:15,900 - INFO - allennlp.common.params - trainer.no_grad = ()
2019-01-13 15:05:15,901 - INFO - allennlp.commands.train - Following parameters are Frozen  (without gradient):
2019-01-13 15:05:15,901 - INFO - allennlp.commands.train - Following parameters are Tunable (with gradient):
2019-01-13 15:05:15,901 - INFO - allennlp.commands.train - classification_layer._linear_layers.0.weight
2019-01-13 15:05:15,901 - INFO - allennlp.commands.train - classification_layer._linear_layers.0.bias
2019-01-13 15:05:15,901 - INFO - allennlp.commands.train - text_field_embedder.token_embedder_tokens.weight
2019-01-13 15:05:15,901 - INFO - allennlp.common.params - trainer.patience = 20
2019-01-13 15:05:15,901 - INFO - allennlp.common.params - trainer.validation_metric = +accuracy
2019-01-13 15:05:15,901 - INFO - allennlp.common.params - trainer.shuffle = True
2019-01-13 15:05:15,901 - INFO - allennlp.common.params - trainer.num_epochs = 200
2019-01-13 15:05:15,901 - INFO - allennlp.common.params - trainer.cuda_device = 0
2019-01-13 15:05:15,901 - INFO - allennlp.common.params - trainer.grad_norm = None
2019-01-13 15:05:15,901 - INFO - allennlp.common.params - trainer.grad_clipping = None
2019-01-13 15:05:15,901 - INFO - allennlp.common.params - trainer.learning_rate_scheduler = None
2019-01-13 15:05:17,708 - INFO - allennlp.common.params - trainer.optimizer.type = adam
2019-01-13 15:05:17,708 - INFO - allennlp.common.params - trainer.optimizer.parameter_groups = None
2019-01-13 15:05:17,708 - INFO - allennlp.training.optimizers - Number of trainable parameters: 601202
2019-01-13 15:05:17,708 - INFO - allennlp.common.registrable - instantiating registered subclass adam of <class 'allennlp.training.optimizers.Optimizer'>
2019-01-13 15:05:17,708 - INFO - allennlp.common.params - Converting Params object to dict; logging of default values will not occur when dictionary parameters are used subsequently.
2019-01-13 15:05:17,708 - INFO - allennlp.common.params - CURRENTLY DEFINED PARAMETERS: 
2019-01-13 15:05:17,709 - INFO - allennlp.common.params - trainer.optimizer.lr = 0.001
2019-01-13 15:05:17,709 - INFO - allennlp.common.params - trainer.optimizer.weight_decay = 0.001
2019-01-13 15:05:17,709 - INFO - allennlp.common.params - trainer.num_serialized_models_to_keep = 20
2019-01-13 15:05:17,709 - INFO - allennlp.common.params - trainer.keep_serialized_model_every_num_seconds = None
2019-01-13 15:05:17,709 - INFO - allennlp.common.params - trainer.model_save_interval = None
2019-01-13 15:05:17,709 - INFO - allennlp.common.params - trainer.summary_interval = 100
2019-01-13 15:05:17,709 - INFO - allennlp.common.params - trainer.histogram_interval = None
2019-01-13 15:05:17,709 - INFO - allennlp.common.params - trainer.should_log_parameter_statistics = True
2019-01-13 15:05:17,709 - INFO - allennlp.common.params - trainer.should_log_learning_rate = False
2019-01-13 15:05:17,710 - INFO - allennlp.common.params - evaluate_on_test = False
2019-01-13 15:05:17,710 - INFO - allennlp.training.trainer - Beginning training.
2019-01-13 15:05:17,711 - INFO - allennlp.training.trainer - Epoch 0/199
2019-01-13 15:05:17,711 - INFO - allennlp.training.trainer - Peak CPU memory usage MB: 2994.392
2019-01-13 15:05:17,798 - INFO - allennlp.training.trainer - GPU 0 memory usage MB: 20
2019-01-13 15:05:17,798 - INFO - allennlp.training.trainer - GPU 1 memory usage MB: 537
2019-01-13 15:05:17,798 - INFO - allennlp.training.trainer - Training
2019-01-13 15:05:29,388 - INFO - allennlp.training.trainer - Validating
2019-01-13 15:05:30,766 - INFO - allennlp.training.trainer -              Training |  Validation
2019-01-13 15:05:30,767 - INFO - allennlp.training.trainer - loss     |     0.792  |     0.375
2019-01-13 15:05:30,767 - INFO - allennlp.training.trainer - accuracy |     0.754  |     0.842
2019-01-13 15:05:30,805 - INFO - allennlp.training.trainer - Best validation performance so far. Copying weights to 'experiments/supervised/boe_trials/results/boe5/best.th'.
2019-01-13 15:05:30,806 - INFO - allennlp.training.trainer - Epoch duration: 00:00:13
2019-01-13 15:05:30,806 - INFO - allennlp.training.trainer - Estimated training time remaining: 0:43:26
2019-01-13 15:05:30,806 - INFO - allennlp.training.trainer - Epoch 1/199
2019-01-13 15:05:30,806 - INFO - allennlp.training.trainer - Peak CPU memory usage MB: 3112.104
2019-01-13 15:05:30,900 - INFO - allennlp.training.trainer - GPU 0 memory usage MB: 20
2019-01-13 15:05:30,901 - INFO - allennlp.training.trainer - GPU 1 memory usage MB: 1569
2019-01-13 15:05:30,901 - INFO - allennlp.training.trainer - Training
2019-01-13 15:05:38,535 - INFO - allennlp.training.trainer - Validating
2019-01-13 15:05:39,081 - INFO - allennlp.training.trainer -              Training |  Validation
2019-01-13 15:05:39,081 - INFO - allennlp.training.trainer - loss     |     0.356  |     0.342
2019-01-13 15:05:39,081 - INFO - allennlp.training.trainer - accuracy |     0.854  |     0.860
2019-01-13 15:05:39,086 - INFO - allennlp.training.trainer - Best validation performance so far. Copying weights to 'experiments/supervised/boe_trials/results/boe5/best.th'.
2019-01-13 15:05:39,088 - INFO - allennlp.training.trainer - Epoch duration: 00:00:08
2019-01-13 15:05:39,088 - INFO - allennlp.training.trainer - Estimated training time remaining: 0:35:16
2019-01-13 15:05:39,088 - INFO - allennlp.training.trainer - Epoch 2/199
2019-01-13 15:05:39,088 - INFO - allennlp.training.trainer - Peak CPU memory usage MB: 3112.104
2019-01-13 15:05:39,181 - INFO - allennlp.training.trainer - GPU 0 memory usage MB: 20
2019-01-13 15:05:39,182 - INFO - allennlp.training.trainer - GPU 1 memory usage MB: 1569
2019-01-13 15:05:39,182 - INFO - allennlp.training.trainer - Training
2019-01-13 15:05:46,754 - INFO - allennlp.training.trainer - Validating
2019-01-13 15:05:47,300 - INFO - allennlp.training.trainer -              Training |  Validation
2019-01-13 15:05:47,300 - INFO - allennlp.training.trainer - loss     |     0.340  |     0.368
2019-01-13 15:05:47,301 - INFO - allennlp.training.trainer - accuracy |     0.863  |     0.850
2019-01-13 15:05:47,305 - INFO - allennlp.training.trainer - Epoch duration: 00:00:08
2019-01-13 15:05:47,305 - INFO - allennlp.training.trainer - Estimated training time remaining: 0:32:23
2019-01-13 15:05:47,305 - INFO - allennlp.training.trainer - Epoch 3/199
2019-01-13 15:05:47,305 - INFO - allennlp.training.trainer - Peak CPU memory usage MB: 3112.104
2019-01-13 15:05:47,397 - INFO - allennlp.training.trainer - GPU 0 memory usage MB: 20
2019-01-13 15:05:47,397 - INFO - allennlp.training.trainer - GPU 1 memory usage MB: 1569
2019-01-13 15:05:47,397 - INFO - allennlp.training.trainer - Training
2019-01-13 15:05:55,105 - INFO - allennlp.training.trainer - Validating
2019-01-13 15:05:55,653 - INFO - allennlp.training.trainer -              Training |  Validation
2019-01-13 15:05:55,654 - INFO - allennlp.training.trainer - loss     |     0.348  |     0.334
2019-01-13 15:05:55,654 - INFO - allennlp.training.trainer - accuracy |     0.864  |     0.861
2019-01-13 15:05:55,658 - INFO - allennlp.training.trainer - Best validation performance so far. Copying weights to 'experiments/supervised/boe_trials/results/boe5/best.th'.
2019-01-13 15:05:55,660 - INFO - allennlp.training.trainer - Epoch duration: 00:00:08
2019-01-13 15:05:55,660 - INFO - allennlp.training.trainer - Estimated training time remaining: 0:30:59
2019-01-13 15:05:55,660 - INFO - allennlp.training.trainer - Epoch 4/199
2019-01-13 15:05:55,660 - INFO - allennlp.training.trainer - Peak CPU memory usage MB: 3112.104
2019-01-13 15:05:55,754 - INFO - allennlp.training.trainer - GPU 0 memory usage MB: 20
2019-01-13 15:05:55,754 - INFO - allennlp.training.trainer - GPU 1 memory usage MB: 1569
2019-01-13 15:05:55,754 - INFO - allennlp.training.trainer - Training
2019-01-13 15:06:03,333 - INFO - allennlp.training.trainer - Validating
2019-01-13 15:06:03,878 - INFO - allennlp.training.trainer -              Training |  Validation
2019-01-13 15:06:03,879 - INFO - allennlp.training.trainer - loss     |     0.341  |     0.329
2019-01-13 15:06:03,879 - INFO - allennlp.training.trainer - accuracy |     0.864  |     0.870
2019-01-13 15:06:03,883 - INFO - allennlp.training.trainer - Best validation performance so far. Copying weights to 'experiments/supervised/boe_trials/results/boe5/best.th'.
2019-01-13 15:06:03,885 - INFO - allennlp.training.trainer - Epoch duration: 00:00:08
2019-01-13 15:06:03,885 - INFO - allennlp.training.trainer - Estimated training time remaining: 0:30:00
2019-01-13 15:06:03,885 - INFO - allennlp.training.trainer - Epoch 5/199
2019-01-13 15:06:03,885 - INFO - allennlp.training.trainer - Peak CPU memory usage MB: 3112.104
2019-01-13 15:06:03,979 - INFO - allennlp.training.trainer - GPU 0 memory usage MB: 20
2019-01-13 15:06:03,980 - INFO - allennlp.training.trainer - GPU 1 memory usage MB: 1569
2019-01-13 15:06:03,980 - INFO - allennlp.training.trainer - Training
2019-01-13 15:06:11,655 - INFO - allennlp.training.trainer - Validating
2019-01-13 15:06:12,200 - INFO - allennlp.training.trainer -              Training |  Validation
2019-01-13 15:06:12,201 - INFO - allennlp.training.trainer - loss     |     0.347  |     0.341
2019-01-13 15:06:12,201 - INFO - allennlp.training.trainer - accuracy |     0.862  |     0.861
2019-01-13 15:06:12,205 - INFO - allennlp.training.trainer - Epoch duration: 00:00:08
2019-01-13 15:06:12,205 - INFO - allennlp.training.trainer - Estimated training time remaining: 0:29:21
2019-01-13 15:06:12,205 - INFO - allennlp.training.trainer - Epoch 6/199
2019-01-13 15:06:12,205 - INFO - allennlp.training.trainer - Peak CPU memory usage MB: 3112.104
2019-01-13 15:06:12,299 - INFO - allennlp.training.trainer - GPU 0 memory usage MB: 20
2019-01-13 15:06:12,300 - INFO - allennlp.training.trainer - GPU 1 memory usage MB: 1569
2019-01-13 15:06:12,300 - INFO - allennlp.training.trainer - Training
2019-01-13 15:06:19,899 - INFO - allennlp.training.trainer - Validating
2019-01-13 15:06:20,443 - INFO - allennlp.training.trainer -              Training |  Validation
2019-01-13 15:06:20,444 - INFO - allennlp.training.trainer - loss     |     0.361  |     0.341
2019-01-13 15:06:20,444 - INFO - allennlp.training.trainer - accuracy |     0.860  |     0.865
2019-01-13 15:06:20,448 - INFO - allennlp.training.trainer - Epoch duration: 00:00:08
2019-01-13 15:06:20,448 - INFO - allennlp.training.trainer - Estimated training time remaining: 0:28:49
2019-01-13 15:06:20,448 - INFO - allennlp.training.trainer - Epoch 7/199
2019-01-13 15:06:20,448 - INFO - allennlp.training.trainer - Peak CPU memory usage MB: 3112.104
2019-01-13 15:06:20,543 - INFO - allennlp.training.trainer - GPU 0 memory usage MB: 20
2019-01-13 15:06:20,543 - INFO - allennlp.training.trainer - GPU 1 memory usage MB: 1569
2019-01-13 15:06:20,543 - INFO - allennlp.training.trainer - Training
2019-01-13 15:06:28,144 - INFO - allennlp.training.trainer - Validating
2019-01-13 15:06:28,689 - INFO - allennlp.training.trainer -              Training |  Validation
2019-01-13 15:06:28,690 - INFO - allennlp.training.trainer - loss     |     0.335  |     0.509
2019-01-13 15:06:28,690 - INFO - allennlp.training.trainer - accuracy |     0.864  |     0.819
2019-01-13 15:06:28,694 - INFO - allennlp.training.trainer - Epoch duration: 00:00:08
2019-01-13 15:06:28,694 - INFO - allennlp.training.trainer - Estimated training time remaining: 0:28:23
2019-01-13 15:06:28,694 - INFO - allennlp.training.trainer - Epoch 8/199
2019-01-13 15:06:28,695 - INFO - allennlp.training.trainer - Peak CPU memory usage MB: 3112.104
2019-01-13 15:06:28,786 - INFO - allennlp.training.trainer - GPU 0 memory usage MB: 20
2019-01-13 15:06:28,786 - INFO - allennlp.training.trainer - GPU 1 memory usage MB: 1569
2019-01-13 15:06:28,786 - INFO - allennlp.training.trainer - Training
2019-01-13 15:06:36,474 - INFO - allennlp.training.trainer - Validating
2019-01-13 15:06:37,020 - INFO - allennlp.training.trainer -              Training |  Validation
2019-01-13 15:06:37,021 - INFO - allennlp.training.trainer - loss     |     0.321  |     0.329
2019-01-13 15:06:37,021 - INFO - allennlp.training.trainer - accuracy |     0.870  |     0.868
2019-01-13 15:06:37,025 - INFO - allennlp.training.trainer - Epoch duration: 00:00:08
2019-01-13 15:06:37,025 - INFO - allennlp.training.trainer - Estimated training time remaining: 0:28:03
2019-01-13 15:06:37,025 - INFO - allennlp.training.trainer - Epoch 9/199
2019-01-13 15:06:37,025 - INFO - allennlp.training.trainer - Peak CPU memory usage MB: 3112.104
2019-01-13 15:06:37,117 - INFO - allennlp.training.trainer - GPU 0 memory usage MB: 20
2019-01-13 15:06:37,117 - INFO - allennlp.training.trainer - GPU 1 memory usage MB: 1569
2019-01-13 15:06:37,118 - INFO - allennlp.training.trainer - Training
2019-01-13 15:06:44,657 - INFO - allennlp.training.trainer - Validating
2019-01-13 15:06:45,205 - INFO - allennlp.training.trainer -              Training |  Validation
2019-01-13 15:06:45,206 - INFO - allennlp.training.trainer - loss     |     0.331  |     0.330
2019-01-13 15:06:45,207 - INFO - allennlp.training.trainer - accuracy |     0.866  |     0.866
2019-01-13 15:06:45,211 - INFO - allennlp.training.trainer - Epoch duration: 00:00:08
2019-01-13 15:06:45,211 - INFO - allennlp.training.trainer - Estimated training time remaining: 0:27:42
2019-01-13 15:06:45,211 - INFO - allennlp.training.trainer - Epoch 10/199
2019-01-13 15:06:45,211 - INFO - allennlp.training.trainer - Peak CPU memory usage MB: 3112.104
2019-01-13 15:06:45,304 - INFO - allennlp.training.trainer - GPU 0 memory usage MB: 20
2019-01-13 15:06:45,305 - INFO - allennlp.training.trainer - GPU 1 memory usage MB: 1569
2019-01-13 15:06:45,305 - INFO - allennlp.training.trainer - Training
2019-01-13 15:06:53,010 - INFO - allennlp.training.trainer - Validating
2019-01-13 15:06:53,557 - INFO - allennlp.training.trainer -              Training |  Validation
2019-01-13 15:06:53,558 - INFO - allennlp.training.trainer - loss     |     0.335  |     0.343
2019-01-13 15:06:53,558 - INFO - allennlp.training.trainer - accuracy |     0.867  |     0.859
2019-01-13 15:06:53,562 - INFO - allennlp.training.trainer - Epoch duration: 00:00:08
2019-01-13 15:06:53,562 - INFO - allennlp.training.trainer - Estimated training time remaining: 0:27:26
2019-01-13 15:06:53,562 - INFO - allennlp.training.trainer - Epoch 11/199
2019-01-13 15:06:53,562 - INFO - allennlp.training.trainer - Peak CPU memory usage MB: 3112.104
2019-01-13 15:06:53,656 - INFO - allennlp.training.trainer - GPU 0 memory usage MB: 20
2019-01-13 15:06:53,656 - INFO - allennlp.training.trainer - GPU 1 memory usage MB: 1569
2019-01-13 15:06:53,657 - INFO - allennlp.training.trainer - Training
2019-01-13 15:07:01,297 - INFO - allennlp.training.trainer - Validating
2019-01-13 15:07:01,846 - INFO - allennlp.training.trainer -              Training |  Validation
2019-01-13 15:07:01,847 - INFO - allennlp.training.trainer - loss     |     0.331  |     0.344
2019-01-13 15:07:01,847 - INFO - allennlp.training.trainer - accuracy |     0.867  |     0.864
2019-01-13 15:07:01,851 - INFO - allennlp.training.trainer - Epoch duration: 00:00:08
2019-01-13 15:07:01,851 - INFO - allennlp.training.trainer - Estimated training time remaining: 0:27:11
2019-01-13 15:07:01,851 - INFO - allennlp.training.trainer - Epoch 12/199
2019-01-13 15:07:01,851 - INFO - allennlp.training.trainer - Peak CPU memory usage MB: 3112.104
2019-01-13 15:07:01,947 - INFO - allennlp.training.trainer - GPU 0 memory usage MB: 20
2019-01-13 15:07:01,948 - INFO - allennlp.training.trainer - GPU 1 memory usage MB: 1569
2019-01-13 15:07:01,948 - INFO - allennlp.training.trainer - Training
2019-01-13 15:07:09,530 - INFO - allennlp.training.trainer - Validating
2019-01-13 15:07:10,074 - INFO - allennlp.training.trainer -              Training |  Validation
2019-01-13 15:07:10,075 - INFO - allennlp.training.trainer - loss     |     0.314  |     0.378
2019-01-13 15:07:10,075 - INFO - allennlp.training.trainer - accuracy |     0.873  |     0.847
2019-01-13 15:07:10,079 - INFO - allennlp.training.trainer - Epoch duration: 00:00:08
2019-01-13 15:07:10,079 - INFO - allennlp.training.trainer - Estimated training time remaining: 0:26:56
2019-01-13 15:07:10,079 - INFO - allennlp.training.trainer - Epoch 13/199
2019-01-13 15:07:10,079 - INFO - allennlp.training.trainer - Peak CPU memory usage MB: 3112.104
2019-01-13 15:07:10,171 - INFO - allennlp.training.trainer - GPU 0 memory usage MB: 20
2019-01-13 15:07:10,171 - INFO - allennlp.training.trainer - GPU 1 memory usage MB: 1569
2019-01-13 15:07:10,172 - INFO - allennlp.training.trainer - Training
2019-01-13 15:07:17,801 - INFO - allennlp.training.trainer - Validating
2019-01-13 15:07:18,347 - INFO - allennlp.training.trainer -              Training |  Validation
2019-01-13 15:07:18,347 - INFO - allennlp.training.trainer - loss     |     0.333  |     0.366
2019-01-13 15:07:18,348 - INFO - allennlp.training.trainer - accuracy |     0.868  |     0.857
2019-01-13 15:07:18,352 - INFO - allennlp.training.trainer - Epoch duration: 00:00:08
2019-01-13 15:07:18,352 - INFO - allennlp.training.trainer - Estimated training time remaining: 0:26:42
2019-01-13 15:07:18,352 - INFO - allennlp.training.trainer - Epoch 14/199
2019-01-13 15:07:18,352 - INFO - allennlp.training.trainer - Peak CPU memory usage MB: 3112.104
2019-01-13 15:07:18,440 - INFO - allennlp.training.trainer - GPU 0 memory usage MB: 20
2019-01-13 15:07:18,441 - INFO - allennlp.training.trainer - GPU 1 memory usage MB: 1569
2019-01-13 15:07:18,441 - INFO - allennlp.training.trainer - Training
2019-01-13 15:07:26,072 - INFO - allennlp.training.trainer - Validating
2019-01-13 15:07:26,617 - INFO - allennlp.training.trainer -              Training |  Validation
2019-01-13 15:07:26,617 - INFO - allennlp.training.trainer - loss     |     0.323  |     0.406
2019-01-13 15:07:26,617 - INFO - allennlp.training.trainer - accuracy |     0.871  |     0.839
2019-01-13 15:07:26,622 - INFO - allennlp.training.trainer - Epoch duration: 00:00:08
2019-01-13 15:07:26,622 - INFO - allennlp.training.trainer - Estimated training time remaining: 0:26:29
2019-01-13 15:07:26,622 - INFO - allennlp.training.trainer - Epoch 15/199
2019-01-13 15:07:26,622 - INFO - allennlp.training.trainer - Peak CPU memory usage MB: 3112.104
2019-01-13 15:07:26,710 - INFO - allennlp.training.trainer - GPU 0 memory usage MB: 20
2019-01-13 15:07:26,710 - INFO - allennlp.training.trainer - GPU 1 memory usage MB: 1569
2019-01-13 15:07:26,710 - INFO - allennlp.training.trainer - Training
2019-01-13 15:07:34,472 - INFO - allennlp.training.trainer - Validating
2019-01-13 15:07:35,019 - INFO - allennlp.training.trainer -              Training |  Validation
2019-01-13 15:07:35,019 - INFO - allennlp.training.trainer - loss     |     0.351  |     0.339
2019-01-13 15:07:35,019 - INFO - allennlp.training.trainer - accuracy |     0.865  |     0.862
2019-01-13 15:07:35,024 - INFO - allennlp.training.trainer - Epoch duration: 00:00:08
2019-01-13 15:07:35,024 - INFO - allennlp.training.trainer - Estimated training time remaining: 0:26:19
2019-01-13 15:07:35,024 - INFO - allennlp.training.trainer - Epoch 16/199
2019-01-13 15:07:35,024 - INFO - allennlp.training.trainer - Peak CPU memory usage MB: 3112.104
2019-01-13 15:07:35,112 - INFO - allennlp.training.trainer - GPU 0 memory usage MB: 20
2019-01-13 15:07:35,113 - INFO - allennlp.training.trainer - GPU 1 memory usage MB: 1569
2019-01-13 15:07:35,113 - INFO - allennlp.training.trainer - Training
2019-01-13 15:07:42,699 - INFO - allennlp.training.trainer - Validating
2019-01-13 15:07:43,265 - INFO - allennlp.training.trainer -              Training |  Validation
2019-01-13 15:07:43,265 - INFO - allennlp.training.trainer - loss     |     0.309  |     0.338
2019-01-13 15:07:43,265 - INFO - allennlp.training.trainer - accuracy |     0.877  |     0.864
2019-01-13 15:07:43,271 - INFO - allennlp.training.trainer - Epoch duration: 00:00:08
2019-01-13 15:07:43,271 - INFO - allennlp.training.trainer - Estimated training time remaining: 0:26:06
2019-01-13 15:07:43,271 - INFO - allennlp.training.trainer - Epoch 17/199
2019-01-13 15:07:43,271 - INFO - allennlp.training.trainer - Peak CPU memory usage MB: 3112.104
2019-01-13 15:07:43,371 - INFO - allennlp.training.trainer - GPU 0 memory usage MB: 20
2019-01-13 15:07:43,372 - INFO - allennlp.training.trainer - GPU 1 memory usage MB: 1569
2019-01-13 15:07:43,372 - INFO - allennlp.training.trainer - Training
2019-01-13 15:07:51,115 - INFO - allennlp.training.trainer - Validating
2019-01-13 15:07:51,660 - INFO - allennlp.training.trainer -              Training |  Validation
2019-01-13 15:07:51,660 - INFO - allennlp.training.trainer - loss     |     0.328  |     0.337
2019-01-13 15:07:51,660 - INFO - allennlp.training.trainer - accuracy |     0.870  |     0.868
2019-01-13 15:07:51,665 - INFO - allennlp.training.trainer - Epoch duration: 00:00:08
2019-01-13 15:07:51,665 - INFO - allennlp.training.trainer - Estimated training time remaining: 0:25:56
2019-01-13 15:07:51,665 - INFO - allennlp.training.trainer - Epoch 18/199
2019-01-13 15:07:51,665 - INFO - allennlp.training.trainer - Peak CPU memory usage MB: 3112.104
2019-01-13 15:07:51,760 - INFO - allennlp.training.trainer - GPU 0 memory usage MB: 20
2019-01-13 15:07:51,760 - INFO - allennlp.training.trainer - GPU 1 memory usage MB: 1569
2019-01-13 15:07:51,761 - INFO - allennlp.training.trainer - Training
2019-01-13 15:07:59,342 - INFO - allennlp.training.trainer - Validating
2019-01-13 15:07:59,887 - INFO - allennlp.training.trainer -              Training |  Validation
2019-01-13 15:07:59,888 - INFO - allennlp.training.trainer - loss     |     0.308  |     0.337
2019-01-13 15:07:59,888 - INFO - allennlp.training.trainer - accuracy |     0.876  |     0.867
2019-01-13 15:07:59,893 - INFO - allennlp.training.trainer - Epoch duration: 00:00:08
2019-01-13 15:07:59,893 - INFO - allennlp.training.trainer - Estimated training time remaining: 0:25:44
2019-01-13 15:07:59,893 - INFO - allennlp.training.trainer - Epoch 19/199
2019-01-13 15:07:59,893 - INFO - allennlp.training.trainer - Peak CPU memory usage MB: 3112.104
2019-01-13 15:07:59,982 - INFO - allennlp.training.trainer - GPU 0 memory usage MB: 20
2019-01-13 15:07:59,983 - INFO - allennlp.training.trainer - GPU 1 memory usage MB: 1569
2019-01-13 15:07:59,983 - INFO - allennlp.training.trainer - Training
2019-01-13 15:08:07,731 - INFO - allennlp.training.trainer - Validating
2019-01-13 15:08:08,273 - INFO - allennlp.training.trainer -              Training |  Validation
2019-01-13 15:08:08,273 - INFO - allennlp.training.trainer - loss     |     0.331  |     0.389
2019-01-13 15:08:08,273 - INFO - allennlp.training.trainer - accuracy |     0.873  |     0.852
2019-01-13 15:08:08,278 - INFO - allennlp.training.trainer - Epoch duration: 00:00:08
2019-01-13 15:08:08,278 - INFO - allennlp.training.trainer - Estimated training time remaining: 0:25:35
2019-01-13 15:08:08,278 - INFO - allennlp.training.trainer - Epoch 20/199
2019-01-13 15:08:08,278 - INFO - allennlp.training.trainer - Peak CPU memory usage MB: 3112.104
2019-01-13 15:08:08,371 - INFO - allennlp.training.trainer - GPU 0 memory usage MB: 20
2019-01-13 15:08:08,371 - INFO - allennlp.training.trainer - GPU 1 memory usage MB: 1569
2019-01-13 15:08:08,372 - INFO - allennlp.training.trainer - Training
2019-01-13 15:08:16,062 - INFO - allennlp.training.trainer - Validating
2019-01-13 15:08:16,606 - INFO - allennlp.training.trainer -              Training |  Validation
2019-01-13 15:08:16,607 - INFO - allennlp.training.trainer - loss     |     0.328  |     0.408
2019-01-13 15:08:16,607 - INFO - allennlp.training.trainer - accuracy |     0.871  |     0.847
2019-01-13 15:08:16,612 - INFO - allennlp.training.trainer - Epoch duration: 00:00:08
2019-01-13 15:08:16,613 - INFO - allennlp.training.trainer - Estimated training time remaining: 0:25:24
2019-01-13 15:08:16,613 - INFO - allennlp.training.trainer - Epoch 21/199
2019-01-13 15:08:16,613 - INFO - allennlp.training.trainer - Peak CPU memory usage MB: 3112.104
2019-01-13 15:08:16,707 - INFO - allennlp.training.trainer - GPU 0 memory usage MB: 20
2019-01-13 15:08:16,707 - INFO - allennlp.training.trainer - GPU 1 memory usage MB: 1569
2019-01-13 15:08:16,707 - INFO - allennlp.training.trainer - Training
2019-01-13 15:08:24,408 - INFO - allennlp.training.trainer - Validating
2019-01-13 15:08:24,954 - INFO - allennlp.training.trainer -              Training |  Validation
2019-01-13 15:08:24,954 - INFO - allennlp.training.trainer - loss     |     0.307  |     0.551
2019-01-13 15:08:24,954 - INFO - allennlp.training.trainer - accuracy |     0.877  |     0.808
2019-01-13 15:08:24,960 - INFO - allennlp.training.trainer - Epoch duration: 00:00:08
2019-01-13 15:08:24,960 - INFO - allennlp.training.trainer - Estimated training time remaining: 0:25:15
2019-01-13 15:08:24,960 - INFO - allennlp.training.trainer - Epoch 22/199
2019-01-13 15:08:24,960 - INFO - allennlp.training.trainer - Peak CPU memory usage MB: 3112.104
2019-01-13 15:08:25,055 - INFO - allennlp.training.trainer - GPU 0 memory usage MB: 20
2019-01-13 15:08:25,055 - INFO - allennlp.training.trainer - GPU 1 memory usage MB: 1569
2019-01-13 15:08:25,055 - INFO - allennlp.training.trainer - Training
2019-01-13 15:08:32,696 - INFO - allennlp.training.trainer - Validating
2019-01-13 15:08:33,242 - INFO - allennlp.training.trainer -              Training |  Validation
2019-01-13 15:08:33,243 - INFO - allennlp.training.trainer - loss     |     0.325  |     0.359
2019-01-13 15:08:33,243 - INFO - allennlp.training.trainer - accuracy |     0.871  |     0.861
2019-01-13 15:08:33,248 - INFO - allennlp.training.trainer - Epoch duration: 00:00:08
2019-01-13 15:08:33,248 - INFO - allennlp.training.trainer - Estimated training time remaining: 0:25:04
2019-01-13 15:08:33,249 - INFO - allennlp.training.trainer - Epoch 23/199
2019-01-13 15:08:33,249 - INFO - allennlp.training.trainer - Peak CPU memory usage MB: 3112.104
2019-01-13 15:08:33,339 - INFO - allennlp.training.trainer - GPU 0 memory usage MB: 20
2019-01-13 15:08:33,340 - INFO - allennlp.training.trainer - GPU 1 memory usage MB: 1569
2019-01-13 15:08:33,340 - INFO - allennlp.training.trainer - Training
2019-01-13 15:08:40,868 - INFO - allennlp.training.trainer - Validating
2019-01-13 15:08:41,414 - INFO - allennlp.training.trainer -              Training |  Validation
2019-01-13 15:08:41,414 - INFO - allennlp.training.trainer - loss     |     0.314  |     0.345
2019-01-13 15:08:41,415 - INFO - allennlp.training.trainer - accuracy |     0.878  |     0.867
2019-01-13 15:08:41,420 - INFO - allennlp.training.trainer - Epoch duration: 00:00:08
2019-01-13 15:08:41,420 - INFO - allennlp.training.trainer - Estimated training time remaining: 0:24:53
2019-01-13 15:08:41,420 - INFO - allennlp.training.trainer - Epoch 24/199
2019-01-13 15:08:41,420 - INFO - allennlp.training.trainer - Peak CPU memory usage MB: 3112.104
2019-01-13 15:08:41,514 - INFO - allennlp.training.trainer - GPU 0 memory usage MB: 20
2019-01-13 15:08:41,514 - INFO - allennlp.training.trainer - GPU 1 memory usage MB: 1569
2019-01-13 15:08:41,514 - INFO - allennlp.training.trainer - Training
2019-01-13 15:08:49,069 - INFO - allennlp.training.trainer - Validating
2019-01-13 15:08:49,611 - INFO - allennlp.training.trainer - Ran out of patience.  Stopping training.
2019-01-13 15:08:49,611 - INFO - allennlp.models.archival - archiving weights and vocabulary to experiments/supervised/boe_trials/results/boe5/model.tar.gz
2019-01-13 15:08:49,699 - INFO - allennlp.commands.train - Loading the best epoch weights.
2019-01-13 15:08:49,701 - INFO - allennlp.common.util - Metrics: {
  "training_duration": "00:03:23",
  "training_start_epoch": 0,
  "training_epochs": 23,
  "epoch": 23,
  "training_accuracy": 0.87755,
  "training_loss": 0.3143074484169483,
  "validation_accuracy": 0.8666,
  "validation_loss": 0.34479686826467515,
  "best_epoch": 4,
  "best_validation_accuracy": 0.8698,
  "best_validation_loss": 0.32908988326787947
}
