2019-01-13 15:19:56,250 - INFO - allennlp.common.from_params - instantiating class <class 'allennlp.data.dataset_readers.dataset_reader.DatasetReader'> from params {'type': 'document_reader'} and extras {}
2019-01-13 15:19:56,250 - INFO - allennlp.common.params - dataset_reader.type = document_reader
2019-01-13 15:19:56,250 - INFO - allennlp.common.from_params - instantiating class <class 'library.dataset_readers.document_reader.DocumentReader'> from params {} and extras {}
2019-01-13 15:19:56,251 - INFO - allennlp.common.params - dataset_reader.lazy = False
2019-01-13 15:19:56,251 - INFO - allennlp.common.params - dataset_reader.token_indexers = <allennlp.common.params.Params object at 0x7fe3f2a406d8>
2019-01-13 15:19:56,251 - INFO - allennlp.common.params - dataset_reader.use_stopless_tokens = True
2019-01-13 15:19:56,478 - INFO - allennlp.common.params - validation_dataset_reader = None
2019-01-13 15:19:56,478 - INFO - allennlp.common.params - train_data_path = /data/dangt7/IMDB/train_labelled.filtered.jsonl
2019-01-13 15:19:56,478 - INFO - allennlp.commands.train - Reading training data from /data/dangt7/IMDB/train_labelled.filtered.jsonl
2019-01-13 15:19:56,478 - INFO - library.dataset_readers.document_reader - Reading instances from lines in file: /data/dangt7/IMDB/train_labelled.filtered.jsonl
2019-01-13 15:20:59,582 - INFO - allennlp.common.params - validation_data_path = /data/dangt7/IMDB/valid.filtered.jsonl
2019-01-13 15:20:59,582 - INFO - allennlp.commands.train - Reading validation data from /data/dangt7/IMDB/valid.filtered.jsonl
2019-01-13 15:20:59,582 - INFO - library.dataset_readers.document_reader - Reading instances from lines in file: /data/dangt7/IMDB/valid.filtered.jsonl
2019-01-13 15:21:15,234 - INFO - allennlp.common.params - test_data_path = None
2019-01-13 15:21:15,234 - INFO - allennlp.commands.train - From dataset instances, validation, train will be considered for vocabulary creation.
2019-01-13 15:21:15,234 - INFO - allennlp.common.params - vocabulary.type = None
2019-01-13 15:21:15,234 - INFO - allennlp.common.params - vocabulary.extend = False
2019-01-13 15:21:15,234 - INFO - allennlp.common.params - vocabulary.directory_path = None
2019-01-13 15:21:15,234 - INFO - allennlp.common.params - vocabulary.min_count = None
2019-01-13 15:21:15,234 - INFO - allennlp.common.params - vocabulary.max_vocab_size = 2000
2019-01-13 15:21:15,234 - INFO - allennlp.common.params - vocabulary.non_padded_namespaces = ('*tags', '*labels')
2019-01-13 15:21:15,234 - INFO - allennlp.common.params - vocabulary.min_pretrained_embeddings = None
2019-01-13 15:21:15,234 - INFO - allennlp.common.params - vocabulary.only_include_pretrained_words = False
2019-01-13 15:21:15,234 - INFO - allennlp.common.params - vocabulary.tokens_to_add = None
2019-01-13 15:21:15,234 - INFO - allennlp.data.vocabulary - Fitting token dictionary from dataset.
2019-01-13 15:21:18,629 - INFO - allennlp.common.from_params - instantiating class <class 'allennlp.models.model.Model'> from params {'classification_layer': {'activations': ['linear'], 'hidden_dims': [2], 'input_dim': 300, 'num_layers': 1}, 'encoder': {'embedding_dim': 300, 'type': 'boe'}, 'text_field_embedder': {'tokens': {'embedding_dim': 300, 'pretrained_file': '/data/dangt7/glove/glove.6B.300d.txt', 'trainable': True, 'type': 'embedding', 'vocab_namespace': 'tokens'}}, 'type': 'seq2vec_classifier'} and extras {'vocab': <allennlp.data.vocabulary.Vocabulary object at 0x7fe3f2a406d8>}
2019-01-13 15:21:18,630 - INFO - allennlp.common.params - model.type = seq2vec_classifier
2019-01-13 15:21:18,630 - INFO - allennlp.common.from_params - instantiating class <class 'library.models.baselines.Seq2VecClassifier'> from params {'classification_layer': {'activations': ['linear'], 'hidden_dims': [2], 'input_dim': 300, 'num_layers': 1}, 'encoder': {'embedding_dim': 300, 'type': 'boe'}, 'text_field_embedder': {'tokens': {'embedding_dim': 300, 'pretrained_file': '/data/dangt7/glove/glove.6B.300d.txt', 'trainable': True, 'type': 'embedding', 'vocab_namespace': 'tokens'}}} and extras {'vocab': <allennlp.data.vocabulary.Vocabulary object at 0x7fe3f2a406d8>}
2019-01-13 15:21:18,630 - INFO - allennlp.common.from_params - instantiating class <class 'allennlp.modules.seq2vec_encoders.seq2vec_encoder.Seq2VecEncoder'> from params {'embedding_dim': 300, 'type': 'boe'} and extras {'vocab': <allennlp.data.vocabulary.Vocabulary object at 0x7fe3f2a406d8>}
2019-01-13 15:21:18,630 - INFO - allennlp.common.params - model.encoder.type = boe
2019-01-13 15:21:18,630 - INFO - allennlp.common.from_params - instantiating class <class 'allennlp.modules.seq2vec_encoders.boe_encoder.BagOfEmbeddingsEncoder'> from params {'embedding_dim': 300} and extras {'vocab': <allennlp.data.vocabulary.Vocabulary object at 0x7fe3f2a406d8>}
2019-01-13 15:21:18,630 - INFO - allennlp.common.params - model.encoder.embedding_dim = 300
2019-01-13 15:21:18,630 - INFO - allennlp.common.params - model.encoder.averaged = False
2019-01-13 15:21:18,630 - INFO - allennlp.common.params - model.classification_layer.input_dim = 300
2019-01-13 15:21:18,630 - INFO - allennlp.common.params - model.classification_layer.num_layers = 1
2019-01-13 15:21:18,631 - INFO - allennlp.common.params - model.classification_layer.hidden_dims = [2]
2019-01-13 15:21:18,631 - INFO - allennlp.common.params - model.classification_layer.activations = ['linear']
2019-01-13 15:21:18,631 - INFO - allennlp.common.params - model.classification_layer.dropout = 0.0
2019-01-13 15:21:18,631 - INFO - allennlp.common.registrable - instantiating registered subclass linear of <class 'allennlp.nn.activations.Activation'>
2019-01-13 15:21:18,631 - INFO - allennlp.common.from_params - instantiating class <class 'allennlp.modules.text_field_embedders.text_field_embedder.TextFieldEmbedder'> from params {'tokens': {'embedding_dim': 300, 'pretrained_file': '/data/dangt7/glove/glove.6B.300d.txt', 'trainable': True, 'type': 'embedding', 'vocab_namespace': 'tokens'}} and extras {'vocab': <allennlp.data.vocabulary.Vocabulary object at 0x7fe3f2a406d8>}
2019-01-13 15:21:18,631 - INFO - allennlp.common.params - model.text_field_embedder.type = basic
2019-01-13 15:21:18,631 - INFO - allennlp.common.params - model.text_field_embedder.embedder_to_indexer_map = None
2019-01-13 15:21:18,631 - INFO - allennlp.common.params - model.text_field_embedder.allow_unmatched_keys = False
2019-01-13 15:21:18,631 - INFO - allennlp.common.params - model.text_field_embedder.token_embedders = None
2019-01-13 15:21:18,632 - INFO - allennlp.common.from_params - instantiating class <class 'allennlp.modules.token_embedders.token_embedder.TokenEmbedder'> from params {'embedding_dim': 300, 'pretrained_file': '/data/dangt7/glove/glove.6B.300d.txt', 'trainable': True, 'type': 'embedding', 'vocab_namespace': 'tokens'} and extras {'vocab': <allennlp.data.vocabulary.Vocabulary object at 0x7fe3f2a406d8>}
2019-01-13 15:21:18,632 - INFO - allennlp.common.params - model.text_field_embedder.tokens.type = embedding
2019-01-13 15:21:18,632 - INFO - allennlp.common.params - model.text_field_embedder.tokens.num_embeddings = None
2019-01-13 15:21:18,632 - INFO - allennlp.common.params - model.text_field_embedder.tokens.vocab_namespace = tokens
2019-01-13 15:21:18,632 - INFO - allennlp.common.params - model.text_field_embedder.tokens.embedding_dim = 300
2019-01-13 15:21:18,632 - INFO - allennlp.common.params - model.text_field_embedder.tokens.pretrained_file = /data/dangt7/glove/glove.6B.300d.txt
2019-01-13 15:21:18,632 - INFO - allennlp.common.params - model.text_field_embedder.tokens.projection_dim = None
2019-01-13 15:21:18,632 - INFO - allennlp.common.params - model.text_field_embedder.tokens.trainable = True
2019-01-13 15:21:18,632 - INFO - allennlp.common.params - model.text_field_embedder.tokens.padding_index = None
2019-01-13 15:21:18,632 - INFO - allennlp.common.params - model.text_field_embedder.tokens.max_norm = None
2019-01-13 15:21:18,632 - INFO - allennlp.common.params - model.text_field_embedder.tokens.norm_type = 2.0
2019-01-13 15:21:18,632 - INFO - allennlp.common.params - model.text_field_embedder.tokens.scale_grad_by_freq = False
2019-01-13 15:21:18,632 - INFO - allennlp.common.params - model.text_field_embedder.tokens.sparse = False
2019-01-13 15:21:18,632 - INFO - allennlp.modules.token_embedders.embedding - Reading pretrained embeddings from file
2019-01-13 15:21:19,800 - INFO - allennlp.modules.token_embedders.embedding - Initializing pre-trained embedding layer
2019-01-13 15:21:19,816 - INFO - allennlp.modules.token_embedders.embedding - Pretrained embeddings were found for 2000 out of 2002 tokens
2019-01-13 15:21:19,816 - INFO - allennlp.nn.initializers - Initializing parameters
2019-01-13 15:21:19,817 - INFO - allennlp.nn.initializers - Done initializing parameters; the following parameters are using their default initialization from their code
2019-01-13 15:21:19,817 - INFO - allennlp.nn.initializers -    classification_layer._linear_layers.0.bias
2019-01-13 15:21:19,817 - INFO - allennlp.nn.initializers -    classification_layer._linear_layers.0.weight
2019-01-13 15:21:19,817 - INFO - allennlp.nn.initializers -    text_field_embedder.token_embedder_tokens.weight
2019-01-13 15:21:19,820 - INFO - allennlp.common.from_params - instantiating class <class 'allennlp.data.iterators.data_iterator.DataIterator'> from params {'batch_size': 100, 'type': 'basic'} and extras {}
2019-01-13 15:21:19,820 - INFO - allennlp.common.params - iterator.type = basic
2019-01-13 15:21:19,821 - INFO - allennlp.common.from_params - instantiating class <class 'allennlp.data.iterators.basic_iterator.BasicIterator'> from params {'batch_size': 100} and extras {}
2019-01-13 15:21:19,821 - INFO - allennlp.common.params - iterator.batch_size = 100
2019-01-13 15:21:19,821 - INFO - allennlp.common.params - iterator.instances_per_epoch = None
2019-01-13 15:21:19,821 - INFO - allennlp.common.params - iterator.max_instances_in_memory = None
2019-01-13 15:21:19,821 - INFO - allennlp.common.params - iterator.cache_instances = False
2019-01-13 15:21:19,821 - INFO - allennlp.common.params - iterator.track_epoch = False
2019-01-13 15:21:19,821 - INFO - allennlp.common.params - iterator.maximum_samples_per_batch = None
2019-01-13 15:21:19,821 - INFO - allennlp.common.params - validation_iterator = None
2019-01-13 15:21:19,821 - INFO - allennlp.common.params - trainer.no_grad = ()
2019-01-13 15:21:19,821 - INFO - allennlp.commands.train - Following parameters are Frozen  (without gradient):
2019-01-13 15:21:19,821 - INFO - allennlp.commands.train - Following parameters are Tunable (with gradient):
2019-01-13 15:21:19,821 - INFO - allennlp.commands.train - classification_layer._linear_layers.0.weight
2019-01-13 15:21:19,821 - INFO - allennlp.commands.train - classification_layer._linear_layers.0.bias
2019-01-13 15:21:19,821 - INFO - allennlp.commands.train - text_field_embedder.token_embedder_tokens.weight
2019-01-13 15:21:19,821 - INFO - allennlp.common.params - trainer.patience = 20
2019-01-13 15:21:19,821 - INFO - allennlp.common.params - trainer.validation_metric = +accuracy
2019-01-13 15:21:19,821 - INFO - allennlp.common.params - trainer.shuffle = True
2019-01-13 15:21:19,821 - INFO - allennlp.common.params - trainer.num_epochs = 200
2019-01-13 15:21:19,822 - INFO - allennlp.common.params - trainer.cuda_device = 0
2019-01-13 15:21:19,822 - INFO - allennlp.common.params - trainer.grad_norm = None
2019-01-13 15:21:19,822 - INFO - allennlp.common.params - trainer.grad_clipping = None
2019-01-13 15:21:19,822 - INFO - allennlp.common.params - trainer.learning_rate_scheduler = None
2019-01-13 15:21:21,634 - INFO - allennlp.common.params - trainer.optimizer.type = adam
2019-01-13 15:21:21,634 - INFO - allennlp.common.params - trainer.optimizer.parameter_groups = None
2019-01-13 15:21:21,634 - INFO - allennlp.training.optimizers - Number of trainable parameters: 601202
2019-01-13 15:21:21,634 - INFO - allennlp.common.registrable - instantiating registered subclass adam of <class 'allennlp.training.optimizers.Optimizer'>
2019-01-13 15:21:21,634 - INFO - allennlp.common.params - Converting Params object to dict; logging of default values will not occur when dictionary parameters are used subsequently.
2019-01-13 15:21:21,634 - INFO - allennlp.common.params - CURRENTLY DEFINED PARAMETERS: 
2019-01-13 15:21:21,634 - INFO - allennlp.common.params - trainer.optimizer.lr = 0.001
2019-01-13 15:21:21,634 - INFO - allennlp.common.params - trainer.optimizer.weight_decay = 0.001
2019-01-13 15:21:21,634 - INFO - allennlp.common.params - trainer.num_serialized_models_to_keep = 20
2019-01-13 15:21:21,634 - INFO - allennlp.common.params - trainer.keep_serialized_model_every_num_seconds = None
2019-01-13 15:21:21,634 - INFO - allennlp.common.params - trainer.model_save_interval = None
2019-01-13 15:21:21,634 - INFO - allennlp.common.params - trainer.summary_interval = 100
2019-01-13 15:21:21,634 - INFO - allennlp.common.params - trainer.histogram_interval = None
2019-01-13 15:21:21,634 - INFO - allennlp.common.params - trainer.should_log_parameter_statistics = True
2019-01-13 15:21:21,634 - INFO - allennlp.common.params - trainer.should_log_learning_rate = False
2019-01-13 15:21:21,636 - INFO - allennlp.common.params - evaluate_on_test = False
2019-01-13 15:21:21,636 - INFO - allennlp.training.trainer - Beginning training.
2019-01-13 15:21:21,636 - INFO - allennlp.training.trainer - Epoch 0/199
2019-01-13 15:21:21,636 - INFO - allennlp.training.trainer - Peak CPU memory usage MB: 2995.948
2019-01-13 15:21:21,722 - INFO - allennlp.training.trainer - GPU 0 memory usage MB: 20
2019-01-13 15:21:21,722 - INFO - allennlp.training.trainer - GPU 1 memory usage MB: 537
2019-01-13 15:21:21,723 - INFO - allennlp.training.trainer - Training
2019-01-13 15:21:32,902 - INFO - allennlp.training.trainer - Validating
2019-01-13 15:21:34,215 - INFO - allennlp.training.trainer -              Training |  Validation
2019-01-13 15:21:34,215 - INFO - allennlp.training.trainer - accuracy |     0.760  |     0.850
2019-01-13 15:21:34,215 - INFO - allennlp.training.trainer - loss     |     0.789  |     0.375
2019-01-13 15:21:34,254 - INFO - allennlp.training.trainer - Best validation performance so far. Copying weights to 'experiments/supervised/boe_trials/results/boe7/best.th'.
2019-01-13 15:21:34,255 - INFO - allennlp.training.trainer - Epoch duration: 00:00:12
2019-01-13 15:21:34,255 - INFO - allennlp.training.trainer - Estimated training time remaining: 0:41:51
2019-01-13 15:21:34,255 - INFO - allennlp.training.trainer - Epoch 1/199
2019-01-13 15:21:34,255 - INFO - allennlp.training.trainer - Peak CPU memory usage MB: 3116.364
2019-01-13 15:21:34,346 - INFO - allennlp.training.trainer - GPU 0 memory usage MB: 20
2019-01-13 15:21:34,346 - INFO - allennlp.training.trainer - GPU 1 memory usage MB: 1835
2019-01-13 15:21:34,346 - INFO - allennlp.training.trainer - Training
2019-01-13 15:21:41,903 - INFO - allennlp.training.trainer - Validating
2019-01-13 15:21:42,449 - INFO - allennlp.training.trainer -              Training |  Validation
2019-01-13 15:21:42,449 - INFO - allennlp.training.trainer - accuracy |     0.843  |     0.865
2019-01-13 15:21:42,449 - INFO - allennlp.training.trainer - loss     |     0.399  |     0.342
2019-01-13 15:21:42,454 - INFO - allennlp.training.trainer - Best validation performance so far. Copying weights to 'experiments/supervised/boe_trials/results/boe7/best.th'.
2019-01-13 15:21:42,456 - INFO - allennlp.training.trainer - Epoch duration: 00:00:08
2019-01-13 15:21:42,456 - INFO - allennlp.training.trainer - Estimated training time remaining: 0:34:21
2019-01-13 15:21:42,456 - INFO - allennlp.training.trainer - Epoch 2/199
2019-01-13 15:21:42,456 - INFO - allennlp.training.trainer - Peak CPU memory usage MB: 3116.364
2019-01-13 15:21:42,547 - INFO - allennlp.training.trainer - GPU 0 memory usage MB: 20
2019-01-13 15:21:42,547 - INFO - allennlp.training.trainer - GPU 1 memory usage MB: 1835
2019-01-13 15:21:42,548 - INFO - allennlp.training.trainer - Training
2019-01-13 15:21:50,099 - INFO - allennlp.training.trainer - Validating
2019-01-13 15:21:50,646 - INFO - allennlp.training.trainer -              Training |  Validation
2019-01-13 15:21:50,647 - INFO - allennlp.training.trainer - accuracy |     0.865  |     0.843
2019-01-13 15:21:50,647 - INFO - allennlp.training.trainer - loss     |     0.340  |     0.393
2019-01-13 15:21:50,651 - INFO - allennlp.training.trainer - Epoch duration: 00:00:08
2019-01-13 15:21:50,651 - INFO - allennlp.training.trainer - Estimated training time remaining: 0:31:45
2019-01-13 15:21:50,652 - INFO - allennlp.training.trainer - Epoch 3/199
2019-01-13 15:21:50,652 - INFO - allennlp.training.trainer - Peak CPU memory usage MB: 3116.364
2019-01-13 15:21:50,742 - INFO - allennlp.training.trainer - GPU 0 memory usage MB: 20
2019-01-13 15:21:50,743 - INFO - allennlp.training.trainer - GPU 1 memory usage MB: 1835
2019-01-13 15:21:50,743 - INFO - allennlp.training.trainer - Training
2019-01-13 15:21:58,314 - INFO - allennlp.training.trainer - Validating
2019-01-13 15:21:58,865 - INFO - allennlp.training.trainer -              Training |  Validation
2019-01-13 15:21:58,865 - INFO - allennlp.training.trainer - accuracy |     0.858  |     0.858
2019-01-13 15:21:58,865 - INFO - allennlp.training.trainer - loss     |     0.355  |     0.359
2019-01-13 15:21:58,870 - INFO - allennlp.training.trainer - Epoch duration: 00:00:08
2019-01-13 15:21:58,870 - INFO - allennlp.training.trainer - Estimated training time remaining: 0:30:24
2019-01-13 15:21:58,870 - INFO - allennlp.training.trainer - Epoch 4/199
2019-01-13 15:21:58,871 - INFO - allennlp.training.trainer - Peak CPU memory usage MB: 3116.364
2019-01-13 15:21:58,961 - INFO - allennlp.training.trainer - GPU 0 memory usage MB: 20
2019-01-13 15:21:58,961 - INFO - allennlp.training.trainer - GPU 1 memory usage MB: 1835
2019-01-13 15:21:58,962 - INFO - allennlp.training.trainer - Training
2019-01-13 15:22:06,506 - INFO - allennlp.training.trainer - Validating
2019-01-13 15:22:07,055 - INFO - allennlp.training.trainer -              Training |  Validation
2019-01-13 15:22:07,055 - INFO - allennlp.training.trainer - accuracy |     0.866  |     0.864
2019-01-13 15:22:07,055 - INFO - allennlp.training.trainer - loss     |     0.335  |     0.330
2019-01-13 15:22:07,060 - INFO - allennlp.training.trainer - Epoch duration: 00:00:08
2019-01-13 15:22:07,060 - INFO - allennlp.training.trainer - Estimated training time remaining: 0:29:31
2019-01-13 15:22:07,060 - INFO - allennlp.training.trainer - Epoch 5/199
2019-01-13 15:22:07,060 - INFO - allennlp.training.trainer - Peak CPU memory usage MB: 3116.364
2019-01-13 15:22:07,151 - INFO - allennlp.training.trainer - GPU 0 memory usage MB: 20
2019-01-13 15:22:07,151 - INFO - allennlp.training.trainer - GPU 1 memory usage MB: 1835
2019-01-13 15:22:07,152 - INFO - allennlp.training.trainer - Training
2019-01-13 15:22:14,730 - INFO - allennlp.training.trainer - Validating
2019-01-13 15:22:15,278 - INFO - allennlp.training.trainer -              Training |  Validation
2019-01-13 15:22:15,279 - INFO - allennlp.training.trainer - accuracy |     0.861  |     0.801
2019-01-13 15:22:15,279 - INFO - allennlp.training.trainer - loss     |     0.348  |     0.546
2019-01-13 15:22:15,283 - INFO - allennlp.training.trainer - Epoch duration: 00:00:08
2019-01-13 15:22:15,283 - INFO - allennlp.training.trainer - Estimated training time remaining: 0:28:54
2019-01-13 15:22:15,283 - INFO - allennlp.training.trainer - Epoch 6/199
2019-01-13 15:22:15,283 - INFO - allennlp.training.trainer - Peak CPU memory usage MB: 3116.364
2019-01-13 15:22:15,375 - INFO - allennlp.training.trainer - GPU 0 memory usage MB: 20
2019-01-13 15:22:15,375 - INFO - allennlp.training.trainer - GPU 1 memory usage MB: 1835
2019-01-13 15:22:15,375 - INFO - allennlp.training.trainer - Training
2019-01-13 15:22:22,967 - INFO - allennlp.training.trainer - Validating
2019-01-13 15:22:23,515 - INFO - allennlp.training.trainer -              Training |  Validation
2019-01-13 15:22:23,516 - INFO - allennlp.training.trainer - accuracy |     0.857  |     0.824
2019-01-13 15:22:23,516 - INFO - allennlp.training.trainer - loss     |     0.367  |     0.494
2019-01-13 15:22:23,520 - INFO - allennlp.training.trainer - Epoch duration: 00:00:08
2019-01-13 15:22:23,520 - INFO - allennlp.training.trainer - Estimated training time remaining: 0:28:26
2019-01-13 15:22:23,520 - INFO - allennlp.training.trainer - Epoch 7/199
2019-01-13 15:22:23,520 - INFO - allennlp.training.trainer - Peak CPU memory usage MB: 3116.364
2019-01-13 15:22:23,608 - INFO - allennlp.training.trainer - GPU 0 memory usage MB: 20
2019-01-13 15:22:23,608 - INFO - allennlp.training.trainer - GPU 1 memory usage MB: 1835
2019-01-13 15:22:23,609 - INFO - allennlp.training.trainer - Training
2019-01-13 15:22:31,186 - INFO - allennlp.training.trainer - Validating
2019-01-13 15:22:31,734 - INFO - allennlp.training.trainer -              Training |  Validation
2019-01-13 15:22:31,735 - INFO - allennlp.training.trainer - accuracy |     0.858  |     0.867
2019-01-13 15:22:31,735 - INFO - allennlp.training.trainer - loss     |     0.360  |     0.333
2019-01-13 15:22:31,739 - INFO - allennlp.training.trainer - Best validation performance so far. Copying weights to 'experiments/supervised/boe_trials/results/boe7/best.th'.
2019-01-13 15:22:31,741 - INFO - allennlp.training.trainer - Epoch duration: 00:00:08
2019-01-13 15:22:31,741 - INFO - allennlp.training.trainer - Estimated training time remaining: 0:28:02
2019-01-13 15:22:31,741 - INFO - allennlp.training.trainer - Epoch 8/199
2019-01-13 15:22:31,741 - INFO - allennlp.training.trainer - Peak CPU memory usage MB: 3116.364
2019-01-13 15:22:31,827 - INFO - allennlp.training.trainer - GPU 0 memory usage MB: 20
2019-01-13 15:22:31,827 - INFO - allennlp.training.trainer - GPU 1 memory usage MB: 1835
2019-01-13 15:22:31,828 - INFO - allennlp.training.trainer - Training
2019-01-13 15:22:39,403 - INFO - allennlp.training.trainer - Validating
2019-01-13 15:22:39,950 - INFO - allennlp.training.trainer -              Training |  Validation
2019-01-13 15:22:39,951 - INFO - allennlp.training.trainer - accuracy |     0.873  |     0.861
2019-01-13 15:22:39,951 - INFO - allennlp.training.trainer - loss     |     0.323  |     0.345
2019-01-13 15:22:39,955 - INFO - allennlp.training.trainer - Epoch duration: 00:00:08
2019-01-13 15:22:39,955 - INFO - allennlp.training.trainer - Estimated training time remaining: 0:27:42
2019-01-13 15:22:39,955 - INFO - allennlp.training.trainer - Epoch 9/199
2019-01-13 15:22:39,955 - INFO - allennlp.training.trainer - Peak CPU memory usage MB: 3116.364
2019-01-13 15:22:40,046 - INFO - allennlp.training.trainer - GPU 0 memory usage MB: 20
2019-01-13 15:22:40,046 - INFO - allennlp.training.trainer - GPU 1 memory usage MB: 1835
2019-01-13 15:22:40,047 - INFO - allennlp.training.trainer - Training
2019-01-13 15:22:47,644 - INFO - allennlp.training.trainer - Validating
2019-01-13 15:22:48,193 - INFO - allennlp.training.trainer -              Training |  Validation
2019-01-13 15:22:48,194 - INFO - allennlp.training.trainer - accuracy |     0.865  |     0.862
2019-01-13 15:22:48,194 - INFO - allennlp.training.trainer - loss     |     0.347  |     0.348
2019-01-13 15:22:48,199 - INFO - allennlp.training.trainer - Epoch duration: 00:00:08
2019-01-13 15:22:48,199 - INFO - allennlp.training.trainer - Estimated training time remaining: 0:27:24
2019-01-13 15:22:48,199 - INFO - allennlp.training.trainer - Epoch 10/199
2019-01-13 15:22:48,199 - INFO - allennlp.training.trainer - Peak CPU memory usage MB: 3116.364
2019-01-13 15:22:48,288 - INFO - allennlp.training.trainer - GPU 0 memory usage MB: 20
2019-01-13 15:22:48,288 - INFO - allennlp.training.trainer - GPU 1 memory usage MB: 1835
2019-01-13 15:22:48,288 - INFO - allennlp.training.trainer - Training
2019-01-13 15:22:55,881 - INFO - allennlp.training.trainer - Validating
2019-01-13 15:22:56,428 - INFO - allennlp.training.trainer -              Training |  Validation
2019-01-13 15:22:56,429 - INFO - allennlp.training.trainer - accuracy |     0.866  |     0.864
2019-01-13 15:22:56,429 - INFO - allennlp.training.trainer - loss     |     0.339  |     0.341
2019-01-13 15:22:56,434 - INFO - allennlp.training.trainer - Epoch duration: 00:00:08
2019-01-13 15:22:56,434 - INFO - allennlp.training.trainer - Estimated training time remaining: 0:27:08
2019-01-13 15:22:56,434 - INFO - allennlp.training.trainer - Epoch 11/199
2019-01-13 15:22:56,434 - INFO - allennlp.training.trainer - Peak CPU memory usage MB: 3116.364
2019-01-13 15:22:56,519 - INFO - allennlp.training.trainer - GPU 0 memory usage MB: 20
2019-01-13 15:22:56,519 - INFO - allennlp.training.trainer - GPU 1 memory usage MB: 1835
2019-01-13 15:22:56,520 - INFO - allennlp.training.trainer - Training
2019-01-13 15:23:04,181 - INFO - allennlp.training.trainer - Validating
2019-01-13 15:23:04,728 - INFO - allennlp.training.trainer -              Training |  Validation
2019-01-13 15:23:04,729 - INFO - allennlp.training.trainer - accuracy |     0.874  |     0.868
2019-01-13 15:23:04,729 - INFO - allennlp.training.trainer - loss     |     0.322  |     0.327
2019-01-13 15:23:04,733 - INFO - allennlp.training.trainer - Best validation performance so far. Copying weights to 'experiments/supervised/boe_trials/results/boe7/best.th'.
2019-01-13 15:23:04,735 - INFO - allennlp.training.trainer - Epoch duration: 00:00:08
2019-01-13 15:23:04,735 - INFO - allennlp.training.trainer - Estimated training time remaining: 0:26:55
2019-01-13 15:23:04,735 - INFO - allennlp.training.trainer - Epoch 12/199
2019-01-13 15:23:04,735 - INFO - allennlp.training.trainer - Peak CPU memory usage MB: 3116.364
2019-01-13 15:23:04,826 - INFO - allennlp.training.trainer - GPU 0 memory usage MB: 20
2019-01-13 15:23:04,827 - INFO - allennlp.training.trainer - GPU 1 memory usage MB: 1835
2019-01-13 15:23:04,827 - INFO - allennlp.training.trainer - Training
2019-01-13 15:23:12,459 - INFO - allennlp.training.trainer - Validating
2019-01-13 15:23:13,009 - INFO - allennlp.training.trainer -              Training |  Validation
2019-01-13 15:23:13,010 - INFO - allennlp.training.trainer - accuracy |     0.871  |     0.868
2019-01-13 15:23:13,011 - INFO - allennlp.training.trainer - loss     |     0.320  |     0.333
2019-01-13 15:23:13,015 - INFO - allennlp.training.trainer - Best validation performance so far. Copying weights to 'experiments/supervised/boe_trials/results/boe7/best.th'.
2019-01-13 15:23:13,016 - INFO - allennlp.training.trainer - Epoch duration: 00:00:08
2019-01-13 15:23:13,017 - INFO - allennlp.training.trainer - Estimated training time remaining: 0:26:42
2019-01-13 15:23:13,017 - INFO - allennlp.training.trainer - Epoch 13/199
2019-01-13 15:23:13,017 - INFO - allennlp.training.trainer - Peak CPU memory usage MB: 3116.364
2019-01-13 15:23:13,108 - INFO - allennlp.training.trainer - GPU 0 memory usage MB: 20
2019-01-13 15:23:13,108 - INFO - allennlp.training.trainer - GPU 1 memory usage MB: 1835
2019-01-13 15:23:13,108 - INFO - allennlp.training.trainer - Training
2019-01-13 15:23:20,809 - INFO - allennlp.training.trainer - Validating
2019-01-13 15:23:21,357 - INFO - allennlp.training.trainer -              Training |  Validation
2019-01-13 15:23:21,357 - INFO - allennlp.training.trainer - accuracy |     0.860  |     0.863
2019-01-13 15:23:21,357 - INFO - allennlp.training.trainer - loss     |     0.356  |     0.352
2019-01-13 15:23:21,362 - INFO - allennlp.training.trainer - Epoch duration: 00:00:08
2019-01-13 15:23:21,362 - INFO - allennlp.training.trainer - Estimated training time remaining: 0:26:30
2019-01-13 15:23:21,362 - INFO - allennlp.training.trainer - Epoch 14/199
2019-01-13 15:23:21,362 - INFO - allennlp.training.trainer - Peak CPU memory usage MB: 3116.364
2019-01-13 15:23:21,454 - INFO - allennlp.training.trainer - GPU 0 memory usage MB: 20
2019-01-13 15:23:21,454 - INFO - allennlp.training.trainer - GPU 1 memory usage MB: 1835
2019-01-13 15:23:21,455 - INFO - allennlp.training.trainer - Training
2019-01-13 15:23:29,068 - INFO - allennlp.training.trainer - Validating
2019-01-13 15:23:29,617 - INFO - allennlp.training.trainer -              Training |  Validation
2019-01-13 15:23:29,617 - INFO - allennlp.training.trainer - accuracy |     0.868  |     0.855
2019-01-13 15:23:29,618 - INFO - allennlp.training.trainer - loss     |     0.339  |     0.363
2019-01-13 15:23:29,622 - INFO - allennlp.training.trainer - Epoch duration: 00:00:08
2019-01-13 15:23:29,622 - INFO - allennlp.training.trainer - Estimated training time remaining: 0:26:18
2019-01-13 15:23:29,622 - INFO - allennlp.training.trainer - Epoch 15/199
2019-01-13 15:23:29,622 - INFO - allennlp.training.trainer - Peak CPU memory usage MB: 3116.364
2019-01-13 15:23:29,713 - INFO - allennlp.training.trainer - GPU 0 memory usage MB: 20
2019-01-13 15:23:29,713 - INFO - allennlp.training.trainer - GPU 1 memory usage MB: 1835
2019-01-13 15:23:29,714 - INFO - allennlp.training.trainer - Training
2019-01-13 15:23:37,396 - INFO - allennlp.training.trainer - Validating
2019-01-13 15:23:37,943 - INFO - allennlp.training.trainer -              Training |  Validation
2019-01-13 15:23:37,944 - INFO - allennlp.training.trainer - accuracy |     0.869  |     0.863
2019-01-13 15:23:37,944 - INFO - allennlp.training.trainer - loss     |     0.336  |     0.341
2019-01-13 15:23:37,949 - INFO - allennlp.training.trainer - Epoch duration: 00:00:08
2019-01-13 15:23:37,949 - INFO - allennlp.training.trainer - Estimated training time remaining: 0:26:07
2019-01-13 15:23:37,949 - INFO - allennlp.training.trainer - Epoch 16/199
2019-01-13 15:23:37,949 - INFO - allennlp.training.trainer - Peak CPU memory usage MB: 3116.364
2019-01-13 15:23:38,040 - INFO - allennlp.training.trainer - GPU 0 memory usage MB: 20
2019-01-13 15:23:38,040 - INFO - allennlp.training.trainer - GPU 1 memory usage MB: 1835
2019-01-13 15:23:38,040 - INFO - allennlp.training.trainer - Training
2019-01-13 15:23:45,694 - INFO - allennlp.training.trainer - Validating
2019-01-13 15:23:46,241 - INFO - allennlp.training.trainer -              Training |  Validation
2019-01-13 15:23:46,242 - INFO - allennlp.training.trainer - accuracy |     0.871  |     0.837
2019-01-13 15:23:46,242 - INFO - allennlp.training.trainer - loss     |     0.320  |     0.435
2019-01-13 15:23:46,247 - INFO - allennlp.training.trainer - Epoch duration: 00:00:08
2019-01-13 15:23:46,247 - INFO - allennlp.training.trainer - Estimated training time remaining: 0:25:56
2019-01-13 15:23:46,247 - INFO - allennlp.training.trainer - Epoch 17/199
2019-01-13 15:23:46,247 - INFO - allennlp.training.trainer - Peak CPU memory usage MB: 3116.364
2019-01-13 15:23:46,336 - INFO - allennlp.training.trainer - GPU 0 memory usage MB: 20
2019-01-13 15:23:46,336 - INFO - allennlp.training.trainer - GPU 1 memory usage MB: 1835
2019-01-13 15:23:46,337 - INFO - allennlp.training.trainer - Training
2019-01-13 15:23:53,923 - INFO - allennlp.training.trainer - Validating
2019-01-13 15:23:54,470 - INFO - allennlp.training.trainer -              Training |  Validation
2019-01-13 15:23:54,470 - INFO - allennlp.training.trainer - accuracy |     0.870  |     0.854
2019-01-13 15:23:54,470 - INFO - allennlp.training.trainer - loss     |     0.334  |     0.373
2019-01-13 15:23:54,475 - INFO - allennlp.training.trainer - Epoch duration: 00:00:08
2019-01-13 15:23:54,475 - INFO - allennlp.training.trainer - Estimated training time remaining: 0:25:45
2019-01-13 15:23:54,475 - INFO - allennlp.training.trainer - Epoch 18/199
2019-01-13 15:23:54,475 - INFO - allennlp.training.trainer - Peak CPU memory usage MB: 3116.364
2019-01-13 15:23:54,565 - INFO - allennlp.training.trainer - GPU 0 memory usage MB: 20
2019-01-13 15:23:54,565 - INFO - allennlp.training.trainer - GPU 1 memory usage MB: 1835
2019-01-13 15:23:54,566 - INFO - allennlp.training.trainer - Training
2019-01-13 15:24:02,157 - INFO - allennlp.training.trainer - Validating
2019-01-13 15:24:02,705 - INFO - allennlp.training.trainer -              Training |  Validation
2019-01-13 15:24:02,706 - INFO - allennlp.training.trainer - accuracy |     0.878  |     0.866
2019-01-13 15:24:02,706 - INFO - allennlp.training.trainer - loss     |     0.305  |     0.334
2019-01-13 15:24:02,710 - INFO - allennlp.training.trainer - Epoch duration: 00:00:08
2019-01-13 15:24:02,711 - INFO - allennlp.training.trainer - Estimated training time remaining: 0:25:34
2019-01-13 15:24:02,711 - INFO - allennlp.training.trainer - Epoch 19/199
2019-01-13 15:24:02,711 - INFO - allennlp.training.trainer - Peak CPU memory usage MB: 3116.364
2019-01-13 15:24:02,801 - INFO - allennlp.training.trainer - GPU 0 memory usage MB: 20
2019-01-13 15:24:02,801 - INFO - allennlp.training.trainer - GPU 1 memory usage MB: 1835
2019-01-13 15:24:02,801 - INFO - allennlp.training.trainer - Training
2019-01-13 15:24:10,437 - INFO - allennlp.training.trainer - Validating
2019-01-13 15:24:10,983 - INFO - allennlp.training.trainer -              Training |  Validation
2019-01-13 15:24:10,983 - INFO - allennlp.training.trainer - accuracy |     0.873  |     0.858
2019-01-13 15:24:10,983 - INFO - allennlp.training.trainer - loss     |     0.327  |     0.358
2019-01-13 15:24:10,988 - INFO - allennlp.training.trainer - Epoch duration: 00:00:08
2019-01-13 15:24:10,988 - INFO - allennlp.training.trainer - Estimated training time remaining: 0:25:24
2019-01-13 15:24:10,988 - INFO - allennlp.training.trainer - Epoch 20/199
2019-01-13 15:24:10,988 - INFO - allennlp.training.trainer - Peak CPU memory usage MB: 3116.364
2019-01-13 15:24:11,078 - INFO - allennlp.training.trainer - GPU 0 memory usage MB: 20
2019-01-13 15:24:11,079 - INFO - allennlp.training.trainer - GPU 1 memory usage MB: 1835
2019-01-13 15:24:11,079 - INFO - allennlp.training.trainer - Training
2019-01-13 15:24:18,731 - INFO - allennlp.training.trainer - Validating
2019-01-13 15:24:19,278 - INFO - allennlp.training.trainer -              Training |  Validation
2019-01-13 15:24:19,278 - INFO - allennlp.training.trainer - accuracy |     0.871  |     0.860
2019-01-13 15:24:19,278 - INFO - allennlp.training.trainer - loss     |     0.326  |     0.351
2019-01-13 15:24:19,284 - INFO - allennlp.training.trainer - Epoch duration: 00:00:08
2019-01-13 15:24:19,284 - INFO - allennlp.training.trainer - Estimated training time remaining: 0:25:14
2019-01-13 15:24:19,284 - INFO - allennlp.training.trainer - Epoch 21/199
2019-01-13 15:24:19,284 - INFO - allennlp.training.trainer - Peak CPU memory usage MB: 3116.364
2019-01-13 15:24:19,374 - INFO - allennlp.training.trainer - GPU 0 memory usage MB: 20
2019-01-13 15:24:19,374 - INFO - allennlp.training.trainer - GPU 1 memory usage MB: 1835
2019-01-13 15:24:19,374 - INFO - allennlp.training.trainer - Training
2019-01-13 15:24:26,892 - INFO - allennlp.training.trainer - Validating
2019-01-13 15:24:27,440 - INFO - allennlp.training.trainer -              Training |  Validation
2019-01-13 15:24:27,440 - INFO - allennlp.training.trainer - accuracy |     0.867  |     0.860
2019-01-13 15:24:27,440 - INFO - allennlp.training.trainer - loss     |     0.353  |     0.358
2019-01-13 15:24:27,446 - INFO - allennlp.training.trainer - Epoch duration: 00:00:08
2019-01-13 15:24:27,446 - INFO - allennlp.training.trainer - Estimated training time remaining: 0:25:03
2019-01-13 15:24:27,446 - INFO - allennlp.training.trainer - Epoch 22/199
2019-01-13 15:24:27,446 - INFO - allennlp.training.trainer - Peak CPU memory usage MB: 3116.364
2019-01-13 15:24:27,533 - INFO - allennlp.training.trainer - GPU 0 memory usage MB: 20
2019-01-13 15:24:27,533 - INFO - allennlp.training.trainer - GPU 1 memory usage MB: 1835
2019-01-13 15:24:27,534 - INFO - allennlp.training.trainer - Training
2019-01-13 15:24:35,139 - INFO - allennlp.training.trainer - Validating
2019-01-13 15:24:35,689 - INFO - allennlp.training.trainer -              Training |  Validation
2019-01-13 15:24:35,690 - INFO - allennlp.training.trainer - accuracy |     0.878  |     0.866
2019-01-13 15:24:35,690 - INFO - allennlp.training.trainer - loss     |     0.309  |     0.340
2019-01-13 15:24:35,695 - INFO - allennlp.training.trainer - Epoch duration: 00:00:08
2019-01-13 15:24:35,695 - INFO - allennlp.training.trainer - Estimated training time remaining: 0:24:53
2019-01-13 15:24:35,695 - INFO - allennlp.training.trainer - Epoch 23/199
2019-01-13 15:24:35,696 - INFO - allennlp.training.trainer - Peak CPU memory usage MB: 3116.364
2019-01-13 15:24:35,784 - INFO - allennlp.training.trainer - GPU 0 memory usage MB: 20
2019-01-13 15:24:35,784 - INFO - allennlp.training.trainer - GPU 1 memory usage MB: 1835
2019-01-13 15:24:35,785 - INFO - allennlp.training.trainer - Training
2019-01-13 15:24:43,370 - INFO - allennlp.training.trainer - Validating
2019-01-13 15:24:43,918 - INFO - allennlp.training.trainer -              Training |  Validation
2019-01-13 15:24:43,919 - INFO - allennlp.training.trainer - accuracy |     0.875  |     0.865
2019-01-13 15:24:43,919 - INFO - allennlp.training.trainer - loss     |     0.319  |     0.345
2019-01-13 15:24:43,924 - INFO - allennlp.training.trainer - Epoch duration: 00:00:08
2019-01-13 15:24:43,924 - INFO - allennlp.training.trainer - Estimated training time remaining: 0:24:43
2019-01-13 15:24:43,924 - INFO - allennlp.training.trainer - Epoch 24/199
2019-01-13 15:24:43,924 - INFO - allennlp.training.trainer - Peak CPU memory usage MB: 3116.364
2019-01-13 15:24:44,012 - INFO - allennlp.training.trainer - GPU 0 memory usage MB: 20
2019-01-13 15:24:44,012 - INFO - allennlp.training.trainer - GPU 1 memory usage MB: 1835
2019-01-13 15:24:44,012 - INFO - allennlp.training.trainer - Training
2019-01-13 15:24:51,628 - INFO - allennlp.training.trainer - Validating
2019-01-13 15:24:52,174 - INFO - allennlp.training.trainer -              Training |  Validation
2019-01-13 15:24:52,175 - INFO - allennlp.training.trainer - accuracy |     0.878  |     0.856
2019-01-13 15:24:52,175 - INFO - allennlp.training.trainer - loss     |     0.307  |     0.368
2019-01-13 15:24:52,180 - INFO - allennlp.training.trainer - Epoch duration: 00:00:08
2019-01-13 15:24:52,180 - INFO - allennlp.training.trainer - Estimated training time remaining: 0:24:33
2019-01-13 15:24:52,181 - INFO - allennlp.training.trainer - Epoch 25/199
2019-01-13 15:24:52,181 - INFO - allennlp.training.trainer - Peak CPU memory usage MB: 3116.364
2019-01-13 15:24:52,270 - INFO - allennlp.training.trainer - GPU 0 memory usage MB: 20
2019-01-13 15:24:52,270 - INFO - allennlp.training.trainer - GPU 1 memory usage MB: 1835
2019-01-13 15:24:52,270 - INFO - allennlp.training.trainer - Training
2019-01-13 15:24:59,841 - INFO - allennlp.training.trainer - Validating
2019-01-13 15:25:00,386 - INFO - allennlp.training.trainer -              Training |  Validation
2019-01-13 15:25:00,387 - INFO - allennlp.training.trainer - accuracy |     0.878  |     0.856
2019-01-13 15:25:00,387 - INFO - allennlp.training.trainer - loss     |     0.303  |     0.376
2019-01-13 15:25:00,392 - INFO - allennlp.training.trainer - Epoch duration: 00:00:08
2019-01-13 15:25:00,392 - INFO - allennlp.training.trainer - Estimated training time remaining: 0:24:23
2019-01-13 15:25:00,393 - INFO - allennlp.training.trainer - Epoch 26/199
2019-01-13 15:25:00,393 - INFO - allennlp.training.trainer - Peak CPU memory usage MB: 3116.364
2019-01-13 15:25:00,481 - INFO - allennlp.training.trainer - GPU 0 memory usage MB: 20
2019-01-13 15:25:00,482 - INFO - allennlp.training.trainer - GPU 1 memory usage MB: 1835
2019-01-13 15:25:00,482 - INFO - allennlp.training.trainer - Training
2019-01-13 15:25:08,082 - INFO - allennlp.training.trainer - Validating
2019-01-13 15:25:08,629 - INFO - allennlp.training.trainer -              Training |  Validation
2019-01-13 15:25:08,630 - INFO - allennlp.training.trainer - accuracy |     0.880  |     0.857
2019-01-13 15:25:08,630 - INFO - allennlp.training.trainer - loss     |     0.305  |     0.362
2019-01-13 15:25:08,635 - INFO - allennlp.training.trainer - Epoch duration: 00:00:08
2019-01-13 15:25:08,636 - INFO - allennlp.training.trainer - Estimated training time remaining: 0:24:14
2019-01-13 15:25:08,636 - INFO - allennlp.training.trainer - Epoch 27/199
2019-01-13 15:25:08,636 - INFO - allennlp.training.trainer - Peak CPU memory usage MB: 3116.364
2019-01-13 15:25:08,722 - INFO - allennlp.training.trainer - GPU 0 memory usage MB: 20
2019-01-13 15:25:08,723 - INFO - allennlp.training.trainer - GPU 1 memory usage MB: 1835
2019-01-13 15:25:08,723 - INFO - allennlp.training.trainer - Training
2019-01-13 15:25:16,329 - INFO - allennlp.training.trainer - Validating
2019-01-13 15:25:16,878 - INFO - allennlp.training.trainer -              Training |  Validation
2019-01-13 15:25:16,879 - INFO - allennlp.training.trainer - accuracy |     0.884  |     0.863
2019-01-13 15:25:16,879 - INFO - allennlp.training.trainer - loss     |     0.295  |     0.349
2019-01-13 15:25:16,884 - INFO - allennlp.training.trainer - Epoch duration: 00:00:08
2019-01-13 15:25:16,884 - INFO - allennlp.training.trainer - Estimated training time remaining: 0:24:05
2019-01-13 15:25:16,884 - INFO - allennlp.training.trainer - Epoch 28/199
2019-01-13 15:25:16,884 - INFO - allennlp.training.trainer - Peak CPU memory usage MB: 3116.364
2019-01-13 15:25:16,972 - INFO - allennlp.training.trainer - GPU 0 memory usage MB: 20
2019-01-13 15:25:16,973 - INFO - allennlp.training.trainer - GPU 1 memory usage MB: 1835
2019-01-13 15:25:16,973 - INFO - allennlp.training.trainer - Training
2019-01-13 15:25:24,599 - INFO - allennlp.training.trainer - Validating
2019-01-13 15:25:25,148 - INFO - allennlp.training.trainer -              Training |  Validation
2019-01-13 15:25:25,149 - INFO - allennlp.training.trainer - accuracy |     0.881  |     0.864
2019-01-13 15:25:25,149 - INFO - allennlp.training.trainer - loss     |     0.298  |     0.355
2019-01-13 15:25:25,154 - INFO - allennlp.training.trainer - Epoch duration: 00:00:08
2019-01-13 15:25:25,154 - INFO - allennlp.training.trainer - Estimated training time remaining: 0:23:55
2019-01-13 15:25:25,154 - INFO - allennlp.training.trainer - Epoch 29/199
2019-01-13 15:25:25,154 - INFO - allennlp.training.trainer - Peak CPU memory usage MB: 3116.364
2019-01-13 15:25:25,241 - INFO - allennlp.training.trainer - GPU 0 memory usage MB: 20
2019-01-13 15:25:25,242 - INFO - allennlp.training.trainer - GPU 1 memory usage MB: 1835
2019-01-13 15:25:25,242 - INFO - allennlp.training.trainer - Training
2019-01-13 15:25:32,856 - INFO - allennlp.training.trainer - Validating
2019-01-13 15:25:33,423 - INFO - allennlp.training.trainer -              Training |  Validation
2019-01-13 15:25:33,423 - INFO - allennlp.training.trainer - accuracy |     0.882  |     0.860
2019-01-13 15:25:33,423 - INFO - allennlp.training.trainer - loss     |     0.303  |     0.354
2019-01-13 15:25:33,428 - INFO - allennlp.training.trainer - Epoch duration: 00:00:08
2019-01-13 15:25:33,429 - INFO - allennlp.training.trainer - Estimated training time remaining: 0:23:46
2019-01-13 15:25:33,429 - INFO - allennlp.training.trainer - Epoch 30/199
2019-01-13 15:25:33,429 - INFO - allennlp.training.trainer - Peak CPU memory usage MB: 3116.364
2019-01-13 15:25:33,516 - INFO - allennlp.training.trainer - GPU 0 memory usage MB: 20
2019-01-13 15:25:33,516 - INFO - allennlp.training.trainer - GPU 1 memory usage MB: 1835
2019-01-13 15:25:33,517 - INFO - allennlp.training.trainer - Training
2019-01-13 15:25:41,116 - INFO - allennlp.training.trainer - Validating
2019-01-13 15:25:41,665 - INFO - allennlp.training.trainer -              Training |  Validation
2019-01-13 15:25:41,666 - INFO - allennlp.training.trainer - accuracy |     0.880  |     0.866
2019-01-13 15:25:41,666 - INFO - allennlp.training.trainer - loss     |     0.296  |     0.348
2019-01-13 15:25:41,671 - INFO - allennlp.training.trainer - Epoch duration: 00:00:08
2019-01-13 15:25:41,671 - INFO - allennlp.training.trainer - Estimated training time remaining: 0:23:37
2019-01-13 15:25:41,671 - INFO - allennlp.training.trainer - Epoch 31/199
2019-01-13 15:25:41,671 - INFO - allennlp.training.trainer - Peak CPU memory usage MB: 3116.364
2019-01-13 15:25:41,758 - INFO - allennlp.training.trainer - GPU 0 memory usage MB: 20
2019-01-13 15:25:41,759 - INFO - allennlp.training.trainer - GPU 1 memory usage MB: 1835
2019-01-13 15:25:41,759 - INFO - allennlp.training.trainer - Training
2019-01-13 15:25:49,434 - INFO - allennlp.training.trainer - Validating
2019-01-13 15:25:49,980 - INFO - allennlp.training.trainer -              Training |  Validation
2019-01-13 15:25:49,980 - INFO - allennlp.training.trainer - accuracy |     0.882  |     0.863
2019-01-13 15:25:49,981 - INFO - allennlp.training.trainer - loss     |     0.298  |     0.354
2019-01-13 15:25:49,986 - INFO - allennlp.training.trainer - Epoch duration: 00:00:08
2019-01-13 15:25:49,986 - INFO - allennlp.training.trainer - Estimated training time remaining: 0:23:28
2019-01-13 15:25:49,986 - INFO - allennlp.training.trainer - Epoch 32/199
2019-01-13 15:25:49,986 - INFO - allennlp.training.trainer - Peak CPU memory usage MB: 3116.364
2019-01-13 15:25:50,075 - INFO - allennlp.training.trainer - GPU 0 memory usage MB: 20
2019-01-13 15:25:50,075 - INFO - allennlp.training.trainer - GPU 1 memory usage MB: 1835
2019-01-13 15:25:50,076 - INFO - allennlp.training.trainer - Training
2019-01-13 15:25:57,761 - INFO - allennlp.training.trainer - Validating
2019-01-13 15:25:58,308 - INFO - allennlp.training.trainer - Ran out of patience.  Stopping training.
2019-01-13 15:25:58,308 - INFO - allennlp.models.archival - archiving weights and vocabulary to experiments/supervised/boe_trials/results/boe7/model.tar.gz
2019-01-13 15:25:58,397 - INFO - allennlp.commands.train - Loading the best epoch weights.
2019-01-13 15:25:58,399 - INFO - allennlp.common.util - Metrics: {
  "training_duration": "00:04:28",
  "training_start_epoch": 0,
  "training_epochs": 31,
  "epoch": 31,
  "training_accuracy": 0.88235,
  "training_loss": 0.29844024553895,
  "validation_accuracy": 0.8626,
  "validation_loss": 0.35353519171476366,
  "best_epoch": 12,
  "best_validation_accuracy": 0.8682,
  "best_validation_loss": 0.3334853485226631
}
