2019-01-10 00:39:52,686 - INFO - allennlp.common.from_params - instantiating class <class 'allennlp.data.dataset_readers.dataset_reader.DatasetReader'> from params {'type': 'document_reader_semi_supervised'} and extras {}
2019-01-10 00:39:52,686 - INFO - allennlp.common.params - dataset_reader.type = document_reader_semi_supervised
2019-01-10 00:39:52,686 - INFO - allennlp.common.from_params - instantiating class <class 'library.dataset_readers.document_reader.DocumentReaderSemiSupervised'> from params {} and extras {}
2019-01-10 00:39:52,686 - INFO - allennlp.common.params - dataset_reader.lazy = False
2019-01-10 00:39:52,686 - INFO - allennlp.common.params - validation_dataset_reader = None
2019-01-10 00:39:52,686 - INFO - allennlp.common.params - train_data_path = /data/dangt7/IMDB/train_20k_labelled.filtered.jsonl
2019-01-10 00:39:52,686 - INFO - allennlp.commands.train - Reading training data from /data/dangt7/IMDB/train_20k_labelled.filtered.jsonl
2019-01-10 00:39:52,686 - INFO - library.dataset_readers.document_reader - Reading instances from lines in file: /data/dangt7/IMDB/train_20k_labelled.filtered.jsonl
2019-01-10 00:40:20,016 - INFO - allennlp.common.params - validation_data_path = /data/dangt7/IMDB/valid.filtered.jsonl
2019-01-10 00:40:20,016 - INFO - allennlp.commands.train - Reading validation data from /data/dangt7/IMDB/valid.filtered.jsonl
2019-01-10 00:40:20,017 - INFO - library.dataset_readers.document_reader - Reading instances from lines in file: /data/dangt7/IMDB/valid.filtered.jsonl
2019-01-10 00:40:21,710 - INFO - allennlp.common.params - test_data_path = None
2019-01-10 00:40:21,710 - INFO - allennlp.commands.train - From dataset instances, train, validation will be considered for vocabulary creation.
2019-01-10 00:40:21,710 - INFO - allennlp.common.params - vocabulary.type = None
2019-01-10 00:40:21,710 - INFO - allennlp.common.params - vocabulary.extend = False
2019-01-10 00:40:21,710 - INFO - allennlp.common.params - vocabulary.directory_path = None
2019-01-10 00:40:21,710 - INFO - allennlp.common.params - vocabulary.min_count = None
2019-01-10 00:40:21,710 - INFO - allennlp.common.params - Converting Params object to dict; logging of default values will not occur when dictionary parameters are used subsequently.
2019-01-10 00:40:21,710 - INFO - allennlp.common.params - CURRENTLY DEFINED PARAMETERS: 
2019-01-10 00:40:21,710 - INFO - allennlp.common.params - vocabulary.max_vocab_size.full = 10000
2019-01-10 00:40:21,710 - INFO - allennlp.common.params - vocabulary.max_vocab_size.stopless = 2000
2019-01-10 00:40:21,710 - INFO - allennlp.common.params - vocabulary.non_padded_namespaces = ('*tags', '*labels')
2019-01-10 00:40:21,710 - INFO - allennlp.common.params - vocabulary.min_pretrained_embeddings = None
2019-01-10 00:40:21,710 - INFO - allennlp.common.params - vocabulary.only_include_pretrained_words = False
2019-01-10 00:40:21,710 - INFO - allennlp.common.params - vocabulary.tokens_to_add = None
2019-01-10 00:40:21,711 - INFO - allennlp.data.vocabulary - Fitting token dictionary from dataset.
2019-01-10 00:40:35,450 - INFO - allennlp.common.from_params - instantiating class <class 'allennlp.models.model.Model'> from params {'alpha': 50, 'background_data_path': '/data/dangt7/IMDB/train_20k_labelled.bgfreq.json', 'classification_layer': {'activations': ['linear'], 'hidden_dims': [2], 'input_dim': 300, 'num_layers': 1}, 'encoder': {'embedding_dim': 300, 'type': 'boe'}, 'filtered_embedder': {'filtered': {'embedding_dim': 300, 'pretrained_file': '/data/dangt7/glove/glove.6B.300d.txt', 'trainable': True, 'type': 'embedding', 'vocab_namespace': 'stopless'}}, 'input_embedder': {'full': {'embedding_dim': 300, 'trainable': True, 'type': 'embedding', 'vocab_namespace': 'full'}}, 'print_topics': False, 'type': 'BOWTopicModelSemiSupervised', 'update_bg': False, 'vae': {'apply_batchnorm': {'mu': False, 'sigma': False}, 'decoder': {'activations': ['tanh'], 'hidden_dims': [2004], 'input_dim': 10, 'num_layers': 1}, 'encoder': {'activations': ['relu', 'relu'], 'hidden_dims': [1000, 300], 'input_dim': 2004, 'num_layers': 2}, 'log_variance_projection': {'activations': ['linear'], 'hidden_dims': [10], 'input_dim': 300, 'num_layers': 1}, 'mu_projection': {'activations': ['linear'], 'hidden_dims': [10], 'input_dim': 300, 'num_layers': 1}}} and extras {'vocab': <allennlp.data.vocabulary.Vocabulary object at 0x7f792b53a1d0>}
2019-01-10 00:40:35,450 - INFO - allennlp.common.params - model.type = BOWTopicModelSemiSupervised
2019-01-10 00:40:35,450 - INFO - allennlp.common.from_params - instantiating class <class 'library.models.semi_supervised.BOWTopicModelSemiSupervised'> from params {'alpha': 50, 'background_data_path': '/data/dangt7/IMDB/train_20k_labelled.bgfreq.json', 'classification_layer': {'activations': ['linear'], 'hidden_dims': [2], 'input_dim': 300, 'num_layers': 1}, 'encoder': {'embedding_dim': 300, 'type': 'boe'}, 'filtered_embedder': {'filtered': {'embedding_dim': 300, 'pretrained_file': '/data/dangt7/glove/glove.6B.300d.txt', 'trainable': True, 'type': 'embedding', 'vocab_namespace': 'stopless'}}, 'input_embedder': {'full': {'embedding_dim': 300, 'trainable': True, 'type': 'embedding', 'vocab_namespace': 'full'}}, 'print_topics': False, 'update_bg': False, 'vae': {'apply_batchnorm': {'mu': False, 'sigma': False}, 'decoder': {'activations': ['tanh'], 'hidden_dims': [2004], 'input_dim': 10, 'num_layers': 1}, 'encoder': {'activations': ['relu', 'relu'], 'hidden_dims': [1000, 300], 'input_dim': 2004, 'num_layers': 2}, 'log_variance_projection': {'activations': ['linear'], 'hidden_dims': [10], 'input_dim': 300, 'num_layers': 1}, 'mu_projection': {'activations': ['linear'], 'hidden_dims': [10], 'input_dim': 300, 'num_layers': 1}}} and extras {'vocab': <allennlp.data.vocabulary.Vocabulary object at 0x7f792b53a1d0>}
2019-01-10 00:40:35,450 - INFO - allennlp.common.from_params - instantiating class <class 'allennlp.modules.seq2vec_encoders.seq2vec_encoder.Seq2VecEncoder'> from params {'embedding_dim': 300, 'type': 'boe'} and extras {'vocab': <allennlp.data.vocabulary.Vocabulary object at 0x7f792b53a1d0>}
2019-01-10 00:40:35,450 - INFO - allennlp.common.params - model.encoder.type = boe
2019-01-10 00:40:35,450 - INFO - allennlp.common.from_params - instantiating class <class 'allennlp.modules.seq2vec_encoders.boe_encoder.BagOfEmbeddingsEncoder'> from params {'embedding_dim': 300} and extras {'vocab': <allennlp.data.vocabulary.Vocabulary object at 0x7f792b53a1d0>}
2019-01-10 00:40:35,451 - INFO - allennlp.common.params - model.encoder.embedding_dim = 300
2019-01-10 00:40:35,451 - INFO - allennlp.common.params - model.encoder.averaged = False
2019-01-10 00:40:35,451 - INFO - allennlp.common.params - model.classification_layer.input_dim = 300
2019-01-10 00:40:35,451 - INFO - allennlp.common.params - model.classification_layer.num_layers = 1
2019-01-10 00:40:35,451 - INFO - allennlp.common.params - model.classification_layer.hidden_dims = [2]
2019-01-10 00:40:35,451 - INFO - allennlp.common.params - model.classification_layer.activations = ['linear']
2019-01-10 00:40:35,451 - INFO - allennlp.common.params - model.classification_layer.dropout = 0.0
2019-01-10 00:40:35,451 - INFO - allennlp.common.registrable - instantiating registered subclass linear of <class 'allennlp.nn.activations.Activation'>
2019-01-10 00:40:35,452 - INFO - allennlp.common.from_params - instantiating class <class 'library.models.vae.VAE'> from params {'apply_batchnorm': {'mu': False, 'sigma': False}, 'decoder': {'activations': ['tanh'], 'hidden_dims': [2004], 'input_dim': 10, 'num_layers': 1}, 'encoder': {'activations': ['relu', 'relu'], 'hidden_dims': [1000, 300], 'input_dim': 2004, 'num_layers': 2}, 'log_variance_projection': {'activations': ['linear'], 'hidden_dims': [10], 'input_dim': 300, 'num_layers': 1}, 'mu_projection': {'activations': ['linear'], 'hidden_dims': [10], 'input_dim': 300, 'num_layers': 1}} and extras {'vocab': <allennlp.data.vocabulary.Vocabulary object at 0x7f792b53a1d0>}
2019-01-10 00:40:35,452 - INFO - allennlp.common.params - model.vae.encoder.input_dim = 2004
2019-01-10 00:40:35,452 - INFO - allennlp.common.params - model.vae.encoder.num_layers = 2
2019-01-10 00:40:35,452 - INFO - allennlp.common.params - model.vae.encoder.hidden_dims = [1000, 300]
2019-01-10 00:40:35,452 - INFO - allennlp.common.params - model.vae.encoder.activations = ['relu', 'relu']
2019-01-10 00:40:35,452 - INFO - allennlp.common.params - model.vae.encoder.dropout = 0.0
2019-01-10 00:40:35,452 - INFO - allennlp.common.registrable - instantiating registered subclass relu of <class 'allennlp.nn.activations.Activation'>
2019-01-10 00:40:35,452 - INFO - allennlp.common.registrable - instantiating registered subclass relu of <class 'allennlp.nn.activations.Activation'>
2019-01-10 00:40:35,469 - INFO - allennlp.common.params - model.vae.mu_projection.input_dim = 300
2019-01-10 00:40:35,469 - INFO - allennlp.common.params - model.vae.mu_projection.num_layers = 1
2019-01-10 00:40:35,469 - INFO - allennlp.common.params - model.vae.mu_projection.hidden_dims = [10]
2019-01-10 00:40:35,470 - INFO - allennlp.common.params - model.vae.mu_projection.activations = ['linear']
2019-01-10 00:40:35,470 - INFO - allennlp.common.params - model.vae.mu_projection.dropout = 0.0
2019-01-10 00:40:35,470 - INFO - allennlp.common.registrable - instantiating registered subclass linear of <class 'allennlp.nn.activations.Activation'>
2019-01-10 00:40:35,470 - INFO - allennlp.common.params - model.vae.log_variance_projection.input_dim = 300
2019-01-10 00:40:35,470 - INFO - allennlp.common.params - model.vae.log_variance_projection.num_layers = 1
2019-01-10 00:40:35,470 - INFO - allennlp.common.params - model.vae.log_variance_projection.hidden_dims = [10]
2019-01-10 00:40:35,470 - INFO - allennlp.common.params - model.vae.log_variance_projection.activations = ['linear']
2019-01-10 00:40:35,470 - INFO - allennlp.common.params - model.vae.log_variance_projection.dropout = 0.0
2019-01-10 00:40:35,470 - INFO - allennlp.common.registrable - instantiating registered subclass linear of <class 'allennlp.nn.activations.Activation'>
2019-01-10 00:40:35,470 - INFO - allennlp.common.params - model.vae.decoder.input_dim = 10
2019-01-10 00:40:35,470 - INFO - allennlp.common.params - model.vae.decoder.num_layers = 1
2019-01-10 00:40:35,471 - INFO - allennlp.common.params - model.vae.decoder.hidden_dims = [2004]
2019-01-10 00:40:35,471 - INFO - allennlp.common.params - model.vae.decoder.activations = ['tanh']
2019-01-10 00:40:35,471 - INFO - allennlp.common.params - model.vae.decoder.dropout = 0.0
2019-01-10 00:40:35,471 - INFO - allennlp.common.registrable - instantiating registered subclass tanh of <class 'allennlp.nn.activations.Activation'>
2019-01-10 00:40:35,471 - INFO - allennlp.common.params - model.vae.z_dropout = 0.2
2019-01-10 00:40:35,472 - INFO - allennlp.common.from_params - instantiating class <class 'allennlp.modules.text_field_embedders.text_field_embedder.TextFieldEmbedder'> from params {'full': {'embedding_dim': 300, 'trainable': True, 'type': 'embedding', 'vocab_namespace': 'full'}} and extras {'vocab': <allennlp.data.vocabulary.Vocabulary object at 0x7f792b53a1d0>}
2019-01-10 00:40:35,472 - INFO - allennlp.common.params - model.input_embedder.type = basic
2019-01-10 00:40:35,472 - INFO - allennlp.common.params - model.input_embedder.embedder_to_indexer_map = None
2019-01-10 00:40:35,472 - INFO - allennlp.common.params - model.input_embedder.allow_unmatched_keys = False
2019-01-10 00:40:35,472 - INFO - allennlp.common.params - model.input_embedder.token_embedders = None
2019-01-10 00:40:35,472 - INFO - allennlp.common.from_params - instantiating class <class 'allennlp.modules.token_embedders.token_embedder.TokenEmbedder'> from params {'embedding_dim': 300, 'trainable': True, 'type': 'embedding', 'vocab_namespace': 'full'} and extras {'vocab': <allennlp.data.vocabulary.Vocabulary object at 0x7f792b53a1d0>}
2019-01-10 00:40:35,472 - INFO - allennlp.common.params - model.input_embedder.full.type = embedding
2019-01-10 00:40:35,472 - INFO - allennlp.common.params - model.input_embedder.full.num_embeddings = None
2019-01-10 00:40:35,472 - INFO - allennlp.common.params - model.input_embedder.full.vocab_namespace = full
2019-01-10 00:40:35,472 - INFO - allennlp.common.params - model.input_embedder.full.embedding_dim = 300
2019-01-10 00:40:35,472 - INFO - allennlp.common.params - model.input_embedder.full.pretrained_file = None
2019-01-10 00:40:35,472 - INFO - allennlp.common.params - model.input_embedder.full.projection_dim = None
2019-01-10 00:40:35,472 - INFO - allennlp.common.params - model.input_embedder.full.trainable = True
2019-01-10 00:40:35,472 - INFO - allennlp.common.params - model.input_embedder.full.padding_index = None
2019-01-10 00:40:35,472 - INFO - allennlp.common.params - model.input_embedder.full.max_norm = None
2019-01-10 00:40:35,473 - INFO - allennlp.common.params - model.input_embedder.full.norm_type = 2.0
2019-01-10 00:40:35,473 - INFO - allennlp.common.params - model.input_embedder.full.scale_grad_by_freq = False
2019-01-10 00:40:35,473 - INFO - allennlp.common.params - model.input_embedder.full.sparse = False
2019-01-10 00:40:35,495 - INFO - allennlp.common.from_params - instantiating class <class 'allennlp.modules.text_field_embedders.text_field_embedder.TextFieldEmbedder'> from params {'filtered': {'embedding_dim': 300, 'pretrained_file': '/data/dangt7/glove/glove.6B.300d.txt', 'trainable': True, 'type': 'embedding', 'vocab_namespace': 'stopless'}} and extras {'vocab': <allennlp.data.vocabulary.Vocabulary object at 0x7f792b53a1d0>}
2019-01-10 00:40:35,495 - INFO - allennlp.common.params - model.filtered_embedder.type = basic
2019-01-10 00:40:35,495 - INFO - allennlp.common.params - model.filtered_embedder.embedder_to_indexer_map = None
2019-01-10 00:40:35,495 - INFO - allennlp.common.params - model.filtered_embedder.allow_unmatched_keys = False
2019-01-10 00:40:35,495 - INFO - allennlp.common.params - model.filtered_embedder.token_embedders = None
2019-01-10 00:40:35,495 - INFO - allennlp.common.from_params - instantiating class <class 'allennlp.modules.token_embedders.token_embedder.TokenEmbedder'> from params {'embedding_dim': 300, 'pretrained_file': '/data/dangt7/glove/glove.6B.300d.txt', 'trainable': True, 'type': 'embedding', 'vocab_namespace': 'stopless'} and extras {'vocab': <allennlp.data.vocabulary.Vocabulary object at 0x7f792b53a1d0>}
2019-01-10 00:40:35,495 - INFO - allennlp.common.params - model.filtered_embedder.filtered.type = embedding
2019-01-10 00:40:35,495 - INFO - allennlp.common.params - model.filtered_embedder.filtered.num_embeddings = None
2019-01-10 00:40:35,495 - INFO - allennlp.common.params - model.filtered_embedder.filtered.vocab_namespace = stopless
2019-01-10 00:40:35,495 - INFO - allennlp.common.params - model.filtered_embedder.filtered.embedding_dim = 300
2019-01-10 00:40:35,495 - INFO - allennlp.common.params - model.filtered_embedder.filtered.pretrained_file = /data/dangt7/glove/glove.6B.300d.txt
2019-01-10 00:40:35,496 - INFO - allennlp.common.params - model.filtered_embedder.filtered.projection_dim = None
2019-01-10 00:40:35,496 - INFO - allennlp.common.params - model.filtered_embedder.filtered.trainable = True
2019-01-10 00:40:35,496 - INFO - allennlp.common.params - model.filtered_embedder.filtered.padding_index = None
2019-01-10 00:40:35,496 - INFO - allennlp.common.params - model.filtered_embedder.filtered.max_norm = None
2019-01-10 00:40:35,496 - INFO - allennlp.common.params - model.filtered_embedder.filtered.norm_type = 2.0
2019-01-10 00:40:35,496 - INFO - allennlp.common.params - model.filtered_embedder.filtered.scale_grad_by_freq = False
2019-01-10 00:40:35,496 - INFO - allennlp.common.params - model.filtered_embedder.filtered.sparse = False
2019-01-10 00:40:35,496 - INFO - allennlp.modules.token_embedders.embedding - Reading pretrained embeddings from file
2019-01-10 00:40:36,683 - INFO - allennlp.modules.token_embedders.embedding - Initializing pre-trained embedding layer
2019-01-10 00:40:36,699 - INFO - allennlp.modules.token_embedders.embedding - Pretrained embeddings were found for 1995 out of 2002 tokens
2019-01-10 00:40:36,700 - INFO - allennlp.common.params - model.alpha = 50
2019-01-10 00:40:36,700 - INFO - allennlp.common.params - model.background_data_path = /data/dangt7/IMDB/train_20k_labelled.bgfreq.json
2019-01-10 00:40:36,700 - INFO - allennlp.common.params - model.print_topics = False
2019-01-10 00:40:36,700 - INFO - allennlp.common.params - model.update_bg = False
2019-01-10 00:40:36,700 - INFO - allennlp.common.params - model.use_filtered_tokens = True
2019-01-10 00:40:36,700 - INFO - allennlp.common.params - model.use_shared_representation = False
2019-01-10 00:40:36,791 - INFO - allennlp.nn.initializers - Initializing parameters
2019-01-10 00:40:36,791 - INFO - allennlp.nn.initializers - Done initializing parameters; the following parameters are using their default initialization from their code
2019-01-10 00:40:36,791 - INFO - allennlp.nn.initializers -    background
2019-01-10 00:40:36,791 - INFO - allennlp.nn.initializers -    batchnorm.bias
2019-01-10 00:40:36,791 - INFO - allennlp.nn.initializers -    batchnorm.weight
2019-01-10 00:40:36,791 - INFO - allennlp.nn.initializers -    beta
2019-01-10 00:40:36,791 - INFO - allennlp.nn.initializers -    classification_layer._linear_layers.0.bias
2019-01-10 00:40:36,791 - INFO - allennlp.nn.initializers -    classification_layer._linear_layers.0.weight
2019-01-10 00:40:36,791 - INFO - allennlp.nn.initializers -    covariates
2019-01-10 00:40:36,791 - INFO - allennlp.nn.initializers -    filtered_embedder.token_embedder_filtered.weight
2019-01-10 00:40:36,791 - INFO - allennlp.nn.initializers -    input_batchnorm.bias
2019-01-10 00:40:36,792 - INFO - allennlp.nn.initializers -    input_batchnorm.weight
2019-01-10 00:40:36,792 - INFO - allennlp.nn.initializers -    input_embedder.token_embedder_full.weight
2019-01-10 00:40:36,792 - INFO - allennlp.nn.initializers -    vae.batchnorm.bias
2019-01-10 00:40:36,792 - INFO - allennlp.nn.initializers -    vae.batchnorm.weight
2019-01-10 00:40:36,792 - INFO - allennlp.nn.initializers -    vae.decoder._linear_layers.0.bias
2019-01-10 00:40:36,792 - INFO - allennlp.nn.initializers -    vae.decoder._linear_layers.0.weight
2019-01-10 00:40:36,792 - INFO - allennlp.nn.initializers -    vae.encoder._linear_layers.0.bias
2019-01-10 00:40:36,792 - INFO - allennlp.nn.initializers -    vae.encoder._linear_layers.0.weight
2019-01-10 00:40:36,792 - INFO - allennlp.nn.initializers -    vae.encoder._linear_layers.1.bias
2019-01-10 00:40:36,792 - INFO - allennlp.nn.initializers -    vae.encoder._linear_layers.1.weight
2019-01-10 00:40:36,792 - INFO - allennlp.nn.initializers -    vae.log_variance_projection._linear_layers.0.bias
2019-01-10 00:40:36,792 - INFO - allennlp.nn.initializers -    vae.log_variance_projection._linear_layers.0.weight
2019-01-10 00:40:36,792 - INFO - allennlp.nn.initializers -    vae.mu_projection._linear_layers.0.bias
2019-01-10 00:40:36,792 - INFO - allennlp.nn.initializers -    vae.mu_projection._linear_layers.0.weight
2019-01-10 00:40:36,814 - INFO - allennlp.common.from_params - instantiating class <class 'allennlp.data.iterators.data_iterator.DataIterator'> from params {'batch_size': 100, 'type': 'basic'} and extras {}
2019-01-10 00:40:36,814 - INFO - allennlp.common.params - iterator.type = basic
2019-01-10 00:40:36,814 - INFO - allennlp.common.from_params - instantiating class <class 'allennlp.data.iterators.basic_iterator.BasicIterator'> from params {'batch_size': 100} and extras {}
2019-01-10 00:40:36,814 - INFO - allennlp.common.params - iterator.batch_size = 100
2019-01-10 00:40:36,814 - INFO - allennlp.common.params - iterator.instances_per_epoch = None
2019-01-10 00:40:36,814 - INFO - allennlp.common.params - iterator.max_instances_in_memory = None
2019-01-10 00:40:36,814 - INFO - allennlp.common.params - iterator.cache_instances = False
2019-01-10 00:40:36,814 - INFO - allennlp.common.params - iterator.track_epoch = False
2019-01-10 00:40:36,814 - INFO - allennlp.common.params - iterator.maximum_samples_per_batch = None
2019-01-10 00:40:36,814 - INFO - allennlp.common.params - validation_iterator = None
2019-01-10 00:40:36,814 - INFO - allennlp.common.params - trainer.no_grad = ()
2019-01-10 00:40:36,815 - INFO - allennlp.commands.train - Following parameters are Frozen  (without gradient):
2019-01-10 00:40:36,815 - INFO - allennlp.commands.train - background
2019-01-10 00:40:36,815 - INFO - allennlp.commands.train - vae.batchnorm.weight
2019-01-10 00:40:36,815 - INFO - allennlp.commands.train - batchnorm.weight
2019-01-10 00:40:36,815 - INFO - allennlp.commands.train - input_batchnorm.weight
2019-01-10 00:40:36,815 - INFO - allennlp.commands.train - Following parameters are Tunable (with gradient):
2019-01-10 00:40:36,815 - INFO - allennlp.commands.train - beta
2019-01-10 00:40:36,815 - INFO - allennlp.commands.train - covariates
2019-01-10 00:40:36,815 - INFO - allennlp.commands.train - input_embedder.token_embedder_full.weight
2019-01-10 00:40:36,815 - INFO - allennlp.commands.train - filtered_embedder.token_embedder_filtered.weight
2019-01-10 00:40:36,815 - INFO - allennlp.commands.train - classification_layer._linear_layers.0.weight
2019-01-10 00:40:36,815 - INFO - allennlp.commands.train - classification_layer._linear_layers.0.bias
2019-01-10 00:40:36,815 - INFO - allennlp.commands.train - vae.encoder._linear_layers.0.weight
2019-01-10 00:40:36,815 - INFO - allennlp.commands.train - vae.encoder._linear_layers.0.bias
2019-01-10 00:40:36,815 - INFO - allennlp.commands.train - vae.encoder._linear_layers.1.weight
2019-01-10 00:40:36,815 - INFO - allennlp.commands.train - vae.encoder._linear_layers.1.bias
2019-01-10 00:40:36,815 - INFO - allennlp.commands.train - vae.mu_projection._linear_layers.0.weight
2019-01-10 00:40:36,815 - INFO - allennlp.commands.train - vae.mu_projection._linear_layers.0.bias
2019-01-10 00:40:36,815 - INFO - allennlp.commands.train - vae.log_variance_projection._linear_layers.0.weight
2019-01-10 00:40:36,815 - INFO - allennlp.commands.train - vae.log_variance_projection._linear_layers.0.bias
2019-01-10 00:40:36,815 - INFO - allennlp.commands.train - vae.decoder._linear_layers.0.weight
2019-01-10 00:40:36,815 - INFO - allennlp.commands.train - vae.decoder._linear_layers.0.bias
2019-01-10 00:40:36,815 - INFO - allennlp.commands.train - vae.batchnorm.bias
2019-01-10 00:40:36,815 - INFO - allennlp.commands.train - batchnorm.bias
2019-01-10 00:40:36,816 - INFO - allennlp.commands.train - input_batchnorm.bias
2019-01-10 00:40:36,816 - INFO - allennlp.common.params - trainer.patience = 20
2019-01-10 00:40:36,816 - INFO - allennlp.common.params - trainer.validation_metric = +Accuracy
2019-01-10 00:40:36,816 - INFO - allennlp.common.params - trainer.shuffle = True
2019-01-10 00:40:36,816 - INFO - allennlp.common.params - trainer.num_epochs = 200
2019-01-10 00:40:36,816 - INFO - allennlp.common.params - trainer.cuda_device = 0
2019-01-10 00:40:36,816 - INFO - allennlp.common.params - trainer.grad_norm = None
2019-01-10 00:40:36,816 - INFO - allennlp.common.params - trainer.grad_clipping = None
2019-01-10 00:40:36,816 - INFO - allennlp.common.params - trainer.learning_rate_scheduler = None
2019-01-10 00:40:38,610 - INFO - allennlp.common.params - trainer.optimizer.type = adam
2019-01-10 00:40:38,610 - INFO - allennlp.common.params - trainer.optimizer.parameter_groups = None
2019-01-10 00:40:38,610 - INFO - allennlp.training.optimizers - Number of trainable parameters: 5961502
2019-01-10 00:40:38,610 - INFO - allennlp.common.registrable - instantiating registered subclass adam of <class 'allennlp.training.optimizers.Optimizer'>
2019-01-10 00:40:38,610 - INFO - allennlp.common.params - Converting Params object to dict; logging of default values will not occur when dictionary parameters are used subsequently.
2019-01-10 00:40:38,610 - INFO - allennlp.common.params - CURRENTLY DEFINED PARAMETERS: 
2019-01-10 00:40:38,610 - INFO - allennlp.common.params - trainer.optimizer.lr = 0.001
2019-01-10 00:40:38,610 - INFO - allennlp.common.params - trainer.optimizer.weight_decay = 0.001
2019-01-10 00:40:38,610 - INFO - allennlp.common.params - trainer.num_serialized_models_to_keep = 20
2019-01-10 00:40:38,610 - INFO - allennlp.common.params - trainer.keep_serialized_model_every_num_seconds = None
2019-01-10 00:40:38,610 - INFO - allennlp.common.params - trainer.model_save_interval = None
2019-01-10 00:40:38,610 - INFO - allennlp.common.params - trainer.summary_interval = 100
2019-01-10 00:40:38,611 - INFO - allennlp.common.params - trainer.histogram_interval = None
2019-01-10 00:40:38,611 - INFO - allennlp.common.params - trainer.should_log_parameter_statistics = True
2019-01-10 00:40:38,611 - INFO - allennlp.common.params - trainer.should_log_learning_rate = False
2019-01-10 00:40:38,612 - INFO - allennlp.common.params - evaluate_on_test = False
2019-01-10 00:40:38,612 - INFO - allennlp.training.trainer - Beginning training.
2019-01-10 00:40:38,612 - INFO - allennlp.training.trainer - Epoch 0/199
2019-01-10 00:40:38,612 - INFO - allennlp.training.trainer - Peak CPU memory usage MB: 7903.916
2019-01-10 00:40:38,824 - INFO - allennlp.training.trainer - GPU 0 memory usage MB: 20
2019-01-10 00:40:38,824 - INFO - allennlp.training.trainer - GPU 1 memory usage MB: 557
2019-01-10 00:40:38,825 - INFO - allennlp.training.trainer - Training
2019-01-10 00:47:30,751 - INFO - allennlp.training.trainer - Validating
2019-01-10 00:48:03,881 - INFO - allennlp.training.trainer -                          Training |  Validation
2019-01-10 00:48:03,881 - INFO - allennlp.training.trainer - loss                 |  63577.435  |  60220.293
2019-01-10 00:48:03,881 - INFO - allennlp.training.trainer - Reconstruction       |   623.295  |   570.115
2019-01-10 00:48:03,881 - INFO - allennlp.training.trainer - KL-Divergence        |     6.062  |     6.066
2019-01-10 00:48:03,881 - INFO - allennlp.training.trainer - Accuracy             |     0.793  |     0.842
2019-01-10 00:48:03,881 - INFO - allennlp.training.trainer - ELBO                 |  62402.003  |  57687.414
2019-01-10 00:48:03,881 - INFO - allennlp.training.trainer - Scaled_Cross_Entropy |  1175.431  |  2532.878
2019-01-10 00:48:03,940 - INFO - allennlp.training.trainer - Best validation performance so far. Copying weights to 'experiments/semi_supervised/boe_trials/results/boe1/best.th'.
2019-01-10 00:48:03,953 - INFO - allennlp.training.trainer - Epoch duration: 00:07:25
2019-01-10 00:48:03,953 - INFO - allennlp.training.trainer - Estimated training time remaining: 1 day, 0:37:02
2019-01-10 00:48:03,953 - INFO - allennlp.training.trainer - Epoch 1/199
2019-01-10 00:48:03,953 - INFO - allennlp.training.trainer - Peak CPU memory usage MB: 8734.452
2019-01-10 00:48:04,178 - INFO - allennlp.training.trainer - GPU 0 memory usage MB: 20
2019-01-10 00:48:04,179 - INFO - allennlp.training.trainer - GPU 1 memory usage MB: 1425
2019-01-10 00:48:04,179 - INFO - allennlp.training.trainer - Training
2019-01-10 00:48:50,418 - INFO - allennlp.training.trainer - Validating
2019-01-10 00:48:52,058 - INFO - allennlp.training.trainer -                          Training |  Validation
2019-01-10 00:48:52,058 - INFO - allennlp.training.trainer - loss                 |  59808.559  |  59923.564
2019-01-10 00:48:52,059 - INFO - allennlp.training.trainer - Reconstruction       |   598.434  |   566.370
2019-01-10 00:48:52,059 - INFO - allennlp.training.trainer - KL-Divergence        |    12.018  |     5.314
2019-01-10 00:48:52,059 - INFO - allennlp.training.trainer - Accuracy             |     0.862  |     0.845
2019-01-10 00:48:52,059 - INFO - allennlp.training.trainer - ELBO                 |  59052.955  |  57237.746
2019-01-10 00:48:52,059 - INFO - allennlp.training.trainer - Scaled_Cross_Entropy |   755.603  |  2685.818
2019-01-10 00:48:52,084 - INFO - allennlp.training.trainer - Best validation performance so far. Copying weights to 'experiments/semi_supervised/boe_trials/results/boe1/best.th'.
2019-01-10 00:48:52,100 - INFO - allennlp.training.trainer - Epoch duration: 00:00:48
2019-01-10 00:48:52,100 - INFO - allennlp.training.trainer - Estimated training time remaining: 13:34:15
2019-01-10 00:48:52,100 - INFO - allennlp.training.trainer - Epoch 2/199
2019-01-10 00:48:52,100 - INFO - allennlp.training.trainer - Peak CPU memory usage MB: 8734.452
2019-01-10 00:48:52,325 - INFO - allennlp.training.trainer - GPU 0 memory usage MB: 20
2019-01-10 00:48:52,326 - INFO - allennlp.training.trainer - GPU 1 memory usage MB: 1425
2019-01-10 00:48:52,326 - INFO - allennlp.training.trainer - Training
2019-01-10 00:49:38,812 - INFO - allennlp.training.trainer - Validating
2019-01-10 00:49:40,458 - INFO - allennlp.training.trainer -                          Training |  Validation
2019-01-10 00:49:40,458 - INFO - allennlp.training.trainer - loss                 |  58836.782  |  59172.202
2019-01-10 00:49:40,458 - INFO - allennlp.training.trainer - Reconstruction       |   588.867  |   561.871
2019-01-10 00:49:40,458 - INFO - allennlp.training.trainer - KL-Divergence        |    15.687  |     5.424
2019-01-10 00:49:40,458 - INFO - allennlp.training.trainer - Accuracy             |     0.861  |     0.859
2019-01-10 00:49:40,458 - INFO - allennlp.training.trainer - ELBO                 |  58003.868  |  56798.838
2019-01-10 00:49:40,458 - INFO - allennlp.training.trainer - Scaled_Cross_Entropy |   832.914  |  2373.364
2019-01-10 00:49:40,483 - INFO - allennlp.training.trainer - Best validation performance so far. Copying weights to 'experiments/semi_supervised/boe_trials/results/boe1/best.th'.
2019-01-10 00:49:40,500 - INFO - allennlp.training.trainer - Epoch duration: 00:00:48
2019-01-10 00:49:40,500 - INFO - allennlp.training.trainer - Estimated training time remaining: 9:53:03
2019-01-10 00:49:40,500 - INFO - allennlp.training.trainer - Epoch 3/199
2019-01-10 00:49:40,500 - INFO - allennlp.training.trainer - Peak CPU memory usage MB: 8734.452
2019-01-10 00:49:40,728 - INFO - allennlp.training.trainer - GPU 0 memory usage MB: 20
2019-01-10 00:49:40,729 - INFO - allennlp.training.trainer - GPU 1 memory usage MB: 1425
2019-01-10 00:49:40,729 - INFO - allennlp.training.trainer - Training
2019-01-10 00:50:27,698 - INFO - allennlp.training.trainer - Validating
2019-01-10 00:50:29,345 - INFO - allennlp.training.trainer -                          Training |  Validation
2019-01-10 00:50:29,346 - INFO - allennlp.training.trainer - loss                 |  58137.796  |  58810.386
2019-01-10 00:50:29,346 - INFO - allennlp.training.trainer - Reconstruction       |   582.615  |   557.497
2019-01-10 00:50:29,346 - INFO - allennlp.training.trainer - KL-Divergence        |    35.018  |     4.824
2019-01-10 00:50:29,346 - INFO - allennlp.training.trainer - Accuracy             |     0.873  |     0.850
2019-01-10 00:50:29,346 - INFO - allennlp.training.trainer - ELBO                 |  57424.360  |  56301.420
2019-01-10 00:50:29,346 - INFO - allennlp.training.trainer - Scaled_Cross_Entropy |   713.436  |  2508.966
2019-01-10 00:50:29,371 - INFO - allennlp.training.trainer - Epoch duration: 00:00:48
2019-01-10 00:50:29,371 - INFO - allennlp.training.trainer - Estimated training time remaining: 8:02:27
2019-01-10 00:50:29,371 - INFO - allennlp.training.trainer - Epoch 4/199
2019-01-10 00:50:29,371 - INFO - allennlp.training.trainer - Peak CPU memory usage MB: 8734.452
2019-01-10 00:50:29,603 - INFO - allennlp.training.trainer - GPU 0 memory usage MB: 20
2019-01-10 00:50:29,603 - INFO - allennlp.training.trainer - GPU 1 memory usage MB: 1425
2019-01-10 00:50:29,604 - INFO - allennlp.training.trainer - Training
2019-01-10 00:51:15,919 - INFO - allennlp.training.trainer - Validating
2019-01-10 00:51:17,581 - INFO - allennlp.training.trainer -                          Training |  Validation
2019-01-10 00:51:17,582 - INFO - allennlp.training.trainer - loss                 |  57874.306  |  58519.342
2019-01-10 00:51:17,582 - INFO - allennlp.training.trainer - Reconstruction       |   577.536  |   555.538
2019-01-10 00:51:17,582 - INFO - allennlp.training.trainer - KL-Divergence        |    32.752  |     5.034
2019-01-10 00:51:17,582 - INFO - allennlp.training.trainer - Accuracy             |     0.868  |     0.850
2019-01-10 00:51:17,582 - INFO - allennlp.training.trainer - ELBO                 |  57112.621  |  56126.523
2019-01-10 00:51:17,582 - INFO - allennlp.training.trainer - Scaled_Cross_Entropy |   761.685  |  2392.819
2019-01-10 00:51:17,607 - INFO - allennlp.training.trainer - Epoch duration: 00:00:48
2019-01-10 00:51:17,607 - INFO - allennlp.training.trainer - Estimated training time remaining: 6:55:20
2019-01-10 00:51:17,607 - INFO - allennlp.training.trainer - Epoch 5/199
2019-01-10 00:51:17,607 - INFO - allennlp.training.trainer - Peak CPU memory usage MB: 8734.452
2019-01-10 00:51:17,838 - INFO - allennlp.training.trainer - GPU 0 memory usage MB: 20
2019-01-10 00:51:17,838 - INFO - allennlp.training.trainer - GPU 1 memory usage MB: 1425
2019-01-10 00:51:17,839 - INFO - allennlp.training.trainer - Training
2019-01-10 00:52:04,161 - INFO - allennlp.training.trainer - Validating
2019-01-10 00:52:05,845 - INFO - allennlp.training.trainer -                          Training |  Validation
2019-01-10 00:52:05,845 - INFO - allennlp.training.trainer - loss                 |  57653.730  |  58563.759
2019-01-10 00:52:05,845 - INFO - allennlp.training.trainer - Reconstruction       |   574.705  |   554.908
2019-01-10 00:52:05,845 - INFO - allennlp.training.trainer - KL-Divergence        |   234.820  |     4.933
2019-01-10 00:52:05,846 - INFO - allennlp.training.trainer - Accuracy             |     0.870  |     0.849
2019-01-10 00:52:05,846 - INFO - allennlp.training.trainer - ELBO                 |  56930.041  |  56053.458
2019-01-10 00:52:05,846 - INFO - allennlp.training.trainer - Scaled_Cross_Entropy |   723.688  |  2510.301
2019-01-10 00:52:05,871 - INFO - allennlp.training.trainer - Epoch duration: 00:00:48
2019-01-10 00:52:05,871 - INFO - allennlp.training.trainer - Estimated training time remaining: 6:10:21
2019-01-10 00:52:05,871 - INFO - allennlp.training.trainer - Epoch 6/199
2019-01-10 00:52:05,871 - INFO - allennlp.training.trainer - Peak CPU memory usage MB: 8734.452
2019-01-10 00:52:06,103 - INFO - allennlp.training.trainer - GPU 0 memory usage MB: 20
2019-01-10 00:52:06,103 - INFO - allennlp.training.trainer - GPU 1 memory usage MB: 1425
2019-01-10 00:52:06,104 - INFO - allennlp.training.trainer - Training
2019-01-10 00:52:52,424 - INFO - allennlp.training.trainer - Validating
2019-01-10 00:52:54,083 - INFO - allennlp.training.trainer -                          Training |  Validation
2019-01-10 00:52:54,084 - INFO - allennlp.training.trainer - loss                 |  57524.335  |  58444.735
2019-01-10 00:52:54,084 - INFO - allennlp.training.trainer - Reconstruction       |   571.459  |   554.101
2019-01-10 00:52:54,084 - INFO - allennlp.training.trainer - KL-Divergence        |   922.133  |     4.974
2019-01-10 00:52:54,084 - INFO - allennlp.training.trainer - Accuracy             |     0.871  |     0.841
2019-01-10 00:52:54,084 - INFO - allennlp.training.trainer - ELBO                 |  56826.412  |  55976.844
2019-01-10 00:52:54,084 - INFO - allennlp.training.trainer - Scaled_Cross_Entropy |   697.923  |  2467.891
2019-01-10 00:52:54,108 - INFO - allennlp.training.trainer - Epoch duration: 00:00:48
2019-01-10 00:52:54,108 - INFO - allennlp.training.trainer - Estimated training time remaining: 5:37:58
2019-01-10 00:52:54,108 - INFO - allennlp.training.trainer - Epoch 7/199
2019-01-10 00:52:54,109 - INFO - allennlp.training.trainer - Peak CPU memory usage MB: 8734.452
2019-01-10 00:52:54,340 - INFO - allennlp.training.trainer - GPU 0 memory usage MB: 20
2019-01-10 00:52:54,340 - INFO - allennlp.training.trainer - GPU 1 memory usage MB: 1527
2019-01-10 00:52:54,341 - INFO - allennlp.training.trainer - Training
2019-01-10 00:53:40,914 - INFO - allennlp.training.trainer - Validating
2019-01-10 00:53:42,554 - INFO - allennlp.training.trainer -                          Training |  Validation
2019-01-10 00:53:42,555 - INFO - allennlp.training.trainer - loss                 |  57654.972  |  58148.751
2019-01-10 00:53:42,556 - INFO - allennlp.training.trainer - Reconstruction       |   568.960  |   553.462
2019-01-10 00:53:42,556 - INFO - allennlp.training.trainer - KL-Divergence        |  9662.023  |     5.068
2019-01-10 00:53:42,556 - INFO - allennlp.training.trainer - Accuracy             |     0.872  |     0.855
2019-01-10 00:53:42,556 - INFO - allennlp.training.trainer - ELBO                 |  56950.152  |  55922.323
2019-01-10 00:53:42,557 - INFO - allennlp.training.trainer - Scaled_Cross_Entropy |   704.820  |  2226.427
2019-01-10 00:53:42,579 - INFO - allennlp.training.trainer - Epoch duration: 00:00:48
2019-01-10 00:53:42,580 - INFO - allennlp.training.trainer - Estimated training time remaining: 5:13:35
2019-01-10 00:53:42,580 - INFO - allennlp.training.trainer - Epoch 8/199
2019-01-10 00:53:42,580 - INFO - allennlp.training.trainer - Peak CPU memory usage MB: 8734.452
2019-01-10 00:53:42,808 - INFO - allennlp.training.trainer - GPU 0 memory usage MB: 20
2019-01-10 00:53:42,808 - INFO - allennlp.training.trainer - GPU 1 memory usage MB: 1527
2019-01-10 00:53:42,809 - INFO - allennlp.training.trainer - Training
2019-01-10 00:54:29,460 - INFO - allennlp.training.trainer - Validating
2019-01-10 00:54:31,101 - INFO - allennlp.training.trainer -                          Training |  Validation
2019-01-10 00:54:31,103 - INFO - allennlp.training.trainer - loss                 |  57404.396  |  58100.181
2019-01-10 00:54:31,103 - INFO - allennlp.training.trainer - Reconstruction       |   568.310  |   552.976
2019-01-10 00:54:31,103 - INFO - allennlp.training.trainer - KL-Divergence        |    85.198  |     4.871
2019-01-10 00:54:31,103 - INFO - allennlp.training.trainer - Accuracy             |     0.872  |     0.859
2019-01-10 00:54:31,103 - INFO - allennlp.training.trainer - ELBO                 |  56725.967  |  55854.071
2019-01-10 00:54:31,103 - INFO - allennlp.training.trainer - Scaled_Cross_Entropy |   678.429  |  2246.110
2019-01-10 00:54:31,126 - INFO - allennlp.training.trainer - Best validation performance so far. Copying weights to 'experiments/semi_supervised/boe_trials/results/boe1/best.th'.
2019-01-10 00:54:31,142 - INFO - allennlp.training.trainer - Epoch duration: 00:00:48
2019-01-10 00:54:31,143 - INFO - allennlp.training.trainer - Estimated training time remaining: 4:54:28
2019-01-10 00:54:31,143 - INFO - allennlp.training.trainer - Epoch 9/199
2019-01-10 00:54:31,143 - INFO - allennlp.training.trainer - Peak CPU memory usage MB: 8734.452
2019-01-10 00:54:31,361 - INFO - allennlp.training.trainer - GPU 0 memory usage MB: 20
2019-01-10 00:54:31,362 - INFO - allennlp.training.trainer - GPU 1 memory usage MB: 1527
2019-01-10 00:54:31,362 - INFO - allennlp.training.trainer - Training
2019-01-10 00:55:18,111 - INFO - allennlp.training.trainer - Validating
2019-01-10 00:55:19,755 - INFO - allennlp.training.trainer -                          Training |  Validation
2019-01-10 00:55:19,756 - INFO - allennlp.training.trainer - loss                 |  57337.443  |  58589.247
2019-01-10 00:55:19,756 - INFO - allennlp.training.trainer - Reconstruction       |   567.046  |   552.814
2019-01-10 00:55:19,756 - INFO - allennlp.training.trainer - KL-Divergence        |   193.843  |     5.281
2019-01-10 00:55:19,756 - INFO - allennlp.training.trainer - Accuracy             |     0.877  |     0.838
2019-01-10 00:55:19,756 - INFO - allennlp.training.trainer - ELBO                 |  56693.144  |  55878.887
2019-01-10 00:55:19,756 - INFO - allennlp.training.trainer - Scaled_Cross_Entropy |   644.299  |  2710.359
2019-01-10 00:55:19,781 - INFO - allennlp.training.trainer - Epoch duration: 00:00:48
2019-01-10 00:55:19,781 - INFO - allennlp.training.trainer - Estimated training time remaining: 4:39:02
2019-01-10 00:55:19,781 - INFO - allennlp.training.trainer - Epoch 10/199
2019-01-10 00:55:19,781 - INFO - allennlp.training.trainer - Peak CPU memory usage MB: 8734.464
2019-01-10 00:55:20,004 - INFO - allennlp.training.trainer - GPU 0 memory usage MB: 20
2019-01-10 00:55:20,004 - INFO - allennlp.training.trainer - GPU 1 memory usage MB: 1527
2019-01-10 00:55:20,005 - INFO - allennlp.training.trainer - Training
2019-01-10 00:56:06,531 - INFO - allennlp.training.trainer - Validating
2019-01-10 00:56:08,188 - INFO - allennlp.training.trainer -                          Training |  Validation
2019-01-10 00:56:08,189 - INFO - allennlp.training.trainer - loss                 |  57329.810  |  58129.151
2019-01-10 00:56:08,190 - INFO - allennlp.training.trainer - Reconstruction       |   566.598  |   552.673
2019-01-10 00:56:08,190 - INFO - allennlp.training.trainer - KL-Divergence        |    18.044  |     5.322
2019-01-10 00:56:08,190 - INFO - allennlp.training.trainer - Accuracy             |     0.875  |     0.852
2019-01-10 00:56:08,190 - INFO - allennlp.training.trainer - ELBO                 |  56662.761  |  55868.834
2019-01-10 00:56:08,190 - INFO - allennlp.training.trainer - Scaled_Cross_Entropy |   667.049  |  2260.317
2019-01-10 00:56:08,213 - INFO - allennlp.training.trainer - Epoch duration: 00:00:48
2019-01-10 00:56:08,213 - INFO - allennlp.training.trainer - Estimated training time remaining: 4:26:12
2019-01-10 00:56:08,213 - INFO - allennlp.training.trainer - Epoch 11/199
2019-01-10 00:56:08,213 - INFO - allennlp.training.trainer - Peak CPU memory usage MB: 8734.608
2019-01-10 00:56:08,444 - INFO - allennlp.training.trainer - GPU 0 memory usage MB: 20
2019-01-10 00:56:08,444 - INFO - allennlp.training.trainer - GPU 1 memory usage MB: 1527
2019-01-10 00:56:08,445 - INFO - allennlp.training.trainer - Training
2019-01-10 00:56:54,543 - INFO - allennlp.training.trainer - Validating
2019-01-10 00:56:56,189 - INFO - allennlp.training.trainer -                          Training |  Validation
2019-01-10 00:56:56,189 - INFO - allennlp.training.trainer - loss                 |  57264.338  |  59408.140
2019-01-10 00:56:56,189 - INFO - allennlp.training.trainer - Reconstruction       |   565.769  |   552.415
2019-01-10 00:56:56,189 - INFO - allennlp.training.trainer - KL-Divergence        |    16.212  |     5.210
2019-01-10 00:56:56,189 - INFO - allennlp.training.trainer - Accuracy             |     0.875  |     0.808
2019-01-10 00:56:56,189 - INFO - allennlp.training.trainer - ELBO                 |  56637.637  |  55831.866
2019-01-10 00:56:56,189 - INFO - allennlp.training.trainer - Scaled_Cross_Entropy |   626.701  |  3576.273
2019-01-10 00:56:56,214 - INFO - allennlp.training.trainer - Epoch duration: 00:00:48
2019-01-10 00:56:56,214 - INFO - allennlp.training.trainer - Estimated training time remaining: 4:15:15
2019-01-10 00:56:56,214 - INFO - allennlp.training.trainer - Epoch 12/199
2019-01-10 00:56:56,214 - INFO - allennlp.training.trainer - Peak CPU memory usage MB: 8734.608
2019-01-10 00:56:56,445 - INFO - allennlp.training.trainer - GPU 0 memory usage MB: 20
2019-01-10 00:56:56,446 - INFO - allennlp.training.trainer - GPU 1 memory usage MB: 1527
2019-01-10 00:56:56,447 - INFO - allennlp.training.trainer - Training
2019-01-10 00:57:43,865 - INFO - allennlp.training.trainer - Validating
2019-01-10 00:57:45,582 - INFO - allennlp.training.trainer -                          Training |  Validation
2019-01-10 00:57:45,583 - INFO - allennlp.training.trainer - loss                 |  57224.792  |  58042.146
2019-01-10 00:57:45,583 - INFO - allennlp.training.trainer - Reconstruction       |   565.134  |   552.193
2019-01-10 00:57:45,583 - INFO - allennlp.training.trainer - KL-Divergence        |     9.909  |     5.135
2019-01-10 00:57:45,583 - INFO - allennlp.training.trainer - Accuracy             |     0.876  |     0.849
2019-01-10 00:57:45,583 - INFO - allennlp.training.trainer - ELBO                 |  56616.322  |  55802.110
2019-01-10 00:57:45,583 - INFO - allennlp.training.trainer - Scaled_Cross_Entropy |   608.470  |  2240.036
2019-01-10 00:57:45,607 - INFO - allennlp.training.trainer - Epoch duration: 00:00:49
2019-01-10 00:57:45,608 - INFO - allennlp.training.trainer - Estimated training time remaining: 4:06:12
2019-01-10 00:57:45,608 - INFO - allennlp.training.trainer - Epoch 13/199
2019-01-10 00:57:45,608 - INFO - allennlp.training.trainer - Peak CPU memory usage MB: 8734.612
2019-01-10 00:57:45,859 - INFO - allennlp.training.trainer - GPU 0 memory usage MB: 20
2019-01-10 00:57:45,859 - INFO - allennlp.training.trainer - GPU 1 memory usage MB: 1527
2019-01-10 00:57:45,860 - INFO - allennlp.training.trainer - Training
2019-01-10 00:58:32,330 - INFO - allennlp.training.trainer - Validating
2019-01-10 00:58:34,034 - INFO - allennlp.training.trainer -                          Training |  Validation
2019-01-10 00:58:34,035 - INFO - allennlp.training.trainer - loss                 |  57257.270  |  57930.820
2019-01-10 00:58:34,035 - INFO - allennlp.training.trainer - Reconstruction       |   564.776  |   552.137
2019-01-10 00:58:34,035 - INFO - allennlp.training.trainer - KL-Divergence        |     9.824  |     5.122
2019-01-10 00:58:34,035 - INFO - allennlp.training.trainer - Accuracy             |     0.872  |     0.850
2019-01-10 00:58:34,035 - INFO - allennlp.training.trainer - ELBO                 |  56587.459  |  55795.210
2019-01-10 00:58:34,035 - INFO - allennlp.training.trainer - Scaled_Cross_Entropy |   669.812  |  2135.609
2019-01-10 00:58:34,060 - INFO - allennlp.training.trainer - Epoch duration: 00:00:48
2019-01-10 00:58:34,060 - INFO - allennlp.training.trainer - Estimated training time remaining: 3:58:08
2019-01-10 00:58:34,061 - INFO - allennlp.training.trainer - Epoch 14/199
2019-01-10 00:58:34,061 - INFO - allennlp.training.trainer - Peak CPU memory usage MB: 8734.616
2019-01-10 00:58:34,287 - INFO - allennlp.training.trainer - GPU 0 memory usage MB: 20
2019-01-10 00:58:34,287 - INFO - allennlp.training.trainer - GPU 1 memory usage MB: 1527
2019-01-10 00:58:34,288 - INFO - allennlp.training.trainer - Training
2019-01-10 00:59:20,831 - INFO - allennlp.training.trainer - Validating
2019-01-10 00:59:22,498 - INFO - allennlp.training.trainer -                          Training |  Validation
2019-01-10 00:59:22,500 - INFO - allennlp.training.trainer - loss                 |  57235.094  |  59131.571
2019-01-10 00:59:22,500 - INFO - allennlp.training.trainer - Reconstruction       |   563.981  |   551.705
2019-01-10 00:59:22,500 - INFO - allennlp.training.trainer - KL-Divergence        |     9.856  |     5.223
2019-01-10 00:59:22,501 - INFO - allennlp.training.trainer - Accuracy             |     0.874  |     0.810
2019-01-10 00:59:22,501 - INFO - allennlp.training.trainer - ELBO                 |  56568.008  |  55762.141
2019-01-10 00:59:22,501 - INFO - allennlp.training.trainer - Scaled_Cross_Entropy |   667.085  |  3369.431
2019-01-10 00:59:22,524 - INFO - allennlp.training.trainer - Epoch duration: 00:00:48
2019-01-10 00:59:22,524 - INFO - allennlp.training.trainer - Estimated training time remaining: 3:51:01
2019-01-10 00:59:22,524 - INFO - allennlp.training.trainer - Epoch 15/199
2019-01-10 00:59:22,524 - INFO - allennlp.training.trainer - Peak CPU memory usage MB: 8734.868
2019-01-10 00:59:22,749 - INFO - allennlp.training.trainer - GPU 0 memory usage MB: 20
2019-01-10 00:59:22,749 - INFO - allennlp.training.trainer - GPU 1 memory usage MB: 1527
2019-01-10 00:59:22,750 - INFO - allennlp.training.trainer - Training
2019-01-10 01:00:08,936 - INFO - allennlp.training.trainer - Validating
2019-01-10 01:00:10,589 - INFO - allennlp.training.trainer -                          Training |  Validation
2019-01-10 01:00:10,589 - INFO - allennlp.training.trainer - loss                 |  57150.712  |  57859.563
2019-01-10 01:00:10,589 - INFO - allennlp.training.trainer - Reconstruction       |   563.378  |   551.581
2019-01-10 01:00:10,589 - INFO - allennlp.training.trainer - KL-Divergence        |     9.961  |     5.368
2019-01-10 01:00:10,589 - INFO - allennlp.training.trainer - Accuracy             |     0.880  |     0.856
2019-01-10 01:00:10,589 - INFO - allennlp.training.trainer - ELBO                 |  56550.091  |  55764.167
2019-01-10 01:00:10,589 - INFO - allennlp.training.trainer - Scaled_Cross_Entropy |   600.621  |  2095.396
2019-01-10 01:00:10,613 - INFO - allennlp.training.trainer - Epoch duration: 00:00:48
2019-01-10 01:00:10,613 - INFO - allennlp.training.trainer - Estimated training time remaining: 3:44:38
2019-01-10 01:00:10,613 - INFO - allennlp.training.trainer - Epoch 16/199
2019-01-10 01:00:10,613 - INFO - allennlp.training.trainer - Peak CPU memory usage MB: 8734.868
2019-01-10 01:00:10,838 - INFO - allennlp.training.trainer - GPU 0 memory usage MB: 20
2019-01-10 01:00:10,838 - INFO - allennlp.training.trainer - GPU 1 memory usage MB: 1527
2019-01-10 01:00:10,839 - INFO - allennlp.training.trainer - Training
2019-01-10 01:00:57,083 - INFO - allennlp.training.trainer - Validating
2019-01-10 01:00:58,729 - INFO - allennlp.training.trainer -                          Training |  Validation
2019-01-10 01:00:58,729 - INFO - allennlp.training.trainer - loss                 |  57124.772  |  57730.678
2019-01-10 01:00:58,729 - INFO - allennlp.training.trainer - Reconstruction       |   563.362  |   551.388
2019-01-10 01:00:58,729 - INFO - allennlp.training.trainer - KL-Divergence        |     9.455  |     5.238
2019-01-10 01:00:58,729 - INFO - allennlp.training.trainer - Accuracy             |     0.879  |     0.857
2019-01-10 01:00:58,730 - INFO - allennlp.training.trainer - ELBO                 |  56535.846  |  55731.896
2019-01-10 01:00:58,730 - INFO - allennlp.training.trainer - Scaled_Cross_Entropy |   588.926  |  1998.781
2019-01-10 01:00:58,755 - INFO - allennlp.training.trainer - Epoch duration: 00:00:48
2019-01-10 01:00:58,755 - INFO - allennlp.training.trainer - Estimated training time remaining: 3:38:54
2019-01-10 01:00:58,755 - INFO - allennlp.training.trainer - Epoch 17/199
2019-01-10 01:00:58,755 - INFO - allennlp.training.trainer - Peak CPU memory usage MB: 8734.868
2019-01-10 01:00:58,978 - INFO - allennlp.training.trainer - GPU 0 memory usage MB: 20
2019-01-10 01:00:58,978 - INFO - allennlp.training.trainer - GPU 1 memory usage MB: 1527
2019-01-10 01:00:58,979 - INFO - allennlp.training.trainer - Training
2019-01-10 01:01:45,451 - INFO - allennlp.training.trainer - Validating
2019-01-10 01:01:47,129 - INFO - allennlp.training.trainer -                          Training |  Validation
2019-01-10 01:01:47,129 - INFO - allennlp.training.trainer - loss                 |  57177.133  |  57910.732
2019-01-10 01:01:47,129 - INFO - allennlp.training.trainer - Reconstruction       |   562.983  |   551.161
2019-01-10 01:01:47,129 - INFO - allennlp.training.trainer - KL-Divergence        |     9.375  |     5.246
2019-01-10 01:01:47,129 - INFO - allennlp.training.trainer - Accuracy             |     0.877  |     0.848
2019-01-10 01:01:47,130 - INFO - allennlp.training.trainer - ELBO                 |  56534.332  |  55710.098
2019-01-10 01:01:47,130 - INFO - allennlp.training.trainer - Scaled_Cross_Entropy |   642.802  |  2200.635
2019-01-10 01:01:47,154 - INFO - allennlp.training.trainer - Epoch duration: 00:00:48
2019-01-10 01:01:47,154 - INFO - allennlp.training.trainer - Estimated training time remaining: 3:33:46
2019-01-10 01:01:47,154 - INFO - allennlp.training.trainer - Epoch 18/199
2019-01-10 01:01:47,154 - INFO - allennlp.training.trainer - Peak CPU memory usage MB: 8734.868
2019-01-10 01:01:47,374 - INFO - allennlp.training.trainer - GPU 0 memory usage MB: 20
2019-01-10 01:01:47,375 - INFO - allennlp.training.trainer - GPU 1 memory usage MB: 1527
2019-01-10 01:01:47,375 - INFO - allennlp.training.trainer - Training
2019-01-10 01:02:34,187 - INFO - allennlp.training.trainer - Validating
2019-01-10 01:02:35,835 - INFO - allennlp.training.trainer -                          Training |  Validation
2019-01-10 01:02:35,837 - INFO - allennlp.training.trainer - loss                 |  57118.208  |  58218.058
2019-01-10 01:02:35,837 - INFO - allennlp.training.trainer - Reconstruction       |   562.670  |   551.171
2019-01-10 01:02:35,837 - INFO - allennlp.training.trainer - KL-Divergence        |     9.205  |     5.459
2019-01-10 01:02:35,837 - INFO - allennlp.training.trainer - Accuracy             |     0.880  |     0.847
2019-01-10 01:02:35,837 - INFO - allennlp.training.trainer - ELBO                 |  56517.405  |  55732.285
2019-01-10 01:02:35,838 - INFO - allennlp.training.trainer - Scaled_Cross_Entropy |   600.802  |  2485.774
2019-01-10 01:02:35,860 - INFO - allennlp.training.trainer - Epoch duration: 00:00:48
2019-01-10 01:02:35,860 - INFO - allennlp.training.trainer - Estimated training time remaining: 3:29:08
2019-01-10 01:02:35,860 - INFO - allennlp.training.trainer - Epoch 19/199
2019-01-10 01:02:35,861 - INFO - allennlp.training.trainer - Peak CPU memory usage MB: 8734.956
2019-01-10 01:02:36,091 - INFO - allennlp.training.trainer - GPU 0 memory usage MB: 20
2019-01-10 01:02:36,091 - INFO - allennlp.training.trainer - GPU 1 memory usage MB: 1527
2019-01-10 01:02:36,092 - INFO - allennlp.training.trainer - Training
2019-01-10 01:03:22,062 - INFO - allennlp.training.trainer - Validating
2019-01-10 01:03:23,753 - INFO - allennlp.training.trainer -                          Training |  Validation
2019-01-10 01:03:23,754 - INFO - allennlp.training.trainer - loss                 |  57123.344  |  58494.959
2019-01-10 01:03:23,754 - INFO - allennlp.training.trainer - Reconstruction       |   562.337  |   550.985
2019-01-10 01:03:23,754 - INFO - allennlp.training.trainer - KL-Divergence        |     9.088  |     5.486
2019-01-10 01:03:23,754 - INFO - allennlp.training.trainer - Accuracy             |     0.877  |     0.829
2019-01-10 01:03:23,754 - INFO - allennlp.training.trainer - ELBO                 |  56511.075  |  55716.394
2019-01-10 01:03:23,754 - INFO - allennlp.training.trainer - Scaled_Cross_Entropy |   612.269  |  2778.566
2019-01-10 01:03:23,778 - INFO - allennlp.training.trainer - Epoch duration: 00:00:47
2019-01-10 01:03:23,778 - INFO - allennlp.training.trainer - Estimated training time remaining: 3:24:46
2019-01-10 01:03:23,778 - INFO - allennlp.training.trainer - Epoch 20/199
2019-01-10 01:03:23,778 - INFO - allennlp.training.trainer - Peak CPU memory usage MB: 8735.128
2019-01-10 01:03:23,996 - INFO - allennlp.training.trainer - GPU 0 memory usage MB: 20
2019-01-10 01:03:23,996 - INFO - allennlp.training.trainer - GPU 1 memory usage MB: 1527
2019-01-10 01:03:23,996 - INFO - allennlp.training.trainer - Training
2019-01-10 01:04:10,199 - INFO - allennlp.training.trainer - Validating
2019-01-10 01:04:11,834 - INFO - allennlp.training.trainer -                          Training |  Validation
2019-01-10 01:04:11,834 - INFO - allennlp.training.trainer - loss                 |  57058.642  |  57978.062
2019-01-10 01:04:11,834 - INFO - allennlp.training.trainer - Reconstruction       |   561.652  |   550.839
2019-01-10 01:04:11,835 - INFO - allennlp.training.trainer - KL-Divergence        |     8.722  |     5.231
2019-01-10 01:04:11,835 - INFO - allennlp.training.trainer - Accuracy             |     0.884  |     0.843
2019-01-10 01:04:11,835 - INFO - allennlp.training.trainer - ELBO                 |  56504.268  |  55676.292
2019-01-10 01:04:11,835 - INFO - allennlp.training.trainer - Scaled_Cross_Entropy |   554.374  |  2301.771
2019-01-10 01:04:11,863 - INFO - allennlp.training.trainer - Epoch duration: 00:00:48
2019-01-10 01:04:11,864 - INFO - allennlp.training.trainer - Estimated training time remaining: 3:20:46
2019-01-10 01:04:11,864 - INFO - allennlp.training.trainer - Epoch 21/199
2019-01-10 01:04:11,864 - INFO - allennlp.training.trainer - Peak CPU memory usage MB: 8735.128
2019-01-10 01:04:12,081 - INFO - allennlp.training.trainer - GPU 0 memory usage MB: 20
2019-01-10 01:04:12,081 - INFO - allennlp.training.trainer - GPU 1 memory usage MB: 1527
2019-01-10 01:04:12,082 - INFO - allennlp.training.trainer - Training
2019-01-10 01:04:57,079 - INFO - allennlp.training.trainer - Validating
2019-01-10 01:04:58,727 - INFO - allennlp.training.trainer -                          Training |  Validation
2019-01-10 01:04:58,728 - INFO - allennlp.training.trainer - loss                 |  57134.184  |  57875.821
2019-01-10 01:04:58,728 - INFO - allennlp.training.trainer - Reconstruction       |   561.688  |   550.725
2019-01-10 01:04:58,728 - INFO - allennlp.training.trainer - KL-Divergence        |     8.329  |     5.351
2019-01-10 01:04:58,728 - INFO - allennlp.training.trainer - Accuracy             |     0.875  |     0.852
2019-01-10 01:04:58,728 - INFO - allennlp.training.trainer - ELBO                 |  56493.520  |  55676.978
2019-01-10 01:04:58,728 - INFO - allennlp.training.trainer - Scaled_Cross_Entropy |   640.664  |  2198.843
2019-01-10 01:04:58,757 - INFO - allennlp.training.trainer - Epoch duration: 00:00:46
2019-01-10 01:04:58,757 - INFO - allennlp.training.trainer - Estimated training time remaining: 3:16:53
2019-01-10 01:04:58,757 - INFO - allennlp.training.trainer - Epoch 22/199
2019-01-10 01:04:58,757 - INFO - allennlp.training.trainer - Peak CPU memory usage MB: 8735.128
2019-01-10 01:04:58,971 - INFO - allennlp.training.trainer - GPU 0 memory usage MB: 20
2019-01-10 01:04:58,971 - INFO - allennlp.training.trainer - GPU 1 memory usage MB: 1527
2019-01-10 01:04:58,972 - INFO - allennlp.training.trainer - Training
2019-01-10 01:05:44,877 - INFO - allennlp.training.trainer - Validating
2019-01-10 01:05:46,502 - INFO - allennlp.training.trainer -                          Training |  Validation
2019-01-10 01:05:46,502 - INFO - allennlp.training.trainer - loss                 |  57046.043  |  58211.513
2019-01-10 01:05:46,502 - INFO - allennlp.training.trainer - Reconstruction       |   561.167  |   550.484
2019-01-10 01:05:46,502 - INFO - allennlp.training.trainer - KL-Divergence        |     7.970  |     5.427
2019-01-10 01:05:46,502 - INFO - allennlp.training.trainer - Accuracy             |     0.882  |     0.837
2019-01-10 01:05:46,502 - INFO - allennlp.training.trainer - ELBO                 |  56484.910  |  55660.452
2019-01-10 01:05:46,502 - INFO - allennlp.training.trainer - Scaled_Cross_Entropy |   561.134  |  2551.061
2019-01-10 01:05:46,531 - INFO - allennlp.training.trainer - Epoch duration: 00:00:47
2019-01-10 01:05:46,532 - INFO - allennlp.training.trainer - Estimated training time remaining: 3:13:24
2019-01-10 01:05:46,532 - INFO - allennlp.training.trainer - Epoch 23/199
2019-01-10 01:05:46,532 - INFO - allennlp.training.trainer - Peak CPU memory usage MB: 8735.16
2019-01-10 01:05:46,747 - INFO - allennlp.training.trainer - GPU 0 memory usage MB: 20
2019-01-10 01:05:46,748 - INFO - allennlp.training.trainer - GPU 1 memory usage MB: 1527
2019-01-10 01:05:46,749 - INFO - allennlp.training.trainer - Training
2019-01-10 01:06:33,849 - INFO - allennlp.training.trainer - Validating
2019-01-10 01:06:35,483 - INFO - allennlp.training.trainer -                          Training |  Validation
2019-01-10 01:06:35,485 - INFO - allennlp.training.trainer - loss                 |  57048.265  |  58258.242
2019-01-10 01:06:35,485 - INFO - allennlp.training.trainer - Reconstruction       |   560.879  |   550.556
2019-01-10 01:06:35,485 - INFO - allennlp.training.trainer - KL-Divergence        |     7.751  |     5.246
2019-01-10 01:06:35,485 - INFO - allennlp.training.trainer - Accuracy             |     0.881  |     0.832
2019-01-10 01:06:35,486 - INFO - allennlp.training.trainer - ELBO                 |  56478.141  |  55649.466
2019-01-10 01:06:35,486 - INFO - allennlp.training.trainer - Scaled_Cross_Entropy |   570.124  |  2608.776
2019-01-10 01:06:35,513 - INFO - allennlp.training.trainer - Epoch duration: 00:00:48
2019-01-10 01:06:35,513 - INFO - allennlp.training.trainer - Estimated training time remaining: 3:10:17
2019-01-10 01:06:35,513 - INFO - allennlp.training.trainer - Epoch 24/199
2019-01-10 01:06:35,513 - INFO - allennlp.training.trainer - Peak CPU memory usage MB: 8735.168
2019-01-10 01:06:35,722 - INFO - allennlp.training.trainer - GPU 0 memory usage MB: 20
2019-01-10 01:06:35,723 - INFO - allennlp.training.trainer - GPU 1 memory usage MB: 1527
2019-01-10 01:06:35,723 - INFO - allennlp.training.trainer - Training
2019-01-10 01:07:21,658 - INFO - allennlp.training.trainer - Validating
2019-01-10 01:07:23,285 - INFO - allennlp.training.trainer -                          Training |  Validation
2019-01-10 01:07:23,286 - INFO - allennlp.training.trainer - loss                 |  57046.719  |  57726.685
2019-01-10 01:07:23,287 - INFO - allennlp.training.trainer - Reconstruction       |   560.702  |   550.284
2019-01-10 01:07:23,287 - INFO - allennlp.training.trainer - KL-Divergence        |     7.612  |     5.399
2019-01-10 01:07:23,287 - INFO - allennlp.training.trainer - Accuracy             |     0.880  |     0.855
2019-01-10 01:07:23,287 - INFO - allennlp.training.trainer - ELBO                 |  56472.966  |  55637.699
2019-01-10 01:07:23,287 - INFO - allennlp.training.trainer - Scaled_Cross_Entropy |   573.753  |  2088.987
2019-01-10 01:07:23,314 - INFO - allennlp.training.trainer - Epoch duration: 00:00:47
2019-01-10 01:07:23,314 - INFO - allennlp.training.trainer - Estimated training time remaining: 3:07:12
2019-01-10 01:07:23,314 - INFO - allennlp.training.trainer - Epoch 25/199
2019-01-10 01:07:23,314 - INFO - allennlp.training.trainer - Peak CPU memory usage MB: 8735.96
2019-01-10 01:07:23,532 - INFO - allennlp.training.trainer - GPU 0 memory usage MB: 20
2019-01-10 01:07:23,532 - INFO - allennlp.training.trainer - GPU 1 memory usage MB: 1527
2019-01-10 01:07:23,533 - INFO - allennlp.training.trainer - Training
2019-01-10 01:08:09,189 - INFO - allennlp.training.trainer - Validating
2019-01-10 01:08:10,816 - INFO - allennlp.training.trainer -                          Training |  Validation
2019-01-10 01:08:10,816 - INFO - allennlp.training.trainer - loss                 |  57011.234  |  57656.770
2019-01-10 01:08:10,816 - INFO - allennlp.training.trainer - Reconstruction       |   560.225  |   550.256
2019-01-10 01:08:10,816 - INFO - allennlp.training.trainer - KL-Divergence        |     7.297  |     5.352
2019-01-10 01:08:10,816 - INFO - allennlp.training.trainer - Accuracy             |     0.884  |     0.854
2019-01-10 01:08:10,816 - INFO - allennlp.training.trainer - ELBO                 |  56465.897  |  55630.072
2019-01-10 01:08:10,816 - INFO - allennlp.training.trainer - Scaled_Cross_Entropy |   545.337  |  2026.698
2019-01-10 01:08:10,845 - INFO - allennlp.training.trainer - Epoch duration: 00:00:47
2019-01-10 01:08:10,845 - INFO - allennlp.training.trainer - Estimated training time remaining: 3:04:17
2019-01-10 01:08:10,845 - INFO - allennlp.training.trainer - Epoch 26/199
2019-01-10 01:08:10,845 - INFO - allennlp.training.trainer - Peak CPU memory usage MB: 8735.96
2019-01-10 01:08:11,059 - INFO - allennlp.training.trainer - GPU 0 memory usage MB: 20
2019-01-10 01:08:11,060 - INFO - allennlp.training.trainer - GPU 1 memory usage MB: 1527
2019-01-10 01:08:11,060 - INFO - allennlp.training.trainer - Training
2019-01-10 01:08:57,238 - INFO - allennlp.training.trainer - Validating
2019-01-10 01:08:58,870 - INFO - allennlp.training.trainer -                          Training |  Validation
2019-01-10 01:08:58,870 - INFO - allennlp.training.trainer - loss                 |  57032.655  |  57767.677
2019-01-10 01:08:58,870 - INFO - allennlp.training.trainer - Reconstruction       |   559.719  |   550.034
2019-01-10 01:08:58,870 - INFO - allennlp.training.trainer - KL-Divergence        |     7.096  |     5.460
2019-01-10 01:08:58,870 - INFO - allennlp.training.trainer - Accuracy             |     0.881  |     0.853
2019-01-10 01:08:58,870 - INFO - allennlp.training.trainer - ELBO                 |  56460.280  |  55618.670
2019-01-10 01:08:58,870 - INFO - allennlp.training.trainer - Scaled_Cross_Entropy |   572.375  |  2149.006
2019-01-10 01:08:58,899 - INFO - allennlp.training.trainer - Epoch duration: 00:00:48
2019-01-10 01:08:58,899 - INFO - allennlp.training.trainer - Estimated training time remaining: 3:01:34
2019-01-10 01:08:58,899 - INFO - allennlp.training.trainer - Epoch 27/199
2019-01-10 01:08:58,899 - INFO - allennlp.training.trainer - Peak CPU memory usage MB: 8735.96
2019-01-10 01:08:59,108 - INFO - allennlp.training.trainer - GPU 0 memory usage MB: 20
2019-01-10 01:08:59,109 - INFO - allennlp.training.trainer - GPU 1 memory usage MB: 1527
2019-01-10 01:08:59,109 - INFO - allennlp.training.trainer - Training
2019-01-10 01:09:44,817 - INFO - allennlp.training.trainer - Validating
2019-01-10 01:09:46,439 - INFO - allennlp.training.trainer -                          Training |  Validation
2019-01-10 01:09:46,439 - INFO - allennlp.training.trainer - loss                 |  57069.080  |  60403.637
2019-01-10 01:09:46,439 - INFO - allennlp.training.trainer - Reconstruction       |   559.322  |   549.893
2019-01-10 01:09:46,439 - INFO - allennlp.training.trainer - KL-Divergence        |     7.072  |     5.481
2019-01-10 01:09:46,439 - INFO - allennlp.training.trainer - Accuracy             |     0.877  |     0.772
2019-01-10 01:09:46,440 - INFO - allennlp.training.trainer - ELBO                 |  56454.318  |  55606.741
2019-01-10 01:09:46,440 - INFO - allennlp.training.trainer - Scaled_Cross_Entropy |   614.762  |  4796.896
2019-01-10 01:09:46,468 - INFO - allennlp.training.trainer - Epoch duration: 00:00:47
2019-01-10 01:09:46,468 - INFO - allennlp.training.trainer - Estimated training time remaining: 2:58:56
2019-01-10 01:09:46,468 - INFO - allennlp.training.trainer - Epoch 28/199
2019-01-10 01:09:46,468 - INFO - allennlp.training.trainer - Peak CPU memory usage MB: 8735.968
2019-01-10 01:09:46,697 - INFO - allennlp.training.trainer - GPU 0 memory usage MB: 20
2019-01-10 01:09:46,697 - INFO - allennlp.training.trainer - GPU 1 memory usage MB: 1527
2019-01-10 01:09:46,698 - INFO - allennlp.training.trainer - Training
2019-01-10 01:10:32,371 - INFO - allennlp.training.trainer - Validating
2019-01-10 01:10:33,987 - INFO - allennlp.training.trainer - Ran out of patience.  Stopping training.
2019-01-10 01:10:33,988 - INFO - allennlp.models.archival - archiving weights and vocabulary to experiments/semi_supervised/boe_trials/results/boe1/model.tar.gz
2019-01-10 01:10:34,972 - INFO - allennlp.commands.train - Loading the best epoch weights.
2019-01-10 01:10:34,985 - INFO - allennlp.common.util - Metrics: {
  "training_duration": "00:29:07",
  "training_start_epoch": 0,
  "training_epochs": 27,
  "epoch": 27,
  "training_KL-Divergence": 7.072144508361816,
  "training_Reconstruction": 559.3224487304688,
  "training_Accuracy": 0.87685,
  "training_Scaled_Cross_Entropy": 614.7619018554688,
  "training_ELBO": 56454.31799538352,
  "training_loss": 57069.08017755682,
  "validation_KL-Divergence": 5.480821132659912,
  "validation_Reconstruction": 549.8934936523438,
  "validation_Accuracy": 0.7722,
  "validation_Scaled_Cross_Entropy": 4796.8955078125,
  "validation_ELBO": 55606.74109375,
  "validation_loss": 60403.637109375,
  "best_epoch": 8,
  "best_validation_KL-Divergence": 4.871142864227295,
  "best_validation_Reconstruction": 552.976318359375,
  "best_validation_Accuracy": 0.8594,
  "best_validation_Scaled_Cross_Entropy": 2246.110107421875,
  "best_validation_ELBO": 55854.07078125,
  "best_validation_loss": 58100.18078125
}
