2019-01-11 15:51:55,323 - INFO - allennlp.common.from_params - instantiating class <class 'allennlp.data.dataset_readers.dataset_reader.DatasetReader'> from params {'type': 'document_reader'} and extras {}
2019-01-11 15:51:55,323 - INFO - allennlp.common.params - dataset_reader.type = document_reader
2019-01-11 15:51:55,323 - INFO - allennlp.common.from_params - instantiating class <class 'library.dataset_readers.document_reader.DocumentReader'> from params {} and extras {}
2019-01-11 15:51:55,324 - INFO - allennlp.common.params - dataset_reader.lazy = False
2019-01-11 15:51:55,324 - INFO - allennlp.common.params - dataset_reader.token_indexers = <allennlp.common.params.Params object at 0x7fddd1afaba8>
2019-01-11 15:51:55,324 - INFO - allennlp.common.params - dataset_reader.use_stopless_tokens = True
2019-01-11 15:51:55,619 - INFO - allennlp.common.params - validation_dataset_reader = None
2019-01-11 15:51:55,619 - INFO - allennlp.common.params - train_data_path = /data/dangt7/IMDB/train_labelled.filtered.jsonl
2019-01-11 15:51:55,619 - INFO - allennlp.commands.train - Reading training data from /data/dangt7/IMDB/train_labelled.filtered.jsonl
2019-01-11 15:51:55,619 - INFO - library.dataset_readers.document_reader - Reading instances from lines in file: /data/dangt7/IMDB/train_labelled.filtered.jsonl
2019-01-11 15:52:59,996 - INFO - allennlp.common.params - validation_data_path = /data/dangt7/IMDB/valid.filtered.jsonl
2019-01-11 15:52:59,996 - INFO - allennlp.commands.train - Reading validation data from /data/dangt7/IMDB/valid.filtered.jsonl
2019-01-11 15:52:59,996 - INFO - library.dataset_readers.document_reader - Reading instances from lines in file: /data/dangt7/IMDB/valid.filtered.jsonl
2019-01-11 15:53:15,917 - INFO - allennlp.common.params - test_data_path = None
2019-01-11 15:53:15,917 - INFO - allennlp.commands.train - From dataset instances, train, validation will be considered for vocabulary creation.
2019-01-11 15:53:15,917 - INFO - allennlp.common.params - vocabulary.type = None
2019-01-11 15:53:15,917 - INFO - allennlp.common.params - vocabulary.extend = False
2019-01-11 15:53:15,917 - INFO - allennlp.common.params - vocabulary.directory_path = None
2019-01-11 15:53:15,917 - INFO - allennlp.common.params - vocabulary.min_count = None
2019-01-11 15:53:15,917 - INFO - allennlp.common.params - vocabulary.max_vocab_size = 10000
2019-01-11 15:53:15,917 - INFO - allennlp.common.params - vocabulary.non_padded_namespaces = ('*tags', '*labels')
2019-01-11 15:53:15,917 - INFO - allennlp.common.params - vocabulary.min_pretrained_embeddings = None
2019-01-11 15:53:15,917 - INFO - allennlp.common.params - vocabulary.only_include_pretrained_words = False
2019-01-11 15:53:15,917 - INFO - allennlp.common.params - vocabulary.tokens_to_add = None
2019-01-11 15:53:15,917 - INFO - allennlp.data.vocabulary - Fitting token dictionary from dataset.
2019-01-11 15:53:19,366 - INFO - allennlp.common.from_params - instantiating class <class 'allennlp.models.model.Model'> from params {'classification_layer': {'activations': ['linear'], 'hidden_dims': [2], 'input_dim': 300, 'num_layers': 1}, 'encoder': {'embedding_dim': 300, 'num_filters': 32, 'output_dim': 300, 'type': 'cnn'}, 'text_field_embedder': {'tokens': {'embedding_dim': 300, 'pretrained_file': '/data/dangt7/glove/glove.6B.300d.txt', 'trainable': True, 'type': 'embedding', 'vocab_namespace': 'tokens'}}, 'type': 'seq2vec_classifier'} and extras {'vocab': <allennlp.data.vocabulary.Vocabulary object at 0x7fddd1afa278>}
2019-01-11 15:53:19,366 - INFO - allennlp.common.params - model.type = seq2vec_classifier
2019-01-11 15:53:19,366 - INFO - allennlp.common.from_params - instantiating class <class 'library.models.baselines.Seq2VecClassifier'> from params {'classification_layer': {'activations': ['linear'], 'hidden_dims': [2], 'input_dim': 300, 'num_layers': 1}, 'encoder': {'embedding_dim': 300, 'num_filters': 32, 'output_dim': 300, 'type': 'cnn'}, 'text_field_embedder': {'tokens': {'embedding_dim': 300, 'pretrained_file': '/data/dangt7/glove/glove.6B.300d.txt', 'trainable': True, 'type': 'embedding', 'vocab_namespace': 'tokens'}}} and extras {'vocab': <allennlp.data.vocabulary.Vocabulary object at 0x7fddd1afa278>}
2019-01-11 15:53:19,366 - INFO - allennlp.common.from_params - instantiating class <class 'allennlp.modules.seq2vec_encoders.seq2vec_encoder.Seq2VecEncoder'> from params {'embedding_dim': 300, 'num_filters': 32, 'output_dim': 300, 'type': 'cnn'} and extras {'vocab': <allennlp.data.vocabulary.Vocabulary object at 0x7fddd1afa278>}
2019-01-11 15:53:19,366 - INFO - allennlp.common.params - model.encoder.type = cnn
2019-01-11 15:53:19,366 - INFO - allennlp.common.from_params - instantiating class <class 'allennlp.modules.seq2vec_encoders.cnn_encoder.CnnEncoder'> from params {'embedding_dim': 300, 'num_filters': 32, 'output_dim': 300} and extras {'vocab': <allennlp.data.vocabulary.Vocabulary object at 0x7fddd1afa278>}
2019-01-11 15:53:19,366 - INFO - allennlp.common.params - model.encoder.embedding_dim = 300
2019-01-11 15:53:19,366 - INFO - allennlp.common.params - model.encoder.num_filters = 32
2019-01-11 15:53:19,366 - INFO - allennlp.common.params - model.encoder.ngram_filter_sizes = (2, 3, 4, 5)
2019-01-11 15:53:19,366 - INFO - allennlp.common.params - model.encoder.output_dim = 300
2019-01-11 15:53:19,367 - INFO - allennlp.common.registrable - instantiating registered subclass relu of <class 'allennlp.nn.activations.Activation'>
2019-01-11 15:53:19,369 - INFO - allennlp.common.params - model.classification_layer.input_dim = 300
2019-01-11 15:53:19,369 - INFO - allennlp.common.params - model.classification_layer.num_layers = 1
2019-01-11 15:53:19,369 - INFO - allennlp.common.params - model.classification_layer.hidden_dims = [2]
2019-01-11 15:53:19,369 - INFO - allennlp.common.params - model.classification_layer.activations = ['linear']
2019-01-11 15:53:19,369 - INFO - allennlp.common.params - model.classification_layer.dropout = 0.0
2019-01-11 15:53:19,369 - INFO - allennlp.common.registrable - instantiating registered subclass linear of <class 'allennlp.nn.activations.Activation'>
2019-01-11 15:53:19,369 - INFO - allennlp.common.from_params - instantiating class <class 'allennlp.modules.text_field_embedders.text_field_embedder.TextFieldEmbedder'> from params {'tokens': {'embedding_dim': 300, 'pretrained_file': '/data/dangt7/glove/glove.6B.300d.txt', 'trainable': True, 'type': 'embedding', 'vocab_namespace': 'tokens'}} and extras {'vocab': <allennlp.data.vocabulary.Vocabulary object at 0x7fddd1afa278>}
2019-01-11 15:53:19,369 - INFO - allennlp.common.params - model.text_field_embedder.type = basic
2019-01-11 15:53:19,369 - INFO - allennlp.common.params - model.text_field_embedder.embedder_to_indexer_map = None
2019-01-11 15:53:19,369 - INFO - allennlp.common.params - model.text_field_embedder.allow_unmatched_keys = False
2019-01-11 15:53:19,369 - INFO - allennlp.common.params - model.text_field_embedder.token_embedders = None
2019-01-11 15:53:19,370 - INFO - allennlp.common.from_params - instantiating class <class 'allennlp.modules.token_embedders.token_embedder.TokenEmbedder'> from params {'embedding_dim': 300, 'pretrained_file': '/data/dangt7/glove/glove.6B.300d.txt', 'trainable': True, 'type': 'embedding', 'vocab_namespace': 'tokens'} and extras {'vocab': <allennlp.data.vocabulary.Vocabulary object at 0x7fddd1afa278>}
2019-01-11 15:53:19,370 - INFO - allennlp.common.params - model.text_field_embedder.tokens.type = embedding
2019-01-11 15:53:19,370 - INFO - allennlp.common.params - model.text_field_embedder.tokens.num_embeddings = None
2019-01-11 15:53:19,370 - INFO - allennlp.common.params - model.text_field_embedder.tokens.vocab_namespace = tokens
2019-01-11 15:53:19,370 - INFO - allennlp.common.params - model.text_field_embedder.tokens.embedding_dim = 300
2019-01-11 15:53:19,370 - INFO - allennlp.common.params - model.text_field_embedder.tokens.pretrained_file = /data/dangt7/glove/glove.6B.300d.txt
2019-01-11 15:53:19,370 - INFO - allennlp.common.params - model.text_field_embedder.tokens.projection_dim = None
2019-01-11 15:53:19,370 - INFO - allennlp.common.params - model.text_field_embedder.tokens.trainable = True
2019-01-11 15:53:19,370 - INFO - allennlp.common.params - model.text_field_embedder.tokens.padding_index = None
2019-01-11 15:53:19,370 - INFO - allennlp.common.params - model.text_field_embedder.tokens.max_norm = None
2019-01-11 15:53:19,370 - INFO - allennlp.common.params - model.text_field_embedder.tokens.norm_type = 2.0
2019-01-11 15:53:19,370 - INFO - allennlp.common.params - model.text_field_embedder.tokens.scale_grad_by_freq = False
2019-01-11 15:53:19,370 - INFO - allennlp.common.params - model.text_field_embedder.tokens.sparse = False
2019-01-11 15:53:19,371 - INFO - allennlp.modules.token_embedders.embedding - Reading pretrained embeddings from file
2019-01-11 15:53:20,987 - INFO - allennlp.modules.token_embedders.embedding - Initializing pre-trained embedding layer
2019-01-11 15:53:21,065 - INFO - allennlp.modules.token_embedders.embedding - Pretrained embeddings were found for 9962 out of 10002 tokens
2019-01-11 15:53:21,067 - INFO - allennlp.nn.initializers - Initializing parameters
2019-01-11 15:53:21,067 - INFO - allennlp.nn.initializers - Done initializing parameters; the following parameters are using their default initialization from their code
2019-01-11 15:53:21,067 - INFO - allennlp.nn.initializers -    classification_layer._linear_layers.0.bias
2019-01-11 15:53:21,067 - INFO - allennlp.nn.initializers -    classification_layer._linear_layers.0.weight
2019-01-11 15:53:21,067 - INFO - allennlp.nn.initializers -    encoder.conv_layer_0.bias
2019-01-11 15:53:21,067 - INFO - allennlp.nn.initializers -    encoder.conv_layer_0.weight
2019-01-11 15:53:21,067 - INFO - allennlp.nn.initializers -    encoder.conv_layer_1.bias
2019-01-11 15:53:21,067 - INFO - allennlp.nn.initializers -    encoder.conv_layer_1.weight
2019-01-11 15:53:21,067 - INFO - allennlp.nn.initializers -    encoder.conv_layer_2.bias
2019-01-11 15:53:21,067 - INFO - allennlp.nn.initializers -    encoder.conv_layer_2.weight
2019-01-11 15:53:21,067 - INFO - allennlp.nn.initializers -    encoder.conv_layer_3.bias
2019-01-11 15:53:21,068 - INFO - allennlp.nn.initializers -    encoder.conv_layer_3.weight
2019-01-11 15:53:21,068 - INFO - allennlp.nn.initializers -    encoder.projection_layer.bias
2019-01-11 15:53:21,068 - INFO - allennlp.nn.initializers -    encoder.projection_layer.weight
2019-01-11 15:53:21,068 - INFO - allennlp.nn.initializers -    text_field_embedder.token_embedder_tokens.weight
2019-01-11 15:53:21,085 - INFO - allennlp.common.from_params - instantiating class <class 'allennlp.data.iterators.data_iterator.DataIterator'> from params {'batch_size': 100, 'type': 'basic'} and extras {}
2019-01-11 15:53:21,085 - INFO - allennlp.common.params - iterator.type = basic
2019-01-11 15:53:21,086 - INFO - allennlp.common.from_params - instantiating class <class 'allennlp.data.iterators.basic_iterator.BasicIterator'> from params {'batch_size': 100} and extras {}
2019-01-11 15:53:21,086 - INFO - allennlp.common.params - iterator.batch_size = 100
2019-01-11 15:53:21,086 - INFO - allennlp.common.params - iterator.instances_per_epoch = None
2019-01-11 15:53:21,086 - INFO - allennlp.common.params - iterator.max_instances_in_memory = None
2019-01-11 15:53:21,086 - INFO - allennlp.common.params - iterator.cache_instances = False
2019-01-11 15:53:21,086 - INFO - allennlp.common.params - iterator.track_epoch = False
2019-01-11 15:53:21,086 - INFO - allennlp.common.params - iterator.maximum_samples_per_batch = None
2019-01-11 15:53:21,086 - INFO - allennlp.common.params - validation_iterator = None
2019-01-11 15:53:21,086 - INFO - allennlp.common.params - trainer.no_grad = ()
2019-01-11 15:53:21,086 - INFO - allennlp.commands.train - Following parameters are Frozen  (without gradient):
2019-01-11 15:53:21,086 - INFO - allennlp.commands.train - Following parameters are Tunable (with gradient):
2019-01-11 15:53:21,086 - INFO - allennlp.commands.train - encoder.conv_layer_0.weight
2019-01-11 15:53:21,086 - INFO - allennlp.commands.train - encoder.conv_layer_0.bias
2019-01-11 15:53:21,086 - INFO - allennlp.commands.train - encoder.conv_layer_1.weight
2019-01-11 15:53:21,086 - INFO - allennlp.commands.train - encoder.conv_layer_1.bias
2019-01-11 15:53:21,086 - INFO - allennlp.commands.train - encoder.conv_layer_2.weight
2019-01-11 15:53:21,087 - INFO - allennlp.commands.train - encoder.conv_layer_2.bias
2019-01-11 15:53:21,087 - INFO - allennlp.commands.train - encoder.conv_layer_3.weight
2019-01-11 15:53:21,087 - INFO - allennlp.commands.train - encoder.conv_layer_3.bias
2019-01-11 15:53:21,087 - INFO - allennlp.commands.train - encoder.projection_layer.weight
2019-01-11 15:53:21,087 - INFO - allennlp.commands.train - encoder.projection_layer.bias
2019-01-11 15:53:21,087 - INFO - allennlp.commands.train - classification_layer._linear_layers.0.weight
2019-01-11 15:53:21,087 - INFO - allennlp.commands.train - classification_layer._linear_layers.0.bias
2019-01-11 15:53:21,087 - INFO - allennlp.commands.train - text_field_embedder.token_embedder_tokens.weight
2019-01-11 15:53:21,087 - INFO - allennlp.common.params - trainer.patience = 20
2019-01-11 15:53:21,087 - INFO - allennlp.common.params - trainer.validation_metric = +accuracy
2019-01-11 15:53:21,087 - INFO - allennlp.common.params - trainer.shuffle = True
2019-01-11 15:53:21,087 - INFO - allennlp.common.params - trainer.num_epochs = 200
2019-01-11 15:53:21,087 - INFO - allennlp.common.params - trainer.cuda_device = 0
2019-01-11 15:53:21,087 - INFO - allennlp.common.params - trainer.grad_norm = None
2019-01-11 15:53:21,087 - INFO - allennlp.common.params - trainer.grad_clipping = None
2019-01-11 15:53:21,087 - INFO - allennlp.common.params - trainer.learning_rate_scheduler = None
2019-01-11 15:53:22,915 - INFO - allennlp.common.params - trainer.optimizer.type = adam
2019-01-11 15:53:22,915 - INFO - allennlp.common.params - trainer.optimizer.parameter_groups = None
2019-01-11 15:53:22,915 - INFO - allennlp.training.optimizers - Number of trainable parameters: 3174430
2019-01-11 15:53:22,915 - INFO - allennlp.common.registrable - instantiating registered subclass adam of <class 'allennlp.training.optimizers.Optimizer'>
2019-01-11 15:53:22,915 - INFO - allennlp.common.params - Converting Params object to dict; logging of default values will not occur when dictionary parameters are used subsequently.
2019-01-11 15:53:22,915 - INFO - allennlp.common.params - CURRENTLY DEFINED PARAMETERS: 
2019-01-11 15:53:22,915 - INFO - allennlp.common.params - trainer.optimizer.lr = 0.001
2019-01-11 15:53:22,915 - INFO - allennlp.common.params - trainer.optimizer.weight_decay = 0.001
2019-01-11 15:53:22,915 - INFO - allennlp.common.params - trainer.num_serialized_models_to_keep = 20
2019-01-11 15:53:22,915 - INFO - allennlp.common.params - trainer.keep_serialized_model_every_num_seconds = None
2019-01-11 15:53:22,915 - INFO - allennlp.common.params - trainer.model_save_interval = None
2019-01-11 15:53:22,916 - INFO - allennlp.common.params - trainer.summary_interval = 100
2019-01-11 15:53:22,916 - INFO - allennlp.common.params - trainer.histogram_interval = None
2019-01-11 15:53:22,916 - INFO - allennlp.common.params - trainer.should_log_parameter_statistics = True
2019-01-11 15:53:22,916 - INFO - allennlp.common.params - trainer.should_log_learning_rate = False
2019-01-11 15:53:22,917 - INFO - allennlp.common.params - evaluate_on_test = False
2019-01-11 15:53:22,917 - INFO - allennlp.training.trainer - Beginning training.
2019-01-11 15:53:22,917 - INFO - allennlp.training.trainer - Epoch 0/199
2019-01-11 15:53:22,917 - INFO - allennlp.training.trainer - Peak CPU memory usage MB: 3008.38
2019-01-11 15:53:23,012 - INFO - allennlp.training.trainer - GPU 0 memory usage MB: 20
2019-01-11 15:53:23,013 - INFO - allennlp.training.trainer - GPU 1 memory usage MB: 545
2019-01-11 15:53:23,013 - INFO - allennlp.training.trainer - Training
2019-01-11 15:53:37,835 - INFO - allennlp.training.trainer - Validating
2019-01-11 15:53:39,392 - INFO - allennlp.training.trainer -              Training |  Validation
2019-01-11 15:53:39,393 - INFO - allennlp.training.trainer - loss     |     0.403  |     0.323
2019-01-11 15:53:39,393 - INFO - allennlp.training.trainer - accuracy |     0.812  |     0.863
2019-01-11 15:53:39,446 - INFO - allennlp.training.trainer - Best validation performance so far. Copying weights to 'experiments/supervised/cnn_trials/results/cnn7/best.th'.
2019-01-11 15:53:39,452 - INFO - allennlp.training.trainer - Epoch duration: 00:00:16
2019-01-11 15:53:39,453 - INFO - allennlp.training.trainer - Estimated training time remaining: 0:54:50
2019-01-11 15:53:39,453 - INFO - allennlp.training.trainer - Epoch 1/199
2019-01-11 15:53:39,453 - INFO - allennlp.training.trainer - Peak CPU memory usage MB: 3126.26
2019-01-11 15:53:39,547 - INFO - allennlp.training.trainer - GPU 0 memory usage MB: 20
2019-01-11 15:53:39,548 - INFO - allennlp.training.trainer - GPU 1 memory usage MB: 4129
2019-01-11 15:53:39,548 - INFO - allennlp.training.trainer - Training
2019-01-11 15:53:50,579 - INFO - allennlp.training.trainer - Validating
2019-01-11 15:53:51,364 - INFO - allennlp.training.trainer -              Training |  Validation
2019-01-11 15:53:51,364 - INFO - allennlp.training.trainer - loss     |     0.256  |     0.317
2019-01-11 15:53:51,365 - INFO - allennlp.training.trainer - accuracy |     0.896  |     0.863
2019-01-11 15:53:51,382 - INFO - allennlp.training.trainer - Epoch duration: 00:00:11
2019-01-11 15:53:51,382 - INFO - allennlp.training.trainer - Estimated training time remaining: 0:46:58
2019-01-11 15:53:51,382 - INFO - allennlp.training.trainer - Epoch 2/199
2019-01-11 15:53:51,383 - INFO - allennlp.training.trainer - Peak CPU memory usage MB: 3126.26
2019-01-11 15:53:51,484 - INFO - allennlp.training.trainer - GPU 0 memory usage MB: 20
2019-01-11 15:53:51,484 - INFO - allennlp.training.trainer - GPU 1 memory usage MB: 4129
2019-01-11 15:53:51,485 - INFO - allennlp.training.trainer - Training
2019-01-11 15:54:02,691 - INFO - allennlp.training.trainer - Validating
2019-01-11 15:54:03,477 - INFO - allennlp.training.trainer -              Training |  Validation
2019-01-11 15:54:03,478 - INFO - allennlp.training.trainer - loss     |     0.191  |     0.341
2019-01-11 15:54:03,478 - INFO - allennlp.training.trainer - accuracy |     0.926  |     0.858
2019-01-11 15:54:03,496 - INFO - allennlp.training.trainer - Epoch duration: 00:00:12
2019-01-11 15:54:03,496 - INFO - allennlp.training.trainer - Estimated training time remaining: 0:44:24
2019-01-11 15:54:03,496 - INFO - allennlp.training.trainer - Epoch 3/199
2019-01-11 15:54:03,496 - INFO - allennlp.training.trainer - Peak CPU memory usage MB: 3126.26
2019-01-11 15:54:03,598 - INFO - allennlp.training.trainer - GPU 0 memory usage MB: 20
2019-01-11 15:54:03,598 - INFO - allennlp.training.trainer - GPU 1 memory usage MB: 4129
2019-01-11 15:54:03,598 - INFO - allennlp.training.trainer - Training
2019-01-11 15:54:14,746 - INFO - allennlp.training.trainer - Validating
2019-01-11 15:54:15,532 - INFO - allennlp.training.trainer -              Training |  Validation
2019-01-11 15:54:15,533 - INFO - allennlp.training.trainer - loss     |     0.127  |     0.325
2019-01-11 15:54:15,533 - INFO - allennlp.training.trainer - accuracy |     0.957  |     0.874
2019-01-11 15:54:15,551 - INFO - allennlp.training.trainer - Best validation performance so far. Copying weights to 'experiments/supervised/cnn_trials/results/cnn7/best.th'.
2019-01-11 15:54:15,560 - INFO - allennlp.training.trainer - Epoch duration: 00:00:12
2019-01-11 15:54:15,560 - INFO - allennlp.training.trainer - Estimated training time remaining: 0:42:59
2019-01-11 15:54:15,560 - INFO - allennlp.training.trainer - Epoch 4/199
2019-01-11 15:54:15,560 - INFO - allennlp.training.trainer - Peak CPU memory usage MB: 3126.26
2019-01-11 15:54:15,658 - INFO - allennlp.training.trainer - GPU 0 memory usage MB: 20
2019-01-11 15:54:15,658 - INFO - allennlp.training.trainer - GPU 1 memory usage MB: 4129
2019-01-11 15:54:15,659 - INFO - allennlp.training.trainer - Training
2019-01-11 15:54:26,931 - INFO - allennlp.training.trainer - Validating
2019-01-11 15:54:27,716 - INFO - allennlp.training.trainer -              Training |  Validation
2019-01-11 15:54:27,717 - INFO - allennlp.training.trainer - loss     |     0.092  |     0.337
2019-01-11 15:54:27,717 - INFO - allennlp.training.trainer - accuracy |     0.970  |     0.875
2019-01-11 15:54:27,735 - INFO - allennlp.training.trainer - Best validation performance so far. Copying weights to 'experiments/supervised/cnn_trials/results/cnn7/best.th'.
2019-01-11 15:54:27,744 - INFO - allennlp.training.trainer - Epoch duration: 00:00:12
2019-01-11 15:54:27,744 - INFO - allennlp.training.trainer - Estimated training time remaining: 0:42:08
2019-01-11 15:54:27,744 - INFO - allennlp.training.trainer - Epoch 5/199
2019-01-11 15:54:27,744 - INFO - allennlp.training.trainer - Peak CPU memory usage MB: 3126.26
2019-01-11 15:54:27,848 - INFO - allennlp.training.trainer - GPU 0 memory usage MB: 20
2019-01-11 15:54:27,848 - INFO - allennlp.training.trainer - GPU 1 memory usage MB: 4129
2019-01-11 15:54:27,848 - INFO - allennlp.training.trainer - Training
2019-01-11 15:54:38,969 - INFO - allennlp.training.trainer - Validating
2019-01-11 15:54:39,754 - INFO - allennlp.training.trainer -              Training |  Validation
2019-01-11 15:54:39,755 - INFO - allennlp.training.trainer - loss     |     0.097  |     0.335
2019-01-11 15:54:39,755 - INFO - allennlp.training.trainer - accuracy |     0.965  |     0.879
2019-01-11 15:54:39,772 - INFO - allennlp.training.trainer - Best validation performance so far. Copying weights to 'experiments/supervised/cnn_trials/results/cnn7/best.th'.
2019-01-11 15:54:39,781 - INFO - allennlp.training.trainer - Epoch duration: 00:00:12
2019-01-11 15:54:39,781 - INFO - allennlp.training.trainer - Estimated training time remaining: 0:41:25
2019-01-11 15:54:39,781 - INFO - allennlp.training.trainer - Epoch 6/199
2019-01-11 15:54:39,782 - INFO - allennlp.training.trainer - Peak CPU memory usage MB: 3126.26
2019-01-11 15:54:39,885 - INFO - allennlp.training.trainer - GPU 0 memory usage MB: 20
2019-01-11 15:54:39,886 - INFO - allennlp.training.trainer - GPU 1 memory usage MB: 4129
2019-01-11 15:54:39,886 - INFO - allennlp.training.trainer - Training
2019-01-11 15:54:51,050 - INFO - allennlp.training.trainer - Validating
2019-01-11 15:54:51,838 - INFO - allennlp.training.trainer -              Training |  Validation
2019-01-11 15:54:51,839 - INFO - allennlp.training.trainer - loss     |     0.074  |     0.361
2019-01-11 15:54:51,839 - INFO - allennlp.training.trainer - accuracy |     0.974  |     0.869
2019-01-11 15:54:51,857 - INFO - allennlp.training.trainer - Epoch duration: 00:00:12
2019-01-11 15:54:51,857 - INFO - allennlp.training.trainer - Estimated training time remaining: 0:40:52
2019-01-11 15:54:51,857 - INFO - allennlp.training.trainer - Epoch 7/199
2019-01-11 15:54:51,858 - INFO - allennlp.training.trainer - Peak CPU memory usage MB: 3126.26
2019-01-11 15:54:51,961 - INFO - allennlp.training.trainer - GPU 0 memory usage MB: 20
2019-01-11 15:54:51,962 - INFO - allennlp.training.trainer - GPU 1 memory usage MB: 4129
2019-01-11 15:54:51,962 - INFO - allennlp.training.trainer - Training
2019-01-11 15:55:03,268 - INFO - allennlp.training.trainer - Validating
2019-01-11 15:55:04,056 - INFO - allennlp.training.trainer -              Training |  Validation
2019-01-11 15:55:04,057 - INFO - allennlp.training.trainer - loss     |     0.061  |     0.353
2019-01-11 15:55:04,057 - INFO - allennlp.training.trainer - accuracy |     0.980  |     0.873
2019-01-11 15:55:04,075 - INFO - allennlp.training.trainer - Epoch duration: 00:00:12
2019-01-11 15:55:04,075 - INFO - allennlp.training.trainer - Estimated training time remaining: 0:40:27
2019-01-11 15:55:04,075 - INFO - allennlp.training.trainer - Epoch 8/199
2019-01-11 15:55:04,075 - INFO - allennlp.training.trainer - Peak CPU memory usage MB: 3126.26
2019-01-11 15:55:04,172 - INFO - allennlp.training.trainer - GPU 0 memory usage MB: 20
2019-01-11 15:55:04,173 - INFO - allennlp.training.trainer - GPU 1 memory usage MB: 4129
2019-01-11 15:55:04,173 - INFO - allennlp.training.trainer - Training
2019-01-11 15:55:15,325 - INFO - allennlp.training.trainer - Validating
2019-01-11 15:55:16,114 - INFO - allennlp.training.trainer -              Training |  Validation
2019-01-11 15:55:16,114 - INFO - allennlp.training.trainer - loss     |     0.060  |     0.413
2019-01-11 15:55:16,115 - INFO - allennlp.training.trainer - accuracy |     0.981  |     0.860
2019-01-11 15:55:16,132 - INFO - allennlp.training.trainer - Epoch duration: 00:00:12
2019-01-11 15:55:16,132 - INFO - allennlp.training.trainer - Estimated training time remaining: 0:40:02
2019-01-11 15:55:16,132 - INFO - allennlp.training.trainer - Epoch 9/199
2019-01-11 15:55:16,132 - INFO - allennlp.training.trainer - Peak CPU memory usage MB: 3126.26
2019-01-11 15:55:16,235 - INFO - allennlp.training.trainer - GPU 0 memory usage MB: 20
2019-01-11 15:55:16,235 - INFO - allennlp.training.trainer - GPU 1 memory usage MB: 4129
2019-01-11 15:55:16,236 - INFO - allennlp.training.trainer - Training
2019-01-11 15:55:27,517 - INFO - allennlp.training.trainer - Validating
2019-01-11 15:55:28,305 - INFO - allennlp.training.trainer -              Training |  Validation
2019-01-11 15:55:28,306 - INFO - allennlp.training.trainer - loss     |     0.067  |     0.388
2019-01-11 15:55:28,306 - INFO - allennlp.training.trainer - accuracy |     0.976  |     0.877
2019-01-11 15:55:28,323 - INFO - allennlp.training.trainer - Epoch duration: 00:00:12
2019-01-11 15:55:28,323 - INFO - allennlp.training.trainer - Estimated training time remaining: 0:39:42
2019-01-11 15:55:28,323 - INFO - allennlp.training.trainer - Epoch 10/199
2019-01-11 15:55:28,324 - INFO - allennlp.training.trainer - Peak CPU memory usage MB: 3126.26
2019-01-11 15:55:28,426 - INFO - allennlp.training.trainer - GPU 0 memory usage MB: 20
2019-01-11 15:55:28,426 - INFO - allennlp.training.trainer - GPU 1 memory usage MB: 4129
2019-01-11 15:55:28,427 - INFO - allennlp.training.trainer - Training
2019-01-11 15:55:39,599 - INFO - allennlp.training.trainer - Validating
2019-01-11 15:55:40,387 - INFO - allennlp.training.trainer -              Training |  Validation
2019-01-11 15:55:40,388 - INFO - allennlp.training.trainer - loss     |     0.062  |     0.370
2019-01-11 15:55:40,388 - INFO - allennlp.training.trainer - accuracy |     0.979  |     0.872
2019-01-11 15:55:40,405 - INFO - allennlp.training.trainer - Epoch duration: 00:00:12
2019-01-11 15:55:40,405 - INFO - allennlp.training.trainer - Estimated training time remaining: 0:39:22
2019-01-11 15:55:40,406 - INFO - allennlp.training.trainer - Epoch 11/199
2019-01-11 15:55:40,406 - INFO - allennlp.training.trainer - Peak CPU memory usage MB: 3126.26
2019-01-11 15:55:40,507 - INFO - allennlp.training.trainer - GPU 0 memory usage MB: 20
2019-01-11 15:55:40,508 - INFO - allennlp.training.trainer - GPU 1 memory usage MB: 4129
2019-01-11 15:55:40,508 - INFO - allennlp.training.trainer - Training
2019-01-11 15:55:51,800 - INFO - allennlp.training.trainer - Validating
2019-01-11 15:55:52,588 - INFO - allennlp.training.trainer -              Training |  Validation
2019-01-11 15:55:52,588 - INFO - allennlp.training.trainer - loss     |     0.045  |     0.393
2019-01-11 15:55:52,589 - INFO - allennlp.training.trainer - accuracy |     0.986  |     0.876
2019-01-11 15:55:52,606 - INFO - allennlp.training.trainer - Epoch duration: 00:00:12
2019-01-11 15:55:52,606 - INFO - allennlp.training.trainer - Estimated training time remaining: 0:39:05
2019-01-11 15:55:52,606 - INFO - allennlp.training.trainer - Epoch 12/199
2019-01-11 15:55:52,606 - INFO - allennlp.training.trainer - Peak CPU memory usage MB: 3126.26
2019-01-11 15:55:52,708 - INFO - allennlp.training.trainer - GPU 0 memory usage MB: 20
2019-01-11 15:55:52,708 - INFO - allennlp.training.trainer - GPU 1 memory usage MB: 4129
2019-01-11 15:55:52,708 - INFO - allennlp.training.trainer - Training
2019-01-11 15:56:03,976 - INFO - allennlp.training.trainer - Validating
2019-01-11 15:56:04,769 - INFO - allennlp.training.trainer -              Training |  Validation
2019-01-11 15:56:04,769 - INFO - allennlp.training.trainer - loss     |     0.047  |     0.378
2019-01-11 15:56:04,770 - INFO - allennlp.training.trainer - accuracy |     0.985  |     0.869
2019-01-11 15:56:04,787 - INFO - allennlp.training.trainer - Epoch duration: 00:00:12
2019-01-11 15:56:04,787 - INFO - allennlp.training.trainer - Estimated training time remaining: 0:38:48
2019-01-11 15:56:04,787 - INFO - allennlp.training.trainer - Epoch 13/199
2019-01-11 15:56:04,787 - INFO - allennlp.training.trainer - Peak CPU memory usage MB: 3126.26
2019-01-11 15:56:04,889 - INFO - allennlp.training.trainer - GPU 0 memory usage MB: 20
2019-01-11 15:56:04,890 - INFO - allennlp.training.trainer - GPU 1 memory usage MB: 4129
2019-01-11 15:56:04,890 - INFO - allennlp.training.trainer - Training
2019-01-11 15:56:16,157 - INFO - allennlp.training.trainer - Validating
2019-01-11 15:56:16,944 - INFO - allennlp.training.trainer -              Training |  Validation
2019-01-11 15:56:16,945 - INFO - allennlp.training.trainer - loss     |     0.046  |     0.375
2019-01-11 15:56:16,945 - INFO - allennlp.training.trainer - accuracy |     0.987  |     0.868
2019-01-11 15:56:16,962 - INFO - allennlp.training.trainer - Epoch duration: 00:00:12
2019-01-11 15:56:16,962 - INFO - allennlp.training.trainer - Estimated training time remaining: 0:38:32
2019-01-11 15:56:16,962 - INFO - allennlp.training.trainer - Epoch 14/199
2019-01-11 15:56:16,963 - INFO - allennlp.training.trainer - Peak CPU memory usage MB: 3126.26
2019-01-11 15:56:17,065 - INFO - allennlp.training.trainer - GPU 0 memory usage MB: 20
2019-01-11 15:56:17,065 - INFO - allennlp.training.trainer - GPU 1 memory usage MB: 4129
2019-01-11 15:56:17,066 - INFO - allennlp.training.trainer - Training
2019-01-11 15:56:28,370 - INFO - allennlp.training.trainer - Validating
2019-01-11 15:56:29,159 - INFO - allennlp.training.trainer -              Training |  Validation
2019-01-11 15:56:29,159 - INFO - allennlp.training.trainer - loss     |     0.042  |     0.387
2019-01-11 15:56:29,159 - INFO - allennlp.training.trainer - accuracy |     0.988  |     0.873
2019-01-11 15:56:29,178 - INFO - allennlp.training.trainer - Epoch duration: 00:00:12
2019-01-11 15:56:29,178 - INFO - allennlp.training.trainer - Estimated training time remaining: 0:38:17
2019-01-11 15:56:29,178 - INFO - allennlp.training.trainer - Epoch 15/199
2019-01-11 15:56:29,178 - INFO - allennlp.training.trainer - Peak CPU memory usage MB: 3126.26
2019-01-11 15:56:29,281 - INFO - allennlp.training.trainer - GPU 0 memory usage MB: 20
2019-01-11 15:56:29,281 - INFO - allennlp.training.trainer - GPU 1 memory usage MB: 4129
2019-01-11 15:56:29,281 - INFO - allennlp.training.trainer - Training
2019-01-11 15:56:40,491 - INFO - allennlp.training.trainer - Validating
2019-01-11 15:56:41,280 - INFO - allennlp.training.trainer -              Training |  Validation
2019-01-11 15:56:41,280 - INFO - allennlp.training.trainer - loss     |     0.044  |     0.400
2019-01-11 15:56:41,280 - INFO - allennlp.training.trainer - accuracy |     0.987  |     0.874
2019-01-11 15:56:41,298 - INFO - allennlp.training.trainer - Epoch duration: 00:00:12
2019-01-11 15:56:41,298 - INFO - allennlp.training.trainer - Estimated training time remaining: 0:38:01
2019-01-11 15:56:41,298 - INFO - allennlp.training.trainer - Epoch 16/199
2019-01-11 15:56:41,298 - INFO - allennlp.training.trainer - Peak CPU memory usage MB: 3126.26
2019-01-11 15:56:41,395 - INFO - allennlp.training.trainer - GPU 0 memory usage MB: 20
2019-01-11 15:56:41,395 - INFO - allennlp.training.trainer - GPU 1 memory usage MB: 4129
2019-01-11 15:56:41,396 - INFO - allennlp.training.trainer - Training
2019-01-11 15:56:52,639 - INFO - allennlp.training.trainer - Validating
2019-01-11 15:56:53,427 - INFO - allennlp.training.trainer -              Training |  Validation
2019-01-11 15:56:53,428 - INFO - allennlp.training.trainer - loss     |     0.043  |     0.406
2019-01-11 15:56:53,428 - INFO - allennlp.training.trainer - accuracy |     0.988  |     0.870
2019-01-11 15:56:53,445 - INFO - allennlp.training.trainer - Epoch duration: 00:00:12
2019-01-11 15:56:53,445 - INFO - allennlp.training.trainer - Estimated training time remaining: 0:37:46
2019-01-11 15:56:53,445 - INFO - allennlp.training.trainer - Epoch 17/199
2019-01-11 15:56:53,445 - INFO - allennlp.training.trainer - Peak CPU memory usage MB: 3126.26
2019-01-11 15:56:53,546 - INFO - allennlp.training.trainer - GPU 0 memory usage MB: 20
2019-01-11 15:56:53,547 - INFO - allennlp.training.trainer - GPU 1 memory usage MB: 4129
2019-01-11 15:56:53,547 - INFO - allennlp.training.trainer - Training
2019-01-11 15:57:04,770 - INFO - allennlp.training.trainer - Validating
2019-01-11 15:57:05,560 - INFO - allennlp.training.trainer -              Training |  Validation
2019-01-11 15:57:05,561 - INFO - allennlp.training.trainer - loss     |     0.041  |     0.405
2019-01-11 15:57:05,561 - INFO - allennlp.training.trainer - accuracy |     0.987  |     0.862
2019-01-11 15:57:05,578 - INFO - allennlp.training.trainer - Epoch duration: 00:00:12
2019-01-11 15:57:05,578 - INFO - allennlp.training.trainer - Estimated training time remaining: 0:37:31
2019-01-11 15:57:05,578 - INFO - allennlp.training.trainer - Epoch 18/199
2019-01-11 15:57:05,578 - INFO - allennlp.training.trainer - Peak CPU memory usage MB: 3126.26
2019-01-11 15:57:05,679 - INFO - allennlp.training.trainer - GPU 0 memory usage MB: 20
2019-01-11 15:57:05,680 - INFO - allennlp.training.trainer - GPU 1 memory usage MB: 4129
2019-01-11 15:57:05,680 - INFO - allennlp.training.trainer - Training
2019-01-11 15:57:16,869 - INFO - allennlp.training.trainer - Validating
2019-01-11 15:57:17,658 - INFO - allennlp.training.trainer -              Training |  Validation
2019-01-11 15:57:17,659 - INFO - allennlp.training.trainer - loss     |     0.035  |     0.403
2019-01-11 15:57:17,659 - INFO - allennlp.training.trainer - accuracy |     0.990  |     0.868
2019-01-11 15:57:17,677 - INFO - allennlp.training.trainer - Epoch duration: 00:00:12
2019-01-11 15:57:17,677 - INFO - allennlp.training.trainer - Estimated training time remaining: 0:37:16
2019-01-11 15:57:17,677 - INFO - allennlp.training.trainer - Epoch 19/199
2019-01-11 15:57:17,678 - INFO - allennlp.training.trainer - Peak CPU memory usage MB: 3126.26
2019-01-11 15:57:17,776 - INFO - allennlp.training.trainer - GPU 0 memory usage MB: 20
2019-01-11 15:57:17,776 - INFO - allennlp.training.trainer - GPU 1 memory usage MB: 4129
2019-01-11 15:57:17,777 - INFO - allennlp.training.trainer - Training
2019-01-11 15:57:29,056 - INFO - allennlp.training.trainer - Validating
2019-01-11 15:57:29,842 - INFO - allennlp.training.trainer -              Training |  Validation
2019-01-11 15:57:29,842 - INFO - allennlp.training.trainer - loss     |     0.029  |     0.390
2019-01-11 15:57:29,843 - INFO - allennlp.training.trainer - accuracy |     0.993  |     0.875
2019-01-11 15:57:29,860 - INFO - allennlp.training.trainer - Epoch duration: 00:00:12
2019-01-11 15:57:29,860 - INFO - allennlp.training.trainer - Estimated training time remaining: 0:37:02
2019-01-11 15:57:29,860 - INFO - allennlp.training.trainer - Epoch 20/199
2019-01-11 15:57:29,860 - INFO - allennlp.training.trainer - Peak CPU memory usage MB: 3126.26
2019-01-11 15:57:29,960 - INFO - allennlp.training.trainer - GPU 0 memory usage MB: 20
2019-01-11 15:57:29,961 - INFO - allennlp.training.trainer - GPU 1 memory usage MB: 4129
2019-01-11 15:57:29,961 - INFO - allennlp.training.trainer - Training
2019-01-11 15:57:41,119 - INFO - allennlp.training.trainer - Validating
2019-01-11 15:57:41,909 - INFO - allennlp.training.trainer -              Training |  Validation
2019-01-11 15:57:41,909 - INFO - allennlp.training.trainer - loss     |     0.031  |     0.390
2019-01-11 15:57:41,910 - INFO - allennlp.training.trainer - accuracy |     0.993  |     0.870
2019-01-11 15:57:41,930 - INFO - allennlp.training.trainer - Epoch duration: 00:00:12
2019-01-11 15:57:41,931 - INFO - allennlp.training.trainer - Estimated training time remaining: 0:36:47
2019-01-11 15:57:41,931 - INFO - allennlp.training.trainer - Epoch 21/199
2019-01-11 15:57:41,931 - INFO - allennlp.training.trainer - Peak CPU memory usage MB: 3126.26
2019-01-11 15:57:42,031 - INFO - allennlp.training.trainer - GPU 0 memory usage MB: 20
2019-01-11 15:57:42,032 - INFO - allennlp.training.trainer - GPU 1 memory usage MB: 4129
2019-01-11 15:57:42,032 - INFO - allennlp.training.trainer - Training
2019-01-11 15:57:53,211 - INFO - allennlp.training.trainer - Validating
2019-01-11 15:57:54,000 - INFO - allennlp.training.trainer -              Training |  Validation
2019-01-11 15:57:54,000 - INFO - allennlp.training.trainer - loss     |     0.051  |     0.425
2019-01-11 15:57:54,001 - INFO - allennlp.training.trainer - accuracy |     0.982  |     0.864
2019-01-11 15:57:54,023 - INFO - allennlp.training.trainer - Epoch duration: 00:00:12
2019-01-11 15:57:54,023 - INFO - allennlp.training.trainer - Estimated training time remaining: 0:36:33
2019-01-11 15:57:54,023 - INFO - allennlp.training.trainer - Epoch 22/199
2019-01-11 15:57:54,023 - INFO - allennlp.training.trainer - Peak CPU memory usage MB: 3126.26
2019-01-11 15:57:54,122 - INFO - allennlp.training.trainer - GPU 0 memory usage MB: 20
2019-01-11 15:57:54,123 - INFO - allennlp.training.trainer - GPU 1 memory usage MB: 4129
2019-01-11 15:57:54,123 - INFO - allennlp.training.trainer - Training
2019-01-11 15:58:05,454 - INFO - allennlp.training.trainer - Validating
2019-01-11 15:58:06,243 - INFO - allennlp.training.trainer -              Training |  Validation
2019-01-11 15:58:06,243 - INFO - allennlp.training.trainer - loss     |     0.080  |     0.477
2019-01-11 15:58:06,244 - INFO - allennlp.training.trainer - accuracy |     0.970  |     0.853
2019-01-11 15:58:06,265 - INFO - allennlp.training.trainer - Epoch duration: 00:00:12
2019-01-11 15:58:06,265 - INFO - allennlp.training.trainer - Estimated training time remaining: 0:36:20
2019-01-11 15:58:06,265 - INFO - allennlp.training.trainer - Epoch 23/199
2019-01-11 15:58:06,265 - INFO - allennlp.training.trainer - Peak CPU memory usage MB: 3126.26
2019-01-11 15:58:06,365 - INFO - allennlp.training.trainer - GPU 0 memory usage MB: 20
2019-01-11 15:58:06,365 - INFO - allennlp.training.trainer - GPU 1 memory usage MB: 4129
2019-01-11 15:58:06,366 - INFO - allennlp.training.trainer - Training
2019-01-11 15:58:17,565 - INFO - allennlp.training.trainer - Validating
2019-01-11 15:58:18,364 - INFO - allennlp.training.trainer -              Training |  Validation
2019-01-11 15:58:18,364 - INFO - allennlp.training.trainer - loss     |     0.050  |     0.442
2019-01-11 15:58:18,365 - INFO - allennlp.training.trainer - accuracy |     0.983  |     0.865
2019-01-11 15:58:18,386 - INFO - allennlp.training.trainer - Epoch duration: 00:00:12
2019-01-11 15:58:18,386 - INFO - allennlp.training.trainer - Estimated training time remaining: 0:36:06
2019-01-11 15:58:18,386 - INFO - allennlp.training.trainer - Epoch 24/199
2019-01-11 15:58:18,386 - INFO - allennlp.training.trainer - Peak CPU memory usage MB: 3126.26
2019-01-11 15:58:18,485 - INFO - allennlp.training.trainer - GPU 0 memory usage MB: 20
2019-01-11 15:58:18,485 - INFO - allennlp.training.trainer - GPU 1 memory usage MB: 4129
2019-01-11 15:58:18,485 - INFO - allennlp.training.trainer - Training
2019-01-11 15:58:29,675 - INFO - allennlp.training.trainer - Validating
2019-01-11 15:58:30,462 - INFO - allennlp.training.trainer -              Training |  Validation
2019-01-11 15:58:30,462 - INFO - allennlp.training.trainer - loss     |     0.017  |     0.403
2019-01-11 15:58:30,463 - INFO - allennlp.training.trainer - accuracy |     0.998  |     0.873
2019-01-11 15:58:30,484 - INFO - allennlp.training.trainer - Epoch duration: 00:00:12
2019-01-11 15:58:30,484 - INFO - allennlp.training.trainer - Estimated training time remaining: 0:35:52
2019-01-11 15:58:30,484 - INFO - allennlp.training.trainer - Epoch 25/199
2019-01-11 15:58:30,484 - INFO - allennlp.training.trainer - Peak CPU memory usage MB: 3126.26
2019-01-11 15:58:30,581 - INFO - allennlp.training.trainer - GPU 0 memory usage MB: 20
2019-01-11 15:58:30,582 - INFO - allennlp.training.trainer - GPU 1 memory usage MB: 4129
2019-01-11 15:58:30,582 - INFO - allennlp.training.trainer - Training
2019-01-11 15:58:41,841 - INFO - allennlp.training.trainer - Validating
2019-01-11 15:58:42,629 - INFO - allennlp.training.trainer - Ran out of patience.  Stopping training.
2019-01-11 15:58:42,629 - INFO - allennlp.models.archival - archiving weights and vocabulary to experiments/supervised/cnn_trials/results/cnn7/model.tar.gz
2019-01-11 15:58:43,113 - INFO - allennlp.commands.train - Loading the best epoch weights.
2019-01-11 15:58:43,121 - INFO - allennlp.common.util - Metrics: {
  "training_duration": "00:05:07",
  "training_start_epoch": 0,
  "training_epochs": 24,
  "epoch": 24,
  "training_accuracy": 0.9976,
  "training_loss": 0.016676634680479765,
  "validation_accuracy": 0.8728,
  "validation_loss": 0.4033647710084915,
  "best_epoch": 5,
  "best_validation_accuracy": 0.8786,
  "best_validation_loss": 0.33514941930770875
}
