0it [00:00, ?it/s]
24it [00:00, 236.77it/s]
43it [00:00, 217.30it/s]
65it [00:00, 213.53it/s]
90it [00:00, 221.75it/s]
107it [00:00, 198.10it/s]
124it [00:00, 168.60it/s]
147it [00:00, 181.76it/s]
165it [00:00, 178.13it/s]
189it [00:00, 192.53it/s]
220it [00:01, 216.65it/s]
243it [00:01, 209.49it/s]
270it [00:01, 223.69it/s]
294it [00:01, 209.86it/s]
319it [00:01, 219.30it/s]
342it [00:01, 207.76it/s]
364it [00:01, 210.77it/s]
386it [00:01, 212.35it/s]
408it [00:01, 202.93it/s]
434it [00:02, 217.01it/s]
457it [00:02, 187.10it/s]
477it [00:02, 185.89it/s]
497it [00:02, 188.34it/s]
525it [00:02, 208.79it/s]
547it [00:02, 206.47it/s]
574it [00:02, 217.15it/s]
597it [00:02, 215.52it/s]
623it [00:02, 225.76it/s]
647it [00:03, 199.67it/s]
670it [00:03, 207.01it/s]
692it [00:03, 209.04it/s]
714it [00:03, 199.17it/s]
736it [00:03, 204.76it/s]
757it [00:03, 189.59it/s]
778it [00:03, 194.50it/s]
802it [00:03, 205.34it/s]
826it [00:03, 214.10it/s]
848it [00:04, 214.90it/s]
872it [00:04, 219.87it/s]
897it [00:04, 226.82it/s]
922it [00:04, 223.98it/s]
945it [00:04, 219.85it/s]
974it [00:04, 235.66it/s]
998it [00:04, 236.80it/s]
1000it [00:04, 211.52it/s]

0it [00:00, ?it/s]
22it [00:00, 219.39it/s]
44it [00:00, 217.84it/s]
71it [00:00, 230.37it/s]
98it [00:00, 240.85it/s]
118it [00:00, 189.83it/s]
137it [00:00, 183.18it/s]
162it [00:00, 198.84it/s]
184it [00:00, 203.63it/s]
205it [00:01, 192.23it/s]
231it [00:01, 208.28it/s]
253it [00:01, 211.62it/s]
275it [00:01, 212.50it/s]
297it [00:01, 207.36it/s]
321it [00:01, 214.44it/s]
344it [00:01, 214.27it/s]
366it [00:01, 209.10it/s]
388it [00:01, 198.86it/s]
416it [00:01, 217.28it/s]
439it [00:02, 213.03it/s]
464it [00:02, 222.01it/s]
498it [00:02, 246.84it/s]
527it [00:02, 257.80it/s]
554it [00:02, 238.17it/s]
579it [00:02, 192.91it/s]
601it [00:02, 188.62it/s]
622it [00:02, 191.57it/s]
645it [00:03, 201.65it/s]
673it [00:03, 219.34it/s]
696it [00:03, 204.05it/s]
718it [00:03, 199.72it/s]
739it [00:03, 190.49it/s]
767it [00:03, 210.53it/s]
794it [00:03, 224.13it/s]
822it [00:03, 230.95it/s]
851it [00:03, 245.76it/s]
877it [00:04, 232.63it/s]
901it [00:04, 220.92it/s]
924it [00:04, 219.03it/s]
952it [00:04, 233.07it/s]
976it [00:04, 225.90it/s]
1000it [00:04, 226.23it/s]

0it [00:00, ?it/s]
274it [00:00, 2732.49it/s]
552it [00:00, 2745.55it/s]
818it [00:00, 2717.24it/s]
1119it [00:00, 2796.23it/s]
1394it [00:00, 2781.28it/s]
1699it [00:00, 2856.03it/s]
1996it [00:00, 2885.86it/s]
2000it [00:00, 2845.43it/s]

  0%|          | 0/63 [00:00<?, ?it/s]
accuracy: 0.4375, loss: 0.6936 ||:   2%|1         | 1/63 [00:04<04:54,  4.74s/it]
accuracy: 0.5312, loss: 0.6932 ||:   3%|3         | 2/63 [00:07<04:04,  4.01s/it]
accuracy: 0.6250, loss: 0.6921 ||:   5%|4         | 3/63 [00:10<03:57,  3.95s/it]
accuracy: 0.6094, loss: 0.6921 ||:   6%|6         | 4/63 [00:14<03:43,  3.78s/it]
accuracy: 0.6000, loss: 0.6920 ||:   8%|7         | 5/63 [00:22<04:57,  5.14s/it]
accuracy: 0.5833, loss: 0.6922 ||:  10%|9         | 6/63 [00:28<04:59,  5.25s/it]
accuracy: 0.5536, loss: 0.6931 ||:  11%|#1        | 7/63 [00:34<05:16,  5.64s/it]
accuracy: 0.5391, loss: 0.6934 ||:  13%|#2        | 8/63 [00:39<04:52,  5.31s/it]
accuracy: 0.5278, loss: 0.6937 ||:  14%|#4        | 9/63 [00:43<04:30,  5.00s/it]
accuracy: 0.5437, loss: 0.6929 ||:  16%|#5        | 10/63 [00:50<05:05,  5.76s/it]
accuracy: 0.5341, loss: 0.6932 ||:  17%|#7        | 11/63 [00:56<04:51,  5.60s/it]
