2019-01-13 14:33:18,042 - INFO - allennlp.common.from_params - instantiating class <class 'allennlp.data.dataset_readers.dataset_reader.DatasetReader'> from params {'type': 'document_reader'} and extras {}
2019-01-13 14:33:18,042 - INFO - allennlp.common.params - dataset_reader.type = document_reader
2019-01-13 14:33:18,042 - INFO - allennlp.common.from_params - instantiating class <class 'library.dataset_readers.document_reader.DocumentReader'> from params {} and extras {}
2019-01-13 14:33:18,042 - INFO - allennlp.common.params - dataset_reader.lazy = False
2019-01-13 14:33:18,042 - INFO - allennlp.common.params - dataset_reader.token_indexers = <allennlp.common.params.Params object at 0x7fe7b020e470>
2019-01-13 14:33:18,042 - INFO - allennlp.common.params - dataset_reader.use_stopless_tokens = True
2019-01-13 14:33:18,272 - INFO - allennlp.common.params - validation_dataset_reader = None
2019-01-13 14:33:18,272 - INFO - allennlp.common.params - train_data_path = /data/dangt7/IMDB/train_labelled.filtered.jsonl
2019-01-13 14:33:18,272 - INFO - allennlp.commands.train - Reading training data from /data/dangt7/IMDB/train_labelled.filtered.jsonl
2019-01-13 14:33:18,272 - INFO - library.dataset_readers.document_reader - Reading instances from lines in file: /data/dangt7/IMDB/train_labelled.filtered.jsonl
2019-01-13 14:34:19,582 - INFO - allennlp.common.params - validation_data_path = /data/dangt7/IMDB/valid.filtered.jsonl
2019-01-13 14:34:19,582 - INFO - allennlp.commands.train - Reading validation data from /data/dangt7/IMDB/valid.filtered.jsonl
2019-01-13 14:34:19,582 - INFO - library.dataset_readers.document_reader - Reading instances from lines in file: /data/dangt7/IMDB/valid.filtered.jsonl
2019-01-13 14:34:34,770 - INFO - allennlp.common.params - test_data_path = None
2019-01-13 14:34:34,770 - INFO - allennlp.commands.train - From dataset instances, validation, train will be considered for vocabulary creation.
2019-01-13 14:34:34,771 - INFO - allennlp.common.params - vocabulary.type = None
2019-01-13 14:34:34,771 - INFO - allennlp.common.params - vocabulary.extend = False
2019-01-13 14:34:34,771 - INFO - allennlp.common.params - vocabulary.directory_path = None
2019-01-13 14:34:34,771 - INFO - allennlp.common.params - vocabulary.min_count = None
2019-01-13 14:34:34,771 - INFO - allennlp.common.params - vocabulary.max_vocab_size = 2000
2019-01-13 14:34:34,771 - INFO - allennlp.common.params - vocabulary.non_padded_namespaces = ('*tags', '*labels')
2019-01-13 14:34:34,771 - INFO - allennlp.common.params - vocabulary.min_pretrained_embeddings = None
2019-01-13 14:34:34,771 - INFO - allennlp.common.params - vocabulary.only_include_pretrained_words = False
2019-01-13 14:34:34,771 - INFO - allennlp.common.params - vocabulary.tokens_to_add = None
2019-01-13 14:34:34,771 - INFO - allennlp.data.vocabulary - Fitting token dictionary from dataset.
2019-01-13 14:34:38,512 - INFO - allennlp.common.from_params - instantiating class <class 'allennlp.models.model.Model'> from params {'classification_layer': {'activations': ['linear'], 'hidden_dims': [2], 'input_dim': 300, 'num_layers': 1}, 'encoder': {'embedding_dim': 300, 'type': 'boe'}, 'text_field_embedder': {'tokens': {'embedding_dim': 300, 'pretrained_file': '/data/dangt7/glove/glove.6B.300d.txt', 'trainable': True, 'type': 'embedding', 'vocab_namespace': 'tokens'}}, 'type': 'seq2vec_classifier'} and extras {'vocab': <allennlp.data.vocabulary.Vocabulary object at 0x7fe7b020e470>}
2019-01-13 14:34:38,512 - INFO - allennlp.common.params - model.type = seq2vec_classifier
2019-01-13 14:34:38,512 - INFO - allennlp.common.from_params - instantiating class <class 'library.models.baselines.Seq2VecClassifier'> from params {'classification_layer': {'activations': ['linear'], 'hidden_dims': [2], 'input_dim': 300, 'num_layers': 1}, 'encoder': {'embedding_dim': 300, 'type': 'boe'}, 'text_field_embedder': {'tokens': {'embedding_dim': 300, 'pretrained_file': '/data/dangt7/glove/glove.6B.300d.txt', 'trainable': True, 'type': 'embedding', 'vocab_namespace': 'tokens'}}} and extras {'vocab': <allennlp.data.vocabulary.Vocabulary object at 0x7fe7b020e470>}
2019-01-13 14:34:38,512 - INFO - allennlp.common.from_params - instantiating class <class 'allennlp.modules.seq2vec_encoders.seq2vec_encoder.Seq2VecEncoder'> from params {'embedding_dim': 300, 'type': 'boe'} and extras {'vocab': <allennlp.data.vocabulary.Vocabulary object at 0x7fe7b020e470>}
2019-01-13 14:34:38,512 - INFO - allennlp.common.params - model.encoder.type = boe
2019-01-13 14:34:38,512 - INFO - allennlp.common.from_params - instantiating class <class 'allennlp.modules.seq2vec_encoders.boe_encoder.BagOfEmbeddingsEncoder'> from params {'embedding_dim': 300} and extras {'vocab': <allennlp.data.vocabulary.Vocabulary object at 0x7fe7b020e470>}
2019-01-13 14:34:38,512 - INFO - allennlp.common.params - model.encoder.embedding_dim = 300
2019-01-13 14:34:38,513 - INFO - allennlp.common.params - model.encoder.averaged = False
2019-01-13 14:34:38,513 - INFO - allennlp.common.params - model.classification_layer.input_dim = 300
2019-01-13 14:34:38,513 - INFO - allennlp.common.params - model.classification_layer.num_layers = 1
2019-01-13 14:34:38,513 - INFO - allennlp.common.params - model.classification_layer.hidden_dims = [2]
2019-01-13 14:34:38,513 - INFO - allennlp.common.params - model.classification_layer.activations = ['linear']
2019-01-13 14:34:38,513 - INFO - allennlp.common.params - model.classification_layer.dropout = 0.0
2019-01-13 14:34:38,513 - INFO - allennlp.common.registrable - instantiating registered subclass linear of <class 'allennlp.nn.activations.Activation'>
2019-01-13 14:34:38,513 - INFO - allennlp.common.from_params - instantiating class <class 'allennlp.modules.text_field_embedders.text_field_embedder.TextFieldEmbedder'> from params {'tokens': {'embedding_dim': 300, 'pretrained_file': '/data/dangt7/glove/glove.6B.300d.txt', 'trainable': True, 'type': 'embedding', 'vocab_namespace': 'tokens'}} and extras {'vocab': <allennlp.data.vocabulary.Vocabulary object at 0x7fe7b020e470>}
2019-01-13 14:34:38,514 - INFO - allennlp.common.params - model.text_field_embedder.type = basic
2019-01-13 14:34:38,514 - INFO - allennlp.common.params - model.text_field_embedder.embedder_to_indexer_map = None
2019-01-13 14:34:38,514 - INFO - allennlp.common.params - model.text_field_embedder.allow_unmatched_keys = False
2019-01-13 14:34:38,514 - INFO - allennlp.common.params - model.text_field_embedder.token_embedders = None
2019-01-13 14:34:38,514 - INFO - allennlp.common.from_params - instantiating class <class 'allennlp.modules.token_embedders.token_embedder.TokenEmbedder'> from params {'embedding_dim': 300, 'pretrained_file': '/data/dangt7/glove/glove.6B.300d.txt', 'trainable': True, 'type': 'embedding', 'vocab_namespace': 'tokens'} and extras {'vocab': <allennlp.data.vocabulary.Vocabulary object at 0x7fe7b020e470>}
2019-01-13 14:34:38,514 - INFO - allennlp.common.params - model.text_field_embedder.tokens.type = embedding
2019-01-13 14:34:38,514 - INFO - allennlp.common.params - model.text_field_embedder.tokens.num_embeddings = None
2019-01-13 14:34:38,514 - INFO - allennlp.common.params - model.text_field_embedder.tokens.vocab_namespace = tokens
2019-01-13 14:34:38,514 - INFO - allennlp.common.params - model.text_field_embedder.tokens.embedding_dim = 300
2019-01-13 14:34:38,514 - INFO - allennlp.common.params - model.text_field_embedder.tokens.pretrained_file = /data/dangt7/glove/glove.6B.300d.txt
2019-01-13 14:34:38,514 - INFO - allennlp.common.params - model.text_field_embedder.tokens.projection_dim = None
2019-01-13 14:34:38,514 - INFO - allennlp.common.params - model.text_field_embedder.tokens.trainable = True
2019-01-13 14:34:38,514 - INFO - allennlp.common.params - model.text_field_embedder.tokens.padding_index = None
2019-01-13 14:34:38,514 - INFO - allennlp.common.params - model.text_field_embedder.tokens.max_norm = None
2019-01-13 14:34:38,514 - INFO - allennlp.common.params - model.text_field_embedder.tokens.norm_type = 2.0
2019-01-13 14:34:38,514 - INFO - allennlp.common.params - model.text_field_embedder.tokens.scale_grad_by_freq = False
2019-01-13 14:34:38,515 - INFO - allennlp.common.params - model.text_field_embedder.tokens.sparse = False
2019-01-13 14:34:38,515 - INFO - allennlp.modules.token_embedders.embedding - Reading pretrained embeddings from file
2019-01-13 14:34:39,701 - INFO - allennlp.modules.token_embedders.embedding - Initializing pre-trained embedding layer
2019-01-13 14:34:39,716 - INFO - allennlp.modules.token_embedders.embedding - Pretrained embeddings were found for 2000 out of 2002 tokens
2019-01-13 14:34:39,716 - INFO - allennlp.nn.initializers - Initializing parameters
2019-01-13 14:34:39,717 - INFO - allennlp.nn.initializers - Done initializing parameters; the following parameters are using their default initialization from their code
2019-01-13 14:34:39,717 - INFO - allennlp.nn.initializers -    classification_layer._linear_layers.0.bias
2019-01-13 14:34:39,717 - INFO - allennlp.nn.initializers -    classification_layer._linear_layers.0.weight
2019-01-13 14:34:39,717 - INFO - allennlp.nn.initializers -    text_field_embedder.token_embedder_tokens.weight
2019-01-13 14:34:39,720 - INFO - allennlp.common.from_params - instantiating class <class 'allennlp.data.iterators.data_iterator.DataIterator'> from params {'batch_size': 100, 'type': 'basic'} and extras {}
2019-01-13 14:34:39,720 - INFO - allennlp.common.params - iterator.type = basic
2019-01-13 14:34:39,721 - INFO - allennlp.common.from_params - instantiating class <class 'allennlp.data.iterators.basic_iterator.BasicIterator'> from params {'batch_size': 100} and extras {}
2019-01-13 14:34:39,721 - INFO - allennlp.common.params - iterator.batch_size = 100
2019-01-13 14:34:39,721 - INFO - allennlp.common.params - iterator.instances_per_epoch = None
2019-01-13 14:34:39,721 - INFO - allennlp.common.params - iterator.max_instances_in_memory = None
2019-01-13 14:34:39,721 - INFO - allennlp.common.params - iterator.cache_instances = False
2019-01-13 14:34:39,721 - INFO - allennlp.common.params - iterator.track_epoch = False
2019-01-13 14:34:39,721 - INFO - allennlp.common.params - iterator.maximum_samples_per_batch = None
2019-01-13 14:34:39,721 - INFO - allennlp.common.params - validation_iterator = None
2019-01-13 14:34:39,721 - INFO - allennlp.common.params - trainer.no_grad = ()
2019-01-13 14:34:39,721 - INFO - allennlp.commands.train - Following parameters are Frozen  (without gradient):
2019-01-13 14:34:39,721 - INFO - allennlp.commands.train - Following parameters are Tunable (with gradient):
2019-01-13 14:34:39,721 - INFO - allennlp.commands.train - classification_layer._linear_layers.0.weight
2019-01-13 14:34:39,721 - INFO - allennlp.commands.train - classification_layer._linear_layers.0.bias
2019-01-13 14:34:39,721 - INFO - allennlp.commands.train - text_field_embedder.token_embedder_tokens.weight
2019-01-13 14:34:39,721 - INFO - allennlp.common.params - trainer.patience = 20
2019-01-13 14:34:39,721 - INFO - allennlp.common.params - trainer.validation_metric = +accuracy
2019-01-13 14:34:39,721 - INFO - allennlp.common.params - trainer.shuffle = True
2019-01-13 14:34:39,722 - INFO - allennlp.common.params - trainer.num_epochs = 200
2019-01-13 14:34:39,722 - INFO - allennlp.common.params - trainer.cuda_device = 0
2019-01-13 14:34:39,722 - INFO - allennlp.common.params - trainer.grad_norm = None
2019-01-13 14:34:39,722 - INFO - allennlp.common.params - trainer.grad_clipping = None
2019-01-13 14:34:39,722 - INFO - allennlp.common.params - trainer.learning_rate_scheduler = None
2019-01-13 14:34:41,566 - INFO - allennlp.common.params - trainer.optimizer.type = adam
2019-01-13 14:34:41,566 - INFO - allennlp.common.params - trainer.optimizer.parameter_groups = None
2019-01-13 14:34:41,567 - INFO - allennlp.training.optimizers - Number of trainable parameters: 601202
2019-01-13 14:34:41,567 - INFO - allennlp.common.registrable - instantiating registered subclass adam of <class 'allennlp.training.optimizers.Optimizer'>
2019-01-13 14:34:41,567 - INFO - allennlp.common.params - Converting Params object to dict; logging of default values will not occur when dictionary parameters are used subsequently.
2019-01-13 14:34:41,567 - INFO - allennlp.common.params - CURRENTLY DEFINED PARAMETERS: 
2019-01-13 14:34:41,567 - INFO - allennlp.common.params - trainer.optimizer.lr = 0.001
2019-01-13 14:34:41,567 - INFO - allennlp.common.params - trainer.optimizer.weight_decay = 0.001
2019-01-13 14:34:41,567 - INFO - allennlp.common.params - trainer.num_serialized_models_to_keep = 20
2019-01-13 14:34:41,567 - INFO - allennlp.common.params - trainer.keep_serialized_model_every_num_seconds = None
2019-01-13 14:34:41,567 - INFO - allennlp.common.params - trainer.model_save_interval = None
2019-01-13 14:34:41,567 - INFO - allennlp.common.params - trainer.summary_interval = 100
2019-01-13 14:34:41,567 - INFO - allennlp.common.params - trainer.histogram_interval = None
2019-01-13 14:34:41,567 - INFO - allennlp.common.params - trainer.should_log_parameter_statistics = True
2019-01-13 14:34:41,567 - INFO - allennlp.common.params - trainer.should_log_learning_rate = False
2019-01-13 14:34:41,569 - INFO - allennlp.common.params - evaluate_on_test = False
2019-01-13 14:34:41,569 - INFO - allennlp.training.trainer - Beginning training.
2019-01-13 14:34:41,569 - INFO - allennlp.training.trainer - Epoch 0/199
2019-01-13 14:34:41,569 - INFO - allennlp.training.trainer - Peak CPU memory usage MB: 2998.848
2019-01-13 14:34:41,657 - INFO - allennlp.training.trainer - GPU 0 memory usage MB: 20
2019-01-13 14:34:41,657 - INFO - allennlp.training.trainer - GPU 1 memory usage MB: 537
2019-01-13 14:34:41,657 - INFO - allennlp.training.trainer - Training
2019-01-13 14:34:52,907 - INFO - allennlp.training.trainer - Validating
2019-01-13 14:34:54,271 - INFO - allennlp.training.trainer -              Training |  Validation
2019-01-13 14:34:54,271 - INFO - allennlp.training.trainer - loss     |     0.612  |     0.409
2019-01-13 14:34:54,271 - INFO - allennlp.training.trainer - accuracy |     0.768  |     0.834
2019-01-13 14:34:54,310 - INFO - allennlp.training.trainer - Best validation performance so far. Copying weights to 'experiments/supervised/boe_trials/results/boe1/best.th'.
2019-01-13 14:34:54,311 - INFO - allennlp.training.trainer - Epoch duration: 00:00:12
2019-01-13 14:34:54,311 - INFO - allennlp.training.trainer - Estimated training time remaining: 0:42:15
2019-01-13 14:34:54,311 - INFO - allennlp.training.trainer - Epoch 1/199
2019-01-13 14:34:54,311 - INFO - allennlp.training.trainer - Peak CPU memory usage MB: 3118.26
2019-01-13 14:34:54,403 - INFO - allennlp.training.trainer - GPU 0 memory usage MB: 20
2019-01-13 14:34:54,403 - INFO - allennlp.training.trainer - GPU 1 memory usage MB: 1621
2019-01-13 14:34:54,403 - INFO - allennlp.training.trainer - Training
2019-01-13 14:35:01,945 - INFO - allennlp.training.trainer - Validating
2019-01-13 14:35:02,490 - INFO - allennlp.training.trainer -              Training |  Validation
2019-01-13 14:35:02,490 - INFO - allennlp.training.trainer - loss     |     0.379  |     0.522
2019-01-13 14:35:02,490 - INFO - allennlp.training.trainer - accuracy |     0.847  |     0.793
2019-01-13 14:35:02,495 - INFO - allennlp.training.trainer - Epoch duration: 00:00:08
2019-01-13 14:35:02,495 - INFO - allennlp.training.trainer - Estimated training time remaining: 0:34:31
2019-01-13 14:35:02,495 - INFO - allennlp.training.trainer - Epoch 2/199
2019-01-13 14:35:02,495 - INFO - allennlp.training.trainer - Peak CPU memory usage MB: 3118.26
2019-01-13 14:35:02,588 - INFO - allennlp.training.trainer - GPU 0 memory usage MB: 20
2019-01-13 14:35:02,588 - INFO - allennlp.training.trainer - GPU 1 memory usage MB: 1621
2019-01-13 14:35:02,588 - INFO - allennlp.training.trainer - Training
2019-01-13 14:35:10,130 - INFO - allennlp.training.trainer - Validating
2019-01-13 14:35:10,678 - INFO - allennlp.training.trainer -              Training |  Validation
2019-01-13 14:35:10,678 - INFO - allennlp.training.trainer - loss     |     0.359  |     0.327
2019-01-13 14:35:10,679 - INFO - allennlp.training.trainer - accuracy |     0.855  |     0.868
2019-01-13 14:35:10,683 - INFO - allennlp.training.trainer - Best validation performance so far. Copying weights to 'experiments/supervised/boe_trials/results/boe1/best.th'.
2019-01-13 14:35:10,685 - INFO - allennlp.training.trainer - Epoch duration: 00:00:08
2019-01-13 14:35:10,685 - INFO - allennlp.training.trainer - Estimated training time remaining: 0:31:51
2019-01-13 14:35:10,685 - INFO - allennlp.training.trainer - Epoch 3/199
2019-01-13 14:35:10,685 - INFO - allennlp.training.trainer - Peak CPU memory usage MB: 3118.26
2019-01-13 14:35:10,780 - INFO - allennlp.training.trainer - GPU 0 memory usage MB: 20
2019-01-13 14:35:10,780 - INFO - allennlp.training.trainer - GPU 1 memory usage MB: 1621
2019-01-13 14:35:10,780 - INFO - allennlp.training.trainer - Training
2019-01-13 14:35:18,435 - INFO - allennlp.training.trainer - Validating
2019-01-13 14:35:18,985 - INFO - allennlp.training.trainer -              Training |  Validation
2019-01-13 14:35:18,986 - INFO - allennlp.training.trainer - loss     |     0.328  |     0.364
2019-01-13 14:35:18,986 - INFO - allennlp.training.trainer - accuracy |     0.870  |     0.854
2019-01-13 14:35:18,990 - INFO - allennlp.training.trainer - Epoch duration: 00:00:08
2019-01-13 14:35:18,990 - INFO - allennlp.training.trainer - Estimated training time remaining: 0:30:33
2019-01-13 14:35:18,990 - INFO - allennlp.training.trainer - Epoch 4/199
2019-01-13 14:35:18,990 - INFO - allennlp.training.trainer - Peak CPU memory usage MB: 3118.26
2019-01-13 14:35:19,082 - INFO - allennlp.training.trainer - GPU 0 memory usage MB: 20
2019-01-13 14:35:19,083 - INFO - allennlp.training.trainer - GPU 1 memory usage MB: 1621
2019-01-13 14:35:19,083 - INFO - allennlp.training.trainer - Training
2019-01-13 14:35:26,766 - INFO - allennlp.training.trainer - Validating
2019-01-13 14:35:27,315 - INFO - allennlp.training.trainer -              Training |  Validation
2019-01-13 14:35:27,315 - INFO - allennlp.training.trainer - loss     |     0.345  |     0.330
2019-01-13 14:35:27,316 - INFO - allennlp.training.trainer - accuracy |     0.862  |     0.869
2019-01-13 14:35:27,320 - INFO - allennlp.training.trainer - Best validation performance so far. Copying weights to 'experiments/supervised/boe_trials/results/boe1/best.th'.
2019-01-13 14:35:27,322 - INFO - allennlp.training.trainer - Epoch duration: 00:00:08
2019-01-13 14:35:27,322 - INFO - allennlp.training.trainer - Estimated training time remaining: 0:29:44
2019-01-13 14:35:27,322 - INFO - allennlp.training.trainer - Epoch 5/199
2019-01-13 14:35:27,322 - INFO - allennlp.training.trainer - Peak CPU memory usage MB: 3118.26
2019-01-13 14:35:27,412 - INFO - allennlp.training.trainer - GPU 0 memory usage MB: 20
2019-01-13 14:35:27,413 - INFO - allennlp.training.trainer - GPU 1 memory usage MB: 1621
2019-01-13 14:35:27,413 - INFO - allennlp.training.trainer - Training
2019-01-13 14:35:34,968 - INFO - allennlp.training.trainer - Validating
2019-01-13 14:35:35,518 - INFO - allennlp.training.trainer -              Training |  Validation
2019-01-13 14:35:35,519 - INFO - allennlp.training.trainer - loss     |     0.364  |     0.345
2019-01-13 14:35:35,519 - INFO - allennlp.training.trainer - accuracy |     0.857  |     0.864
2019-01-13 14:35:35,524 - INFO - allennlp.training.trainer - Epoch duration: 00:00:08
2019-01-13 14:35:35,524 - INFO - allennlp.training.trainer - Estimated training time remaining: 0:29:04
2019-01-13 14:35:35,524 - INFO - allennlp.training.trainer - Epoch 6/199
2019-01-13 14:35:35,524 - INFO - allennlp.training.trainer - Peak CPU memory usage MB: 3118.26
2019-01-13 14:35:35,615 - INFO - allennlp.training.trainer - GPU 0 memory usage MB: 20
2019-01-13 14:35:35,615 - INFO - allennlp.training.trainer - GPU 1 memory usage MB: 1621
2019-01-13 14:35:35,616 - INFO - allennlp.training.trainer - Training
2019-01-13 14:35:43,201 - INFO - allennlp.training.trainer - Validating
2019-01-13 14:35:43,747 - INFO - allennlp.training.trainer -              Training |  Validation
2019-01-13 14:35:43,747 - INFO - allennlp.training.trainer - loss     |     0.344  |     0.334
2019-01-13 14:35:43,747 - INFO - allennlp.training.trainer - accuracy |     0.863  |     0.867
2019-01-13 14:35:43,752 - INFO - allennlp.training.trainer - Epoch duration: 00:00:08
2019-01-13 14:35:43,752 - INFO - allennlp.training.trainer - Estimated training time remaining: 0:28:34
2019-01-13 14:35:43,752 - INFO - allennlp.training.trainer - Epoch 7/199
2019-01-13 14:35:43,752 - INFO - allennlp.training.trainer - Peak CPU memory usage MB: 3118.26
2019-01-13 14:35:43,844 - INFO - allennlp.training.trainer - GPU 0 memory usage MB: 20
2019-01-13 14:35:43,844 - INFO - allennlp.training.trainer - GPU 1 memory usage MB: 1621
2019-01-13 14:35:43,845 - INFO - allennlp.training.trainer - Training
2019-01-13 14:35:51,419 - INFO - allennlp.training.trainer - Validating
2019-01-13 14:35:51,965 - INFO - allennlp.training.trainer -              Training |  Validation
2019-01-13 14:35:51,966 - INFO - allennlp.training.trainer - loss     |     0.415  |     0.354
2019-01-13 14:35:51,966 - INFO - allennlp.training.trainer - accuracy |     0.845  |     0.863
2019-01-13 14:35:51,971 - INFO - allennlp.training.trainer - Epoch duration: 00:00:08
2019-01-13 14:35:51,971 - INFO - allennlp.training.trainer - Estimated training time remaining: 0:28:09
2019-01-13 14:35:51,971 - INFO - allennlp.training.trainer - Epoch 8/199
2019-01-13 14:35:51,971 - INFO - allennlp.training.trainer - Peak CPU memory usage MB: 3118.26
2019-01-13 14:35:52,065 - INFO - allennlp.training.trainer - GPU 0 memory usage MB: 20
2019-01-13 14:35:52,065 - INFO - allennlp.training.trainer - GPU 1 memory usage MB: 1621
2019-01-13 14:35:52,065 - INFO - allennlp.training.trainer - Training
2019-01-13 14:35:59,616 - INFO - allennlp.training.trainer - Validating
2019-01-13 14:36:00,165 - INFO - allennlp.training.trainer -              Training |  Validation
2019-01-13 14:36:00,165 - INFO - allennlp.training.trainer - loss     |     0.347  |     0.340
2019-01-13 14:36:00,166 - INFO - allennlp.training.trainer - accuracy |     0.863  |     0.865
2019-01-13 14:36:00,170 - INFO - allennlp.training.trainer - Epoch duration: 00:00:08
2019-01-13 14:36:00,170 - INFO - allennlp.training.trainer - Estimated training time remaining: 0:27:48
2019-01-13 14:36:00,170 - INFO - allennlp.training.trainer - Epoch 9/199
2019-01-13 14:36:00,170 - INFO - allennlp.training.trainer - Peak CPU memory usage MB: 3118.26
2019-01-13 14:36:00,263 - INFO - allennlp.training.trainer - GPU 0 memory usage MB: 20
2019-01-13 14:36:00,264 - INFO - allennlp.training.trainer - GPU 1 memory usage MB: 1621
2019-01-13 14:36:00,264 - INFO - allennlp.training.trainer - Training
2019-01-13 14:36:07,829 - INFO - allennlp.training.trainer - Validating
2019-01-13 14:36:08,375 - INFO - allennlp.training.trainer -              Training |  Validation
2019-01-13 14:36:08,376 - INFO - allennlp.training.trainer - loss     |     0.317  |     0.335
2019-01-13 14:36:08,376 - INFO - allennlp.training.trainer - accuracy |     0.871  |     0.865
2019-01-13 14:36:08,380 - INFO - allennlp.training.trainer - Epoch duration: 00:00:08
2019-01-13 14:36:08,380 - INFO - allennlp.training.trainer - Estimated training time remaining: 0:27:29
2019-01-13 14:36:08,380 - INFO - allennlp.training.trainer - Epoch 10/199
2019-01-13 14:36:08,380 - INFO - allennlp.training.trainer - Peak CPU memory usage MB: 3118.26
2019-01-13 14:36:08,474 - INFO - allennlp.training.trainer - GPU 0 memory usage MB: 20
2019-01-13 14:36:08,475 - INFO - allennlp.training.trainer - GPU 1 memory usage MB: 1621
2019-01-13 14:36:08,475 - INFO - allennlp.training.trainer - Training
2019-01-13 14:36:16,089 - INFO - allennlp.training.trainer - Validating
2019-01-13 14:36:16,637 - INFO - allennlp.training.trainer -              Training |  Validation
2019-01-13 14:36:16,638 - INFO - allennlp.training.trainer - loss     |     0.331  |     0.332
2019-01-13 14:36:16,638 - INFO - allennlp.training.trainer - accuracy |     0.869  |     0.865
2019-01-13 14:36:16,642 - INFO - allennlp.training.trainer - Epoch duration: 00:00:08
2019-01-13 14:36:16,643 - INFO - allennlp.training.trainer - Estimated training time remaining: 0:27:13
2019-01-13 14:36:16,643 - INFO - allennlp.training.trainer - Epoch 11/199
2019-01-13 14:36:16,643 - INFO - allennlp.training.trainer - Peak CPU memory usage MB: 3118.26
2019-01-13 14:36:16,736 - INFO - allennlp.training.trainer - GPU 0 memory usage MB: 20
2019-01-13 14:36:16,736 - INFO - allennlp.training.trainer - GPU 1 memory usage MB: 1621
2019-01-13 14:36:16,737 - INFO - allennlp.training.trainer - Training
2019-01-13 14:36:24,361 - INFO - allennlp.training.trainer - Validating
2019-01-13 14:36:24,911 - INFO - allennlp.training.trainer -              Training |  Validation
2019-01-13 14:36:24,912 - INFO - allennlp.training.trainer - loss     |     0.333  |     0.406
2019-01-13 14:36:24,912 - INFO - allennlp.training.trainer - accuracy |     0.866  |     0.837
2019-01-13 14:36:24,916 - INFO - allennlp.training.trainer - Epoch duration: 00:00:08
2019-01-13 14:36:24,916 - INFO - allennlp.training.trainer - Estimated training time remaining: 0:26:59
2019-01-13 14:36:24,916 - INFO - allennlp.training.trainer - Epoch 12/199
2019-01-13 14:36:24,916 - INFO - allennlp.training.trainer - Peak CPU memory usage MB: 3118.26
2019-01-13 14:36:25,010 - INFO - allennlp.training.trainer - GPU 0 memory usage MB: 20
2019-01-13 14:36:25,010 - INFO - allennlp.training.trainer - GPU 1 memory usage MB: 1621
2019-01-13 14:36:25,011 - INFO - allennlp.training.trainer - Training
2019-01-13 14:36:32,693 - INFO - allennlp.training.trainer - Validating
2019-01-13 14:36:33,244 - INFO - allennlp.training.trainer -              Training |  Validation
2019-01-13 14:36:33,244 - INFO - allennlp.training.trainer - loss     |     0.337  |     0.346
2019-01-13 14:36:33,244 - INFO - allennlp.training.trainer - accuracy |     0.867  |     0.862
2019-01-13 14:36:33,249 - INFO - allennlp.training.trainer - Epoch duration: 00:00:08
2019-01-13 14:36:33,249 - INFO - allennlp.training.trainer - Estimated training time remaining: 0:26:46
2019-01-13 14:36:33,249 - INFO - allennlp.training.trainer - Epoch 13/199
2019-01-13 14:36:33,249 - INFO - allennlp.training.trainer - Peak CPU memory usage MB: 3118.26
2019-01-13 14:36:33,343 - INFO - allennlp.training.trainer - GPU 0 memory usage MB: 20
2019-01-13 14:36:33,343 - INFO - allennlp.training.trainer - GPU 1 memory usage MB: 1621
2019-01-13 14:36:33,343 - INFO - allennlp.training.trainer - Training
2019-01-13 14:36:41,025 - INFO - allennlp.training.trainer - Validating
2019-01-13 14:36:41,574 - INFO - allennlp.training.trainer -              Training |  Validation
2019-01-13 14:36:41,575 - INFO - allennlp.training.trainer - loss     |     0.321  |     0.543
2019-01-13 14:36:41,575 - INFO - allennlp.training.trainer - accuracy |     0.870  |     0.800
2019-01-13 14:36:41,579 - INFO - allennlp.training.trainer - Epoch duration: 00:00:08
2019-01-13 14:36:41,580 - INFO - allennlp.training.trainer - Estimated training time remaining: 0:26:34
2019-01-13 14:36:41,580 - INFO - allennlp.training.trainer - Epoch 14/199
2019-01-13 14:36:41,580 - INFO - allennlp.training.trainer - Peak CPU memory usage MB: 3118.26
2019-01-13 14:36:41,673 - INFO - allennlp.training.trainer - GPU 0 memory usage MB: 20
2019-01-13 14:36:41,673 - INFO - allennlp.training.trainer - GPU 1 memory usage MB: 1621
2019-01-13 14:36:41,674 - INFO - allennlp.training.trainer - Training
2019-01-13 14:36:49,259 - INFO - allennlp.training.trainer - Validating
2019-01-13 14:36:49,807 - INFO - allennlp.training.trainer -              Training |  Validation
2019-01-13 14:36:49,808 - INFO - allennlp.training.trainer - loss     |     0.322  |     0.373
2019-01-13 14:36:49,808 - INFO - allennlp.training.trainer - accuracy |     0.871  |     0.854
2019-01-13 14:36:49,812 - INFO - allennlp.training.trainer - Epoch duration: 00:00:08
2019-01-13 14:36:49,812 - INFO - allennlp.training.trainer - Estimated training time remaining: 0:26:21
2019-01-13 14:36:49,812 - INFO - allennlp.training.trainer - Epoch 15/199
2019-01-13 14:36:49,812 - INFO - allennlp.training.trainer - Peak CPU memory usage MB: 3118.26
2019-01-13 14:36:49,907 - INFO - allennlp.training.trainer - GPU 0 memory usage MB: 20
2019-01-13 14:36:49,907 - INFO - allennlp.training.trainer - GPU 1 memory usage MB: 1621
2019-01-13 14:36:49,907 - INFO - allennlp.training.trainer - Training
2019-01-13 14:36:57,565 - INFO - allennlp.training.trainer - Validating
2019-01-13 14:36:58,112 - INFO - allennlp.training.trainer -              Training |  Validation
2019-01-13 14:36:58,112 - INFO - allennlp.training.trainer - loss     |     0.323  |     0.379
2019-01-13 14:36:58,113 - INFO - allennlp.training.trainer - accuracy |     0.872  |     0.853
2019-01-13 14:36:58,117 - INFO - allennlp.training.trainer - Epoch duration: 00:00:08
2019-01-13 14:36:58,117 - INFO - allennlp.training.trainer - Estimated training time remaining: 0:26:10
2019-01-13 14:36:58,117 - INFO - allennlp.training.trainer - Epoch 16/199
2019-01-13 14:36:58,117 - INFO - allennlp.training.trainer - Peak CPU memory usage MB: 3118.26
2019-01-13 14:36:58,211 - INFO - allennlp.training.trainer - GPU 0 memory usage MB: 20
2019-01-13 14:36:58,211 - INFO - allennlp.training.trainer - GPU 1 memory usage MB: 1621
2019-01-13 14:36:58,212 - INFO - allennlp.training.trainer - Training
2019-01-13 14:37:05,821 - INFO - allennlp.training.trainer - Validating
2019-01-13 14:37:06,371 - INFO - allennlp.training.trainer -              Training |  Validation
2019-01-13 14:37:06,371 - INFO - allennlp.training.trainer - loss     |     0.314  |     0.331
2019-01-13 14:37:06,371 - INFO - allennlp.training.trainer - accuracy |     0.871  |     0.868
2019-01-13 14:37:06,376 - INFO - allennlp.training.trainer - Epoch duration: 00:00:08
2019-01-13 14:37:06,376 - INFO - allennlp.training.trainer - Estimated training time remaining: 0:25:58
2019-01-13 14:37:06,376 - INFO - allennlp.training.trainer - Epoch 17/199
2019-01-13 14:37:06,376 - INFO - allennlp.training.trainer - Peak CPU memory usage MB: 3118.26
2019-01-13 14:37:06,470 - INFO - allennlp.training.trainer - GPU 0 memory usage MB: 20
2019-01-13 14:37:06,470 - INFO - allennlp.training.trainer - GPU 1 memory usage MB: 1621
2019-01-13 14:37:06,470 - INFO - allennlp.training.trainer - Training
2019-01-13 14:37:14,112 - INFO - allennlp.training.trainer - Validating
2019-01-13 14:37:14,659 - INFO - allennlp.training.trainer -              Training |  Validation
2019-01-13 14:37:14,660 - INFO - allennlp.training.trainer - loss     |     0.311  |     0.337
2019-01-13 14:37:14,660 - INFO - allennlp.training.trainer - accuracy |     0.875  |     0.867
2019-01-13 14:37:14,664 - INFO - allennlp.training.trainer - Epoch duration: 00:00:08
2019-01-13 14:37:14,664 - INFO - allennlp.training.trainer - Estimated training time remaining: 0:25:47
2019-01-13 14:37:14,664 - INFO - allennlp.training.trainer - Epoch 18/199
2019-01-13 14:37:14,664 - INFO - allennlp.training.trainer - Peak CPU memory usage MB: 3118.26
2019-01-13 14:37:14,758 - INFO - allennlp.training.trainer - GPU 0 memory usage MB: 20
2019-01-13 14:37:14,759 - INFO - allennlp.training.trainer - GPU 1 memory usage MB: 1621
2019-01-13 14:37:14,759 - INFO - allennlp.training.trainer - Training
2019-01-13 14:37:22,399 - INFO - allennlp.training.trainer - Validating
2019-01-13 14:37:22,949 - INFO - allennlp.training.trainer -              Training |  Validation
2019-01-13 14:37:22,950 - INFO - allennlp.training.trainer - loss     |     0.344  |     0.360
2019-01-13 14:37:22,950 - INFO - allennlp.training.trainer - accuracy |     0.868  |     0.863
2019-01-13 14:37:22,954 - INFO - allennlp.training.trainer - Epoch duration: 00:00:08
2019-01-13 14:37:22,954 - INFO - allennlp.training.trainer - Estimated training time remaining: 0:25:37
2019-01-13 14:37:22,955 - INFO - allennlp.training.trainer - Epoch 19/199
2019-01-13 14:37:22,955 - INFO - allennlp.training.trainer - Peak CPU memory usage MB: 3118.26
2019-01-13 14:37:23,047 - INFO - allennlp.training.trainer - GPU 0 memory usage MB: 20
2019-01-13 14:37:23,048 - INFO - allennlp.training.trainer - GPU 1 memory usage MB: 1621
2019-01-13 14:37:23,048 - INFO - allennlp.training.trainer - Training
2019-01-13 14:37:30,726 - INFO - allennlp.training.trainer - Validating
2019-01-13 14:37:31,273 - INFO - allennlp.training.trainer -              Training |  Validation
2019-01-13 14:37:31,274 - INFO - allennlp.training.trainer - loss     |     0.316  |     0.378
2019-01-13 14:37:31,274 - INFO - allennlp.training.trainer - accuracy |     0.874  |     0.853
2019-01-13 14:37:31,278 - INFO - allennlp.training.trainer - Epoch duration: 00:00:08
2019-01-13 14:37:31,278 - INFO - allennlp.training.trainer - Estimated training time remaining: 0:25:27
2019-01-13 14:37:31,278 - INFO - allennlp.training.trainer - Epoch 20/199
2019-01-13 14:37:31,278 - INFO - allennlp.training.trainer - Peak CPU memory usage MB: 3118.26
2019-01-13 14:37:31,372 - INFO - allennlp.training.trainer - GPU 0 memory usage MB: 20
2019-01-13 14:37:31,372 - INFO - allennlp.training.trainer - GPU 1 memory usage MB: 1621
2019-01-13 14:37:31,373 - INFO - allennlp.training.trainer - Training
2019-01-13 14:37:38,965 - INFO - allennlp.training.trainer - Validating
2019-01-13 14:37:39,515 - INFO - allennlp.training.trainer -              Training |  Validation
2019-01-13 14:37:39,515 - INFO - allennlp.training.trainer - loss     |     0.301  |     0.338
2019-01-13 14:37:39,516 - INFO - allennlp.training.trainer - accuracy |     0.879  |     0.866
2019-01-13 14:37:39,521 - INFO - allennlp.training.trainer - Epoch duration: 00:00:08
2019-01-13 14:37:39,521 - INFO - allennlp.training.trainer - Estimated training time remaining: 0:25:16
2019-01-13 14:37:39,521 - INFO - allennlp.training.trainer - Epoch 21/199
2019-01-13 14:37:39,521 - INFO - allennlp.training.trainer - Peak CPU memory usage MB: 3118.26
2019-01-13 14:37:39,613 - INFO - allennlp.training.trainer - GPU 0 memory usage MB: 20
2019-01-13 14:37:39,613 - INFO - allennlp.training.trainer - GPU 1 memory usage MB: 1621
2019-01-13 14:37:39,614 - INFO - allennlp.training.trainer - Training
2019-01-13 14:37:47,270 - INFO - allennlp.training.trainer - Validating
2019-01-13 14:37:47,818 - INFO - allennlp.training.trainer -              Training |  Validation
2019-01-13 14:37:47,819 - INFO - allennlp.training.trainer - loss     |     0.306  |     0.335
2019-01-13 14:37:47,819 - INFO - allennlp.training.trainer - accuracy |     0.878  |     0.864
2019-01-13 14:37:47,824 - INFO - allennlp.training.trainer - Epoch duration: 00:00:08
2019-01-13 14:37:47,824 - INFO - allennlp.training.trainer - Estimated training time remaining: 0:25:06
2019-01-13 14:37:47,824 - INFO - allennlp.training.trainer - Epoch 22/199
2019-01-13 14:37:47,824 - INFO - allennlp.training.trainer - Peak CPU memory usage MB: 3118.26
2019-01-13 14:37:47,915 - INFO - allennlp.training.trainer - GPU 0 memory usage MB: 20
2019-01-13 14:37:47,915 - INFO - allennlp.training.trainer - GPU 1 memory usage MB: 1621
2019-01-13 14:37:47,916 - INFO - allennlp.training.trainer - Training
2019-01-13 14:37:55,581 - INFO - allennlp.training.trainer - Validating
2019-01-13 14:37:56,129 - INFO - allennlp.training.trainer -              Training |  Validation
2019-01-13 14:37:56,130 - INFO - allennlp.training.trainer - loss     |     0.342  |     0.467
2019-01-13 14:37:56,130 - INFO - allennlp.training.trainer - accuracy |     0.868  |     0.831
2019-01-13 14:37:56,135 - INFO - allennlp.training.trainer - Epoch duration: 00:00:08
2019-01-13 14:37:56,135 - INFO - allennlp.training.trainer - Estimated training time remaining: 0:24:57
2019-01-13 14:37:56,135 - INFO - allennlp.training.trainer - Epoch 23/199
2019-01-13 14:37:56,135 - INFO - allennlp.training.trainer - Peak CPU memory usage MB: 3118.26
2019-01-13 14:37:56,228 - INFO - allennlp.training.trainer - GPU 0 memory usage MB: 20
2019-01-13 14:37:56,229 - INFO - allennlp.training.trainer - GPU 1 memory usage MB: 1621
2019-01-13 14:37:56,229 - INFO - allennlp.training.trainer - Training
2019-01-13 14:38:03,824 - INFO - allennlp.training.trainer - Validating
2019-01-13 14:38:04,369 - INFO - allennlp.training.trainer -              Training |  Validation
2019-01-13 14:38:04,370 - INFO - allennlp.training.trainer - loss     |     0.319  |     0.390
2019-01-13 14:38:04,370 - INFO - allennlp.training.trainer - accuracy |     0.874  |     0.852
2019-01-13 14:38:04,375 - INFO - allennlp.training.trainer - Epoch duration: 00:00:08
2019-01-13 14:38:04,375 - INFO - allennlp.training.trainer - Estimated training time remaining: 0:24:47
2019-01-13 14:38:04,375 - INFO - allennlp.training.trainer - Epoch 24/199
2019-01-13 14:38:04,375 - INFO - allennlp.training.trainer - Peak CPU memory usage MB: 3118.26
2019-01-13 14:38:04,467 - INFO - allennlp.training.trainer - GPU 0 memory usage MB: 20
2019-01-13 14:38:04,468 - INFO - allennlp.training.trainer - GPU 1 memory usage MB: 1621
2019-01-13 14:38:04,468 - INFO - allennlp.training.trainer - Training
2019-01-13 14:38:12,112 - INFO - allennlp.training.trainer - Validating
2019-01-13 14:38:12,657 - INFO - allennlp.training.trainer - Ran out of patience.  Stopping training.
2019-01-13 14:38:12,657 - INFO - allennlp.models.archival - archiving weights and vocabulary to experiments/supervised/boe_trials/results/boe1/model.tar.gz
2019-01-13 14:38:12,746 - INFO - allennlp.commands.train - Loading the best epoch weights.
2019-01-13 14:38:12,748 - INFO - allennlp.common.util - Metrics: {
  "training_duration": "00:03:22",
  "training_start_epoch": 0,
  "training_epochs": 23,
  "epoch": 23,
  "training_accuracy": 0.87425,
  "training_loss": 0.31857067994773386,
  "validation_accuracy": 0.8518,
  "validation_loss": 0.389532273709774,
  "best_epoch": 4,
  "best_validation_accuracy": 0.869,
  "best_validation_loss": 0.33021278083324435
}
