2019-01-11 14:50:49,200 - INFO - allennlp.common.from_params - instantiating class <class 'allennlp.data.dataset_readers.dataset_reader.DatasetReader'> from params {'type': 'document_reader'} and extras {}
2019-01-11 14:50:49,200 - INFO - allennlp.common.params - dataset_reader.type = document_reader
2019-01-11 14:50:49,200 - INFO - allennlp.common.from_params - instantiating class <class 'library.dataset_readers.document_reader.DocumentReader'> from params {} and extras {}
2019-01-11 14:50:49,201 - INFO - allennlp.common.params - dataset_reader.lazy = False
2019-01-11 14:50:49,201 - INFO - allennlp.common.params - dataset_reader.token_indexers = <allennlp.common.params.Params object at 0x7eff0672d0b8>
2019-01-11 14:50:49,201 - INFO - allennlp.common.params - dataset_reader.use_stopless_tokens = True
2019-01-11 14:50:49,496 - INFO - allennlp.common.params - validation_dataset_reader = None
2019-01-11 14:50:49,496 - INFO - allennlp.common.params - train_data_path = /data/dangt7/IMDB/train_labelled.filtered.jsonl
2019-01-11 14:50:49,496 - INFO - allennlp.commands.train - Reading training data from /data/dangt7/IMDB/train_labelled.filtered.jsonl
2019-01-11 14:50:49,496 - INFO - library.dataset_readers.document_reader - Reading instances from lines in file: /data/dangt7/IMDB/train_labelled.filtered.jsonl
2019-01-11 14:51:51,466 - INFO - allennlp.common.params - validation_data_path = /data/dangt7/IMDB/valid.filtered.jsonl
2019-01-11 14:51:51,466 - INFO - allennlp.commands.train - Reading validation data from /data/dangt7/IMDB/valid.filtered.jsonl
2019-01-11 14:51:51,466 - INFO - library.dataset_readers.document_reader - Reading instances from lines in file: /data/dangt7/IMDB/valid.filtered.jsonl
2019-01-11 14:52:06,771 - INFO - allennlp.common.params - test_data_path = None
2019-01-11 14:52:06,771 - INFO - allennlp.commands.train - From dataset instances, validation, train will be considered for vocabulary creation.
2019-01-11 14:52:06,772 - INFO - allennlp.common.params - vocabulary.type = None
2019-01-11 14:52:06,772 - INFO - allennlp.common.params - vocabulary.extend = False
2019-01-11 14:52:06,772 - INFO - allennlp.common.params - vocabulary.directory_path = None
2019-01-11 14:52:06,772 - INFO - allennlp.common.params - vocabulary.min_count = None
2019-01-11 14:52:06,772 - INFO - allennlp.common.params - vocabulary.max_vocab_size = 10000
2019-01-11 14:52:06,772 - INFO - allennlp.common.params - vocabulary.non_padded_namespaces = ('*tags', '*labels')
2019-01-11 14:52:06,772 - INFO - allennlp.common.params - vocabulary.min_pretrained_embeddings = None
2019-01-11 14:52:06,772 - INFO - allennlp.common.params - vocabulary.only_include_pretrained_words = False
2019-01-11 14:52:06,772 - INFO - allennlp.common.params - vocabulary.tokens_to_add = None
2019-01-11 14:52:06,772 - INFO - allennlp.data.vocabulary - Fitting token dictionary from dataset.
2019-01-11 14:52:10,185 - INFO - allennlp.common.from_params - instantiating class <class 'allennlp.models.model.Model'> from params {'classification_layer': {'activations': ['linear'], 'hidden_dims': [2], 'input_dim': 300, 'num_layers': 1}, 'encoder': {'embedding_dim': 300, 'num_filters': 32, 'output_dim': 300, 'type': 'cnn'}, 'text_field_embedder': {'tokens': {'embedding_dim': 300, 'pretrained_file': '/data/dangt7/glove/glove.6B.300d.txt', 'trainable': True, 'type': 'embedding', 'vocab_namespace': 'tokens'}}, 'type': 'seq2vec_classifier'} and extras {'vocab': <allennlp.data.vocabulary.Vocabulary object at 0x7eff0672d0b8>}
2019-01-11 14:52:10,186 - INFO - allennlp.common.params - model.type = seq2vec_classifier
2019-01-11 14:52:10,186 - INFO - allennlp.common.from_params - instantiating class <class 'library.models.baselines.Seq2VecClassifier'> from params {'classification_layer': {'activations': ['linear'], 'hidden_dims': [2], 'input_dim': 300, 'num_layers': 1}, 'encoder': {'embedding_dim': 300, 'num_filters': 32, 'output_dim': 300, 'type': 'cnn'}, 'text_field_embedder': {'tokens': {'embedding_dim': 300, 'pretrained_file': '/data/dangt7/glove/glove.6B.300d.txt', 'trainable': True, 'type': 'embedding', 'vocab_namespace': 'tokens'}}} and extras {'vocab': <allennlp.data.vocabulary.Vocabulary object at 0x7eff0672d0b8>}
2019-01-11 14:52:10,186 - INFO - allennlp.common.from_params - instantiating class <class 'allennlp.modules.seq2vec_encoders.seq2vec_encoder.Seq2VecEncoder'> from params {'embedding_dim': 300, 'num_filters': 32, 'output_dim': 300, 'type': 'cnn'} and extras {'vocab': <allennlp.data.vocabulary.Vocabulary object at 0x7eff0672d0b8>}
2019-01-11 14:52:10,186 - INFO - allennlp.common.params - model.encoder.type = cnn
2019-01-11 14:52:10,186 - INFO - allennlp.common.from_params - instantiating class <class 'allennlp.modules.seq2vec_encoders.cnn_encoder.CnnEncoder'> from params {'embedding_dim': 300, 'num_filters': 32, 'output_dim': 300} and extras {'vocab': <allennlp.data.vocabulary.Vocabulary object at 0x7eff0672d0b8>}
2019-01-11 14:52:10,186 - INFO - allennlp.common.params - model.encoder.embedding_dim = 300
2019-01-11 14:52:10,186 - INFO - allennlp.common.params - model.encoder.num_filters = 32
2019-01-11 14:52:10,186 - INFO - allennlp.common.params - model.encoder.ngram_filter_sizes = (2, 3, 4, 5)
2019-01-11 14:52:10,186 - INFO - allennlp.common.params - model.encoder.output_dim = 300
2019-01-11 14:52:10,186 - INFO - allennlp.common.registrable - instantiating registered subclass relu of <class 'allennlp.nn.activations.Activation'>
2019-01-11 14:52:10,189 - INFO - allennlp.common.params - model.classification_layer.input_dim = 300
2019-01-11 14:52:10,189 - INFO - allennlp.common.params - model.classification_layer.num_layers = 1
2019-01-11 14:52:10,189 - INFO - allennlp.common.params - model.classification_layer.hidden_dims = [2]
2019-01-11 14:52:10,189 - INFO - allennlp.common.params - model.classification_layer.activations = ['linear']
2019-01-11 14:52:10,189 - INFO - allennlp.common.params - model.classification_layer.dropout = 0.0
2019-01-11 14:52:10,189 - INFO - allennlp.common.registrable - instantiating registered subclass linear of <class 'allennlp.nn.activations.Activation'>
2019-01-11 14:52:10,189 - INFO - allennlp.common.from_params - instantiating class <class 'allennlp.modules.text_field_embedders.text_field_embedder.TextFieldEmbedder'> from params {'tokens': {'embedding_dim': 300, 'pretrained_file': '/data/dangt7/glove/glove.6B.300d.txt', 'trainable': True, 'type': 'embedding', 'vocab_namespace': 'tokens'}} and extras {'vocab': <allennlp.data.vocabulary.Vocabulary object at 0x7eff0672d0b8>}
2019-01-11 14:52:10,189 - INFO - allennlp.common.params - model.text_field_embedder.type = basic
2019-01-11 14:52:10,189 - INFO - allennlp.common.params - model.text_field_embedder.embedder_to_indexer_map = None
2019-01-11 14:52:10,189 - INFO - allennlp.common.params - model.text_field_embedder.allow_unmatched_keys = False
2019-01-11 14:52:10,189 - INFO - allennlp.common.params - model.text_field_embedder.token_embedders = None
2019-01-11 14:52:10,189 - INFO - allennlp.common.from_params - instantiating class <class 'allennlp.modules.token_embedders.token_embedder.TokenEmbedder'> from params {'embedding_dim': 300, 'pretrained_file': '/data/dangt7/glove/glove.6B.300d.txt', 'trainable': True, 'type': 'embedding', 'vocab_namespace': 'tokens'} and extras {'vocab': <allennlp.data.vocabulary.Vocabulary object at 0x7eff0672d0b8>}
2019-01-11 14:52:10,190 - INFO - allennlp.common.params - model.text_field_embedder.tokens.type = embedding
2019-01-11 14:52:10,190 - INFO - allennlp.common.params - model.text_field_embedder.tokens.num_embeddings = None
2019-01-11 14:52:10,190 - INFO - allennlp.common.params - model.text_field_embedder.tokens.vocab_namespace = tokens
2019-01-11 14:52:10,190 - INFO - allennlp.common.params - model.text_field_embedder.tokens.embedding_dim = 300
2019-01-11 14:52:10,190 - INFO - allennlp.common.params - model.text_field_embedder.tokens.pretrained_file = /data/dangt7/glove/glove.6B.300d.txt
2019-01-11 14:52:10,190 - INFO - allennlp.common.params - model.text_field_embedder.tokens.projection_dim = None
2019-01-11 14:52:10,190 - INFO - allennlp.common.params - model.text_field_embedder.tokens.trainable = True
2019-01-11 14:52:10,190 - INFO - allennlp.common.params - model.text_field_embedder.tokens.padding_index = None
2019-01-11 14:52:10,190 - INFO - allennlp.common.params - model.text_field_embedder.tokens.max_norm = None
2019-01-11 14:52:10,190 - INFO - allennlp.common.params - model.text_field_embedder.tokens.norm_type = 2.0
2019-01-11 14:52:10,190 - INFO - allennlp.common.params - model.text_field_embedder.tokens.scale_grad_by_freq = False
2019-01-11 14:52:10,190 - INFO - allennlp.common.params - model.text_field_embedder.tokens.sparse = False
2019-01-11 14:52:10,191 - INFO - allennlp.modules.token_embedders.embedding - Reading pretrained embeddings from file
2019-01-11 14:52:11,826 - INFO - allennlp.modules.token_embedders.embedding - Initializing pre-trained embedding layer
2019-01-11 14:52:11,908 - INFO - allennlp.modules.token_embedders.embedding - Pretrained embeddings were found for 9962 out of 10002 tokens
2019-01-11 14:52:11,910 - INFO - allennlp.nn.initializers - Initializing parameters
2019-01-11 14:52:11,910 - INFO - allennlp.nn.initializers - Done initializing parameters; the following parameters are using their default initialization from their code
2019-01-11 14:52:11,910 - INFO - allennlp.nn.initializers -    classification_layer._linear_layers.0.bias
2019-01-11 14:52:11,910 - INFO - allennlp.nn.initializers -    classification_layer._linear_layers.0.weight
2019-01-11 14:52:11,910 - INFO - allennlp.nn.initializers -    encoder.conv_layer_0.bias
2019-01-11 14:52:11,910 - INFO - allennlp.nn.initializers -    encoder.conv_layer_0.weight
2019-01-11 14:52:11,910 - INFO - allennlp.nn.initializers -    encoder.conv_layer_1.bias
2019-01-11 14:52:11,910 - INFO - allennlp.nn.initializers -    encoder.conv_layer_1.weight
2019-01-11 14:52:11,910 - INFO - allennlp.nn.initializers -    encoder.conv_layer_2.bias
2019-01-11 14:52:11,910 - INFO - allennlp.nn.initializers -    encoder.conv_layer_2.weight
2019-01-11 14:52:11,910 - INFO - allennlp.nn.initializers -    encoder.conv_layer_3.bias
2019-01-11 14:52:11,910 - INFO - allennlp.nn.initializers -    encoder.conv_layer_3.weight
2019-01-11 14:52:11,910 - INFO - allennlp.nn.initializers -    encoder.projection_layer.bias
2019-01-11 14:52:11,910 - INFO - allennlp.nn.initializers -    encoder.projection_layer.weight
2019-01-11 14:52:11,910 - INFO - allennlp.nn.initializers -    text_field_embedder.token_embedder_tokens.weight
2019-01-11 14:52:11,929 - INFO - allennlp.common.from_params - instantiating class <class 'allennlp.data.iterators.data_iterator.DataIterator'> from params {'batch_size': 100, 'type': 'basic'} and extras {}
2019-01-11 14:52:11,929 - INFO - allennlp.common.params - iterator.type = basic
2019-01-11 14:52:11,929 - INFO - allennlp.common.from_params - instantiating class <class 'allennlp.data.iterators.basic_iterator.BasicIterator'> from params {'batch_size': 100} and extras {}
2019-01-11 14:52:11,929 - INFO - allennlp.common.params - iterator.batch_size = 100
2019-01-11 14:52:11,929 - INFO - allennlp.common.params - iterator.instances_per_epoch = None
2019-01-11 14:52:11,929 - INFO - allennlp.common.params - iterator.max_instances_in_memory = None
2019-01-11 14:52:11,929 - INFO - allennlp.common.params - iterator.cache_instances = False
2019-01-11 14:52:11,929 - INFO - allennlp.common.params - iterator.track_epoch = False
2019-01-11 14:52:11,929 - INFO - allennlp.common.params - iterator.maximum_samples_per_batch = None
2019-01-11 14:52:11,930 - INFO - allennlp.common.params - validation_iterator = None
2019-01-11 14:52:11,930 - INFO - allennlp.common.params - trainer.no_grad = ()
2019-01-11 14:52:11,930 - INFO - allennlp.commands.train - Following parameters are Frozen  (without gradient):
2019-01-11 14:52:11,930 - INFO - allennlp.commands.train - Following parameters are Tunable (with gradient):
2019-01-11 14:52:11,930 - INFO - allennlp.commands.train - encoder.conv_layer_0.weight
2019-01-11 14:52:11,930 - INFO - allennlp.commands.train - encoder.conv_layer_0.bias
2019-01-11 14:52:11,930 - INFO - allennlp.commands.train - encoder.conv_layer_1.weight
2019-01-11 14:52:11,930 - INFO - allennlp.commands.train - encoder.conv_layer_1.bias
2019-01-11 14:52:11,930 - INFO - allennlp.commands.train - encoder.conv_layer_2.weight
2019-01-11 14:52:11,930 - INFO - allennlp.commands.train - encoder.conv_layer_2.bias
2019-01-11 14:52:11,930 - INFO - allennlp.commands.train - encoder.conv_layer_3.weight
2019-01-11 14:52:11,930 - INFO - allennlp.commands.train - encoder.conv_layer_3.bias
2019-01-11 14:52:11,930 - INFO - allennlp.commands.train - encoder.projection_layer.weight
2019-01-11 14:52:11,930 - INFO - allennlp.commands.train - encoder.projection_layer.bias
2019-01-11 14:52:11,930 - INFO - allennlp.commands.train - classification_layer._linear_layers.0.weight
2019-01-11 14:52:11,930 - INFO - allennlp.commands.train - classification_layer._linear_layers.0.bias
2019-01-11 14:52:11,930 - INFO - allennlp.commands.train - text_field_embedder.token_embedder_tokens.weight
2019-01-11 14:52:11,930 - INFO - allennlp.common.params - trainer.patience = 20
2019-01-11 14:52:11,930 - INFO - allennlp.common.params - trainer.validation_metric = +accuracy
2019-01-11 14:52:11,930 - INFO - allennlp.common.params - trainer.shuffle = True
2019-01-11 14:52:11,930 - INFO - allennlp.common.params - trainer.num_epochs = 200
2019-01-11 14:52:11,931 - INFO - allennlp.common.params - trainer.cuda_device = 0
2019-01-11 14:52:11,931 - INFO - allennlp.common.params - trainer.grad_norm = None
2019-01-11 14:52:11,931 - INFO - allennlp.common.params - trainer.grad_clipping = None
2019-01-11 14:52:11,931 - INFO - allennlp.common.params - trainer.learning_rate_scheduler = None
2019-01-11 14:52:13,743 - INFO - allennlp.common.params - trainer.optimizer.type = adam
2019-01-11 14:52:13,743 - INFO - allennlp.common.params - trainer.optimizer.parameter_groups = None
2019-01-11 14:52:13,743 - INFO - allennlp.training.optimizers - Number of trainable parameters: 3174430
2019-01-11 14:52:13,743 - INFO - allennlp.common.registrable - instantiating registered subclass adam of <class 'allennlp.training.optimizers.Optimizer'>
2019-01-11 14:52:13,743 - INFO - allennlp.common.params - Converting Params object to dict; logging of default values will not occur when dictionary parameters are used subsequently.
2019-01-11 14:52:13,743 - INFO - allennlp.common.params - CURRENTLY DEFINED PARAMETERS: 
2019-01-11 14:52:13,743 - INFO - allennlp.common.params - trainer.optimizer.lr = 0.001
2019-01-11 14:52:13,743 - INFO - allennlp.common.params - trainer.optimizer.weight_decay = 0.001
2019-01-11 14:52:13,743 - INFO - allennlp.common.params - trainer.num_serialized_models_to_keep = 20
2019-01-11 14:52:13,743 - INFO - allennlp.common.params - trainer.keep_serialized_model_every_num_seconds = None
2019-01-11 14:52:13,743 - INFO - allennlp.common.params - trainer.model_save_interval = None
2019-01-11 14:52:13,743 - INFO - allennlp.common.params - trainer.summary_interval = 100
2019-01-11 14:52:13,743 - INFO - allennlp.common.params - trainer.histogram_interval = None
2019-01-11 14:52:13,743 - INFO - allennlp.common.params - trainer.should_log_parameter_statistics = True
2019-01-11 14:52:13,743 - INFO - allennlp.common.params - trainer.should_log_learning_rate = False
2019-01-11 14:52:13,745 - INFO - allennlp.common.params - evaluate_on_test = False
2019-01-11 14:52:13,745 - INFO - allennlp.training.trainer - Beginning training.
2019-01-11 14:52:13,745 - INFO - allennlp.training.trainer - Epoch 0/199
2019-01-11 14:52:13,745 - INFO - allennlp.training.trainer - Peak CPU memory usage MB: 3002.836
2019-01-11 14:52:13,835 - INFO - allennlp.training.trainer - GPU 0 memory usage MB: 20
2019-01-11 14:52:13,836 - INFO - allennlp.training.trainer - GPU 1 memory usage MB: 545
2019-01-11 14:52:13,836 - INFO - allennlp.training.trainer - Training
2019-01-11 14:52:28,607 - INFO - allennlp.training.trainer - Validating
2019-01-11 14:52:30,162 - INFO - allennlp.training.trainer -              Training |  Validation
2019-01-11 14:52:30,163 - INFO - allennlp.training.trainer - loss     |     0.407  |     0.328
2019-01-11 14:52:30,163 - INFO - allennlp.training.trainer - accuracy |     0.806  |     0.856
2019-01-11 14:52:30,215 - INFO - allennlp.training.trainer - Best validation performance so far. Copying weights to 'experiments/supervised/cnn_trials/results/cnn0/best.th'.
2019-01-11 14:52:30,222 - INFO - allennlp.training.trainer - Epoch duration: 00:00:16
2019-01-11 14:52:30,222 - INFO - allennlp.training.trainer - Estimated training time remaining: 0:54:38
2019-01-11 14:52:30,222 - INFO - allennlp.training.trainer - Epoch 1/199
2019-01-11 14:52:30,222 - INFO - allennlp.training.trainer - Peak CPU memory usage MB: 3118.452
2019-01-11 14:52:30,324 - INFO - allennlp.training.trainer - GPU 0 memory usage MB: 20
2019-01-11 14:52:30,324 - INFO - allennlp.training.trainer - GPU 1 memory usage MB: 5749
2019-01-11 14:52:30,324 - INFO - allennlp.training.trainer - Training
2019-01-11 14:52:41,452 - INFO - allennlp.training.trainer - Validating
2019-01-11 14:52:42,232 - INFO - allennlp.training.trainer -              Training |  Validation
2019-01-11 14:52:42,232 - INFO - allennlp.training.trainer - loss     |     0.262  |     0.285
2019-01-11 14:52:42,233 - INFO - allennlp.training.trainer - accuracy |     0.892  |     0.882
2019-01-11 14:52:42,250 - INFO - allennlp.training.trainer - Best validation performance so far. Copying weights to 'experiments/supervised/cnn_trials/results/cnn0/best.th'.
2019-01-11 14:52:42,259 - INFO - allennlp.training.trainer - Epoch duration: 00:00:12
2019-01-11 14:52:42,259 - INFO - allennlp.training.trainer - Estimated training time remaining: 0:47:02
2019-01-11 14:52:42,259 - INFO - allennlp.training.trainer - Epoch 2/199
2019-01-11 14:52:42,259 - INFO - allennlp.training.trainer - Peak CPU memory usage MB: 3118.452
2019-01-11 14:52:42,356 - INFO - allennlp.training.trainer - GPU 0 memory usage MB: 20
2019-01-11 14:52:42,356 - INFO - allennlp.training.trainer - GPU 1 memory usage MB: 5749
2019-01-11 14:52:42,356 - INFO - allennlp.training.trainer - Training
2019-01-11 14:52:53,483 - INFO - allennlp.training.trainer - Validating
2019-01-11 14:52:54,265 - INFO - allennlp.training.trainer -              Training |  Validation
2019-01-11 14:52:54,266 - INFO - allennlp.training.trainer - loss     |     0.185  |     0.290
2019-01-11 14:52:54,266 - INFO - allennlp.training.trainer - accuracy |     0.929  |     0.884
2019-01-11 14:52:54,284 - INFO - allennlp.training.trainer - Best validation performance so far. Copying weights to 'experiments/supervised/cnn_trials/results/cnn0/best.th'.
2019-01-11 14:52:54,293 - INFO - allennlp.training.trainer - Epoch duration: 00:00:12
2019-01-11 14:52:54,293 - INFO - allennlp.training.trainer - Estimated training time remaining: 0:44:22
2019-01-11 14:52:54,293 - INFO - allennlp.training.trainer - Epoch 3/199
2019-01-11 14:52:54,293 - INFO - allennlp.training.trainer - Peak CPU memory usage MB: 3118.452
2019-01-11 14:52:54,389 - INFO - allennlp.training.trainer - GPU 0 memory usage MB: 20
2019-01-11 14:52:54,390 - INFO - allennlp.training.trainer - GPU 1 memory usage MB: 5749
2019-01-11 14:52:54,390 - INFO - allennlp.training.trainer - Training
2019-01-11 14:53:05,432 - INFO - allennlp.training.trainer - Validating
2019-01-11 14:53:06,216 - INFO - allennlp.training.trainer -              Training |  Validation
2019-01-11 14:53:06,216 - INFO - allennlp.training.trainer - loss     |     0.127  |     0.309
2019-01-11 14:53:06,217 - INFO - allennlp.training.trainer - accuracy |     0.956  |     0.879
2019-01-11 14:53:06,234 - INFO - allennlp.training.trainer - Epoch duration: 00:00:11
2019-01-11 14:53:06,235 - INFO - allennlp.training.trainer - Estimated training time remaining: 0:42:51
2019-01-11 14:53:06,235 - INFO - allennlp.training.trainer - Epoch 4/199
2019-01-11 14:53:06,235 - INFO - allennlp.training.trainer - Peak CPU memory usage MB: 3118.452
2019-01-11 14:53:06,336 - INFO - allennlp.training.trainer - GPU 0 memory usage MB: 20
2019-01-11 14:53:06,337 - INFO - allennlp.training.trainer - GPU 1 memory usage MB: 5749
2019-01-11 14:53:06,337 - INFO - allennlp.training.trainer - Training
2019-01-11 14:53:17,402 - INFO - allennlp.training.trainer - Validating
2019-01-11 14:53:18,188 - INFO - allennlp.training.trainer -              Training |  Validation
2019-01-11 14:53:18,189 - INFO - allennlp.training.trainer - loss     |     0.112  |     0.363
2019-01-11 14:53:18,189 - INFO - allennlp.training.trainer - accuracy |     0.958  |     0.865
2019-01-11 14:53:18,207 - INFO - allennlp.training.trainer - Epoch duration: 00:00:11
2019-01-11 14:53:18,207 - INFO - allennlp.training.trainer - Estimated training time remaining: 0:41:54
2019-01-11 14:53:18,207 - INFO - allennlp.training.trainer - Epoch 5/199
2019-01-11 14:53:18,207 - INFO - allennlp.training.trainer - Peak CPU memory usage MB: 3118.452
2019-01-11 14:53:18,306 - INFO - allennlp.training.trainer - GPU 0 memory usage MB: 20
2019-01-11 14:53:18,307 - INFO - allennlp.training.trainer - GPU 1 memory usage MB: 5749
2019-01-11 14:53:18,307 - INFO - allennlp.training.trainer - Training
2019-01-11 14:53:29,366 - INFO - allennlp.training.trainer - Validating
2019-01-11 14:53:30,151 - INFO - allennlp.training.trainer -              Training |  Validation
2019-01-11 14:53:30,151 - INFO - allennlp.training.trainer - loss     |     0.081  |     0.327
2019-01-11 14:53:30,151 - INFO - allennlp.training.trainer - accuracy |     0.973  |     0.882
2019-01-11 14:53:30,169 - INFO - allennlp.training.trainer - Epoch duration: 00:00:11
2019-01-11 14:53:30,169 - INFO - allennlp.training.trainer - Estimated training time remaining: 0:41:11
2019-01-11 14:53:30,169 - INFO - allennlp.training.trainer - Epoch 6/199
2019-01-11 14:53:30,170 - INFO - allennlp.training.trainer - Peak CPU memory usage MB: 3118.452
2019-01-11 14:53:30,264 - INFO - allennlp.training.trainer - GPU 0 memory usage MB: 20
2019-01-11 14:53:30,264 - INFO - allennlp.training.trainer - GPU 1 memory usage MB: 5749
2019-01-11 14:53:30,265 - INFO - allennlp.training.trainer - Training
2019-01-11 14:53:41,458 - INFO - allennlp.training.trainer - Validating
2019-01-11 14:53:42,243 - INFO - allennlp.training.trainer -              Training |  Validation
2019-01-11 14:53:42,244 - INFO - allennlp.training.trainer - loss     |     0.069  |     0.362
2019-01-11 14:53:42,244 - INFO - allennlp.training.trainer - accuracy |     0.978  |     0.873
2019-01-11 14:53:42,262 - INFO - allennlp.training.trainer - Epoch duration: 00:00:12
2019-01-11 14:53:42,262 - INFO - allennlp.training.trainer - Estimated training time remaining: 0:40:40
2019-01-11 14:53:42,262 - INFO - allennlp.training.trainer - Epoch 7/199
2019-01-11 14:53:42,262 - INFO - allennlp.training.trainer - Peak CPU memory usage MB: 3118.452
2019-01-11 14:53:42,358 - INFO - allennlp.training.trainer - GPU 0 memory usage MB: 20
2019-01-11 14:53:42,359 - INFO - allennlp.training.trainer - GPU 1 memory usage MB: 5749
2019-01-11 14:53:42,359 - INFO - allennlp.training.trainer - Training
2019-01-11 14:53:53,531 - INFO - allennlp.training.trainer - Validating
2019-01-11 14:53:54,314 - INFO - allennlp.training.trainer -              Training |  Validation
2019-01-11 14:53:54,315 - INFO - allennlp.training.trainer - loss     |     0.080  |     0.376
2019-01-11 14:53:54,315 - INFO - allennlp.training.trainer - accuracy |     0.972  |     0.866
2019-01-11 14:53:54,334 - INFO - allennlp.training.trainer - Epoch duration: 00:00:12
2019-01-11 14:53:54,334 - INFO - allennlp.training.trainer - Estimated training time remaining: 0:40:14
2019-01-11 14:53:54,334 - INFO - allennlp.training.trainer - Epoch 8/199
2019-01-11 14:53:54,334 - INFO - allennlp.training.trainer - Peak CPU memory usage MB: 3118.452
2019-01-11 14:53:54,435 - INFO - allennlp.training.trainer - GPU 0 memory usage MB: 20
2019-01-11 14:53:54,436 - INFO - allennlp.training.trainer - GPU 1 memory usage MB: 5749
2019-01-11 14:53:54,436 - INFO - allennlp.training.trainer - Training
2019-01-11 14:54:05,542 - INFO - allennlp.training.trainer - Validating
2019-01-11 14:54:06,327 - INFO - allennlp.training.trainer -              Training |  Validation
2019-01-11 14:54:06,328 - INFO - allennlp.training.trainer - loss     |     0.070  |     0.404
2019-01-11 14:54:06,328 - INFO - allennlp.training.trainer - accuracy |     0.976  |     0.865
2019-01-11 14:54:06,346 - INFO - allennlp.training.trainer - Epoch duration: 00:00:12
2019-01-11 14:54:06,346 - INFO - allennlp.training.trainer - Estimated training time remaining: 0:39:49
2019-01-11 14:54:06,346 - INFO - allennlp.training.trainer - Epoch 9/199
2019-01-11 14:54:06,346 - INFO - allennlp.training.trainer - Peak CPU memory usage MB: 3118.452
2019-01-11 14:54:06,448 - INFO - allennlp.training.trainer - GPU 0 memory usage MB: 20
2019-01-11 14:54:06,448 - INFO - allennlp.training.trainer - GPU 1 memory usage MB: 5749
2019-01-11 14:54:06,449 - INFO - allennlp.training.trainer - Training
2019-01-11 14:54:17,783 - INFO - allennlp.training.trainer - Validating
2019-01-11 14:54:18,568 - INFO - allennlp.training.trainer -              Training |  Validation
2019-01-11 14:54:18,569 - INFO - allennlp.training.trainer - loss     |     0.055  |     0.372
2019-01-11 14:54:18,569 - INFO - allennlp.training.trainer - accuracy |     0.982  |     0.875
2019-01-11 14:54:18,586 - INFO - allennlp.training.trainer - Epoch duration: 00:00:12
2019-01-11 14:54:18,587 - INFO - allennlp.training.trainer - Estimated training time remaining: 0:39:31
2019-01-11 14:54:18,587 - INFO - allennlp.training.trainer - Epoch 10/199
2019-01-11 14:54:18,587 - INFO - allennlp.training.trainer - Peak CPU memory usage MB: 3118.452
2019-01-11 14:54:18,683 - INFO - allennlp.training.trainer - GPU 0 memory usage MB: 20
2019-01-11 14:54:18,683 - INFO - allennlp.training.trainer - GPU 1 memory usage MB: 5749
2019-01-11 14:54:18,684 - INFO - allennlp.training.trainer - Training
2019-01-11 14:54:30,000 - INFO - allennlp.training.trainer - Validating
2019-01-11 14:54:30,784 - INFO - allennlp.training.trainer -              Training |  Validation
2019-01-11 14:54:30,784 - INFO - allennlp.training.trainer - loss     |     0.047  |     0.376
2019-01-11 14:54:30,785 - INFO - allennlp.training.trainer - accuracy |     0.986  |     0.875
2019-01-11 14:54:30,802 - INFO - allennlp.training.trainer - Epoch duration: 00:00:12
2019-01-11 14:54:30,802 - INFO - allennlp.training.trainer - Estimated training time remaining: 0:39:14
2019-01-11 14:54:30,803 - INFO - allennlp.training.trainer - Epoch 11/199
2019-01-11 14:54:30,803 - INFO - allennlp.training.trainer - Peak CPU memory usage MB: 3118.452
2019-01-11 14:54:30,902 - INFO - allennlp.training.trainer - GPU 0 memory usage MB: 20
2019-01-11 14:54:30,902 - INFO - allennlp.training.trainer - GPU 1 memory usage MB: 5749
2019-01-11 14:54:30,903 - INFO - allennlp.training.trainer - Training
2019-01-11 14:54:42,098 - INFO - allennlp.training.trainer - Validating
2019-01-11 14:54:42,884 - INFO - allennlp.training.trainer -              Training |  Validation
2019-01-11 14:54:42,885 - INFO - allennlp.training.trainer - loss     |     0.052  |     0.409
2019-01-11 14:54:42,885 - INFO - allennlp.training.trainer - accuracy |     0.982  |     0.868
2019-01-11 14:54:42,903 - INFO - allennlp.training.trainer - Epoch duration: 00:00:12
2019-01-11 14:54:42,904 - INFO - allennlp.training.trainer - Estimated training time remaining: 0:38:56
2019-01-11 14:54:42,904 - INFO - allennlp.training.trainer - Epoch 12/199
2019-01-11 14:54:42,904 - INFO - allennlp.training.trainer - Peak CPU memory usage MB: 3118.452
2019-01-11 14:54:43,006 - INFO - allennlp.training.trainer - GPU 0 memory usage MB: 20
2019-01-11 14:54:43,006 - INFO - allennlp.training.trainer - GPU 1 memory usage MB: 5749
2019-01-11 14:54:43,006 - INFO - allennlp.training.trainer - Training
2019-01-11 14:54:54,217 - INFO - allennlp.training.trainer - Validating
2019-01-11 14:54:55,003 - INFO - allennlp.training.trainer -              Training |  Validation
2019-01-11 14:54:55,004 - INFO - allennlp.training.trainer - loss     |     0.054  |     0.391
2019-01-11 14:54:55,004 - INFO - allennlp.training.trainer - accuracy |     0.982  |     0.868
2019-01-11 14:54:55,023 - INFO - allennlp.training.trainer - Epoch duration: 00:00:12
2019-01-11 14:54:55,023 - INFO - allennlp.training.trainer - Estimated training time remaining: 0:38:39
2019-01-11 14:54:55,023 - INFO - allennlp.training.trainer - Epoch 13/199
2019-01-11 14:54:55,023 - INFO - allennlp.training.trainer - Peak CPU memory usage MB: 3118.452
2019-01-11 14:54:55,125 - INFO - allennlp.training.trainer - GPU 0 memory usage MB: 20
2019-01-11 14:54:55,125 - INFO - allennlp.training.trainer - GPU 1 memory usage MB: 5749
2019-01-11 14:54:55,126 - INFO - allennlp.training.trainer - Training
2019-01-11 14:55:06,248 - INFO - allennlp.training.trainer - Validating
2019-01-11 14:55:07,032 - INFO - allennlp.training.trainer -              Training |  Validation
2019-01-11 14:55:07,033 - INFO - allennlp.training.trainer - loss     |     0.053  |     0.397
2019-01-11 14:55:07,033 - INFO - allennlp.training.trainer - accuracy |     0.981  |     0.868
2019-01-11 14:55:07,052 - INFO - allennlp.training.trainer - Epoch duration: 00:00:12
2019-01-11 14:55:07,052 - INFO - allennlp.training.trainer - Estimated training time remaining: 0:38:22
2019-01-11 14:55:07,052 - INFO - allennlp.training.trainer - Epoch 14/199
2019-01-11 14:55:07,052 - INFO - allennlp.training.trainer - Peak CPU memory usage MB: 3118.452
2019-01-11 14:55:07,153 - INFO - allennlp.training.trainer - GPU 0 memory usage MB: 20
2019-01-11 14:55:07,154 - INFO - allennlp.training.trainer - GPU 1 memory usage MB: 5749
2019-01-11 14:55:07,154 - INFO - allennlp.training.trainer - Training
2019-01-11 14:55:18,433 - INFO - allennlp.training.trainer - Validating
2019-01-11 14:55:19,217 - INFO - allennlp.training.trainer -              Training |  Validation
2019-01-11 14:55:19,218 - INFO - allennlp.training.trainer - loss     |     0.048  |     0.392
2019-01-11 14:55:19,218 - INFO - allennlp.training.trainer - accuracy |     0.986  |     0.867
2019-01-11 14:55:19,236 - INFO - allennlp.training.trainer - Epoch duration: 00:00:12
2019-01-11 14:55:19,236 - INFO - allennlp.training.trainer - Estimated training time remaining: 0:38:07
2019-01-11 14:55:19,236 - INFO - allennlp.training.trainer - Epoch 15/199
2019-01-11 14:55:19,236 - INFO - allennlp.training.trainer - Peak CPU memory usage MB: 3118.452
2019-01-11 14:55:19,337 - INFO - allennlp.training.trainer - GPU 0 memory usage MB: 20
2019-01-11 14:55:19,338 - INFO - allennlp.training.trainer - GPU 1 memory usage MB: 5749
2019-01-11 14:55:19,338 - INFO - allennlp.training.trainer - Training
2019-01-11 14:55:30,449 - INFO - allennlp.training.trainer - Validating
2019-01-11 14:55:31,233 - INFO - allennlp.training.trainer -              Training |  Validation
2019-01-11 14:55:31,234 - INFO - allennlp.training.trainer - loss     |     0.038  |     0.402
2019-01-11 14:55:31,234 - INFO - allennlp.training.trainer - accuracy |     0.989  |     0.873
2019-01-11 14:55:31,252 - INFO - allennlp.training.trainer - Epoch duration: 00:00:12
2019-01-11 14:55:31,252 - INFO - allennlp.training.trainer - Estimated training time remaining: 0:37:51
2019-01-11 14:55:31,252 - INFO - allennlp.training.trainer - Epoch 16/199
2019-01-11 14:55:31,252 - INFO - allennlp.training.trainer - Peak CPU memory usage MB: 3118.452
2019-01-11 14:55:31,353 - INFO - allennlp.training.trainer - GPU 0 memory usage MB: 20
2019-01-11 14:55:31,354 - INFO - allennlp.training.trainer - GPU 1 memory usage MB: 5749
2019-01-11 14:55:31,354 - INFO - allennlp.training.trainer - Training
2019-01-11 14:55:42,511 - INFO - allennlp.training.trainer - Validating
2019-01-11 14:55:43,295 - INFO - allennlp.training.trainer -              Training |  Validation
2019-01-11 14:55:43,296 - INFO - allennlp.training.trainer - loss     |     0.038  |     0.414
2019-01-11 14:55:43,296 - INFO - allennlp.training.trainer - accuracy |     0.990  |     0.868
2019-01-11 14:55:43,314 - INFO - allennlp.training.trainer - Epoch duration: 00:00:12
2019-01-11 14:55:43,314 - INFO - allennlp.training.trainer - Estimated training time remaining: 0:37:35
2019-01-11 14:55:43,314 - INFO - allennlp.training.trainer - Epoch 17/199
2019-01-11 14:55:43,314 - INFO - allennlp.training.trainer - Peak CPU memory usage MB: 3118.452
2019-01-11 14:55:43,414 - INFO - allennlp.training.trainer - GPU 0 memory usage MB: 20
2019-01-11 14:55:43,415 - INFO - allennlp.training.trainer - GPU 1 memory usage MB: 5749
2019-01-11 14:55:43,415 - INFO - allennlp.training.trainer - Training
2019-01-11 14:55:54,567 - INFO - allennlp.training.trainer - Validating
2019-01-11 14:55:55,353 - INFO - allennlp.training.trainer -              Training |  Validation
2019-01-11 14:55:55,353 - INFO - allennlp.training.trainer - loss     |     0.035  |     0.401
2019-01-11 14:55:55,354 - INFO - allennlp.training.trainer - accuracy |     0.991  |     0.870
2019-01-11 14:55:55,373 - INFO - allennlp.training.trainer - Epoch duration: 00:00:12
2019-01-11 14:55:55,373 - INFO - allennlp.training.trainer - Estimated training time remaining: 0:37:20
2019-01-11 14:55:55,373 - INFO - allennlp.training.trainer - Epoch 18/199
2019-01-11 14:55:55,373 - INFO - allennlp.training.trainer - Peak CPU memory usage MB: 3118.452
2019-01-11 14:55:55,472 - INFO - allennlp.training.trainer - GPU 0 memory usage MB: 20
2019-01-11 14:55:55,472 - INFO - allennlp.training.trainer - GPU 1 memory usage MB: 5749
2019-01-11 14:55:55,472 - INFO - allennlp.training.trainer - Training
2019-01-11 14:56:06,705 - INFO - allennlp.training.trainer - Validating
2019-01-11 14:56:07,492 - INFO - allennlp.training.trainer -              Training |  Validation
2019-01-11 14:56:07,493 - INFO - allennlp.training.trainer - loss     |     0.038  |     0.443
2019-01-11 14:56:07,493 - INFO - allennlp.training.trainer - accuracy |     0.989  |     0.860
2019-01-11 14:56:07,510 - INFO - allennlp.training.trainer - Epoch duration: 00:00:12
2019-01-11 14:56:07,510 - INFO - allennlp.training.trainer - Estimated training time remaining: 0:37:06
2019-01-11 14:56:07,510 - INFO - allennlp.training.trainer - Epoch 19/199
2019-01-11 14:56:07,511 - INFO - allennlp.training.trainer - Peak CPU memory usage MB: 3118.452
2019-01-11 14:56:07,611 - INFO - allennlp.training.trainer - GPU 0 memory usage MB: 20
2019-01-11 14:56:07,611 - INFO - allennlp.training.trainer - GPU 1 memory usage MB: 5749
2019-01-11 14:56:07,611 - INFO - allennlp.training.trainer - Training
2019-01-11 14:56:18,801 - INFO - allennlp.training.trainer - Validating
2019-01-11 14:56:19,587 - INFO - allennlp.training.trainer -              Training |  Validation
2019-01-11 14:56:19,588 - INFO - allennlp.training.trainer - loss     |     0.049  |     0.416
2019-01-11 14:56:19,588 - INFO - allennlp.training.trainer - accuracy |     0.984  |     0.866
2019-01-11 14:56:19,605 - INFO - allennlp.training.trainer - Epoch duration: 00:00:12
2019-01-11 14:56:19,606 - INFO - allennlp.training.trainer - Estimated training time remaining: 0:36:52
2019-01-11 14:56:19,606 - INFO - allennlp.training.trainer - Epoch 20/199
2019-01-11 14:56:19,606 - INFO - allennlp.training.trainer - Peak CPU memory usage MB: 3118.452
2019-01-11 14:56:19,702 - INFO - allennlp.training.trainer - GPU 0 memory usage MB: 20
2019-01-11 14:56:19,702 - INFO - allennlp.training.trainer - GPU 1 memory usage MB: 5749
2019-01-11 14:56:19,702 - INFO - allennlp.training.trainer - Training
2019-01-11 14:56:30,780 - INFO - allennlp.training.trainer - Validating
2019-01-11 14:56:31,567 - INFO - allennlp.training.trainer -              Training |  Validation
2019-01-11 14:56:31,567 - INFO - allennlp.training.trainer - loss     |     0.048  |     0.420
2019-01-11 14:56:31,567 - INFO - allennlp.training.trainer - accuracy |     0.984  |     0.868
2019-01-11 14:56:31,589 - INFO - allennlp.training.trainer - Epoch duration: 00:00:11
2019-01-11 14:56:31,589 - INFO - allennlp.training.trainer - Estimated training time remaining: 0:36:37
2019-01-11 14:56:31,589 - INFO - allennlp.training.trainer - Epoch 21/199
2019-01-11 14:56:31,589 - INFO - allennlp.training.trainer - Peak CPU memory usage MB: 3118.452
2019-01-11 14:56:31,685 - INFO - allennlp.training.trainer - GPU 0 memory usage MB: 20
2019-01-11 14:56:31,686 - INFO - allennlp.training.trainer - GPU 1 memory usage MB: 5749
2019-01-11 14:56:31,686 - INFO - allennlp.training.trainer - Training
2019-01-11 14:56:42,855 - INFO - allennlp.training.trainer - Validating
2019-01-11 14:56:43,641 - INFO - allennlp.training.trainer -              Training |  Validation
2019-01-11 14:56:43,642 - INFO - allennlp.training.trainer - loss     |     0.036  |     0.401
2019-01-11 14:56:43,642 - INFO - allennlp.training.trainer - accuracy |     0.990  |     0.871
2019-01-11 14:56:43,664 - INFO - allennlp.training.trainer - Epoch duration: 00:00:12
2019-01-11 14:56:43,664 - INFO - allennlp.training.trainer - Estimated training time remaining: 0:36:23
2019-01-11 14:56:43,664 - INFO - allennlp.training.trainer - Epoch 22/199
2019-01-11 14:56:43,664 - INFO - allennlp.training.trainer - Peak CPU memory usage MB: 3118.452
2019-01-11 14:56:43,759 - INFO - allennlp.training.trainer - GPU 0 memory usage MB: 20
2019-01-11 14:56:43,759 - INFO - allennlp.training.trainer - GPU 1 memory usage MB: 5749
2019-01-11 14:56:43,759 - INFO - allennlp.training.trainer - Training
2019-01-11 14:56:54,961 - INFO - allennlp.training.trainer - Validating
2019-01-11 14:56:55,751 - INFO - allennlp.training.trainer - Ran out of patience.  Stopping training.
2019-01-11 14:56:55,752 - INFO - allennlp.models.archival - archiving weights and vocabulary to experiments/supervised/cnn_trials/results/cnn0/model.tar.gz
2019-01-11 14:56:56,214 - INFO - allennlp.commands.train - Loading the best epoch weights.
2019-01-11 14:56:56,221 - INFO - allennlp.common.util - Metrics: {
  "training_duration": "00:04:29",
  "training_start_epoch": 0,
  "training_epochs": 21,
  "epoch": 21,
  "training_accuracy": 0.99,
  "training_loss": 0.036185328238643705,
  "validation_accuracy": 0.8714,
  "validation_loss": 0.40140930473804476,
  "best_epoch": 2,
  "best_validation_accuracy": 0.8836,
  "best_validation_loss": 0.2895346838235855
}
