2019-01-10 04:37:33,135 - INFO - allennlp.common.from_params - instantiating class <class 'allennlp.data.dataset_readers.dataset_reader.DatasetReader'> from params {'type': 'document_reader_semi_supervised'} and extras {}
2019-01-10 04:37:33,135 - INFO - allennlp.common.params - dataset_reader.type = document_reader_semi_supervised
2019-01-10 04:37:33,135 - INFO - allennlp.common.from_params - instantiating class <class 'library.dataset_readers.document_reader.DocumentReaderSemiSupervised'> from params {} and extras {}
2019-01-10 04:37:33,136 - INFO - allennlp.common.params - dataset_reader.lazy = False
2019-01-10 04:37:33,136 - INFO - allennlp.common.params - validation_dataset_reader = None
2019-01-10 04:37:33,136 - INFO - allennlp.common.params - train_data_path = /data/dangt7/IMDB/train_20k_labelled.filtered.jsonl
2019-01-10 04:37:33,136 - INFO - allennlp.commands.train - Reading training data from /data/dangt7/IMDB/train_20k_labelled.filtered.jsonl
2019-01-10 04:37:33,136 - INFO - library.dataset_readers.document_reader - Reading instances from lines in file: /data/dangt7/IMDB/train_20k_labelled.filtered.jsonl
2019-01-10 04:38:00,460 - INFO - allennlp.common.params - validation_data_path = /data/dangt7/IMDB/valid.filtered.jsonl
2019-01-10 04:38:00,460 - INFO - allennlp.commands.train - Reading validation data from /data/dangt7/IMDB/valid.filtered.jsonl
2019-01-10 04:38:00,460 - INFO - library.dataset_readers.document_reader - Reading instances from lines in file: /data/dangt7/IMDB/valid.filtered.jsonl
2019-01-10 04:38:02,164 - INFO - allennlp.common.params - test_data_path = None
2019-01-10 04:38:02,164 - INFO - allennlp.commands.train - From dataset instances, train, validation will be considered for vocabulary creation.
2019-01-10 04:38:02,164 - INFO - allennlp.common.params - vocabulary.type = None
2019-01-10 04:38:02,164 - INFO - allennlp.common.params - vocabulary.extend = False
2019-01-10 04:38:02,164 - INFO - allennlp.common.params - vocabulary.directory_path = None
2019-01-10 04:38:02,164 - INFO - allennlp.common.params - vocabulary.min_count = None
2019-01-10 04:38:02,164 - INFO - allennlp.common.params - Converting Params object to dict; logging of default values will not occur when dictionary parameters are used subsequently.
2019-01-10 04:38:02,164 - INFO - allennlp.common.params - CURRENTLY DEFINED PARAMETERS: 
2019-01-10 04:38:02,164 - INFO - allennlp.common.params - vocabulary.max_vocab_size.full = 10000
2019-01-10 04:38:02,164 - INFO - allennlp.common.params - vocabulary.max_vocab_size.stopless = 2000
2019-01-10 04:38:02,164 - INFO - allennlp.common.params - vocabulary.non_padded_namespaces = ('*tags', '*labels')
2019-01-10 04:38:02,165 - INFO - allennlp.common.params - vocabulary.min_pretrained_embeddings = None
2019-01-10 04:38:02,165 - INFO - allennlp.common.params - vocabulary.only_include_pretrained_words = False
2019-01-10 04:38:02,165 - INFO - allennlp.common.params - vocabulary.tokens_to_add = None
2019-01-10 04:38:02,165 - INFO - allennlp.data.vocabulary - Fitting token dictionary from dataset.
2019-01-10 04:38:15,568 - INFO - allennlp.common.from_params - instantiating class <class 'allennlp.models.model.Model'> from params {'alpha': 50, 'background_data_path': '/data/dangt7/IMDB/train_20k_labelled.bgfreq.json', 'classification_layer': {'activations': ['linear'], 'hidden_dims': [2], 'input_dim': 300, 'num_layers': 1}, 'encoder': {'embedding_dim': 300, 'num_filters': 32, 'output_dim': 300, 'type': 'cnn'}, 'filtered_embedder': {'filtered': {'embedding_dim': 300, 'pretrained_file': '/data/dangt7/glove/glove.6B.300d.txt', 'trainable': True, 'type': 'embedding', 'vocab_namespace': 'stopless'}}, 'input_embedder': {'full': {'embedding_dim': 300, 'pretrained_file': '/data/dangt7/glove/glove.6B.300d.txt', 'trainable': True, 'type': 'embedding', 'vocab_namespace': 'full'}}, 'print_topics': False, 'type': 'BOWTopicModelSemiSupervised', 'update_bg': False, 'use_filtered_tokens': False, 'vae': {'apply_batchnorm': {'mu': False, 'sigma': False}, 'decoder': {'activations': ['tanh'], 'hidden_dims': [2004], 'input_dim': 10, 'num_layers': 1}, 'encoder': {'activations': ['relu', 'relu'], 'dropout': 0.3, 'hidden_dims': [1000, 300], 'input_dim': 2004, 'num_layers': 2}, 'log_variance_projection': {'activations': ['linear'], 'hidden_dims': [10], 'input_dim': 300, 'num_layers': 1}, 'mu_projection': {'activations': ['linear'], 'hidden_dims': [10], 'input_dim': 300, 'num_layers': 1}}} and extras {'vocab': <allennlp.data.vocabulary.Vocabulary object at 0x7fb57b255198>}
2019-01-10 04:38:15,568 - INFO - allennlp.common.params - model.type = BOWTopicModelSemiSupervised
2019-01-10 04:38:15,568 - INFO - allennlp.common.from_params - instantiating class <class 'library.models.semi_supervised.BOWTopicModelSemiSupervised'> from params {'alpha': 50, 'background_data_path': '/data/dangt7/IMDB/train_20k_labelled.bgfreq.json', 'classification_layer': {'activations': ['linear'], 'hidden_dims': [2], 'input_dim': 300, 'num_layers': 1}, 'encoder': {'embedding_dim': 300, 'num_filters': 32, 'output_dim': 300, 'type': 'cnn'}, 'filtered_embedder': {'filtered': {'embedding_dim': 300, 'pretrained_file': '/data/dangt7/glove/glove.6B.300d.txt', 'trainable': True, 'type': 'embedding', 'vocab_namespace': 'stopless'}}, 'input_embedder': {'full': {'embedding_dim': 300, 'pretrained_file': '/data/dangt7/glove/glove.6B.300d.txt', 'trainable': True, 'type': 'embedding', 'vocab_namespace': 'full'}}, 'print_topics': False, 'update_bg': False, 'use_filtered_tokens': False, 'vae': {'apply_batchnorm': {'mu': False, 'sigma': False}, 'decoder': {'activations': ['tanh'], 'hidden_dims': [2004], 'input_dim': 10, 'num_layers': 1}, 'encoder': {'activations': ['relu', 'relu'], 'dropout': 0.3, 'hidden_dims': [1000, 300], 'input_dim': 2004, 'num_layers': 2}, 'log_variance_projection': {'activations': ['linear'], 'hidden_dims': [10], 'input_dim': 300, 'num_layers': 1}, 'mu_projection': {'activations': ['linear'], 'hidden_dims': [10], 'input_dim': 300, 'num_layers': 1}}} and extras {'vocab': <allennlp.data.vocabulary.Vocabulary object at 0x7fb57b255198>}
2019-01-10 04:38:15,569 - INFO - allennlp.common.from_params - instantiating class <class 'allennlp.modules.seq2vec_encoders.seq2vec_encoder.Seq2VecEncoder'> from params {'embedding_dim': 300, 'num_filters': 32, 'output_dim': 300, 'type': 'cnn'} and extras {'vocab': <allennlp.data.vocabulary.Vocabulary object at 0x7fb57b255198>}
2019-01-10 04:38:15,569 - INFO - allennlp.common.params - model.encoder.type = cnn
2019-01-10 04:38:15,569 - INFO - allennlp.common.from_params - instantiating class <class 'allennlp.modules.seq2vec_encoders.cnn_encoder.CnnEncoder'> from params {'embedding_dim': 300, 'num_filters': 32, 'output_dim': 300} and extras {'vocab': <allennlp.data.vocabulary.Vocabulary object at 0x7fb57b255198>}
2019-01-10 04:38:15,569 - INFO - allennlp.common.params - model.encoder.embedding_dim = 300
2019-01-10 04:38:15,569 - INFO - allennlp.common.params - model.encoder.num_filters = 32
2019-01-10 04:38:15,569 - INFO - allennlp.common.params - model.encoder.ngram_filter_sizes = (2, 3, 4, 5)
2019-01-10 04:38:15,569 - INFO - allennlp.common.params - model.encoder.output_dim = 300
2019-01-10 04:38:15,569 - INFO - allennlp.common.registrable - instantiating registered subclass relu of <class 'allennlp.nn.activations.Activation'>
2019-01-10 04:38:15,571 - INFO - allennlp.common.params - model.classification_layer.input_dim = 300
2019-01-10 04:38:15,571 - INFO - allennlp.common.params - model.classification_layer.num_layers = 1
2019-01-10 04:38:15,571 - INFO - allennlp.common.params - model.classification_layer.hidden_dims = [2]
2019-01-10 04:38:15,571 - INFO - allennlp.common.params - model.classification_layer.activations = ['linear']
2019-01-10 04:38:15,571 - INFO - allennlp.common.params - model.classification_layer.dropout = 0.0
2019-01-10 04:38:15,571 - INFO - allennlp.common.registrable - instantiating registered subclass linear of <class 'allennlp.nn.activations.Activation'>
2019-01-10 04:38:15,572 - INFO - allennlp.common.from_params - instantiating class <class 'library.models.vae.VAE'> from params {'apply_batchnorm': {'mu': False, 'sigma': False}, 'decoder': {'activations': ['tanh'], 'hidden_dims': [2004], 'input_dim': 10, 'num_layers': 1}, 'encoder': {'activations': ['relu', 'relu'], 'dropout': 0.3, 'hidden_dims': [1000, 300], 'input_dim': 2004, 'num_layers': 2}, 'log_variance_projection': {'activations': ['linear'], 'hidden_dims': [10], 'input_dim': 300, 'num_layers': 1}, 'mu_projection': {'activations': ['linear'], 'hidden_dims': [10], 'input_dim': 300, 'num_layers': 1}} and extras {'vocab': <allennlp.data.vocabulary.Vocabulary object at 0x7fb57b255198>}
2019-01-10 04:38:15,572 - INFO - allennlp.common.params - model.vae.encoder.input_dim = 2004
2019-01-10 04:38:15,572 - INFO - allennlp.common.params - model.vae.encoder.num_layers = 2
2019-01-10 04:38:15,572 - INFO - allennlp.common.params - model.vae.encoder.hidden_dims = [1000, 300]
2019-01-10 04:38:15,572 - INFO - allennlp.common.params - model.vae.encoder.activations = ['relu', 'relu']
2019-01-10 04:38:15,572 - INFO - allennlp.common.params - model.vae.encoder.dropout = 0.3
2019-01-10 04:38:15,572 - INFO - allennlp.common.registrable - instantiating registered subclass relu of <class 'allennlp.nn.activations.Activation'>
2019-01-10 04:38:15,572 - INFO - allennlp.common.registrable - instantiating registered subclass relu of <class 'allennlp.nn.activations.Activation'>
2019-01-10 04:38:15,590 - INFO - allennlp.common.params - model.vae.mu_projection.input_dim = 300
2019-01-10 04:38:15,590 - INFO - allennlp.common.params - model.vae.mu_projection.num_layers = 1
2019-01-10 04:38:15,590 - INFO - allennlp.common.params - model.vae.mu_projection.hidden_dims = [10]
2019-01-10 04:38:15,590 - INFO - allennlp.common.params - model.vae.mu_projection.activations = ['linear']
2019-01-10 04:38:15,590 - INFO - allennlp.common.params - model.vae.mu_projection.dropout = 0.0
2019-01-10 04:38:15,590 - INFO - allennlp.common.registrable - instantiating registered subclass linear of <class 'allennlp.nn.activations.Activation'>
2019-01-10 04:38:15,590 - INFO - allennlp.common.params - model.vae.log_variance_projection.input_dim = 300
2019-01-10 04:38:15,590 - INFO - allennlp.common.params - model.vae.log_variance_projection.num_layers = 1
2019-01-10 04:38:15,590 - INFO - allennlp.common.params - model.vae.log_variance_projection.hidden_dims = [10]
2019-01-10 04:38:15,590 - INFO - allennlp.common.params - model.vae.log_variance_projection.activations = ['linear']
2019-01-10 04:38:15,590 - INFO - allennlp.common.params - model.vae.log_variance_projection.dropout = 0.0
2019-01-10 04:38:15,590 - INFO - allennlp.common.registrable - instantiating registered subclass linear of <class 'allennlp.nn.activations.Activation'>
2019-01-10 04:38:15,591 - INFO - allennlp.common.params - model.vae.decoder.input_dim = 10
2019-01-10 04:38:15,591 - INFO - allennlp.common.params - model.vae.decoder.num_layers = 1
2019-01-10 04:38:15,591 - INFO - allennlp.common.params - model.vae.decoder.hidden_dims = [2004]
2019-01-10 04:38:15,591 - INFO - allennlp.common.params - model.vae.decoder.activations = ['tanh']
2019-01-10 04:38:15,591 - INFO - allennlp.common.params - model.vae.decoder.dropout = 0.0
2019-01-10 04:38:15,591 - INFO - allennlp.common.registrable - instantiating registered subclass tanh of <class 'allennlp.nn.activations.Activation'>
2019-01-10 04:38:15,591 - INFO - allennlp.common.params - model.vae.z_dropout = 0.2
2019-01-10 04:38:15,592 - INFO - allennlp.common.from_params - instantiating class <class 'allennlp.modules.text_field_embedders.text_field_embedder.TextFieldEmbedder'> from params {'full': {'embedding_dim': 300, 'pretrained_file': '/data/dangt7/glove/glove.6B.300d.txt', 'trainable': True, 'type': 'embedding', 'vocab_namespace': 'full'}} and extras {'vocab': <allennlp.data.vocabulary.Vocabulary object at 0x7fb57b255198>}
2019-01-10 04:38:15,592 - INFO - allennlp.common.params - model.input_embedder.type = basic
2019-01-10 04:38:15,592 - INFO - allennlp.common.params - model.input_embedder.embedder_to_indexer_map = None
2019-01-10 04:38:15,592 - INFO - allennlp.common.params - model.input_embedder.allow_unmatched_keys = False
2019-01-10 04:38:15,592 - INFO - allennlp.common.params - model.input_embedder.token_embedders = None
2019-01-10 04:38:15,592 - INFO - allennlp.common.from_params - instantiating class <class 'allennlp.modules.token_embedders.token_embedder.TokenEmbedder'> from params {'embedding_dim': 300, 'pretrained_file': '/data/dangt7/glove/glove.6B.300d.txt', 'trainable': True, 'type': 'embedding', 'vocab_namespace': 'full'} and extras {'vocab': <allennlp.data.vocabulary.Vocabulary object at 0x7fb57b255198>}
2019-01-10 04:38:15,592 - INFO - allennlp.common.params - model.input_embedder.full.type = embedding
2019-01-10 04:38:15,592 - INFO - allennlp.common.params - model.input_embedder.full.num_embeddings = None
2019-01-10 04:38:15,592 - INFO - allennlp.common.params - model.input_embedder.full.vocab_namespace = full
2019-01-10 04:38:15,592 - INFO - allennlp.common.params - model.input_embedder.full.embedding_dim = 300
2019-01-10 04:38:15,592 - INFO - allennlp.common.params - model.input_embedder.full.pretrained_file = /data/dangt7/glove/glove.6B.300d.txt
2019-01-10 04:38:15,592 - INFO - allennlp.common.params - model.input_embedder.full.projection_dim = None
2019-01-10 04:38:15,593 - INFO - allennlp.common.params - model.input_embedder.full.trainable = True
2019-01-10 04:38:15,593 - INFO - allennlp.common.params - model.input_embedder.full.padding_index = None
2019-01-10 04:38:15,593 - INFO - allennlp.common.params - model.input_embedder.full.max_norm = None
2019-01-10 04:38:15,593 - INFO - allennlp.common.params - model.input_embedder.full.norm_type = 2.0
2019-01-10 04:38:15,593 - INFO - allennlp.common.params - model.input_embedder.full.scale_grad_by_freq = False
2019-01-10 04:38:15,593 - INFO - allennlp.common.params - model.input_embedder.full.sparse = False
2019-01-10 04:38:15,593 - INFO - allennlp.modules.token_embedders.embedding - Reading pretrained embeddings from file
2019-01-10 04:38:17,230 - INFO - allennlp.modules.token_embedders.embedding - Initializing pre-trained embedding layer
2019-01-10 04:38:17,309 - INFO - allennlp.modules.token_embedders.embedding - Pretrained embeddings were found for 9961 out of 10002 tokens
2019-01-10 04:38:17,312 - INFO - allennlp.common.from_params - instantiating class <class 'allennlp.modules.text_field_embedders.text_field_embedder.TextFieldEmbedder'> from params {'filtered': {'embedding_dim': 300, 'pretrained_file': '/data/dangt7/glove/glove.6B.300d.txt', 'trainable': True, 'type': 'embedding', 'vocab_namespace': 'stopless'}} and extras {'vocab': <allennlp.data.vocabulary.Vocabulary object at 0x7fb57b255198>}
2019-01-10 04:38:17,313 - INFO - allennlp.common.params - model.filtered_embedder.type = basic
2019-01-10 04:38:17,313 - INFO - allennlp.common.params - model.filtered_embedder.embedder_to_indexer_map = None
2019-01-10 04:38:17,313 - INFO - allennlp.common.params - model.filtered_embedder.allow_unmatched_keys = False
2019-01-10 04:38:17,313 - INFO - allennlp.common.params - model.filtered_embedder.token_embedders = None
2019-01-10 04:38:17,313 - INFO - allennlp.common.from_params - instantiating class <class 'allennlp.modules.token_embedders.token_embedder.TokenEmbedder'> from params {'embedding_dim': 300, 'pretrained_file': '/data/dangt7/glove/glove.6B.300d.txt', 'trainable': True, 'type': 'embedding', 'vocab_namespace': 'stopless'} and extras {'vocab': <allennlp.data.vocabulary.Vocabulary object at 0x7fb57b255198>}
2019-01-10 04:38:17,313 - INFO - allennlp.common.params - model.filtered_embedder.filtered.type = embedding
2019-01-10 04:38:17,313 - INFO - allennlp.common.params - model.filtered_embedder.filtered.num_embeddings = None
2019-01-10 04:38:17,313 - INFO - allennlp.common.params - model.filtered_embedder.filtered.vocab_namespace = stopless
2019-01-10 04:38:17,313 - INFO - allennlp.common.params - model.filtered_embedder.filtered.embedding_dim = 300
2019-01-10 04:38:17,313 - INFO - allennlp.common.params - model.filtered_embedder.filtered.pretrained_file = /data/dangt7/glove/glove.6B.300d.txt
2019-01-10 04:38:17,313 - INFO - allennlp.common.params - model.filtered_embedder.filtered.projection_dim = None
2019-01-10 04:38:17,313 - INFO - allennlp.common.params - model.filtered_embedder.filtered.trainable = True
2019-01-10 04:38:17,313 - INFO - allennlp.common.params - model.filtered_embedder.filtered.padding_index = None
2019-01-10 04:38:17,313 - INFO - allennlp.common.params - model.filtered_embedder.filtered.max_norm = None
2019-01-10 04:38:17,313 - INFO - allennlp.common.params - model.filtered_embedder.filtered.norm_type = 2.0
2019-01-10 04:38:17,313 - INFO - allennlp.common.params - model.filtered_embedder.filtered.scale_grad_by_freq = False
2019-01-10 04:38:17,314 - INFO - allennlp.common.params - model.filtered_embedder.filtered.sparse = False
2019-01-10 04:38:17,314 - INFO - allennlp.modules.token_embedders.embedding - Reading pretrained embeddings from file
2019-01-10 04:38:18,499 - INFO - allennlp.modules.token_embedders.embedding - Initializing pre-trained embedding layer
2019-01-10 04:38:18,514 - INFO - allennlp.modules.token_embedders.embedding - Pretrained embeddings were found for 1995 out of 2002 tokens
2019-01-10 04:38:18,515 - INFO - allennlp.common.params - model.alpha = 50
2019-01-10 04:38:18,515 - INFO - allennlp.common.params - model.background_data_path = /data/dangt7/IMDB/train_20k_labelled.bgfreq.json
2019-01-10 04:38:18,515 - INFO - allennlp.common.params - model.print_topics = False
2019-01-10 04:38:18,515 - INFO - allennlp.common.params - model.update_bg = False
2019-01-10 04:38:18,515 - INFO - allennlp.common.params - model.use_filtered_tokens = False
2019-01-10 04:38:18,515 - INFO - allennlp.common.params - model.use_shared_representation = False
2019-01-10 04:38:18,607 - INFO - allennlp.nn.initializers - Initializing parameters
2019-01-10 04:38:18,607 - INFO - allennlp.nn.initializers - Done initializing parameters; the following parameters are using their default initialization from their code
2019-01-10 04:38:18,607 - INFO - allennlp.nn.initializers -    background
2019-01-10 04:38:18,607 - INFO - allennlp.nn.initializers -    batchnorm.bias
2019-01-10 04:38:18,607 - INFO - allennlp.nn.initializers -    batchnorm.weight
2019-01-10 04:38:18,607 - INFO - allennlp.nn.initializers -    beta
2019-01-10 04:38:18,607 - INFO - allennlp.nn.initializers -    classification_layer._linear_layers.0.bias
2019-01-10 04:38:18,607 - INFO - allennlp.nn.initializers -    classification_layer._linear_layers.0.weight
2019-01-10 04:38:18,607 - INFO - allennlp.nn.initializers -    covariates
2019-01-10 04:38:18,607 - INFO - allennlp.nn.initializers -    encoder.conv_layer_0.bias
2019-01-10 04:38:18,607 - INFO - allennlp.nn.initializers -    encoder.conv_layer_0.weight
2019-01-10 04:38:18,607 - INFO - allennlp.nn.initializers -    encoder.conv_layer_1.bias
2019-01-10 04:38:18,607 - INFO - allennlp.nn.initializers -    encoder.conv_layer_1.weight
2019-01-10 04:38:18,607 - INFO - allennlp.nn.initializers -    encoder.conv_layer_2.bias
2019-01-10 04:38:18,607 - INFO - allennlp.nn.initializers -    encoder.conv_layer_2.weight
2019-01-10 04:38:18,608 - INFO - allennlp.nn.initializers -    encoder.conv_layer_3.bias
2019-01-10 04:38:18,608 - INFO - allennlp.nn.initializers -    encoder.conv_layer_3.weight
2019-01-10 04:38:18,608 - INFO - allennlp.nn.initializers -    encoder.projection_layer.bias
2019-01-10 04:38:18,608 - INFO - allennlp.nn.initializers -    encoder.projection_layer.weight
2019-01-10 04:38:18,608 - INFO - allennlp.nn.initializers -    filtered_embedder.token_embedder_filtered.weight
2019-01-10 04:38:18,608 - INFO - allennlp.nn.initializers -    input_batchnorm.bias
2019-01-10 04:38:18,608 - INFO - allennlp.nn.initializers -    input_batchnorm.weight
2019-01-10 04:38:18,608 - INFO - allennlp.nn.initializers -    input_embedder.token_embedder_full.weight
2019-01-10 04:38:18,608 - INFO - allennlp.nn.initializers -    vae.batchnorm.bias
2019-01-10 04:38:18,608 - INFO - allennlp.nn.initializers -    vae.batchnorm.weight
2019-01-10 04:38:18,608 - INFO - allennlp.nn.initializers -    vae.decoder._linear_layers.0.bias
2019-01-10 04:38:18,608 - INFO - allennlp.nn.initializers -    vae.decoder._linear_layers.0.weight
2019-01-10 04:38:18,608 - INFO - allennlp.nn.initializers -    vae.encoder._linear_layers.0.bias
2019-01-10 04:38:18,608 - INFO - allennlp.nn.initializers -    vae.encoder._linear_layers.0.weight
2019-01-10 04:38:18,608 - INFO - allennlp.nn.initializers -    vae.encoder._linear_layers.1.bias
2019-01-10 04:38:18,608 - INFO - allennlp.nn.initializers -    vae.encoder._linear_layers.1.weight
2019-01-10 04:38:18,608 - INFO - allennlp.nn.initializers -    vae.log_variance_projection._linear_layers.0.bias
2019-01-10 04:38:18,608 - INFO - allennlp.nn.initializers -    vae.log_variance_projection._linear_layers.0.weight
2019-01-10 04:38:18,608 - INFO - allennlp.nn.initializers -    vae.mu_projection._linear_layers.0.bias
2019-01-10 04:38:18,608 - INFO - allennlp.nn.initializers -    vae.mu_projection._linear_layers.0.weight
2019-01-10 04:38:18,630 - INFO - allennlp.common.from_params - instantiating class <class 'allennlp.data.iterators.data_iterator.DataIterator'> from params {'batch_size': 100, 'type': 'basic'} and extras {}
2019-01-10 04:38:18,630 - INFO - allennlp.common.params - iterator.type = basic
2019-01-10 04:38:18,631 - INFO - allennlp.common.from_params - instantiating class <class 'allennlp.data.iterators.basic_iterator.BasicIterator'> from params {'batch_size': 100} and extras {}
2019-01-10 04:38:18,631 - INFO - allennlp.common.params - iterator.batch_size = 100
2019-01-10 04:38:18,631 - INFO - allennlp.common.params - iterator.instances_per_epoch = None
2019-01-10 04:38:18,631 - INFO - allennlp.common.params - iterator.max_instances_in_memory = None
2019-01-10 04:38:18,631 - INFO - allennlp.common.params - iterator.cache_instances = False
2019-01-10 04:38:18,631 - INFO - allennlp.common.params - iterator.track_epoch = False
2019-01-10 04:38:18,631 - INFO - allennlp.common.params - iterator.maximum_samples_per_batch = None
2019-01-10 04:38:18,631 - INFO - allennlp.common.params - validation_iterator = None
2019-01-10 04:38:18,631 - INFO - allennlp.common.params - trainer.no_grad = ()
2019-01-10 04:38:18,631 - INFO - allennlp.commands.train - Following parameters are Frozen  (without gradient):
2019-01-10 04:38:18,631 - INFO - allennlp.commands.train - background
2019-01-10 04:38:18,631 - INFO - allennlp.commands.train - vae.batchnorm.weight
2019-01-10 04:38:18,632 - INFO - allennlp.commands.train - batchnorm.weight
2019-01-10 04:38:18,632 - INFO - allennlp.commands.train - input_batchnorm.weight
2019-01-10 04:38:18,632 - INFO - allennlp.commands.train - Following parameters are Tunable (with gradient):
2019-01-10 04:38:18,632 - INFO - allennlp.commands.train - beta
2019-01-10 04:38:18,632 - INFO - allennlp.commands.train - covariates
2019-01-10 04:38:18,632 - INFO - allennlp.commands.train - input_embedder.token_embedder_full.weight
2019-01-10 04:38:18,632 - INFO - allennlp.commands.train - filtered_embedder.token_embedder_filtered.weight
2019-01-10 04:38:18,632 - INFO - allennlp.commands.train - encoder.conv_layer_0.weight
2019-01-10 04:38:18,632 - INFO - allennlp.commands.train - encoder.conv_layer_0.bias
2019-01-10 04:38:18,632 - INFO - allennlp.commands.train - encoder.conv_layer_1.weight
2019-01-10 04:38:18,632 - INFO - allennlp.commands.train - encoder.conv_layer_1.bias
2019-01-10 04:38:18,632 - INFO - allennlp.commands.train - encoder.conv_layer_2.weight
2019-01-10 04:38:18,632 - INFO - allennlp.commands.train - encoder.conv_layer_2.bias
2019-01-10 04:38:18,632 - INFO - allennlp.commands.train - encoder.conv_layer_3.weight
2019-01-10 04:38:18,632 - INFO - allennlp.commands.train - encoder.conv_layer_3.bias
2019-01-10 04:38:18,632 - INFO - allennlp.commands.train - encoder.projection_layer.weight
2019-01-10 04:38:18,632 - INFO - allennlp.commands.train - encoder.projection_layer.bias
2019-01-10 04:38:18,632 - INFO - allennlp.commands.train - classification_layer._linear_layers.0.weight
2019-01-10 04:38:18,632 - INFO - allennlp.commands.train - classification_layer._linear_layers.0.bias
2019-01-10 04:38:18,632 - INFO - allennlp.commands.train - vae.encoder._linear_layers.0.weight
2019-01-10 04:38:18,632 - INFO - allennlp.commands.train - vae.encoder._linear_layers.0.bias
2019-01-10 04:38:18,632 - INFO - allennlp.commands.train - vae.encoder._linear_layers.1.weight
2019-01-10 04:38:18,632 - INFO - allennlp.commands.train - vae.encoder._linear_layers.1.bias
2019-01-10 04:38:18,632 - INFO - allennlp.commands.train - vae.mu_projection._linear_layers.0.weight
2019-01-10 04:38:18,632 - INFO - allennlp.commands.train - vae.mu_projection._linear_layers.0.bias
2019-01-10 04:38:18,632 - INFO - allennlp.commands.train - vae.log_variance_projection._linear_layers.0.weight
2019-01-10 04:38:18,633 - INFO - allennlp.commands.train - vae.log_variance_projection._linear_layers.0.bias
2019-01-10 04:38:18,633 - INFO - allennlp.commands.train - vae.decoder._linear_layers.0.weight
2019-01-10 04:38:18,633 - INFO - allennlp.commands.train - vae.decoder._linear_layers.0.bias
2019-01-10 04:38:18,633 - INFO - allennlp.commands.train - vae.batchnorm.bias
2019-01-10 04:38:18,633 - INFO - allennlp.commands.train - batchnorm.bias
2019-01-10 04:38:18,633 - INFO - allennlp.commands.train - input_batchnorm.bias
2019-01-10 04:38:18,633 - INFO - allennlp.common.params - trainer.patience = 20
2019-01-10 04:38:18,633 - INFO - allennlp.common.params - trainer.validation_metric = +Accuracy
2019-01-10 04:38:18,633 - INFO - allennlp.common.params - trainer.shuffle = True
2019-01-10 04:38:18,633 - INFO - allennlp.common.params - trainer.num_epochs = 200
2019-01-10 04:38:18,633 - INFO - allennlp.common.params - trainer.cuda_device = 0
2019-01-10 04:38:18,633 - INFO - allennlp.common.params - trainer.grad_norm = None
2019-01-10 04:38:18,633 - INFO - allennlp.common.params - trainer.grad_clipping = None
2019-01-10 04:38:18,633 - INFO - allennlp.common.params - trainer.learning_rate_scheduler = None
2019-01-10 04:38:20,417 - INFO - allennlp.common.params - trainer.optimizer.type = adam
2019-01-10 04:38:20,417 - INFO - allennlp.common.params - trainer.optimizer.parameter_groups = None
2019-01-10 04:38:20,418 - INFO - allennlp.training.optimizers - Number of trainable parameters: 6134730
2019-01-10 04:38:20,418 - INFO - allennlp.common.registrable - instantiating registered subclass adam of <class 'allennlp.training.optimizers.Optimizer'>
2019-01-10 04:38:20,418 - INFO - allennlp.common.params - Converting Params object to dict; logging of default values will not occur when dictionary parameters are used subsequently.
2019-01-10 04:38:20,418 - INFO - allennlp.common.params - CURRENTLY DEFINED PARAMETERS: 
2019-01-10 04:38:20,418 - INFO - allennlp.common.params - trainer.optimizer.lr = 0.001
2019-01-10 04:38:20,418 - INFO - allennlp.common.params - trainer.optimizer.weight_decay = 0.001
2019-01-10 04:38:20,418 - INFO - allennlp.common.params - trainer.num_serialized_models_to_keep = 20
2019-01-10 04:38:20,418 - INFO - allennlp.common.params - trainer.keep_serialized_model_every_num_seconds = None
2019-01-10 04:38:20,418 - INFO - allennlp.common.params - trainer.model_save_interval = None
2019-01-10 04:38:20,418 - INFO - allennlp.common.params - trainer.summary_interval = 100
2019-01-10 04:38:20,418 - INFO - allennlp.common.params - trainer.histogram_interval = None
2019-01-10 04:38:20,418 - INFO - allennlp.common.params - trainer.should_log_parameter_statistics = True
2019-01-10 04:38:20,418 - INFO - allennlp.common.params - trainer.should_log_learning_rate = False
2019-01-10 04:38:20,420 - INFO - allennlp.common.params - evaluate_on_test = False
2019-01-10 04:38:20,420 - INFO - allennlp.training.trainer - Beginning training.
2019-01-10 04:38:20,420 - INFO - allennlp.training.trainer - Epoch 0/199
2019-01-10 04:38:20,420 - INFO - allennlp.training.trainer - Peak CPU memory usage MB: 7909.476
2019-01-10 04:38:20,659 - INFO - allennlp.training.trainer - GPU 0 memory usage MB: 20
2019-01-10 04:38:20,660 - INFO - allennlp.training.trainer - GPU 1 memory usage MB: 557
2019-01-10 04:38:20,660 - INFO - allennlp.training.trainer - Training
2019-01-10 04:45:51,686 - INFO - allennlp.training.trainer - Validating
2019-01-10 04:46:25,774 - INFO - allennlp.training.trainer -                          Training |  Validation
2019-01-10 04:46:25,774 - INFO - allennlp.training.trainer - loss                 |  63124.499  |  59029.925
2019-01-10 04:46:25,775 - INFO - allennlp.training.trainer - Reconstruction       |   623.511  |   570.916
2019-01-10 04:46:25,775 - INFO - allennlp.training.trainer - Scaled_Cross_Entropy |   651.009  |  1365.901
2019-01-10 04:46:25,775 - INFO - allennlp.training.trainer - KL-Divergence        |     5.701  |     5.031
2019-01-10 04:46:25,775 - INFO - allennlp.training.trainer - ELBO                 |  62473.490  |  57664.025
2019-01-10 04:46:25,775 - INFO - allennlp.training.trainer - Accuracy             |     0.835  |     0.887
2019-01-10 04:46:25,847 - INFO - allennlp.training.trainer - Best validation performance so far. Copying weights to 'experiments/semi_supervised/cnn_trials/results/cnn0/best.th'.
2019-01-10 04:46:25,859 - INFO - allennlp.training.trainer - Epoch duration: 00:08:05
2019-01-10 04:46:25,859 - INFO - allennlp.training.trainer - Estimated training time remaining: 1 day, 2:50:02
2019-01-10 04:46:25,860 - INFO - allennlp.training.trainer - Epoch 1/199
2019-01-10 04:46:25,860 - INFO - allennlp.training.trainer - Peak CPU memory usage MB: 8740.672
2019-01-10 04:46:26,112 - INFO - allennlp.training.trainer - GPU 0 memory usage MB: 20
2019-01-10 04:46:26,113 - INFO - allennlp.training.trainer - GPU 1 memory usage MB: 3625
2019-01-10 04:46:26,114 - INFO - allennlp.training.trainer - Training
2019-01-10 04:47:56,750 - INFO - allennlp.training.trainer - Validating
2019-01-10 04:47:58,929 - INFO - allennlp.training.trainer -                          Training |  Validation
2019-01-10 04:47:58,930 - INFO - allennlp.training.trainer - loss                 |  59509.844  |  58571.102
2019-01-10 04:47:58,930 - INFO - allennlp.training.trainer - Reconstruction       |   597.891  |   566.823
2019-01-10 04:47:58,930 - INFO - allennlp.training.trainer - Scaled_Cross_Entropy |   328.041  |  1311.214
2019-01-10 04:47:58,930 - INFO - allennlp.training.trainer - KL-Divergence        |    10.120  |     5.083
2019-01-10 04:47:58,930 - INFO - allennlp.training.trainer - ELBO                 |  59181.803  |  57259.888
2019-01-10 04:47:58,930 - INFO - allennlp.training.trainer - Accuracy             |     0.931  |     0.901
2019-01-10 04:47:58,962 - INFO - allennlp.training.trainer - Best validation performance so far. Copying weights to 'experiments/semi_supervised/cnn_trials/results/cnn0/best.th'.
2019-01-10 04:47:58,979 - INFO - allennlp.training.trainer - Epoch duration: 00:01:33
2019-01-10 04:47:58,979 - INFO - allennlp.training.trainer - Estimated training time remaining: 15:54:37
2019-01-10 04:47:58,979 - INFO - allennlp.training.trainer - Epoch 2/199
2019-01-10 04:47:58,979 - INFO - allennlp.training.trainer - Peak CPU memory usage MB: 8740.672
2019-01-10 04:47:59,210 - INFO - allennlp.training.trainer - GPU 0 memory usage MB: 20
2019-01-10 04:47:59,211 - INFO - allennlp.training.trainer - GPU 1 memory usage MB: 3795
2019-01-10 04:47:59,211 - INFO - allennlp.training.trainer - Training
2019-01-10 04:49:30,043 - INFO - allennlp.training.trainer - Validating
2019-01-10 04:49:32,273 - INFO - allennlp.training.trainer -                          Training |  Validation
2019-01-10 04:49:32,273 - INFO - allennlp.training.trainer - loss                 |  58165.100  |  58672.381
2019-01-10 04:49:32,274 - INFO - allennlp.training.trainer - Reconstruction       |   587.891  |   561.861
2019-01-10 04:49:32,274 - INFO - allennlp.training.trainer - Scaled_Cross_Entropy |   117.724  |  1975.778
2019-01-10 04:49:32,274 - INFO - allennlp.training.trainer - KL-Divergence        |    23.477  |     4.412
2019-01-10 04:49:32,274 - INFO - allennlp.training.trainer - ELBO                 |  58047.376  |  56696.603
2019-01-10 04:49:32,274 - INFO - allennlp.training.trainer - Accuracy             |     0.978  |     0.901
2019-01-10 04:49:32,308 - INFO - allennlp.training.trainer - Epoch duration: 00:01:33
2019-01-10 04:49:32,308 - INFO - allennlp.training.trainer - Estimated training time remaining: 12:15:20
2019-01-10 04:49:32,308 - INFO - allennlp.training.trainer - Epoch 3/199
2019-01-10 04:49:32,308 - INFO - allennlp.training.trainer - Peak CPU memory usage MB: 8740.672
2019-01-10 04:49:32,530 - INFO - allennlp.training.trainer - GPU 0 memory usage MB: 20
2019-01-10 04:49:32,531 - INFO - allennlp.training.trainer - GPU 1 memory usage MB: 6087
2019-01-10 04:49:32,531 - INFO - allennlp.training.trainer - Training
2019-01-10 04:51:03,330 - INFO - allennlp.training.trainer - Validating
2019-01-10 04:51:05,515 - INFO - allennlp.training.trainer -                          Training |  Validation
2019-01-10 04:51:05,516 - INFO - allennlp.training.trainer - loss                 |  57541.614  |  59049.443
2019-01-10 04:51:05,516 - INFO - allennlp.training.trainer - Reconstruction       |   581.794  |   559.141
2019-01-10 04:51:05,516 - INFO - allennlp.training.trainer - Scaled_Cross_Entropy |    53.721  |  2652.707
2019-01-10 04:51:05,516 - INFO - allennlp.training.trainer - KL-Divergence        |    76.590  |     4.133
2019-01-10 04:51:05,516 - INFO - allennlp.training.trainer - ELBO                 |  57487.893  |  56396.736
2019-01-10 04:51:05,516 - INFO - allennlp.training.trainer - Accuracy             |     0.990  |     0.892
2019-01-10 04:51:05,549 - INFO - allennlp.training.trainer - Epoch duration: 00:01:33
2019-01-10 04:51:05,550 - INFO - allennlp.training.trainer - Estimated training time remaining: 10:24:51
2019-01-10 04:51:05,550 - INFO - allennlp.training.trainer - Epoch 4/199
2019-01-10 04:51:05,550 - INFO - allennlp.training.trainer - Peak CPU memory usage MB: 8740.672
2019-01-10 04:51:05,800 - INFO - allennlp.training.trainer - GPU 0 memory usage MB: 20
2019-01-10 04:51:05,800 - INFO - allennlp.training.trainer - GPU 1 memory usage MB: 6087
2019-01-10 04:51:05,801 - INFO - allennlp.training.trainer - Training
2019-01-10 04:52:36,465 - INFO - allennlp.training.trainer - Validating
2019-01-10 04:52:38,698 - INFO - allennlp.training.trainer -                          Training |  Validation
2019-01-10 04:52:38,698 - INFO - allennlp.training.trainer - loss                 |  57248.136  |  60598.725
2019-01-10 04:52:38,698 - INFO - allennlp.training.trainer - Reconstruction       |   578.133  |   557.521
2019-01-10 04:52:38,698 - INFO - allennlp.training.trainer - Scaled_Cross_Entropy |    43.826  |  4402.948
2019-01-10 04:52:38,698 - INFO - allennlp.training.trainer - KL-Divergence        |   861.099  |     3.744
2019-01-10 04:52:38,699 - INFO - allennlp.training.trainer - ELBO                 |  57204.310  |  56195.777
2019-01-10 04:52:38,699 - INFO - allennlp.training.trainer - Accuracy             |     0.991  |     0.864
2019-01-10 04:52:38,732 - INFO - allennlp.training.trainer - Epoch duration: 00:01:33
2019-01-10 04:52:38,732 - INFO - allennlp.training.trainer - Estimated training time remaining: 9:17:54
2019-01-10 04:52:38,732 - INFO - allennlp.training.trainer - Epoch 5/199
2019-01-10 04:52:38,732 - INFO - allennlp.training.trainer - Peak CPU memory usage MB: 8740.672
2019-01-10 04:52:38,957 - INFO - allennlp.training.trainer - GPU 0 memory usage MB: 20
2019-01-10 04:52:38,957 - INFO - allennlp.training.trainer - GPU 1 memory usage MB: 7323
2019-01-10 04:52:38,958 - INFO - allennlp.training.trainer - Training
2019-01-10 04:54:09,544 - INFO - allennlp.training.trainer - Validating
2019-01-10 04:54:11,748 - INFO - allennlp.training.trainer -                          Training |  Validation
2019-01-10 04:54:11,749 - INFO - allennlp.training.trainer - loss                 |  57086.292  |  59092.221
2019-01-10 04:54:11,749 - INFO - allennlp.training.trainer - Reconstruction       |   575.024  |   556.794
2019-01-10 04:54:11,749 - INFO - allennlp.training.trainer - Scaled_Cross_Entropy |    44.229  |  2998.066
2019-01-10 04:54:11,749 - INFO - allennlp.training.trainer - KL-Divergence        |    72.915  |     3.455
2019-01-10 04:54:11,749 - INFO - allennlp.training.trainer - ELBO                 |  57042.064  |  56094.155
2019-01-10 04:54:11,749 - INFO - allennlp.training.trainer - Accuracy             |     0.991  |     0.897
2019-01-10 04:54:11,782 - INFO - allennlp.training.trainer - Epoch duration: 00:01:33
2019-01-10 04:54:11,782 - INFO - allennlp.training.trainer - Estimated training time remaining: 8:32:40
2019-01-10 04:54:11,782 - INFO - allennlp.training.trainer - Epoch 6/199
2019-01-10 04:54:11,782 - INFO - allennlp.training.trainer - Peak CPU memory usage MB: 8740.672
2019-01-10 04:54:12,010 - INFO - allennlp.training.trainer - GPU 0 memory usage MB: 20
2019-01-10 04:54:12,010 - INFO - allennlp.training.trainer - GPU 1 memory usage MB: 7323
2019-01-10 04:54:12,011 - INFO - allennlp.training.trainer - Training
2019-01-10 04:55:42,809 - INFO - allennlp.training.trainer - Validating
2019-01-10 04:55:45,036 - INFO - allennlp.training.trainer -                          Training |  Validation
2019-01-10 04:55:45,036 - INFO - allennlp.training.trainer - loss                 |  56956.775  |  59755.044
2019-01-10 04:55:45,036 - INFO - allennlp.training.trainer - Reconstruction       |   573.380  |   556.359
2019-01-10 04:55:45,036 - INFO - allennlp.training.trainer - Scaled_Cross_Entropy |    20.903  |  3632.866
2019-01-10 04:55:45,037 - INFO - allennlp.training.trainer - KL-Divergence        |  22651.375  |     4.170
2019-01-10 04:55:45,037 - INFO - allennlp.training.trainer - ELBO                 |  56935.872  |  56122.178
2019-01-10 04:55:45,037 - INFO - allennlp.training.trainer - Accuracy             |     0.996  |     0.897
2019-01-10 04:55:45,071 - INFO - allennlp.training.trainer - Epoch duration: 00:01:33
2019-01-10 04:55:45,071 - INFO - allennlp.training.trainer - Estimated training time remaining: 8:00:02
2019-01-10 04:55:45,071 - INFO - allennlp.training.trainer - Epoch 7/199
2019-01-10 04:55:45,071 - INFO - allennlp.training.trainer - Peak CPU memory usage MB: 8740.672
2019-01-10 04:55:45,299 - INFO - allennlp.training.trainer - GPU 0 memory usage MB: 20
2019-01-10 04:55:45,300 - INFO - allennlp.training.trainer - GPU 1 memory usage MB: 7323
2019-01-10 04:55:45,300 - INFO - allennlp.training.trainer - Training
2019-01-10 04:57:15,956 - INFO - allennlp.training.trainer - Validating
2019-01-10 04:57:18,160 - INFO - allennlp.training.trainer -                          Training |  Validation
2019-01-10 04:57:18,160 - INFO - allennlp.training.trainer - loss                 |  56912.520  |  58870.776
2019-01-10 04:57:18,160 - INFO - allennlp.training.trainer - Reconstruction       |   572.164  |   556.050
2019-01-10 04:57:18,160 - INFO - allennlp.training.trainer - Scaled_Cross_Entropy |    38.649  |  2798.947
2019-01-10 04:57:18,160 - INFO - allennlp.training.trainer - KL-Divergence        |  537610.375  |     3.975
2019-01-10 04:57:18,160 - INFO - allennlp.training.trainer - ELBO                 |  56873.871  |  56071.828
2019-01-10 04:57:18,160 - INFO - allennlp.training.trainer - Accuracy             |     0.993  |     0.897
2019-01-10 04:57:18,195 - INFO - allennlp.training.trainer - Epoch duration: 00:01:33
2019-01-10 04:57:18,195 - INFO - allennlp.training.trainer - Estimated training time remaining: 7:35:06
2019-01-10 04:57:18,196 - INFO - allennlp.training.trainer - Epoch 8/199
2019-01-10 04:57:18,196 - INFO - allennlp.training.trainer - Peak CPU memory usage MB: 8740.672
2019-01-10 04:57:18,418 - INFO - allennlp.training.trainer - GPU 0 memory usage MB: 20
2019-01-10 04:57:18,419 - INFO - allennlp.training.trainer - GPU 1 memory usage MB: 7323
2019-01-10 04:57:18,419 - INFO - allennlp.training.trainer - Training
2019-01-10 04:58:48,931 - INFO - allennlp.training.trainer - Validating
2019-01-10 04:58:51,160 - INFO - allennlp.training.trainer -                          Training |  Validation
2019-01-10 04:58:51,161 - INFO - allennlp.training.trainer - loss                 |  56855.665  |  59798.403
2019-01-10 04:58:51,161 - INFO - allennlp.training.trainer - Reconstruction       |   570.761  |   555.712
2019-01-10 04:58:51,161 - INFO - allennlp.training.trainer - Scaled_Cross_Entropy |    19.763  |  3699.792
2019-01-10 04:58:51,161 - INFO - allennlp.training.trainer - KL-Divergence        |  10641.452  |     4.581
2019-01-10 04:58:51,162 - INFO - allennlp.training.trainer - ELBO                 |  56835.901  |  56098.610
2019-01-10 04:58:51,162 - INFO - allennlp.training.trainer - Accuracy             |     0.996  |     0.900
2019-01-10 04:58:51,195 - INFO - allennlp.training.trainer - Epoch duration: 00:01:32
2019-01-10 04:58:51,195 - INFO - allennlp.training.trainer - Estimated training time remaining: 7:15:19
2019-01-10 04:58:51,195 - INFO - allennlp.training.trainer - Epoch 9/199
2019-01-10 04:58:51,195 - INFO - allennlp.training.trainer - Peak CPU memory usage MB: 8740.672
2019-01-10 04:58:51,421 - INFO - allennlp.training.trainer - GPU 0 memory usage MB: 20
2019-01-10 04:58:51,421 - INFO - allennlp.training.trainer - GPU 1 memory usage MB: 7323
2019-01-10 04:58:51,422 - INFO - allennlp.training.trainer - Training
2019-01-10 05:00:21,721 - INFO - allennlp.training.trainer - Validating
2019-01-10 05:00:23,930 - INFO - allennlp.training.trainer -                          Training |  Validation
2019-01-10 05:00:23,930 - INFO - allennlp.training.trainer - loss                 |  56829.004  |  59791.704
2019-01-10 05:00:23,931 - INFO - allennlp.training.trainer - Reconstruction       |   570.305  |   555.534
2019-01-10 05:00:23,931 - INFO - allennlp.training.trainer - Scaled_Cross_Entropy |    24.451  |  3758.681
2019-01-10 05:00:23,931 - INFO - allennlp.training.trainer - KL-Divergence        |  1147637.875  |     4.103
2019-01-10 05:00:23,931 - INFO - allennlp.training.trainer - ELBO                 |  56804.553  |  56033.023
2019-01-10 05:00:23,931 - INFO - allennlp.training.trainer - Accuracy             |     0.996  |     0.894
2019-01-10 05:00:23,965 - INFO - allennlp.training.trainer - Epoch duration: 00:01:32
2019-01-10 05:00:23,965 - INFO - allennlp.training.trainer - Estimated training time remaining: 6:59:07
2019-01-10 05:00:23,965 - INFO - allennlp.training.trainer - Epoch 10/199
2019-01-10 05:00:23,965 - INFO - allennlp.training.trainer - Peak CPU memory usage MB: 8740.768
2019-01-10 05:00:24,183 - INFO - allennlp.training.trainer - GPU 0 memory usage MB: 20
2019-01-10 05:00:24,184 - INFO - allennlp.training.trainer - GPU 1 memory usage MB: 7323
2019-01-10 05:00:24,184 - INFO - allennlp.training.trainer - Training
2019-01-10 05:01:54,772 - INFO - allennlp.training.trainer - Validating
2019-01-10 05:01:56,995 - INFO - allennlp.training.trainer -                          Training |  Validation
2019-01-10 05:01:56,996 - INFO - allennlp.training.trainer - loss                 |  56789.469  |  60288.500
2019-01-10 05:01:56,996 - INFO - allennlp.training.trainer - Reconstruction       |   568.911  |   555.678
2019-01-10 05:01:56,996 - INFO - allennlp.training.trainer - Scaled_Cross_Entropy |    15.037  |  4267.345
2019-01-10 05:01:56,996 - INFO - allennlp.training.trainer - KL-Divergence        |   675.324  |     3.841
2019-01-10 05:01:56,996 - INFO - allennlp.training.trainer - ELBO                 |  56774.432  |  56021.155
2019-01-10 05:01:56,997 - INFO - allennlp.training.trainer - Accuracy             |     0.997  |     0.894
2019-01-10 05:01:57,029 - INFO - allennlp.training.trainer - Epoch duration: 00:01:33
2019-01-10 05:01:57,029 - INFO - allennlp.training.trainer - Estimated training time remaining: 6:45:39
2019-01-10 05:01:57,030 - INFO - allennlp.training.trainer - Epoch 11/199
2019-01-10 05:01:57,030 - INFO - allennlp.training.trainer - Peak CPU memory usage MB: 8740.768
2019-01-10 05:01:57,241 - INFO - allennlp.training.trainer - GPU 0 memory usage MB: 20
2019-01-10 05:01:57,241 - INFO - allennlp.training.trainer - GPU 1 memory usage MB: 7323
2019-01-10 05:01:57,242 - INFO - allennlp.training.trainer - Training
2019-01-10 05:03:27,754 - INFO - allennlp.training.trainer - Validating
2019-01-10 05:03:29,937 - INFO - allennlp.training.trainer -                          Training |  Validation
2019-01-10 05:03:29,938 - INFO - allennlp.training.trainer - loss                 |  56765.754  |  59990.913
2019-01-10 05:03:29,938 - INFO - allennlp.training.trainer - Reconstruction       |   568.366  |   555.237
2019-01-10 05:03:29,939 - INFO - allennlp.training.trainer - Scaled_Cross_Entropy |    16.982  |  3989.755
2019-01-10 05:03:29,940 - INFO - allennlp.training.trainer - KL-Divergence        |  17004.816  |     4.081
2019-01-10 05:03:29,940 - INFO - allennlp.training.trainer - ELBO                 |  56748.772  |  56001.157
2019-01-10 05:03:29,940 - INFO - allennlp.training.trainer - Accuracy             |     0.997  |     0.896
2019-01-10 05:03:29,972 - INFO - allennlp.training.trainer - Epoch duration: 00:01:32
2019-01-10 05:03:29,972 - INFO - allennlp.training.trainer - Estimated training time remaining: 6:34:09
2019-01-10 05:03:29,972 - INFO - allennlp.training.trainer - Epoch 12/199
2019-01-10 05:03:29,972 - INFO - allennlp.training.trainer - Peak CPU memory usage MB: 8740.768
2019-01-10 05:03:30,185 - INFO - allennlp.training.trainer - GPU 0 memory usage MB: 20
2019-01-10 05:03:30,186 - INFO - allennlp.training.trainer - GPU 1 memory usage MB: 7323
2019-01-10 05:03:30,186 - INFO - allennlp.training.trainer - Training
2019-01-10 05:05:00,480 - INFO - allennlp.training.trainer - Validating
2019-01-10 05:05:02,686 - INFO - allennlp.training.trainer -                          Training |  Validation
2019-01-10 05:05:02,687 - INFO - allennlp.training.trainer - loss                 |  56831.978  |  59373.824
2019-01-10 05:05:02,687 - INFO - allennlp.training.trainer - Reconstruction       |   567.526  |   555.039
2019-01-10 05:05:02,687 - INFO - allennlp.training.trainer - Scaled_Cross_Entropy |    93.582  |  3376.242
2019-01-10 05:05:02,687 - INFO - allennlp.training.trainer - KL-Divergence        |  5908.428  |     4.244
2019-01-10 05:05:02,687 - INFO - allennlp.training.trainer - ELBO                 |  56738.396  |  55997.581
2019-01-10 05:05:02,687 - INFO - allennlp.training.trainer - Accuracy             |     0.989  |     0.897
2019-01-10 05:05:02,721 - INFO - allennlp.training.trainer - Epoch duration: 00:01:32
2019-01-10 05:05:02,721 - INFO - allennlp.training.trainer - Estimated training time remaining: 6:24:08
2019-01-10 05:05:02,721 - INFO - allennlp.training.trainer - Epoch 13/199
2019-01-10 05:05:02,722 - INFO - allennlp.training.trainer - Peak CPU memory usage MB: 8740.768
2019-01-10 05:05:02,933 - INFO - allennlp.training.trainer - GPU 0 memory usage MB: 20
2019-01-10 05:05:02,933 - INFO - allennlp.training.trainer - GPU 1 memory usage MB: 7323
2019-01-10 05:05:02,934 - INFO - allennlp.training.trainer - Training
2019-01-10 05:06:33,276 - INFO - allennlp.training.trainer - Validating
2019-01-10 05:06:35,463 - INFO - allennlp.training.trainer -                          Training |  Validation
2019-01-10 05:06:35,463 - INFO - allennlp.training.trainer - loss                 |  56733.017  |  59858.564
2019-01-10 05:06:35,463 - INFO - allennlp.training.trainer - Reconstruction       |   567.383  |   554.906
2019-01-10 05:06:35,463 - INFO - allennlp.training.trainer - Scaled_Cross_Entropy |    23.733  |  3893.739
2019-01-10 05:06:35,463 - INFO - allennlp.training.trainer - KL-Divergence        |    36.421  |     4.049
2019-01-10 05:06:35,463 - INFO - allennlp.training.trainer - ELBO                 |  56709.284  |  55964.825
2019-01-10 05:06:35,463 - INFO - allennlp.training.trainer - Accuracy             |     0.995  |     0.897
2019-01-10 05:06:35,498 - INFO - allennlp.training.trainer - Epoch duration: 00:01:32
2019-01-10 05:06:35,498 - INFO - allennlp.training.trainer - Estimated training time remaining: 6:15:20
2019-01-10 05:06:35,498 - INFO - allennlp.training.trainer - Epoch 14/199
2019-01-10 05:06:35,498 - INFO - allennlp.training.trainer - Peak CPU memory usage MB: 8740.992
2019-01-10 05:06:35,706 - INFO - allennlp.training.trainer - GPU 0 memory usage MB: 20
2019-01-10 05:06:35,707 - INFO - allennlp.training.trainer - GPU 1 memory usage MB: 7323
2019-01-10 05:06:35,707 - INFO - allennlp.training.trainer - Training
2019-01-10 05:08:05,804 - INFO - allennlp.training.trainer - Validating
2019-01-10 05:08:08,005 - INFO - allennlp.training.trainer -                          Training |  Validation
2019-01-10 05:08:08,007 - INFO - allennlp.training.trainer - loss                 |  56683.997  |  60393.160
2019-01-10 05:08:08,007 - INFO - allennlp.training.trainer - Reconstruction       |   566.700  |   554.782
2019-01-10 05:08:08,007 - INFO - allennlp.training.trainer - Scaled_Cross_Entropy |     1.075  |  4439.188
2019-01-10 05:08:08,007 - INFO - allennlp.training.trainer - KL-Divergence        |    32.721  |     4.065
2019-01-10 05:08:08,007 - INFO - allennlp.training.trainer - ELBO                 |  56682.922  |  55953.972
2019-01-10 05:08:08,007 - INFO - allennlp.training.trainer - Accuracy             |     1.000  |     0.897
2019-01-10 05:08:08,040 - INFO - allennlp.training.trainer - Epoch duration: 00:01:32
2019-01-10 05:08:08,040 - INFO - allennlp.training.trainer - Estimated training time remaining: 6:07:27
2019-01-10 05:08:08,040 - INFO - allennlp.training.trainer - Epoch 15/199
2019-01-10 05:08:08,040 - INFO - allennlp.training.trainer - Peak CPU memory usage MB: 8741.164
2019-01-10 05:08:08,269 - INFO - allennlp.training.trainer - GPU 0 memory usage MB: 20
2019-01-10 05:08:08,269 - INFO - allennlp.training.trainer - GPU 1 memory usage MB: 7323
2019-01-10 05:08:08,270 - INFO - allennlp.training.trainer - Training
2019-01-10 05:09:38,570 - INFO - allennlp.training.trainer - Validating
2019-01-10 05:09:40,751 - INFO - allennlp.training.trainer -                          Training |  Validation
2019-01-10 05:09:40,752 - INFO - allennlp.training.trainer - loss                 |  56676.071  |  60626.139
2019-01-10 05:09:40,752 - INFO - allennlp.training.trainer - Reconstruction       |   566.610  |   554.862
2019-01-10 05:09:40,752 - INFO - allennlp.training.trainer - Scaled_Cross_Entropy |     0.340  |  4676.111
2019-01-10 05:09:40,752 - INFO - allennlp.training.trainer - KL-Divergence        |    22.743  |     3.945
2019-01-10 05:09:40,752 - INFO - allennlp.training.trainer - ELBO                 |  56675.731  |  55950.027
2019-01-10 05:09:40,752 - INFO - allennlp.training.trainer - Accuracy             |     1.000  |     0.896
2019-01-10 05:09:40,786 - INFO - allennlp.training.trainer - Epoch duration: 00:01:32
2019-01-10 05:09:40,787 - INFO - allennlp.training.trainer - Estimated training time remaining: 6:00:24
2019-01-10 05:09:40,787 - INFO - allennlp.training.trainer - Epoch 16/199
2019-01-10 05:09:40,787 - INFO - allennlp.training.trainer - Peak CPU memory usage MB: 8741.164
2019-01-10 05:09:40,991 - INFO - allennlp.training.trainer - GPU 0 memory usage MB: 20
2019-01-10 05:09:40,991 - INFO - allennlp.training.trainer - GPU 1 memory usage MB: 7323
2019-01-10 05:09:40,992 - INFO - allennlp.training.trainer - Training
2019-01-10 05:11:11,070 - INFO - allennlp.training.trainer - Validating
2019-01-10 05:11:13,272 - INFO - allennlp.training.trainer -                          Training |  Validation
2019-01-10 05:11:13,272 - INFO - allennlp.training.trainer - loss                 |  56665.936  |  60855.254
2019-01-10 05:11:13,272 - INFO - allennlp.training.trainer - Reconstruction       |   566.416  |   554.601
2019-01-10 05:11:13,272 - INFO - allennlp.training.trainer - Scaled_Cross_Entropy |     0.374  |  4912.721
2019-01-10 05:11:13,272 - INFO - allennlp.training.trainer - KL-Divergence        |    23.219  |     4.131
2019-01-10 05:11:13,272 - INFO - allennlp.training.trainer - ELBO                 |  56665.562  |  55942.533
2019-01-10 05:11:13,272 - INFO - allennlp.training.trainer - Accuracy             |     1.000  |     0.896
2019-01-10 05:11:13,307 - INFO - allennlp.training.trainer - Epoch duration: 00:01:32
2019-01-10 05:11:13,307 - INFO - allennlp.training.trainer - Estimated training time remaining: 5:53:57
2019-01-10 05:11:13,307 - INFO - allennlp.training.trainer - Epoch 17/199
2019-01-10 05:11:13,307 - INFO - allennlp.training.trainer - Peak CPU memory usage MB: 8741.168
2019-01-10 05:11:13,530 - INFO - allennlp.training.trainer - GPU 0 memory usage MB: 20
2019-01-10 05:11:13,531 - INFO - allennlp.training.trainer - GPU 1 memory usage MB: 7323
2019-01-10 05:11:13,531 - INFO - allennlp.training.trainer - Training
2019-01-10 05:12:43,546 - INFO - allennlp.training.trainer - Validating
2019-01-10 05:12:45,722 - INFO - allennlp.training.trainer -                          Training |  Validation
2019-01-10 05:12:45,722 - INFO - allennlp.training.trainer - loss                 |  56651.412  |  61102.669
2019-01-10 05:12:45,722 - INFO - allennlp.training.trainer - Reconstruction       |   566.005  |   554.696
2019-01-10 05:12:45,722 - INFO - allennlp.training.trainer - Scaled_Cross_Entropy |     0.710  |  5172.481
2019-01-10 05:12:45,722 - INFO - allennlp.training.trainer - KL-Divergence        |    26.651  |     3.912
2019-01-10 05:12:45,722 - INFO - allennlp.training.trainer - ELBO                 |  56650.702  |  55930.188
2019-01-10 05:12:45,722 - INFO - allennlp.training.trainer - Accuracy             |     1.000  |     0.899
2019-01-10 05:12:45,757 - INFO - allennlp.training.trainer - Epoch duration: 00:01:32
2019-01-10 05:12:45,757 - INFO - allennlp.training.trainer - Estimated training time remaining: 5:48:02
2019-01-10 05:12:45,757 - INFO - allennlp.training.trainer - Epoch 18/199
2019-01-10 05:12:45,757 - INFO - allennlp.training.trainer - Peak CPU memory usage MB: 8741.244
2019-01-10 05:12:45,967 - INFO - allennlp.training.trainer - GPU 0 memory usage MB: 20
2019-01-10 05:12:45,968 - INFO - allennlp.training.trainer - GPU 1 memory usage MB: 7323
2019-01-10 05:12:45,968 - INFO - allennlp.training.trainer - Training
2019-01-10 05:14:16,625 - INFO - allennlp.training.trainer - Validating
2019-01-10 05:14:18,830 - INFO - allennlp.training.trainer -                          Training |  Validation
2019-01-10 05:14:18,832 - INFO - allennlp.training.trainer - loss                 |  56660.900  |  59788.238
2019-01-10 05:14:18,832 - INFO - allennlp.training.trainer - Reconstruction       |   565.693  |   554.513
2019-01-10 05:14:18,832 - INFO - allennlp.training.trainer - Scaled_Cross_Entropy |    15.426  |  3858.837
2019-01-10 05:14:18,832 - INFO - allennlp.training.trainer - KL-Divergence        |    22.371  |     4.088
2019-01-10 05:14:18,832 - INFO - allennlp.training.trainer - ELBO                 |  56645.474  |  55929.402
2019-01-10 05:14:18,833 - INFO - allennlp.training.trainer - Accuracy             |     0.997  |     0.898
2019-01-10 05:14:18,865 - INFO - allennlp.training.trainer - Epoch duration: 00:01:33
2019-01-10 05:14:18,865 - INFO - allennlp.training.trainer - Estimated training time remaining: 5:42:42
2019-01-10 05:14:18,865 - INFO - allennlp.training.trainer - Epoch 19/199
2019-01-10 05:14:18,865 - INFO - allennlp.training.trainer - Peak CPU memory usage MB: 8741.552
2019-01-10 05:14:19,073 - INFO - allennlp.training.trainer - GPU 0 memory usage MB: 20
2019-01-10 05:14:19,073 - INFO - allennlp.training.trainer - GPU 1 memory usage MB: 7323
2019-01-10 05:14:19,074 - INFO - allennlp.training.trainer - Training
2019-01-10 05:15:49,784 - INFO - allennlp.training.trainer - Validating
2019-01-10 05:15:51,972 - INFO - allennlp.training.trainer -                          Training |  Validation
2019-01-10 05:15:51,972 - INFO - allennlp.training.trainer - loss                 |  56664.063  |  60084.391
2019-01-10 05:15:51,972 - INFO - allennlp.training.trainer - Reconstruction       |   565.121  |   554.617
2019-01-10 05:15:51,972 - INFO - allennlp.training.trainer - Scaled_Cross_Entropy |    23.121  |  4158.509
2019-01-10 05:15:51,973 - INFO - allennlp.training.trainer - KL-Divergence        |    21.802  |     3.949
2019-01-10 05:15:51,973 - INFO - allennlp.training.trainer - ELBO                 |  56640.942  |  55925.883
2019-01-10 05:15:51,973 - INFO - allennlp.training.trainer - Accuracy             |     0.995  |     0.896
2019-01-10 05:15:52,007 - INFO - allennlp.training.trainer - Epoch duration: 00:01:33
2019-01-10 05:15:52,007 - INFO - allennlp.training.trainer - Estimated training time remaining: 5:37:44
2019-01-10 05:15:52,007 - INFO - allennlp.training.trainer - Epoch 20/199
2019-01-10 05:15:52,007 - INFO - allennlp.training.trainer - Peak CPU memory usage MB: 8741.6
2019-01-10 05:15:52,208 - INFO - allennlp.training.trainer - GPU 0 memory usage MB: 20
2019-01-10 05:15:52,209 - INFO - allennlp.training.trainer - GPU 1 memory usage MB: 7323
2019-01-10 05:15:52,209 - INFO - allennlp.training.trainer - Training
2019-01-10 05:17:18,431 - INFO - allennlp.training.trainer - Validating
2019-01-10 05:17:20,638 - INFO - allennlp.training.trainer -                          Training |  Validation
2019-01-10 05:17:20,639 - INFO - allennlp.training.trainer - loss                 |  56646.182  |  59743.963
2019-01-10 05:17:20,639 - INFO - allennlp.training.trainer - Reconstruction       |   565.197  |   554.462
2019-01-10 05:17:20,639 - INFO - allennlp.training.trainer - Scaled_Cross_Entropy |    21.600  |  3827.900
2019-01-10 05:17:20,639 - INFO - allennlp.training.trainer - KL-Divergence        |    19.911  |     4.005
2019-01-10 05:17:20,639 - INFO - allennlp.training.trainer - ELBO                 |  56624.582  |  55916.063
2019-01-10 05:17:20,639 - INFO - allennlp.training.trainer - Accuracy             |     0.996  |     0.897
2019-01-10 05:17:20,679 - INFO - allennlp.training.trainer - Epoch duration: 00:01:28
2019-01-10 05:17:20,679 - INFO - allennlp.training.trainer - Estimated training time remaining: 5:32:27
2019-01-10 05:17:20,679 - INFO - allennlp.training.trainer - Epoch 21/199
2019-01-10 05:17:20,679 - INFO - allennlp.training.trainer - Peak CPU memory usage MB: 8741.6
2019-01-10 05:17:20,889 - INFO - allennlp.training.trainer - GPU 0 memory usage MB: 20
2019-01-10 05:17:20,889 - INFO - allennlp.training.trainer - GPU 1 memory usage MB: 7323
2019-01-10 05:17:20,890 - INFO - allennlp.training.trainer - Training
2019-01-10 05:18:48,666 - INFO - allennlp.training.trainer - Validating
2019-01-10 05:18:50,842 - INFO - allennlp.training.trainer - Ran out of patience.  Stopping training.
2019-01-10 05:18:50,843 - INFO - allennlp.models.archival - archiving weights and vocabulary to experiments/semi_supervised/cnn_trials/results/cnn0/model.tar.gz
2019-01-10 05:18:51,813 - INFO - allennlp.commands.train - Loading the best epoch weights.
2019-01-10 05:18:51,828 - INFO - allennlp.common.util - Metrics: {
  "training_duration": "00:39:00",
  "training_start_epoch": 0,
  "training_epochs": 20,
  "epoch": 20,
  "training_KL-Divergence": 19.911062240600586,
  "training_Reconstruction": 565.1971435546875,
  "training_Accuracy": 0.9957,
  "training_Scaled_Cross_Entropy": 21.599960327148438,
  "training_ELBO": 56624.58234907671,
  "training_loss": 56646.182357954545,
  "validation_KL-Divergence": 4.005389213562012,
  "validation_Reconstruction": 554.4619750976562,
  "validation_Accuracy": 0.8972,
  "validation_Scaled_Cross_Entropy": 3827.900390625,
  "validation_ELBO": 55916.0628125,
  "validation_loss": 59743.963359375,
  "best_epoch": 1,
  "best_validation_KL-Divergence": 5.083183765411377,
  "best_validation_Reconstruction": 566.822509765625,
  "best_validation_Accuracy": 0.9012,
  "best_validation_Scaled_Cross_Entropy": 1311.214111328125,
  "best_validation_ELBO": 57259.887890625,
  "best_validation_loss": 58571.102109375
}
