2019-01-10 01:37:58,028 - INFO - allennlp.common.from_params - instantiating class <class 'allennlp.data.dataset_readers.dataset_reader.DatasetReader'> from params {'type': 'document_reader_semi_supervised'} and extras {}
2019-01-10 01:37:58,029 - INFO - allennlp.common.params - dataset_reader.type = document_reader_semi_supervised
2019-01-10 01:37:58,029 - INFO - allennlp.common.from_params - instantiating class <class 'library.dataset_readers.document_reader.DocumentReaderSemiSupervised'> from params {} and extras {}
2019-01-10 01:37:58,029 - INFO - allennlp.common.params - dataset_reader.lazy = False
2019-01-10 01:37:58,029 - INFO - allennlp.common.params - validation_dataset_reader = None
2019-01-10 01:37:58,029 - INFO - allennlp.common.params - train_data_path = /data/dangt7/IMDB/train_20k_labelled.filtered.jsonl
2019-01-10 01:37:58,029 - INFO - allennlp.commands.train - Reading training data from /data/dangt7/IMDB/train_20k_labelled.filtered.jsonl
2019-01-10 01:37:58,030 - INFO - library.dataset_readers.document_reader - Reading instances from lines in file: /data/dangt7/IMDB/train_20k_labelled.filtered.jsonl
2019-01-10 01:38:25,431 - INFO - allennlp.common.params - validation_data_path = /data/dangt7/IMDB/valid.filtered.jsonl
2019-01-10 01:38:25,431 - INFO - allennlp.commands.train - Reading validation data from /data/dangt7/IMDB/valid.filtered.jsonl
2019-01-10 01:38:25,431 - INFO - library.dataset_readers.document_reader - Reading instances from lines in file: /data/dangt7/IMDB/valid.filtered.jsonl
2019-01-10 01:38:27,124 - INFO - allennlp.common.params - test_data_path = None
2019-01-10 01:38:27,124 - INFO - allennlp.commands.train - From dataset instances, train, validation will be considered for vocabulary creation.
2019-01-10 01:38:27,124 - INFO - allennlp.common.params - vocabulary.type = None
2019-01-10 01:38:27,124 - INFO - allennlp.common.params - vocabulary.extend = False
2019-01-10 01:38:27,124 - INFO - allennlp.common.params - vocabulary.directory_path = None
2019-01-10 01:38:27,124 - INFO - allennlp.common.params - vocabulary.min_count = None
2019-01-10 01:38:27,124 - INFO - allennlp.common.params - Converting Params object to dict; logging of default values will not occur when dictionary parameters are used subsequently.
2019-01-10 01:38:27,124 - INFO - allennlp.common.params - CURRENTLY DEFINED PARAMETERS: 
2019-01-10 01:38:27,124 - INFO - allennlp.common.params - vocabulary.max_vocab_size.full = 10000
2019-01-10 01:38:27,124 - INFO - allennlp.common.params - vocabulary.max_vocab_size.stopless = 2000
2019-01-10 01:38:27,124 - INFO - allennlp.common.params - vocabulary.non_padded_namespaces = ('*tags', '*labels')
2019-01-10 01:38:27,124 - INFO - allennlp.common.params - vocabulary.min_pretrained_embeddings = None
2019-01-10 01:38:27,124 - INFO - allennlp.common.params - vocabulary.only_include_pretrained_words = False
2019-01-10 01:38:27,124 - INFO - allennlp.common.params - vocabulary.tokens_to_add = None
2019-01-10 01:38:27,125 - INFO - allennlp.data.vocabulary - Fitting token dictionary from dataset.
2019-01-10 01:38:40,651 - INFO - allennlp.common.from_params - instantiating class <class 'allennlp.models.model.Model'> from params {'alpha': 50, 'background_data_path': '/data/dangt7/IMDB/train_20k_labelled.bgfreq.json', 'classification_layer': {'activations': ['linear'], 'hidden_dims': [2], 'input_dim': 300, 'num_layers': 1}, 'encoder': {'embedding_dim': 300, 'type': 'boe'}, 'filtered_embedder': {'filtered': {'embedding_dim': 300, 'pretrained_file': '/data/dangt7/glove/glove.6B.300d.txt', 'trainable': True, 'type': 'embedding', 'vocab_namespace': 'stopless'}}, 'input_embedder': {'full': {'embedding_dim': 300, 'trainable': True, 'type': 'embedding', 'vocab_namespace': 'full'}}, 'print_topics': False, 'type': 'BOWTopicModelSemiSupervised', 'update_bg': False, 'vae': {'apply_batchnorm': {'mu': False, 'sigma': False}, 'decoder': {'activations': ['tanh'], 'hidden_dims': [2004], 'input_dim': 10, 'num_layers': 1}, 'encoder': {'activations': ['relu', 'relu'], 'hidden_dims': [1000, 300], 'input_dim': 2004, 'num_layers': 2}, 'log_variance_projection': {'activations': ['linear'], 'hidden_dims': [10], 'input_dim': 300, 'num_layers': 1}, 'mu_projection': {'activations': ['linear'], 'hidden_dims': [10], 'input_dim': 300, 'num_layers': 1}}} and extras {'vocab': <allennlp.data.vocabulary.Vocabulary object at 0x7f7edb995240>}
2019-01-10 01:38:40,651 - INFO - allennlp.common.params - model.type = BOWTopicModelSemiSupervised
2019-01-10 01:38:40,651 - INFO - allennlp.common.from_params - instantiating class <class 'library.models.semi_supervised.BOWTopicModelSemiSupervised'> from params {'alpha': 50, 'background_data_path': '/data/dangt7/IMDB/train_20k_labelled.bgfreq.json', 'classification_layer': {'activations': ['linear'], 'hidden_dims': [2], 'input_dim': 300, 'num_layers': 1}, 'encoder': {'embedding_dim': 300, 'type': 'boe'}, 'filtered_embedder': {'filtered': {'embedding_dim': 300, 'pretrained_file': '/data/dangt7/glove/glove.6B.300d.txt', 'trainable': True, 'type': 'embedding', 'vocab_namespace': 'stopless'}}, 'input_embedder': {'full': {'embedding_dim': 300, 'trainable': True, 'type': 'embedding', 'vocab_namespace': 'full'}}, 'print_topics': False, 'update_bg': False, 'vae': {'apply_batchnorm': {'mu': False, 'sigma': False}, 'decoder': {'activations': ['tanh'], 'hidden_dims': [2004], 'input_dim': 10, 'num_layers': 1}, 'encoder': {'activations': ['relu', 'relu'], 'hidden_dims': [1000, 300], 'input_dim': 2004, 'num_layers': 2}, 'log_variance_projection': {'activations': ['linear'], 'hidden_dims': [10], 'input_dim': 300, 'num_layers': 1}, 'mu_projection': {'activations': ['linear'], 'hidden_dims': [10], 'input_dim': 300, 'num_layers': 1}}} and extras {'vocab': <allennlp.data.vocabulary.Vocabulary object at 0x7f7edb995240>}
2019-01-10 01:38:40,652 - INFO - allennlp.common.from_params - instantiating class <class 'allennlp.modules.seq2vec_encoders.seq2vec_encoder.Seq2VecEncoder'> from params {'embedding_dim': 300, 'type': 'boe'} and extras {'vocab': <allennlp.data.vocabulary.Vocabulary object at 0x7f7edb995240>}
2019-01-10 01:38:40,652 - INFO - allennlp.common.params - model.encoder.type = boe
2019-01-10 01:38:40,652 - INFO - allennlp.common.from_params - instantiating class <class 'allennlp.modules.seq2vec_encoders.boe_encoder.BagOfEmbeddingsEncoder'> from params {'embedding_dim': 300} and extras {'vocab': <allennlp.data.vocabulary.Vocabulary object at 0x7f7edb995240>}
2019-01-10 01:38:40,652 - INFO - allennlp.common.params - model.encoder.embedding_dim = 300
2019-01-10 01:38:40,652 - INFO - allennlp.common.params - model.encoder.averaged = False
2019-01-10 01:38:40,652 - INFO - allennlp.common.params - model.classification_layer.input_dim = 300
2019-01-10 01:38:40,652 - INFO - allennlp.common.params - model.classification_layer.num_layers = 1
2019-01-10 01:38:40,652 - INFO - allennlp.common.params - model.classification_layer.hidden_dims = [2]
2019-01-10 01:38:40,652 - INFO - allennlp.common.params - model.classification_layer.activations = ['linear']
2019-01-10 01:38:40,652 - INFO - allennlp.common.params - model.classification_layer.dropout = 0.0
2019-01-10 01:38:40,652 - INFO - allennlp.common.registrable - instantiating registered subclass linear of <class 'allennlp.nn.activations.Activation'>
2019-01-10 01:38:40,653 - INFO - allennlp.common.from_params - instantiating class <class 'library.models.vae.VAE'> from params {'apply_batchnorm': {'mu': False, 'sigma': False}, 'decoder': {'activations': ['tanh'], 'hidden_dims': [2004], 'input_dim': 10, 'num_layers': 1}, 'encoder': {'activations': ['relu', 'relu'], 'hidden_dims': [1000, 300], 'input_dim': 2004, 'num_layers': 2}, 'log_variance_projection': {'activations': ['linear'], 'hidden_dims': [10], 'input_dim': 300, 'num_layers': 1}, 'mu_projection': {'activations': ['linear'], 'hidden_dims': [10], 'input_dim': 300, 'num_layers': 1}} and extras {'vocab': <allennlp.data.vocabulary.Vocabulary object at 0x7f7edb995240>}
2019-01-10 01:38:40,653 - INFO - allennlp.common.params - model.vae.encoder.input_dim = 2004
2019-01-10 01:38:40,653 - INFO - allennlp.common.params - model.vae.encoder.num_layers = 2
2019-01-10 01:38:40,653 - INFO - allennlp.common.params - model.vae.encoder.hidden_dims = [1000, 300]
2019-01-10 01:38:40,653 - INFO - allennlp.common.params - model.vae.encoder.activations = ['relu', 'relu']
2019-01-10 01:38:40,653 - INFO - allennlp.common.params - model.vae.encoder.dropout = 0.0
2019-01-10 01:38:40,653 - INFO - allennlp.common.registrable - instantiating registered subclass relu of <class 'allennlp.nn.activations.Activation'>
2019-01-10 01:38:40,653 - INFO - allennlp.common.registrable - instantiating registered subclass relu of <class 'allennlp.nn.activations.Activation'>
2019-01-10 01:38:40,671 - INFO - allennlp.common.params - model.vae.mu_projection.input_dim = 300
2019-01-10 01:38:40,671 - INFO - allennlp.common.params - model.vae.mu_projection.num_layers = 1
2019-01-10 01:38:40,671 - INFO - allennlp.common.params - model.vae.mu_projection.hidden_dims = [10]
2019-01-10 01:38:40,671 - INFO - allennlp.common.params - model.vae.mu_projection.activations = ['linear']
2019-01-10 01:38:40,671 - INFO - allennlp.common.params - model.vae.mu_projection.dropout = 0.0
2019-01-10 01:38:40,671 - INFO - allennlp.common.registrable - instantiating registered subclass linear of <class 'allennlp.nn.activations.Activation'>
2019-01-10 01:38:40,671 - INFO - allennlp.common.params - model.vae.log_variance_projection.input_dim = 300
2019-01-10 01:38:40,671 - INFO - allennlp.common.params - model.vae.log_variance_projection.num_layers = 1
2019-01-10 01:38:40,671 - INFO - allennlp.common.params - model.vae.log_variance_projection.hidden_dims = [10]
2019-01-10 01:38:40,671 - INFO - allennlp.common.params - model.vae.log_variance_projection.activations = ['linear']
2019-01-10 01:38:40,671 - INFO - allennlp.common.params - model.vae.log_variance_projection.dropout = 0.0
2019-01-10 01:38:40,671 - INFO - allennlp.common.registrable - instantiating registered subclass linear of <class 'allennlp.nn.activations.Activation'>
2019-01-10 01:38:40,672 - INFO - allennlp.common.params - model.vae.decoder.input_dim = 10
2019-01-10 01:38:40,672 - INFO - allennlp.common.params - model.vae.decoder.num_layers = 1
2019-01-10 01:38:40,672 - INFO - allennlp.common.params - model.vae.decoder.hidden_dims = [2004]
2019-01-10 01:38:40,672 - INFO - allennlp.common.params - model.vae.decoder.activations = ['tanh']
2019-01-10 01:38:40,672 - INFO - allennlp.common.params - model.vae.decoder.dropout = 0.0
2019-01-10 01:38:40,672 - INFO - allennlp.common.registrable - instantiating registered subclass tanh of <class 'allennlp.nn.activations.Activation'>
2019-01-10 01:38:40,672 - INFO - allennlp.common.params - model.vae.z_dropout = 0.2
2019-01-10 01:38:40,673 - INFO - allennlp.common.from_params - instantiating class <class 'allennlp.modules.text_field_embedders.text_field_embedder.TextFieldEmbedder'> from params {'full': {'embedding_dim': 300, 'trainable': True, 'type': 'embedding', 'vocab_namespace': 'full'}} and extras {'vocab': <allennlp.data.vocabulary.Vocabulary object at 0x7f7edb995240>}
2019-01-10 01:38:40,673 - INFO - allennlp.common.params - model.input_embedder.type = basic
2019-01-10 01:38:40,673 - INFO - allennlp.common.params - model.input_embedder.embedder_to_indexer_map = None
2019-01-10 01:38:40,673 - INFO - allennlp.common.params - model.input_embedder.allow_unmatched_keys = False
2019-01-10 01:38:40,673 - INFO - allennlp.common.params - model.input_embedder.token_embedders = None
2019-01-10 01:38:40,673 - INFO - allennlp.common.from_params - instantiating class <class 'allennlp.modules.token_embedders.token_embedder.TokenEmbedder'> from params {'embedding_dim': 300, 'trainable': True, 'type': 'embedding', 'vocab_namespace': 'full'} and extras {'vocab': <allennlp.data.vocabulary.Vocabulary object at 0x7f7edb995240>}
2019-01-10 01:38:40,673 - INFO - allennlp.common.params - model.input_embedder.full.type = embedding
2019-01-10 01:38:40,673 - INFO - allennlp.common.params - model.input_embedder.full.num_embeddings = None
2019-01-10 01:38:40,673 - INFO - allennlp.common.params - model.input_embedder.full.vocab_namespace = full
2019-01-10 01:38:40,674 - INFO - allennlp.common.params - model.input_embedder.full.embedding_dim = 300
2019-01-10 01:38:40,674 - INFO - allennlp.common.params - model.input_embedder.full.pretrained_file = None
2019-01-10 01:38:40,674 - INFO - allennlp.common.params - model.input_embedder.full.projection_dim = None
2019-01-10 01:38:40,674 - INFO - allennlp.common.params - model.input_embedder.full.trainable = True
2019-01-10 01:38:40,674 - INFO - allennlp.common.params - model.input_embedder.full.padding_index = None
2019-01-10 01:38:40,674 - INFO - allennlp.common.params - model.input_embedder.full.max_norm = None
2019-01-10 01:38:40,674 - INFO - allennlp.common.params - model.input_embedder.full.norm_type = 2.0
2019-01-10 01:38:40,674 - INFO - allennlp.common.params - model.input_embedder.full.scale_grad_by_freq = False
2019-01-10 01:38:40,674 - INFO - allennlp.common.params - model.input_embedder.full.sparse = False
2019-01-10 01:38:40,696 - INFO - allennlp.common.from_params - instantiating class <class 'allennlp.modules.text_field_embedders.text_field_embedder.TextFieldEmbedder'> from params {'filtered': {'embedding_dim': 300, 'pretrained_file': '/data/dangt7/glove/glove.6B.300d.txt', 'trainable': True, 'type': 'embedding', 'vocab_namespace': 'stopless'}} and extras {'vocab': <allennlp.data.vocabulary.Vocabulary object at 0x7f7edb995240>}
2019-01-10 01:38:40,697 - INFO - allennlp.common.params - model.filtered_embedder.type = basic
2019-01-10 01:38:40,697 - INFO - allennlp.common.params - model.filtered_embedder.embedder_to_indexer_map = None
2019-01-10 01:38:40,697 - INFO - allennlp.common.params - model.filtered_embedder.allow_unmatched_keys = False
2019-01-10 01:38:40,697 - INFO - allennlp.common.params - model.filtered_embedder.token_embedders = None
2019-01-10 01:38:40,697 - INFO - allennlp.common.from_params - instantiating class <class 'allennlp.modules.token_embedders.token_embedder.TokenEmbedder'> from params {'embedding_dim': 300, 'pretrained_file': '/data/dangt7/glove/glove.6B.300d.txt', 'trainable': True, 'type': 'embedding', 'vocab_namespace': 'stopless'} and extras {'vocab': <allennlp.data.vocabulary.Vocabulary object at 0x7f7edb995240>}
2019-01-10 01:38:40,697 - INFO - allennlp.common.params - model.filtered_embedder.filtered.type = embedding
2019-01-10 01:38:40,697 - INFO - allennlp.common.params - model.filtered_embedder.filtered.num_embeddings = None
2019-01-10 01:38:40,697 - INFO - allennlp.common.params - model.filtered_embedder.filtered.vocab_namespace = stopless
2019-01-10 01:38:40,697 - INFO - allennlp.common.params - model.filtered_embedder.filtered.embedding_dim = 300
2019-01-10 01:38:40,697 - INFO - allennlp.common.params - model.filtered_embedder.filtered.pretrained_file = /data/dangt7/glove/glove.6B.300d.txt
2019-01-10 01:38:40,697 - INFO - allennlp.common.params - model.filtered_embedder.filtered.projection_dim = None
2019-01-10 01:38:40,697 - INFO - allennlp.common.params - model.filtered_embedder.filtered.trainable = True
2019-01-10 01:38:40,697 - INFO - allennlp.common.params - model.filtered_embedder.filtered.padding_index = None
2019-01-10 01:38:40,697 - INFO - allennlp.common.params - model.filtered_embedder.filtered.max_norm = None
2019-01-10 01:38:40,697 - INFO - allennlp.common.params - model.filtered_embedder.filtered.norm_type = 2.0
2019-01-10 01:38:40,697 - INFO - allennlp.common.params - model.filtered_embedder.filtered.scale_grad_by_freq = False
2019-01-10 01:38:40,697 - INFO - allennlp.common.params - model.filtered_embedder.filtered.sparse = False
2019-01-10 01:38:40,698 - INFO - allennlp.modules.token_embedders.embedding - Reading pretrained embeddings from file
2019-01-10 01:38:41,879 - INFO - allennlp.modules.token_embedders.embedding - Initializing pre-trained embedding layer
2019-01-10 01:38:41,895 - INFO - allennlp.modules.token_embedders.embedding - Pretrained embeddings were found for 1995 out of 2002 tokens
2019-01-10 01:38:41,895 - INFO - allennlp.common.params - model.alpha = 50
2019-01-10 01:38:41,896 - INFO - allennlp.common.params - model.background_data_path = /data/dangt7/IMDB/train_20k_labelled.bgfreq.json
2019-01-10 01:38:41,896 - INFO - allennlp.common.params - model.print_topics = False
2019-01-10 01:38:41,896 - INFO - allennlp.common.params - model.update_bg = False
2019-01-10 01:38:41,896 - INFO - allennlp.common.params - model.use_filtered_tokens = True
2019-01-10 01:38:41,896 - INFO - allennlp.common.params - model.use_shared_representation = False
2019-01-10 01:38:41,987 - INFO - allennlp.nn.initializers - Initializing parameters
2019-01-10 01:38:41,987 - INFO - allennlp.nn.initializers - Done initializing parameters; the following parameters are using their default initialization from their code
2019-01-10 01:38:41,987 - INFO - allennlp.nn.initializers -    background
2019-01-10 01:38:41,987 - INFO - allennlp.nn.initializers -    batchnorm.bias
2019-01-10 01:38:41,987 - INFO - allennlp.nn.initializers -    batchnorm.weight
2019-01-10 01:38:41,987 - INFO - allennlp.nn.initializers -    beta
2019-01-10 01:38:41,987 - INFO - allennlp.nn.initializers -    classification_layer._linear_layers.0.bias
2019-01-10 01:38:41,987 - INFO - allennlp.nn.initializers -    classification_layer._linear_layers.0.weight
2019-01-10 01:38:41,987 - INFO - allennlp.nn.initializers -    covariates
2019-01-10 01:38:41,987 - INFO - allennlp.nn.initializers -    filtered_embedder.token_embedder_filtered.weight
2019-01-10 01:38:41,987 - INFO - allennlp.nn.initializers -    input_batchnorm.bias
2019-01-10 01:38:41,987 - INFO - allennlp.nn.initializers -    input_batchnorm.weight
2019-01-10 01:38:41,988 - INFO - allennlp.nn.initializers -    input_embedder.token_embedder_full.weight
2019-01-10 01:38:41,988 - INFO - allennlp.nn.initializers -    vae.batchnorm.bias
2019-01-10 01:38:41,988 - INFO - allennlp.nn.initializers -    vae.batchnorm.weight
2019-01-10 01:38:41,988 - INFO - allennlp.nn.initializers -    vae.decoder._linear_layers.0.bias
2019-01-10 01:38:41,988 - INFO - allennlp.nn.initializers -    vae.decoder._linear_layers.0.weight
2019-01-10 01:38:41,988 - INFO - allennlp.nn.initializers -    vae.encoder._linear_layers.0.bias
2019-01-10 01:38:41,988 - INFO - allennlp.nn.initializers -    vae.encoder._linear_layers.0.weight
2019-01-10 01:38:41,988 - INFO - allennlp.nn.initializers -    vae.encoder._linear_layers.1.bias
2019-01-10 01:38:41,988 - INFO - allennlp.nn.initializers -    vae.encoder._linear_layers.1.weight
2019-01-10 01:38:41,988 - INFO - allennlp.nn.initializers -    vae.log_variance_projection._linear_layers.0.bias
2019-01-10 01:38:41,988 - INFO - allennlp.nn.initializers -    vae.log_variance_projection._linear_layers.0.weight
2019-01-10 01:38:41,988 - INFO - allennlp.nn.initializers -    vae.mu_projection._linear_layers.0.bias
2019-01-10 01:38:41,988 - INFO - allennlp.nn.initializers -    vae.mu_projection._linear_layers.0.weight
2019-01-10 01:38:42,010 - INFO - allennlp.common.from_params - instantiating class <class 'allennlp.data.iterators.data_iterator.DataIterator'> from params {'batch_size': 100, 'type': 'basic'} and extras {}
2019-01-10 01:38:42,010 - INFO - allennlp.common.params - iterator.type = basic
2019-01-10 01:38:42,010 - INFO - allennlp.common.from_params - instantiating class <class 'allennlp.data.iterators.basic_iterator.BasicIterator'> from params {'batch_size': 100} and extras {}
2019-01-10 01:38:42,010 - INFO - allennlp.common.params - iterator.batch_size = 100
2019-01-10 01:38:42,011 - INFO - allennlp.common.params - iterator.instances_per_epoch = None
2019-01-10 01:38:42,011 - INFO - allennlp.common.params - iterator.max_instances_in_memory = None
2019-01-10 01:38:42,011 - INFO - allennlp.common.params - iterator.cache_instances = False
2019-01-10 01:38:42,011 - INFO - allennlp.common.params - iterator.track_epoch = False
2019-01-10 01:38:42,011 - INFO - allennlp.common.params - iterator.maximum_samples_per_batch = None
2019-01-10 01:38:42,011 - INFO - allennlp.common.params - validation_iterator = None
2019-01-10 01:38:42,011 - INFO - allennlp.common.params - trainer.no_grad = ()
2019-01-10 01:38:42,011 - INFO - allennlp.commands.train - Following parameters are Frozen  (without gradient):
2019-01-10 01:38:42,011 - INFO - allennlp.commands.train - background
2019-01-10 01:38:42,011 - INFO - allennlp.commands.train - vae.batchnorm.weight
2019-01-10 01:38:42,011 - INFO - allennlp.commands.train - batchnorm.weight
2019-01-10 01:38:42,011 - INFO - allennlp.commands.train - input_batchnorm.weight
2019-01-10 01:38:42,011 - INFO - allennlp.commands.train - Following parameters are Tunable (with gradient):
2019-01-10 01:38:42,011 - INFO - allennlp.commands.train - beta
2019-01-10 01:38:42,011 - INFO - allennlp.commands.train - covariates
2019-01-10 01:38:42,011 - INFO - allennlp.commands.train - input_embedder.token_embedder_full.weight
2019-01-10 01:38:42,011 - INFO - allennlp.commands.train - filtered_embedder.token_embedder_filtered.weight
2019-01-10 01:38:42,012 - INFO - allennlp.commands.train - classification_layer._linear_layers.0.weight
2019-01-10 01:38:42,012 - INFO - allennlp.commands.train - classification_layer._linear_layers.0.bias
2019-01-10 01:38:42,012 - INFO - allennlp.commands.train - vae.encoder._linear_layers.0.weight
2019-01-10 01:38:42,012 - INFO - allennlp.commands.train - vae.encoder._linear_layers.0.bias
2019-01-10 01:38:42,012 - INFO - allennlp.commands.train - vae.encoder._linear_layers.1.weight
2019-01-10 01:38:42,012 - INFO - allennlp.commands.train - vae.encoder._linear_layers.1.bias
2019-01-10 01:38:42,012 - INFO - allennlp.commands.train - vae.mu_projection._linear_layers.0.weight
2019-01-10 01:38:42,012 - INFO - allennlp.commands.train - vae.mu_projection._linear_layers.0.bias
2019-01-10 01:38:42,012 - INFO - allennlp.commands.train - vae.log_variance_projection._linear_layers.0.weight
2019-01-10 01:38:42,012 - INFO - allennlp.commands.train - vae.log_variance_projection._linear_layers.0.bias
2019-01-10 01:38:42,012 - INFO - allennlp.commands.train - vae.decoder._linear_layers.0.weight
2019-01-10 01:38:42,012 - INFO - allennlp.commands.train - vae.decoder._linear_layers.0.bias
2019-01-10 01:38:42,012 - INFO - allennlp.commands.train - vae.batchnorm.bias
2019-01-10 01:38:42,012 - INFO - allennlp.commands.train - batchnorm.bias
2019-01-10 01:38:42,012 - INFO - allennlp.commands.train - input_batchnorm.bias
2019-01-10 01:38:42,012 - INFO - allennlp.common.params - trainer.patience = 20
2019-01-10 01:38:42,012 - INFO - allennlp.common.params - trainer.validation_metric = +Accuracy
2019-01-10 01:38:42,012 - INFO - allennlp.common.params - trainer.shuffle = True
2019-01-10 01:38:42,012 - INFO - allennlp.common.params - trainer.num_epochs = 200
2019-01-10 01:38:42,012 - INFO - allennlp.common.params - trainer.cuda_device = 0
2019-01-10 01:38:42,012 - INFO - allennlp.common.params - trainer.grad_norm = None
2019-01-10 01:38:42,012 - INFO - allennlp.common.params - trainer.grad_clipping = None
2019-01-10 01:38:42,012 - INFO - allennlp.common.params - trainer.learning_rate_scheduler = None
2019-01-10 01:38:43,823 - INFO - allennlp.common.params - trainer.optimizer.type = adam
2019-01-10 01:38:43,823 - INFO - allennlp.common.params - trainer.optimizer.parameter_groups = None
2019-01-10 01:38:43,823 - INFO - allennlp.training.optimizers - Number of trainable parameters: 5961502
2019-01-10 01:38:43,824 - INFO - allennlp.common.registrable - instantiating registered subclass adam of <class 'allennlp.training.optimizers.Optimizer'>
2019-01-10 01:38:43,824 - INFO - allennlp.common.params - Converting Params object to dict; logging of default values will not occur when dictionary parameters are used subsequently.
2019-01-10 01:38:43,824 - INFO - allennlp.common.params - CURRENTLY DEFINED PARAMETERS: 
2019-01-10 01:38:43,824 - INFO - allennlp.common.params - trainer.optimizer.lr = 0.001
2019-01-10 01:38:43,824 - INFO - allennlp.common.params - trainer.optimizer.weight_decay = 0.001
2019-01-10 01:38:43,824 - INFO - allennlp.common.params - trainer.num_serialized_models_to_keep = 20
2019-01-10 01:38:43,824 - INFO - allennlp.common.params - trainer.keep_serialized_model_every_num_seconds = None
2019-01-10 01:38:43,824 - INFO - allennlp.common.params - trainer.model_save_interval = None
2019-01-10 01:38:43,824 - INFO - allennlp.common.params - trainer.summary_interval = 100
2019-01-10 01:38:43,824 - INFO - allennlp.common.params - trainer.histogram_interval = None
2019-01-10 01:38:43,824 - INFO - allennlp.common.params - trainer.should_log_parameter_statistics = True
2019-01-10 01:38:43,824 - INFO - allennlp.common.params - trainer.should_log_learning_rate = False
2019-01-10 01:38:43,826 - INFO - allennlp.common.params - evaluate_on_test = False
2019-01-10 01:38:43,826 - INFO - allennlp.training.trainer - Beginning training.
2019-01-10 01:38:43,826 - INFO - allennlp.training.trainer - Epoch 0/199
2019-01-10 01:38:43,826 - INFO - allennlp.training.trainer - Peak CPU memory usage MB: 7910.66
2019-01-10 01:38:44,040 - INFO - allennlp.training.trainer - GPU 0 memory usage MB: 20
2019-01-10 01:38:44,040 - INFO - allennlp.training.trainer - GPU 1 memory usage MB: 557
2019-01-10 01:38:44,041 - INFO - allennlp.training.trainer - Training
2019-01-10 01:45:36,865 - INFO - allennlp.training.trainer - Validating
2019-01-10 01:46:10,252 - INFO - allennlp.training.trainer -                          Training |  Validation
2019-01-10 01:46:10,253 - INFO - allennlp.training.trainer - Reconstruction       |   622.705  |   570.791
2019-01-10 01:46:10,253 - INFO - allennlp.training.trainer - KL-Divergence        |     5.821  |     5.089
2019-01-10 01:46:10,253 - INFO - allennlp.training.trainer - ELBO                 |  62357.216  |  57657.318
2019-01-10 01:46:10,253 - INFO - allennlp.training.trainer - Accuracy             |     0.802  |     0.864
2019-01-10 01:46:10,253 - INFO - allennlp.training.trainer - loss                 |  63501.247  |  59603.591
2019-01-10 01:46:10,253 - INFO - allennlp.training.trainer - Scaled_Cross_Entropy |  1144.031  |  1946.273
2019-01-10 01:46:10,314 - INFO - allennlp.training.trainer - Best validation performance so far. Copying weights to 'experiments/semi_supervised/boe_trials/results/boe3/best.th'.
2019-01-10 01:46:10,326 - INFO - allennlp.training.trainer - Epoch duration: 00:07:26
2019-01-10 01:46:10,327 - INFO - allennlp.training.trainer - Estimated training time remaining: 1 day, 0:40:53
2019-01-10 01:46:10,327 - INFO - allennlp.training.trainer - Epoch 1/199
2019-01-10 01:46:10,327 - INFO - allennlp.training.trainer - Peak CPU memory usage MB: 8742.568
2019-01-10 01:46:10,552 - INFO - allennlp.training.trainer - GPU 0 memory usage MB: 20
2019-01-10 01:46:10,553 - INFO - allennlp.training.trainer - GPU 1 memory usage MB: 1189
2019-01-10 01:46:10,554 - INFO - allennlp.training.trainer - Training
2019-01-10 01:46:55,716 - INFO - allennlp.training.trainer - Validating
2019-01-10 01:46:57,370 - INFO - allennlp.training.trainer -                          Training |  Validation
2019-01-10 01:46:57,372 - INFO - allennlp.training.trainer - Reconstruction       |   597.746  |   566.192
2019-01-10 01:46:57,372 - INFO - allennlp.training.trainer - KL-Divergence        |     9.521  |     5.282
2019-01-10 01:46:57,372 - INFO - allennlp.training.trainer - ELBO                 |  59032.978  |  57216.676
2019-01-10 01:46:57,372 - INFO - allennlp.training.trainer - Accuracy             |     0.847  |     0.863
2019-01-10 01:46:57,372 - INFO - allennlp.training.trainer - loss                 |  60022.884  |  59511.005
2019-01-10 01:46:57,373 - INFO - allennlp.training.trainer - Scaled_Cross_Entropy |   989.906  |  2294.329
2019-01-10 01:46:57,397 - INFO - allennlp.training.trainer - Epoch duration: 00:00:47
2019-01-10 01:46:57,397 - INFO - allennlp.training.trainer - Estimated training time remaining: 13:34:23
2019-01-10 01:46:57,397 - INFO - allennlp.training.trainer - Epoch 2/199
2019-01-10 01:46:57,398 - INFO - allennlp.training.trainer - Peak CPU memory usage MB: 8742.568
2019-01-10 01:46:57,630 - INFO - allennlp.training.trainer - GPU 0 memory usage MB: 20
2019-01-10 01:46:57,631 - INFO - allennlp.training.trainer - GPU 1 memory usage MB: 1285
2019-01-10 01:46:57,631 - INFO - allennlp.training.trainer - Training
2019-01-10 01:47:44,551 - INFO - allennlp.training.trainer - Validating
2019-01-10 01:47:46,211 - INFO - allennlp.training.trainer -                          Training |  Validation
2019-01-10 01:47:46,212 - INFO - allennlp.training.trainer - Reconstruction       |   588.559  |   561.115
2019-01-10 01:47:46,212 - INFO - allennlp.training.trainer - KL-Divergence        |    13.688  |     5.239
2019-01-10 01:47:46,212 - INFO - allennlp.training.trainer - ELBO                 |  57946.385  |  56704.673
2019-01-10 01:47:46,212 - INFO - allennlp.training.trainer - Accuracy             |     0.870  |     0.855
2019-01-10 01:47:46,212 - INFO - allennlp.training.trainer - loss                 |  58694.991  |  58946.711
2019-01-10 01:47:46,212 - INFO - allennlp.training.trainer - Scaled_Cross_Entropy |   748.605  |  2242.038
2019-01-10 01:47:46,237 - INFO - allennlp.training.trainer - Epoch duration: 00:00:48
2019-01-10 01:47:46,238 - INFO - allennlp.training.trainer - Estimated training time remaining: 9:53:38
2019-01-10 01:47:46,238 - INFO - allennlp.training.trainer - Epoch 3/199
2019-01-10 01:47:46,238 - INFO - allennlp.training.trainer - Peak CPU memory usage MB: 8742.568
2019-01-10 01:47:46,463 - INFO - allennlp.training.trainer - GPU 0 memory usage MB: 20
2019-01-10 01:47:46,464 - INFO - allennlp.training.trainer - GPU 1 memory usage MB: 1285
2019-01-10 01:47:46,464 - INFO - allennlp.training.trainer - Training
2019-01-10 01:48:32,907 - INFO - allennlp.training.trainer - Validating
2019-01-10 01:48:34,573 - INFO - allennlp.training.trainer -                          Training |  Validation
2019-01-10 01:48:34,573 - INFO - allennlp.training.trainer - Reconstruction       |   582.331  |   558.436
2019-01-10 01:48:34,573 - INFO - allennlp.training.trainer - KL-Divergence        |    40.264  |     4.971
2019-01-10 01:48:34,573 - INFO - allennlp.training.trainer - ELBO                 |  57427.261  |  56410.026
2019-01-10 01:48:34,573 - INFO - allennlp.training.trainer - Accuracy             |     0.869  |     0.859
2019-01-10 01:48:34,573 - INFO - allennlp.training.trainer - loss                 |  58174.779  |  58638.872
2019-01-10 01:48:34,573 - INFO - allennlp.training.trainer - Scaled_Cross_Entropy |   747.519  |  2228.846
2019-01-10 01:48:34,599 - INFO - allennlp.training.trainer - Epoch duration: 00:00:48
2019-01-10 01:48:34,599 - INFO - allennlp.training.trainer - Estimated training time remaining: 8:02:27
2019-01-10 01:48:34,599 - INFO - allennlp.training.trainer - Epoch 4/199
2019-01-10 01:48:34,599 - INFO - allennlp.training.trainer - Peak CPU memory usage MB: 8742.568
2019-01-10 01:48:34,830 - INFO - allennlp.training.trainer - GPU 0 memory usage MB: 20
2019-01-10 01:48:34,831 - INFO - allennlp.training.trainer - GPU 1 memory usage MB: 1385
2019-01-10 01:48:34,831 - INFO - allennlp.training.trainer - Training
2019-01-10 01:49:21,943 - INFO - allennlp.training.trainer - Validating
2019-01-10 01:49:23,610 - INFO - allennlp.training.trainer -                          Training |  Validation
2019-01-10 01:49:23,611 - INFO - allennlp.training.trainer - Reconstruction       |   576.933  |   555.799
2019-01-10 01:49:23,612 - INFO - allennlp.training.trainer - KL-Divergence        |   217.262  |     4.807
2019-01-10 01:49:23,612 - INFO - allennlp.training.trainer - ELBO                 |  57131.720  |  56129.924
2019-01-10 01:49:23,612 - INFO - allennlp.training.trainer - Accuracy             |     0.863  |     0.857
2019-01-10 01:49:23,612 - INFO - allennlp.training.trainer - loss                 |  57970.914  |  58724.790
2019-01-10 01:49:23,612 - INFO - allennlp.training.trainer - Scaled_Cross_Entropy |   839.195  |  2594.866
2019-01-10 01:49:23,636 - INFO - allennlp.training.trainer - Epoch duration: 00:00:49
2019-01-10 01:49:23,636 - INFO - allennlp.training.trainer - Estimated training time remaining: 6:55:52
2019-01-10 01:49:23,636 - INFO - allennlp.training.trainer - Epoch 5/199
2019-01-10 01:49:23,636 - INFO - allennlp.training.trainer - Peak CPU memory usage MB: 8742.568
2019-01-10 01:49:23,881 - INFO - allennlp.training.trainer - GPU 0 memory usage MB: 20
2019-01-10 01:49:23,881 - INFO - allennlp.training.trainer - GPU 1 memory usage MB: 1613
2019-01-10 01:49:23,882 - INFO - allennlp.training.trainer - Training
2019-01-10 01:50:10,649 - INFO - allennlp.training.trainer - Validating
2019-01-10 01:50:12,321 - INFO - allennlp.training.trainer -                          Training |  Validation
2019-01-10 01:50:12,321 - INFO - allennlp.training.trainer - Reconstruction       |   573.302  |   554.782
2019-01-10 01:50:12,321 - INFO - allennlp.training.trainer - KL-Divergence        |    46.003  |     4.665
2019-01-10 01:50:12,321 - INFO - allennlp.training.trainer - ELBO                 |  56945.436  |  56014.018
2019-01-10 01:50:12,322 - INFO - allennlp.training.trainer - Accuracy             |     0.875  |     0.858
2019-01-10 01:50:12,322 - INFO - allennlp.training.trainer - loss                 |  57628.543  |  58203.318
2019-01-10 01:50:12,322 - INFO - allennlp.training.trainer - Scaled_Cross_Entropy |   683.108  |  2189.300
2019-01-10 01:50:12,347 - INFO - allennlp.training.trainer - Epoch duration: 00:00:48
2019-01-10 01:50:12,347 - INFO - allennlp.training.trainer - Estimated training time remaining: 6:11:02
2019-01-10 01:50:12,347 - INFO - allennlp.training.trainer - Epoch 6/199
2019-01-10 01:50:12,347 - INFO - allennlp.training.trainer - Peak CPU memory usage MB: 8742.568
2019-01-10 01:50:12,578 - INFO - allennlp.training.trainer - GPU 0 memory usage MB: 20
2019-01-10 01:50:12,579 - INFO - allennlp.training.trainer - GPU 1 memory usage MB: 1613
2019-01-10 01:50:12,579 - INFO - allennlp.training.trainer - Training
2019-01-10 01:50:58,860 - INFO - allennlp.training.trainer - Validating
2019-01-10 01:51:00,578 - INFO - allennlp.training.trainer -                          Training |  Validation
2019-01-10 01:51:00,578 - INFO - allennlp.training.trainer - Reconstruction       |   571.200  |   554.385
2019-01-10 01:51:00,578 - INFO - allennlp.training.trainer - KL-Divergence        |    44.205  |     4.748
2019-01-10 01:51:00,578 - INFO - allennlp.training.trainer - ELBO                 |  56837.157  |  55982.699
2019-01-10 01:51:00,578 - INFO - allennlp.training.trainer - Accuracy             |     0.871  |     0.857
2019-01-10 01:51:00,578 - INFO - allennlp.training.trainer - loss                 |  57505.386  |  58226.926
2019-01-10 01:51:00,578 - INFO - allennlp.training.trainer - Scaled_Cross_Entropy |   668.230  |  2244.227
2019-01-10 01:51:00,604 - INFO - allennlp.training.trainer - Epoch duration: 00:00:48
2019-01-10 01:51:00,604 - INFO - allennlp.training.trainer - Estimated training time remaining: 5:38:34
2019-01-10 01:51:00,604 - INFO - allennlp.training.trainer - Epoch 7/199
2019-01-10 01:51:00,604 - INFO - allennlp.training.trainer - Peak CPU memory usage MB: 8742.568
2019-01-10 01:51:00,835 - INFO - allennlp.training.trainer - GPU 0 memory usage MB: 20
2019-01-10 01:51:00,835 - INFO - allennlp.training.trainer - GPU 1 memory usage MB: 1613
2019-01-10 01:51:00,836 - INFO - allennlp.training.trainer - Training
2019-01-10 01:51:47,782 - INFO - allennlp.training.trainer - Validating
2019-01-10 01:51:49,461 - INFO - allennlp.training.trainer -                          Training |  Validation
2019-01-10 01:51:49,461 - INFO - allennlp.training.trainer - Reconstruction       |   569.931  |   553.593
2019-01-10 01:51:49,461 - INFO - allennlp.training.trainer - KL-Divergence        |    20.029  |     4.887
2019-01-10 01:51:49,461 - INFO - allennlp.training.trainer - ELBO                 |  56767.024  |  55917.334
2019-01-10 01:51:49,461 - INFO - allennlp.training.trainer - Accuracy             |     0.874  |     0.857
2019-01-10 01:51:49,462 - INFO - allennlp.training.trainer - loss                 |  57439.160  |  57999.753
2019-01-10 01:51:49,462 - INFO - allennlp.training.trainer - Scaled_Cross_Entropy |   672.136  |  2082.418
2019-01-10 01:51:49,487 - INFO - allennlp.training.trainer - Epoch duration: 00:00:48
2019-01-10 01:51:49,487 - INFO - allennlp.training.trainer - Estimated training time remaining: 5:14:15
2019-01-10 01:51:49,487 - INFO - allennlp.training.trainer - Epoch 8/199
2019-01-10 01:51:49,487 - INFO - allennlp.training.trainer - Peak CPU memory usage MB: 8742.568
2019-01-10 01:51:49,718 - INFO - allennlp.training.trainer - GPU 0 memory usage MB: 20
2019-01-10 01:51:49,718 - INFO - allennlp.training.trainer - GPU 1 memory usage MB: 1613
2019-01-10 01:51:49,719 - INFO - allennlp.training.trainer - Training
2019-01-10 01:52:36,612 - INFO - allennlp.training.trainer - Validating
2019-01-10 01:52:38,293 - INFO - allennlp.training.trainer -                          Training |  Validation
2019-01-10 01:52:38,293 - INFO - allennlp.training.trainer - Reconstruction       |   568.899  |   553.512
2019-01-10 01:52:38,293 - INFO - allennlp.training.trainer - KL-Divergence        |   569.031  |     4.724
2019-01-10 01:52:38,293 - INFO - allennlp.training.trainer - ELBO                 |  56834.320  |  55892.968
2019-01-10 01:52:38,293 - INFO - allennlp.training.trainer - Accuracy             |     0.879  |     0.859
2019-01-10 01:52:38,293 - INFO - allennlp.training.trainer - loss                 |  57431.231  |  58098.143
2019-01-10 01:52:38,293 - INFO - allennlp.training.trainer - Scaled_Cross_Entropy |   596.910  |  2205.175
2019-01-10 01:52:38,319 - INFO - allennlp.training.trainer - Epoch duration: 00:00:48
2019-01-10 01:52:38,319 - INFO - allennlp.training.trainer - Estimated training time remaining: 4:55:09
2019-01-10 01:52:38,319 - INFO - allennlp.training.trainer - Epoch 9/199
2019-01-10 01:52:38,319 - INFO - allennlp.training.trainer - Peak CPU memory usage MB: 8742.568
2019-01-10 01:52:38,550 - INFO - allennlp.training.trainer - GPU 0 memory usage MB: 20
2019-01-10 01:52:38,551 - INFO - allennlp.training.trainer - GPU 1 memory usage MB: 1613
2019-01-10 01:52:38,551 - INFO - allennlp.training.trainer - Training
2019-01-10 01:53:18,014 - INFO - allennlp.training.trainer - Validating
2019-01-10 01:53:19,674 - INFO - allennlp.training.trainer -                          Training |  Validation
2019-01-10 01:53:19,675 - INFO - allennlp.training.trainer - Reconstruction       |   567.564  |   553.210
2019-01-10 01:53:19,675 - INFO - allennlp.training.trainer - KL-Divergence        |    15.865  |     5.339
2019-01-10 01:53:19,675 - INFO - allennlp.training.trainer - ELBO                 |  56693.173  |  55924.224
2019-01-10 01:53:19,675 - INFO - allennlp.training.trainer - Accuracy             |     0.875  |     0.783
2019-01-10 01:53:19,675 - INFO - allennlp.training.trainer - loss                 |  57344.893  |  61349.386
2019-01-10 01:53:19,675 - INFO - allennlp.training.trainer - Scaled_Cross_Entropy |   651.721  |  5425.163
2019-01-10 01:53:19,700 - INFO - allennlp.training.trainer - Epoch duration: 00:00:41
2019-01-10 01:53:19,700 - INFO - allennlp.training.trainer - Estimated training time remaining: 4:37:21
2019-01-10 01:53:19,700 - INFO - allennlp.training.trainer - Epoch 10/199
2019-01-10 01:53:19,700 - INFO - allennlp.training.trainer - Peak CPU memory usage MB: 8742.568
2019-01-10 01:53:19,932 - INFO - allennlp.training.trainer - GPU 0 memory usage MB: 20
2019-01-10 01:53:19,933 - INFO - allennlp.training.trainer - GPU 1 memory usage MB: 1613
2019-01-10 01:53:19,933 - INFO - allennlp.training.trainer - Training
2019-01-10 01:53:56,748 - INFO - allennlp.training.trainer - Validating
2019-01-10 01:53:58,410 - INFO - allennlp.training.trainer -                          Training |  Validation
2019-01-10 01:53:58,410 - INFO - allennlp.training.trainer - Reconstruction       |   567.041  |   552.806
2019-01-10 01:53:58,410 - INFO - allennlp.training.trainer - KL-Divergence        |   227.227  |     5.274
2019-01-10 01:53:58,410 - INFO - allennlp.training.trainer - ELBO                 |  56660.625  |  55877.399
2019-01-10 01:53:58,410 - INFO - allennlp.training.trainer - Accuracy             |     0.875  |     0.820
2019-01-10 01:53:58,410 - INFO - allennlp.training.trainer - loss                 |  57302.620  |  58912.510
2019-01-10 01:53:58,410 - INFO - allennlp.training.trainer - Scaled_Cross_Entropy |   641.994  |  3035.111
2019-01-10 01:53:58,436 - INFO - allennlp.training.trainer - Epoch duration: 00:00:38
2019-01-10 01:53:58,436 - INFO - allennlp.training.trainer - Estimated training time remaining: 4:21:54
2019-01-10 01:53:58,436 - INFO - allennlp.training.trainer - Epoch 11/199
2019-01-10 01:53:58,436 - INFO - allennlp.training.trainer - Peak CPU memory usage MB: 8742.568
2019-01-10 01:53:58,667 - INFO - allennlp.training.trainer - GPU 0 memory usage MB: 20
2019-01-10 01:53:58,668 - INFO - allennlp.training.trainer - GPU 1 memory usage MB: 1613
2019-01-10 01:53:58,668 - INFO - allennlp.training.trainer - Training
2019-01-10 01:54:35,533 - INFO - allennlp.training.trainer - Validating
2019-01-10 01:54:37,192 - INFO - allennlp.training.trainer -                          Training |  Validation
2019-01-10 01:54:37,192 - INFO - allennlp.training.trainer - Reconstruction       |   566.331  |   552.689
2019-01-10 01:54:37,192 - INFO - allennlp.training.trainer - KL-Divergence        |    40.390  |     5.337
2019-01-10 01:54:37,192 - INFO - allennlp.training.trainer - ELBO                 |  56631.060  |  55871.929
2019-01-10 01:54:37,192 - INFO - allennlp.training.trainer - Accuracy             |     0.874  |     0.846
2019-01-10 01:54:37,192 - INFO - allennlp.training.trainer - loss                 |  57264.239  |  58212.254
2019-01-10 01:54:37,193 - INFO - allennlp.training.trainer - Scaled_Cross_Entropy |   633.179  |  2340.325
2019-01-10 01:54:37,217 - INFO - allennlp.training.trainer - Epoch duration: 00:00:38
2019-01-10 01:54:37,217 - INFO - allennlp.training.trainer - Estimated training time remaining: 4:08:56
2019-01-10 01:54:37,217 - INFO - allennlp.training.trainer - Epoch 12/199
2019-01-10 01:54:37,217 - INFO - allennlp.training.trainer - Peak CPU memory usage MB: 8742.568
2019-01-10 01:54:37,449 - INFO - allennlp.training.trainer - GPU 0 memory usage MB: 20
2019-01-10 01:54:37,449 - INFO - allennlp.training.trainer - GPU 1 memory usage MB: 1613
2019-01-10 01:54:37,449 - INFO - allennlp.training.trainer - Training
2019-01-10 01:55:14,486 - INFO - allennlp.training.trainer - Validating
2019-01-10 01:55:16,150 - INFO - allennlp.training.trainer -                          Training |  Validation
2019-01-10 01:55:16,150 - INFO - allennlp.training.trainer - Reconstruction       |   565.438  |   552.453
2019-01-10 01:55:16,150 - INFO - allennlp.training.trainer - KL-Divergence        |    20.680  |     5.206
2019-01-10 01:55:16,150 - INFO - allennlp.training.trainer - ELBO                 |  56605.674  |  55835.226
2019-01-10 01:55:16,150 - INFO - allennlp.training.trainer - Accuracy             |     0.878  |     0.859
2019-01-10 01:55:16,150 - INFO - allennlp.training.trainer - loss                 |  57221.139  |  57859.488
2019-01-10 01:55:16,150 - INFO - allennlp.training.trainer - Scaled_Cross_Entropy |   615.465  |  2024.262
2019-01-10 01:55:16,175 - INFO - allennlp.training.trainer - Epoch duration: 00:00:38
2019-01-10 01:55:16,175 - INFO - allennlp.training.trainer - Estimated training time remaining: 3:57:54
2019-01-10 01:55:16,175 - INFO - allennlp.training.trainer - Epoch 13/199
2019-01-10 01:55:16,175 - INFO - allennlp.training.trainer - Peak CPU memory usage MB: 8742.568
2019-01-10 01:55:16,410 - INFO - allennlp.training.trainer - GPU 0 memory usage MB: 20
2019-01-10 01:55:16,411 - INFO - allennlp.training.trainer - GPU 1 memory usage MB: 1613
2019-01-10 01:55:16,412 - INFO - allennlp.training.trainer - Training
2019-01-10 01:55:53,241 - INFO - allennlp.training.trainer - Validating
2019-01-10 01:55:54,901 - INFO - allennlp.training.trainer -                          Training |  Validation
2019-01-10 01:55:54,901 - INFO - allennlp.training.trainer - Reconstruction       |   565.277  |   552.326
2019-01-10 01:55:54,901 - INFO - allennlp.training.trainer - KL-Divergence        |    32.816  |     5.086
2019-01-10 01:55:54,901 - INFO - allennlp.training.trainer - ELBO                 |  56594.733  |  55810.530
2019-01-10 01:55:54,901 - INFO - allennlp.training.trainer - Accuracy             |     0.878  |     0.854
2019-01-10 01:55:54,901 - INFO - allennlp.training.trainer - loss                 |  57200.113  |  57899.129
2019-01-10 01:55:54,902 - INFO - allennlp.training.trainer - Scaled_Cross_Entropy |   605.380  |  2088.599
2019-01-10 01:55:54,927 - INFO - allennlp.training.trainer - Epoch duration: 00:00:38
2019-01-10 01:55:54,927 - INFO - allennlp.training.trainer - Estimated training time remaining: 3:48:18
2019-01-10 01:55:54,927 - INFO - allennlp.training.trainer - Epoch 14/199
2019-01-10 01:55:54,927 - INFO - allennlp.training.trainer - Peak CPU memory usage MB: 8742.568
2019-01-10 01:55:55,153 - INFO - allennlp.training.trainer - GPU 0 memory usage MB: 20
2019-01-10 01:55:55,153 - INFO - allennlp.training.trainer - GPU 1 memory usage MB: 1613
2019-01-10 01:55:55,154 - INFO - allennlp.training.trainer - Training
2019-01-10 01:56:31,799 - INFO - allennlp.training.trainer - Validating
2019-01-10 01:56:33,454 - INFO - allennlp.training.trainer -                          Training |  Validation
2019-01-10 01:56:33,454 - INFO - allennlp.training.trainer - Reconstruction       |   564.718  |   552.077
2019-01-10 01:56:33,454 - INFO - allennlp.training.trainer - KL-Divergence        |    99.224  |     5.529
2019-01-10 01:56:33,454 - INFO - allennlp.training.trainer - ELBO                 |  56576.449  |  55829.963
2019-01-10 01:56:33,454 - INFO - allennlp.training.trainer - Accuracy             |     0.879  |     0.818
2019-01-10 01:56:33,454 - INFO - allennlp.training.trainer - loss                 |  57171.289  |  59028.406
2019-01-10 01:56:33,454 - INFO - allennlp.training.trainer - Scaled_Cross_Entropy |   594.840  |  3198.444
2019-01-10 01:56:33,480 - INFO - allennlp.training.trainer - Epoch duration: 00:00:38
2019-01-10 01:56:33,480 - INFO - allennlp.training.trainer - Estimated training time remaining: 3:39:52
2019-01-10 01:56:33,480 - INFO - allennlp.training.trainer - Epoch 15/199
2019-01-10 01:56:33,481 - INFO - allennlp.training.trainer - Peak CPU memory usage MB: 8742.568
2019-01-10 01:56:33,708 - INFO - allennlp.training.trainer - GPU 0 memory usage MB: 20
2019-01-10 01:56:33,708 - INFO - allennlp.training.trainer - GPU 1 memory usage MB: 1613
2019-01-10 01:56:33,709 - INFO - allennlp.training.trainer - Training
2019-01-10 01:57:10,468 - INFO - allennlp.training.trainer - Validating
2019-01-10 01:57:12,127 - INFO - allennlp.training.trainer -                          Training |  Validation
2019-01-10 01:57:12,128 - INFO - allennlp.training.trainer - Reconstruction       |   564.081  |   551.929
2019-01-10 01:57:12,128 - INFO - allennlp.training.trainer - KL-Divergence        |    86.191  |     5.235
2019-01-10 01:57:12,128 - INFO - allennlp.training.trainer - ELBO                 |  56563.064  |  55785.636
2019-01-10 01:57:12,128 - INFO - allennlp.training.trainer - Accuracy             |     0.880  |     0.820
2019-01-10 01:57:12,128 - INFO - allennlp.training.trainer - loss                 |  57158.956  |  58680.787
2019-01-10 01:57:12,128 - INFO - allennlp.training.trainer - Scaled_Cross_Entropy |   595.892  |  2895.151
2019-01-10 01:57:12,153 - INFO - allennlp.training.trainer - Epoch duration: 00:00:38
2019-01-10 01:57:12,153 - INFO - allennlp.training.trainer - Estimated training time remaining: 3:32:25
2019-01-10 01:57:12,153 - INFO - allennlp.training.trainer - Epoch 16/199
2019-01-10 01:57:12,153 - INFO - allennlp.training.trainer - Peak CPU memory usage MB: 8742.568
2019-01-10 01:57:12,374 - INFO - allennlp.training.trainer - GPU 0 memory usage MB: 20
2019-01-10 01:57:12,375 - INFO - allennlp.training.trainer - GPU 1 memory usage MB: 1613
2019-01-10 01:57:12,375 - INFO - allennlp.training.trainer - Training
2019-01-10 01:57:49,049 - INFO - allennlp.training.trainer - Validating
2019-01-10 01:57:50,715 - INFO - allennlp.training.trainer -                          Training |  Validation
2019-01-10 01:57:50,716 - INFO - allennlp.training.trainer - Reconstruction       |   563.775  |   551.734
2019-01-10 01:57:50,716 - INFO - allennlp.training.trainer - KL-Divergence        |     9.974  |     5.322
2019-01-10 01:57:50,716 - INFO - allennlp.training.trainer - ELBO                 |  56547.019  |  55774.983
2019-01-10 01:57:50,716 - INFO - allennlp.training.trainer - Accuracy             |     0.876  |     0.854
2019-01-10 01:57:50,716 - INFO - allennlp.training.trainer - loss                 |  57181.573  |  57890.910
2019-01-10 01:57:50,716 - INFO - allennlp.training.trainer - Scaled_Cross_Entropy |   634.555  |  2115.927
2019-01-10 01:57:50,742 - INFO - allennlp.training.trainer - Epoch duration: 00:00:38
2019-01-10 01:57:50,742 - INFO - allennlp.training.trainer - Estimated training time remaining: 3:25:46
2019-01-10 01:57:50,742 - INFO - allennlp.training.trainer - Epoch 17/199
2019-01-10 01:57:50,742 - INFO - allennlp.training.trainer - Peak CPU memory usage MB: 8742.736
2019-01-10 01:57:50,986 - INFO - allennlp.training.trainer - GPU 0 memory usage MB: 20
2019-01-10 01:57:50,987 - INFO - allennlp.training.trainer - GPU 1 memory usage MB: 1853
2019-01-10 01:57:50,988 - INFO - allennlp.training.trainer - Training
2019-01-10 01:58:27,939 - INFO - allennlp.training.trainer - Validating
2019-01-10 01:58:29,607 - INFO - allennlp.training.trainer -                          Training |  Validation
2019-01-10 01:58:29,607 - INFO - allennlp.training.trainer - Reconstruction       |   563.324  |   551.675
2019-01-10 01:58:29,607 - INFO - allennlp.training.trainer - KL-Divergence        |     9.968  |     5.280
2019-01-10 01:58:29,607 - INFO - allennlp.training.trainer - ELBO                 |  56535.447  |  55764.842
2019-01-10 01:58:29,607 - INFO - allennlp.training.trainer - Accuracy             |     0.881  |     0.814
2019-01-10 01:58:29,607 - INFO - allennlp.training.trainer - loss                 |  57106.489  |  58846.656
2019-01-10 01:58:29,608 - INFO - allennlp.training.trainer - Scaled_Cross_Entropy |   571.042  |  3081.813
2019-01-10 01:58:29,633 - INFO - allennlp.training.trainer - Epoch duration: 00:00:38
2019-01-10 01:58:29,633 - INFO - allennlp.training.trainer - Estimated training time remaining: 3:19:49
2019-01-10 01:58:29,633 - INFO - allennlp.training.trainer - Epoch 18/199
2019-01-10 01:58:29,633 - INFO - allennlp.training.trainer - Peak CPU memory usage MB: 8742.88
2019-01-10 01:58:29,858 - INFO - allennlp.training.trainer - GPU 0 memory usage MB: 20
2019-01-10 01:58:29,859 - INFO - allennlp.training.trainer - GPU 1 memory usage MB: 1853
2019-01-10 01:58:29,859 - INFO - allennlp.training.trainer - Training
2019-01-10 01:59:06,572 - INFO - allennlp.training.trainer - Validating
2019-01-10 01:59:08,239 - INFO - allennlp.training.trainer -                          Training |  Validation
2019-01-10 01:59:08,239 - INFO - allennlp.training.trainer - Reconstruction       |   562.694  |   551.412
2019-01-10 01:59:08,239 - INFO - allennlp.training.trainer - KL-Divergence        |     9.297  |     5.214
2019-01-10 01:59:08,239 - INFO - allennlp.training.trainer - ELBO                 |  56521.495  |  55731.949
2019-01-10 01:59:08,239 - INFO - allennlp.training.trainer - Accuracy             |     0.879  |     0.846
2019-01-10 01:59:08,239 - INFO - allennlp.training.trainer - loss                 |  57128.879  |  57893.025
2019-01-10 01:59:08,239 - INFO - allennlp.training.trainer - Scaled_Cross_Entropy |   607.383  |  2161.077
2019-01-10 01:59:08,264 - INFO - allennlp.training.trainer - Epoch duration: 00:00:38
2019-01-10 01:59:08,264 - INFO - allennlp.training.trainer - Estimated training time remaining: 3:14:24
2019-01-10 01:59:08,264 - INFO - allennlp.training.trainer - Epoch 19/199
2019-01-10 01:59:08,264 - INFO - allennlp.training.trainer - Peak CPU memory usage MB: 8742.88
2019-01-10 01:59:08,485 - INFO - allennlp.training.trainer - GPU 0 memory usage MB: 20
2019-01-10 01:59:08,486 - INFO - allennlp.training.trainer - GPU 1 memory usage MB: 1853
2019-01-10 01:59:08,486 - INFO - allennlp.training.trainer - Training
2019-01-10 01:59:45,236 - INFO - allennlp.training.trainer - Validating
2019-01-10 01:59:46,901 - INFO - allennlp.training.trainer -                          Training |  Validation
2019-01-10 01:59:46,901 - INFO - allennlp.training.trainer - Reconstruction       |   562.311  |   551.583
2019-01-10 01:59:46,902 - INFO - allennlp.training.trainer - KL-Divergence        |     8.939  |     4.757
2019-01-10 01:59:46,902 - INFO - allennlp.training.trainer - ELBO                 |  56511.263  |  55703.326
2019-01-10 01:59:46,902 - INFO - allennlp.training.trainer - Accuracy             |     0.883  |     0.852
2019-01-10 01:59:46,902 - INFO - allennlp.training.trainer - loss                 |  57080.381  |  57894.834
2019-01-10 01:59:46,902 - INFO - allennlp.training.trainer - Scaled_Cross_Entropy |   569.118  |  2191.508
2019-01-10 01:59:46,926 - INFO - allennlp.training.trainer - Epoch duration: 00:00:38
2019-01-10 01:59:46,927 - INFO - allennlp.training.trainer - Estimated training time remaining: 3:09:27
2019-01-10 01:59:46,927 - INFO - allennlp.training.trainer - Epoch 20/199
2019-01-10 01:59:46,927 - INFO - allennlp.training.trainer - Peak CPU memory usage MB: 8742.952
2019-01-10 01:59:47,150 - INFO - allennlp.training.trainer - GPU 0 memory usage MB: 20
2019-01-10 01:59:47,150 - INFO - allennlp.training.trainer - GPU 1 memory usage MB: 1853
2019-01-10 01:59:47,151 - INFO - allennlp.training.trainer - Training
2019-01-10 02:00:30,089 - INFO - allennlp.training.trainer - Validating
2019-01-10 02:00:31,758 - INFO - allennlp.training.trainer - Ran out of patience.  Stopping training.
2019-01-10 02:00:31,759 - INFO - allennlp.models.archival - archiving weights and vocabulary to experiments/semi_supervised/boe_trials/results/boe3/model.tar.gz
2019-01-10 02:00:32,766 - INFO - allennlp.commands.train - Loading the best epoch weights.
2019-01-10 02:00:32,779 - INFO - allennlp.common.util - Metrics: {
  "training_duration": "00:21:03",
  "training_start_epoch": 0,
  "training_epochs": 19,
  "epoch": 19,
  "training_KL-Divergence": 8.9386625289917,
  "training_Reconstruction": 562.3106689453125,
  "training_Accuracy": 0.8827,
  "training_Scaled_Cross_Entropy": 569.1180419921875,
  "training_ELBO": 56511.263194247156,
  "training_loss": 57080.38135653409,
  "validation_KL-Divergence": 4.757486343383789,
  "validation_Reconstruction": 551.5826416015625,
  "validation_Accuracy": 0.8518,
  "validation_Scaled_Cross_Entropy": 2191.507568359375,
  "validation_ELBO": 55703.326015625,
  "validation_loss": 57894.83375,
  "best_epoch": 0,
  "best_validation_KL-Divergence": 5.089086532592773,
  "best_validation_Reconstruction": 570.791015625,
  "best_validation_Accuracy": 0.864,
  "best_validation_Scaled_Cross_Entropy": 1946.272705078125,
  "best_validation_ELBO": 57657.318125,
  "best_validation_loss": 59603.59078125
}
