2019-01-13 14:48:24,835 - INFO - allennlp.common.from_params - instantiating class <class 'allennlp.data.dataset_readers.dataset_reader.DatasetReader'> from params {'type': 'document_reader'} and extras {}
2019-01-13 14:48:24,835 - INFO - allennlp.common.params - dataset_reader.type = document_reader
2019-01-13 14:48:24,835 - INFO - allennlp.common.from_params - instantiating class <class 'library.dataset_readers.document_reader.DocumentReader'> from params {} and extras {}
2019-01-13 14:48:24,835 - INFO - allennlp.common.params - dataset_reader.lazy = False
2019-01-13 14:48:24,835 - INFO - allennlp.common.params - dataset_reader.token_indexers = <allennlp.common.params.Params object at 0x7f14de0def60>
2019-01-13 14:48:24,835 - INFO - allennlp.common.params - dataset_reader.use_stopless_tokens = True
2019-01-13 14:48:25,063 - INFO - allennlp.common.params - validation_dataset_reader = None
2019-01-13 14:48:25,063 - INFO - allennlp.common.params - train_data_path = /data/dangt7/IMDB/train_labelled.filtered.jsonl
2019-01-13 14:48:25,063 - INFO - allennlp.commands.train - Reading training data from /data/dangt7/IMDB/train_labelled.filtered.jsonl
2019-01-13 14:48:25,063 - INFO - library.dataset_readers.document_reader - Reading instances from lines in file: /data/dangt7/IMDB/train_labelled.filtered.jsonl
2019-01-13 14:49:27,208 - INFO - allennlp.common.params - validation_data_path = /data/dangt7/IMDB/valid.filtered.jsonl
2019-01-13 14:49:27,208 - INFO - allennlp.commands.train - Reading validation data from /data/dangt7/IMDB/valid.filtered.jsonl
2019-01-13 14:49:27,208 - INFO - library.dataset_readers.document_reader - Reading instances from lines in file: /data/dangt7/IMDB/valid.filtered.jsonl
2019-01-13 14:49:42,581 - INFO - allennlp.common.params - test_data_path = None
2019-01-13 14:49:42,581 - INFO - allennlp.commands.train - From dataset instances, validation, train will be considered for vocabulary creation.
2019-01-13 14:49:42,581 - INFO - allennlp.common.params - vocabulary.type = None
2019-01-13 14:49:42,581 - INFO - allennlp.common.params - vocabulary.extend = False
2019-01-13 14:49:42,581 - INFO - allennlp.common.params - vocabulary.directory_path = None
2019-01-13 14:49:42,581 - INFO - allennlp.common.params - vocabulary.min_count = None
2019-01-13 14:49:42,581 - INFO - allennlp.common.params - vocabulary.max_vocab_size = 2000
2019-01-13 14:49:42,581 - INFO - allennlp.common.params - vocabulary.non_padded_namespaces = ('*tags', '*labels')
2019-01-13 14:49:42,581 - INFO - allennlp.common.params - vocabulary.min_pretrained_embeddings = None
2019-01-13 14:49:42,581 - INFO - allennlp.common.params - vocabulary.only_include_pretrained_words = False
2019-01-13 14:49:42,581 - INFO - allennlp.common.params - vocabulary.tokens_to_add = None
2019-01-13 14:49:42,581 - INFO - allennlp.data.vocabulary - Fitting token dictionary from dataset.
2019-01-13 14:49:46,309 - INFO - allennlp.common.from_params - instantiating class <class 'allennlp.models.model.Model'> from params {'classification_layer': {'activations': ['linear'], 'hidden_dims': [2], 'input_dim': 300, 'num_layers': 1}, 'encoder': {'embedding_dim': 300, 'type': 'boe'}, 'text_field_embedder': {'tokens': {'embedding_dim': 300, 'pretrained_file': '/data/dangt7/glove/glove.6B.300d.txt', 'trainable': True, 'type': 'embedding', 'vocab_namespace': 'tokens'}}, 'type': 'seq2vec_classifier'} and extras {'vocab': <allennlp.data.vocabulary.Vocabulary object at 0x7f14de0def60>}
2019-01-13 14:49:46,309 - INFO - allennlp.common.params - model.type = seq2vec_classifier
2019-01-13 14:49:46,309 - INFO - allennlp.common.from_params - instantiating class <class 'library.models.baselines.Seq2VecClassifier'> from params {'classification_layer': {'activations': ['linear'], 'hidden_dims': [2], 'input_dim': 300, 'num_layers': 1}, 'encoder': {'embedding_dim': 300, 'type': 'boe'}, 'text_field_embedder': {'tokens': {'embedding_dim': 300, 'pretrained_file': '/data/dangt7/glove/glove.6B.300d.txt', 'trainable': True, 'type': 'embedding', 'vocab_namespace': 'tokens'}}} and extras {'vocab': <allennlp.data.vocabulary.Vocabulary object at 0x7f14de0def60>}
2019-01-13 14:49:46,309 - INFO - allennlp.common.from_params - instantiating class <class 'allennlp.modules.seq2vec_encoders.seq2vec_encoder.Seq2VecEncoder'> from params {'embedding_dim': 300, 'type': 'boe'} and extras {'vocab': <allennlp.data.vocabulary.Vocabulary object at 0x7f14de0def60>}
2019-01-13 14:49:46,309 - INFO - allennlp.common.params - model.encoder.type = boe
2019-01-13 14:49:46,309 - INFO - allennlp.common.from_params - instantiating class <class 'allennlp.modules.seq2vec_encoders.boe_encoder.BagOfEmbeddingsEncoder'> from params {'embedding_dim': 300} and extras {'vocab': <allennlp.data.vocabulary.Vocabulary object at 0x7f14de0def60>}
2019-01-13 14:49:46,309 - INFO - allennlp.common.params - model.encoder.embedding_dim = 300
2019-01-13 14:49:46,310 - INFO - allennlp.common.params - model.encoder.averaged = False
2019-01-13 14:49:46,310 - INFO - allennlp.common.params - model.classification_layer.input_dim = 300
2019-01-13 14:49:46,310 - INFO - allennlp.common.params - model.classification_layer.num_layers = 1
2019-01-13 14:49:46,310 - INFO - allennlp.common.params - model.classification_layer.hidden_dims = [2]
2019-01-13 14:49:46,310 - INFO - allennlp.common.params - model.classification_layer.activations = ['linear']
2019-01-13 14:49:46,310 - INFO - allennlp.common.params - model.classification_layer.dropout = 0.0
2019-01-13 14:49:46,310 - INFO - allennlp.common.registrable - instantiating registered subclass linear of <class 'allennlp.nn.activations.Activation'>
2019-01-13 14:49:46,310 - INFO - allennlp.common.from_params - instantiating class <class 'allennlp.modules.text_field_embedders.text_field_embedder.TextFieldEmbedder'> from params {'tokens': {'embedding_dim': 300, 'pretrained_file': '/data/dangt7/glove/glove.6B.300d.txt', 'trainable': True, 'type': 'embedding', 'vocab_namespace': 'tokens'}} and extras {'vocab': <allennlp.data.vocabulary.Vocabulary object at 0x7f14de0def60>}
2019-01-13 14:49:46,311 - INFO - allennlp.common.params - model.text_field_embedder.type = basic
2019-01-13 14:49:46,311 - INFO - allennlp.common.params - model.text_field_embedder.embedder_to_indexer_map = None
2019-01-13 14:49:46,311 - INFO - allennlp.common.params - model.text_field_embedder.allow_unmatched_keys = False
2019-01-13 14:49:46,311 - INFO - allennlp.common.params - model.text_field_embedder.token_embedders = None
2019-01-13 14:49:46,311 - INFO - allennlp.common.from_params - instantiating class <class 'allennlp.modules.token_embedders.token_embedder.TokenEmbedder'> from params {'embedding_dim': 300, 'pretrained_file': '/data/dangt7/glove/glove.6B.300d.txt', 'trainable': True, 'type': 'embedding', 'vocab_namespace': 'tokens'} and extras {'vocab': <allennlp.data.vocabulary.Vocabulary object at 0x7f14de0def60>}
2019-01-13 14:49:46,311 - INFO - allennlp.common.params - model.text_field_embedder.tokens.type = embedding
2019-01-13 14:49:46,311 - INFO - allennlp.common.params - model.text_field_embedder.tokens.num_embeddings = None
2019-01-13 14:49:46,311 - INFO - allennlp.common.params - model.text_field_embedder.tokens.vocab_namespace = tokens
2019-01-13 14:49:46,311 - INFO - allennlp.common.params - model.text_field_embedder.tokens.embedding_dim = 300
2019-01-13 14:49:46,311 - INFO - allennlp.common.params - model.text_field_embedder.tokens.pretrained_file = /data/dangt7/glove/glove.6B.300d.txt
2019-01-13 14:49:46,311 - INFO - allennlp.common.params - model.text_field_embedder.tokens.projection_dim = None
2019-01-13 14:49:46,311 - INFO - allennlp.common.params - model.text_field_embedder.tokens.trainable = True
2019-01-13 14:49:46,311 - INFO - allennlp.common.params - model.text_field_embedder.tokens.padding_index = None
2019-01-13 14:49:46,311 - INFO - allennlp.common.params - model.text_field_embedder.tokens.max_norm = None
2019-01-13 14:49:46,311 - INFO - allennlp.common.params - model.text_field_embedder.tokens.norm_type = 2.0
2019-01-13 14:49:46,311 - INFO - allennlp.common.params - model.text_field_embedder.tokens.scale_grad_by_freq = False
2019-01-13 14:49:46,311 - INFO - allennlp.common.params - model.text_field_embedder.tokens.sparse = False
2019-01-13 14:49:46,312 - INFO - allennlp.modules.token_embedders.embedding - Reading pretrained embeddings from file
2019-01-13 14:49:47,496 - INFO - allennlp.modules.token_embedders.embedding - Initializing pre-trained embedding layer
2019-01-13 14:49:47,512 - INFO - allennlp.modules.token_embedders.embedding - Pretrained embeddings were found for 2000 out of 2002 tokens
2019-01-13 14:49:47,512 - INFO - allennlp.nn.initializers - Initializing parameters
2019-01-13 14:49:47,512 - INFO - allennlp.nn.initializers - Done initializing parameters; the following parameters are using their default initialization from their code
2019-01-13 14:49:47,512 - INFO - allennlp.nn.initializers -    classification_layer._linear_layers.0.bias
2019-01-13 14:49:47,512 - INFO - allennlp.nn.initializers -    classification_layer._linear_layers.0.weight
2019-01-13 14:49:47,512 - INFO - allennlp.nn.initializers -    text_field_embedder.token_embedder_tokens.weight
2019-01-13 14:49:47,516 - INFO - allennlp.common.from_params - instantiating class <class 'allennlp.data.iterators.data_iterator.DataIterator'> from params {'batch_size': 100, 'type': 'basic'} and extras {}
2019-01-13 14:49:47,516 - INFO - allennlp.common.params - iterator.type = basic
2019-01-13 14:49:47,516 - INFO - allennlp.common.from_params - instantiating class <class 'allennlp.data.iterators.basic_iterator.BasicIterator'> from params {'batch_size': 100} and extras {}
2019-01-13 14:49:47,516 - INFO - allennlp.common.params - iterator.batch_size = 100
2019-01-13 14:49:47,516 - INFO - allennlp.common.params - iterator.instances_per_epoch = None
2019-01-13 14:49:47,516 - INFO - allennlp.common.params - iterator.max_instances_in_memory = None
2019-01-13 14:49:47,516 - INFO - allennlp.common.params - iterator.cache_instances = False
2019-01-13 14:49:47,517 - INFO - allennlp.common.params - iterator.track_epoch = False
2019-01-13 14:49:47,517 - INFO - allennlp.common.params - iterator.maximum_samples_per_batch = None
2019-01-13 14:49:47,517 - INFO - allennlp.common.params - validation_iterator = None
2019-01-13 14:49:47,517 - INFO - allennlp.common.params - trainer.no_grad = ()
2019-01-13 14:49:47,517 - INFO - allennlp.commands.train - Following parameters are Frozen  (without gradient):
2019-01-13 14:49:47,517 - INFO - allennlp.commands.train - Following parameters are Tunable (with gradient):
2019-01-13 14:49:47,517 - INFO - allennlp.commands.train - classification_layer._linear_layers.0.weight
2019-01-13 14:49:47,517 - INFO - allennlp.commands.train - classification_layer._linear_layers.0.bias
2019-01-13 14:49:47,517 - INFO - allennlp.commands.train - text_field_embedder.token_embedder_tokens.weight
2019-01-13 14:49:47,517 - INFO - allennlp.common.params - trainer.patience = 20
2019-01-13 14:49:47,517 - INFO - allennlp.common.params - trainer.validation_metric = +accuracy
2019-01-13 14:49:47,517 - INFO - allennlp.common.params - trainer.shuffle = True
2019-01-13 14:49:47,517 - INFO - allennlp.common.params - trainer.num_epochs = 200
2019-01-13 14:49:47,517 - INFO - allennlp.common.params - trainer.cuda_device = 0
2019-01-13 14:49:47,517 - INFO - allennlp.common.params - trainer.grad_norm = None
2019-01-13 14:49:47,517 - INFO - allennlp.common.params - trainer.grad_clipping = None
2019-01-13 14:49:47,517 - INFO - allennlp.common.params - trainer.learning_rate_scheduler = None
2019-01-13 14:49:49,285 - INFO - allennlp.common.params - trainer.optimizer.type = adam
2019-01-13 14:49:49,286 - INFO - allennlp.common.params - trainer.optimizer.parameter_groups = None
2019-01-13 14:49:49,286 - INFO - allennlp.training.optimizers - Number of trainable parameters: 601202
2019-01-13 14:49:49,286 - INFO - allennlp.common.registrable - instantiating registered subclass adam of <class 'allennlp.training.optimizers.Optimizer'>
2019-01-13 14:49:49,286 - INFO - allennlp.common.params - Converting Params object to dict; logging of default values will not occur when dictionary parameters are used subsequently.
2019-01-13 14:49:49,286 - INFO - allennlp.common.params - CURRENTLY DEFINED PARAMETERS: 
2019-01-13 14:49:49,286 - INFO - allennlp.common.params - trainer.optimizer.lr = 0.001
2019-01-13 14:49:49,286 - INFO - allennlp.common.params - trainer.optimizer.weight_decay = 0.001
2019-01-13 14:49:49,286 - INFO - allennlp.common.params - trainer.num_serialized_models_to_keep = 20
2019-01-13 14:49:49,286 - INFO - allennlp.common.params - trainer.keep_serialized_model_every_num_seconds = None
2019-01-13 14:49:49,286 - INFO - allennlp.common.params - trainer.model_save_interval = None
2019-01-13 14:49:49,286 - INFO - allennlp.common.params - trainer.summary_interval = 100
2019-01-13 14:49:49,286 - INFO - allennlp.common.params - trainer.histogram_interval = None
2019-01-13 14:49:49,286 - INFO - allennlp.common.params - trainer.should_log_parameter_statistics = True
2019-01-13 14:49:49,286 - INFO - allennlp.common.params - trainer.should_log_learning_rate = False
2019-01-13 14:49:49,288 - INFO - allennlp.common.params - evaluate_on_test = False
2019-01-13 14:49:49,288 - INFO - allennlp.training.trainer - Beginning training.
2019-01-13 14:49:49,288 - INFO - allennlp.training.trainer - Epoch 0/199
2019-01-13 14:49:49,288 - INFO - allennlp.training.trainer - Peak CPU memory usage MB: 2998.564
2019-01-13 14:49:49,376 - INFO - allennlp.training.trainer - GPU 0 memory usage MB: 20
2019-01-13 14:49:49,377 - INFO - allennlp.training.trainer - GPU 1 memory usage MB: 537
2019-01-13 14:49:49,377 - INFO - allennlp.training.trainer - Training
2019-01-13 14:50:00,850 - INFO - allennlp.training.trainer - Validating
2019-01-13 14:50:02,250 - INFO - allennlp.training.trainer -              Training |  Validation
2019-01-13 14:50:02,251 - INFO - allennlp.training.trainer - loss     |     0.696  |     0.419
2019-01-13 14:50:02,251 - INFO - allennlp.training.trainer - accuracy |     0.754  |     0.838
2019-01-13 14:50:02,289 - INFO - allennlp.training.trainer - Best validation performance so far. Copying weights to 'experiments/supervised/boe_trials/results/boe3/best.th'.
2019-01-13 14:50:02,290 - INFO - allennlp.training.trainer - Epoch duration: 00:00:13
2019-01-13 14:50:02,290 - INFO - allennlp.training.trainer - Estimated training time remaining: 0:43:07
2019-01-13 14:50:02,290 - INFO - allennlp.training.trainer - Epoch 1/199
2019-01-13 14:50:02,291 - INFO - allennlp.training.trainer - Peak CPU memory usage MB: 3116.064
2019-01-13 14:50:02,382 - INFO - allennlp.training.trainer - GPU 0 memory usage MB: 20
2019-01-13 14:50:02,382 - INFO - allennlp.training.trainer - GPU 1 memory usage MB: 1577
2019-01-13 14:50:02,383 - INFO - allennlp.training.trainer - Training
2019-01-13 14:50:09,999 - INFO - allennlp.training.trainer - Validating
2019-01-13 14:50:10,543 - INFO - allennlp.training.trainer -              Training |  Validation
2019-01-13 14:50:10,544 - INFO - allennlp.training.trainer - loss     |     0.393  |     0.346
2019-01-13 14:50:10,544 - INFO - allennlp.training.trainer - accuracy |     0.846  |     0.858
2019-01-13 14:50:10,549 - INFO - allennlp.training.trainer - Best validation performance so far. Copying weights to 'experiments/supervised/boe_trials/results/boe3/best.th'.
2019-01-13 14:50:10,550 - INFO - allennlp.training.trainer - Epoch duration: 00:00:08
2019-01-13 14:50:10,551 - INFO - allennlp.training.trainer - Estimated training time remaining: 0:35:04
2019-01-13 14:50:10,551 - INFO - allennlp.training.trainer - Epoch 2/199
2019-01-13 14:50:10,551 - INFO - allennlp.training.trainer - Peak CPU memory usage MB: 3116.064
2019-01-13 14:50:10,641 - INFO - allennlp.training.trainer - GPU 0 memory usage MB: 20
2019-01-13 14:50:10,642 - INFO - allennlp.training.trainer - GPU 1 memory usage MB: 1577
2019-01-13 14:50:10,642 - INFO - allennlp.training.trainer - Training
2019-01-13 14:50:18,202 - INFO - allennlp.training.trainer - Validating
2019-01-13 14:50:18,747 - INFO - allennlp.training.trainer -              Training |  Validation
2019-01-13 14:50:18,747 - INFO - allennlp.training.trainer - loss     |     0.366  |     0.383
2019-01-13 14:50:18,747 - INFO - allennlp.training.trainer - accuracy |     0.856  |     0.848
2019-01-13 14:50:18,752 - INFO - allennlp.training.trainer - Epoch duration: 00:00:08
2019-01-13 14:50:18,752 - INFO - allennlp.training.trainer - Estimated training time remaining: 0:32:14
2019-01-13 14:50:18,752 - INFO - allennlp.training.trainer - Epoch 3/199
2019-01-13 14:50:18,752 - INFO - allennlp.training.trainer - Peak CPU memory usage MB: 3116.064
2019-01-13 14:50:18,846 - INFO - allennlp.training.trainer - GPU 0 memory usage MB: 20
2019-01-13 14:50:18,846 - INFO - allennlp.training.trainer - GPU 1 memory usage MB: 1577
2019-01-13 14:50:18,846 - INFO - allennlp.training.trainer - Training
2019-01-13 14:50:26,453 - INFO - allennlp.training.trainer - Validating
2019-01-13 14:50:26,999 - INFO - allennlp.training.trainer -              Training |  Validation
2019-01-13 14:50:27,000 - INFO - allennlp.training.trainer - loss     |     0.333  |     0.461
2019-01-13 14:50:27,000 - INFO - allennlp.training.trainer - accuracy |     0.868  |     0.824
2019-01-13 14:50:27,005 - INFO - allennlp.training.trainer - Epoch duration: 00:00:08
2019-01-13 14:50:27,005 - INFO - allennlp.training.trainer - Estimated training time remaining: 0:30:48
2019-01-13 14:50:27,005 - INFO - allennlp.training.trainer - Epoch 4/199
2019-01-13 14:50:27,005 - INFO - allennlp.training.trainer - Peak CPU memory usage MB: 3116.064
2019-01-13 14:50:27,096 - INFO - allennlp.training.trainer - GPU 0 memory usage MB: 20
2019-01-13 14:50:27,096 - INFO - allennlp.training.trainer - GPU 1 memory usage MB: 1577
2019-01-13 14:50:27,097 - INFO - allennlp.training.trainer - Training
2019-01-13 14:50:34,647 - INFO - allennlp.training.trainer - Validating
2019-01-13 14:50:35,191 - INFO - allennlp.training.trainer -              Training |  Validation
2019-01-13 14:50:35,192 - INFO - allennlp.training.trainer - loss     |     0.345  |     0.646
2019-01-13 14:50:35,192 - INFO - allennlp.training.trainer - accuracy |     0.863  |     0.788
2019-01-13 14:50:35,197 - INFO - allennlp.training.trainer - Epoch duration: 00:00:08
2019-01-13 14:50:35,197 - INFO - allennlp.training.trainer - Estimated training time remaining: 0:29:50
2019-01-13 14:50:35,197 - INFO - allennlp.training.trainer - Epoch 5/199
2019-01-13 14:50:35,197 - INFO - allennlp.training.trainer - Peak CPU memory usage MB: 3116.064
2019-01-13 14:50:35,289 - INFO - allennlp.training.trainer - GPU 0 memory usage MB: 20
2019-01-13 14:50:35,289 - INFO - allennlp.training.trainer - GPU 1 memory usage MB: 1577
2019-01-13 14:50:35,290 - INFO - allennlp.training.trainer - Training
2019-01-13 14:50:42,827 - INFO - allennlp.training.trainer - Validating
2019-01-13 14:50:43,371 - INFO - allennlp.training.trainer -              Training |  Validation
2019-01-13 14:50:43,372 - INFO - allennlp.training.trainer - loss     |     0.342  |     0.338
2019-01-13 14:50:43,372 - INFO - allennlp.training.trainer - accuracy |     0.863  |     0.862
2019-01-13 14:50:43,377 - INFO - allennlp.training.trainer - Best validation performance so far. Copying weights to 'experiments/supervised/boe_trials/results/boe3/best.th'.
2019-01-13 14:50:43,378 - INFO - allennlp.training.trainer - Epoch duration: 00:00:08
2019-01-13 14:50:43,379 - INFO - allennlp.training.trainer - Estimated training time remaining: 0:29:08
2019-01-13 14:50:43,379 - INFO - allennlp.training.trainer - Epoch 6/199
2019-01-13 14:50:43,379 - INFO - allennlp.training.trainer - Peak CPU memory usage MB: 3116.064
2019-01-13 14:50:43,469 - INFO - allennlp.training.trainer - GPU 0 memory usage MB: 20
2019-01-13 14:50:43,469 - INFO - allennlp.training.trainer - GPU 1 memory usage MB: 1577
2019-01-13 14:50:43,469 - INFO - allennlp.training.trainer - Training
2019-01-13 14:50:51,082 - INFO - allennlp.training.trainer - Validating
2019-01-13 14:50:51,629 - INFO - allennlp.training.trainer -              Training |  Validation
2019-01-13 14:50:51,629 - INFO - allennlp.training.trainer - loss     |     0.339  |     0.426
2019-01-13 14:50:51,630 - INFO - allennlp.training.trainer - accuracy |     0.865  |     0.832
2019-01-13 14:50:51,634 - INFO - allennlp.training.trainer - Epoch duration: 00:00:08
2019-01-13 14:50:51,634 - INFO - allennlp.training.trainer - Estimated training time remaining: 0:28:38
2019-01-13 14:50:51,634 - INFO - allennlp.training.trainer - Epoch 7/199
2019-01-13 14:50:51,634 - INFO - allennlp.training.trainer - Peak CPU memory usage MB: 3116.064
2019-01-13 14:50:51,723 - INFO - allennlp.training.trainer - GPU 0 memory usage MB: 20
2019-01-13 14:50:51,724 - INFO - allennlp.training.trainer - GPU 1 memory usage MB: 1577
2019-01-13 14:50:51,724 - INFO - allennlp.training.trainer - Training
2019-01-13 14:50:59,225 - INFO - allennlp.training.trainer - Validating
2019-01-13 14:50:59,770 - INFO - allennlp.training.trainer -              Training |  Validation
2019-01-13 14:50:59,770 - INFO - allennlp.training.trainer - loss     |     0.322  |     0.435
2019-01-13 14:50:59,770 - INFO - allennlp.training.trainer - accuracy |     0.870  |     0.829
2019-01-13 14:50:59,775 - INFO - allennlp.training.trainer - Epoch duration: 00:00:08
2019-01-13 14:50:59,775 - INFO - allennlp.training.trainer - Estimated training time remaining: 0:28:11
2019-01-13 14:50:59,775 - INFO - allennlp.training.trainer - Epoch 8/199
2019-01-13 14:50:59,775 - INFO - allennlp.training.trainer - Peak CPU memory usage MB: 3116.064
2019-01-13 14:50:59,867 - INFO - allennlp.training.trainer - GPU 0 memory usage MB: 20
2019-01-13 14:50:59,867 - INFO - allennlp.training.trainer - GPU 1 memory usage MB: 1577
2019-01-13 14:50:59,867 - INFO - allennlp.training.trainer - Training
2019-01-13 14:51:07,419 - INFO - allennlp.training.trainer - Validating
2019-01-13 14:51:07,961 - INFO - allennlp.training.trainer -              Training |  Validation
2019-01-13 14:51:07,962 - INFO - allennlp.training.trainer - loss     |     0.329  |     0.331
2019-01-13 14:51:07,962 - INFO - allennlp.training.trainer - accuracy |     0.869  |     0.866
2019-01-13 14:51:07,966 - INFO - allennlp.training.trainer - Best validation performance so far. Copying weights to 'experiments/supervised/boe_trials/results/boe3/best.th'.
2019-01-13 14:51:07,968 - INFO - allennlp.training.trainer - Epoch duration: 00:00:08
2019-01-13 14:51:07,968 - INFO - allennlp.training.trainer - Estimated training time remaining: 0:27:49
2019-01-13 14:51:07,968 - INFO - allennlp.training.trainer - Epoch 9/199
2019-01-13 14:51:07,968 - INFO - allennlp.training.trainer - Peak CPU memory usage MB: 3116.064
2019-01-13 14:51:08,058 - INFO - allennlp.training.trainer - GPU 0 memory usage MB: 20
2019-01-13 14:51:08,058 - INFO - allennlp.training.trainer - GPU 1 memory usage MB: 1577
2019-01-13 14:51:08,059 - INFO - allennlp.training.trainer - Training
2019-01-13 14:51:15,617 - INFO - allennlp.training.trainer - Validating
2019-01-13 14:51:16,162 - INFO - allennlp.training.trainer -              Training |  Validation
2019-01-13 14:51:16,163 - INFO - allennlp.training.trainer - loss     |     0.318  |     0.341
2019-01-13 14:51:16,163 - INFO - allennlp.training.trainer - accuracy |     0.873  |     0.863
2019-01-13 14:51:16,167 - INFO - allennlp.training.trainer - Epoch duration: 00:00:08
2019-01-13 14:51:16,167 - INFO - allennlp.training.trainer - Estimated training time remaining: 0:27:30
2019-01-13 14:51:16,168 - INFO - allennlp.training.trainer - Epoch 10/199
2019-01-13 14:51:16,168 - INFO - allennlp.training.trainer - Peak CPU memory usage MB: 3116.064
2019-01-13 14:51:16,258 - INFO - allennlp.training.trainer - GPU 0 memory usage MB: 20
2019-01-13 14:51:16,259 - INFO - allennlp.training.trainer - GPU 1 memory usage MB: 1577
2019-01-13 14:51:16,259 - INFO - allennlp.training.trainer - Training
2019-01-13 14:51:23,951 - INFO - allennlp.training.trainer - Validating
2019-01-13 14:51:24,495 - INFO - allennlp.training.trainer -              Training |  Validation
2019-01-13 14:51:24,495 - INFO - allennlp.training.trainer - loss     |     0.323  |     0.404
2019-01-13 14:51:24,496 - INFO - allennlp.training.trainer - accuracy |     0.871  |     0.842
2019-01-13 14:51:24,500 - INFO - allennlp.training.trainer - Epoch duration: 00:00:08
2019-01-13 14:51:24,500 - INFO - allennlp.training.trainer - Estimated training time remaining: 0:27:15
2019-01-13 14:51:24,500 - INFO - allennlp.training.trainer - Epoch 11/199
2019-01-13 14:51:24,500 - INFO - allennlp.training.trainer - Peak CPU memory usage MB: 3116.064
2019-01-13 14:51:24,589 - INFO - allennlp.training.trainer - GPU 0 memory usage MB: 20
2019-01-13 14:51:24,589 - INFO - allennlp.training.trainer - GPU 1 memory usage MB: 1577
2019-01-13 14:51:24,589 - INFO - allennlp.training.trainer - Training
2019-01-13 14:51:32,145 - INFO - allennlp.training.trainer - Validating
2019-01-13 14:51:32,693 - INFO - allennlp.training.trainer -              Training |  Validation
2019-01-13 14:51:32,694 - INFO - allennlp.training.trainer - loss     |     0.330  |     0.337
2019-01-13 14:51:32,694 - INFO - allennlp.training.trainer - accuracy |     0.867  |     0.860
2019-01-13 14:51:32,699 - INFO - allennlp.training.trainer - Epoch duration: 00:00:08
2019-01-13 14:51:32,699 - INFO - allennlp.training.trainer - Estimated training time remaining: 0:27:00
2019-01-13 14:51:32,699 - INFO - allennlp.training.trainer - Epoch 12/199
2019-01-13 14:51:32,699 - INFO - allennlp.training.trainer - Peak CPU memory usage MB: 3116.064
2019-01-13 14:51:32,790 - INFO - allennlp.training.trainer - GPU 0 memory usage MB: 20
2019-01-13 14:51:32,791 - INFO - allennlp.training.trainer - GPU 1 memory usage MB: 1577
2019-01-13 14:51:32,791 - INFO - allennlp.training.trainer - Training
2019-01-13 14:51:40,376 - INFO - allennlp.training.trainer - Validating
2019-01-13 14:51:40,919 - INFO - allennlp.training.trainer -              Training |  Validation
2019-01-13 14:51:40,920 - INFO - allennlp.training.trainer - loss     |     0.335  |     0.352
2019-01-13 14:51:40,920 - INFO - allennlp.training.trainer - accuracy |     0.868  |     0.860
2019-01-13 14:51:40,924 - INFO - allennlp.training.trainer - Epoch duration: 00:00:08
2019-01-13 14:51:40,924 - INFO - allennlp.training.trainer - Estimated training time remaining: 0:26:45
2019-01-13 14:51:40,924 - INFO - allennlp.training.trainer - Epoch 13/199
2019-01-13 14:51:40,924 - INFO - allennlp.training.trainer - Peak CPU memory usage MB: 3116.064
2019-01-13 14:51:41,016 - INFO - allennlp.training.trainer - GPU 0 memory usage MB: 20
2019-01-13 14:51:41,016 - INFO - allennlp.training.trainer - GPU 1 memory usage MB: 1577
2019-01-13 14:51:41,016 - INFO - allennlp.training.trainer - Training
2019-01-13 14:51:48,699 - INFO - allennlp.training.trainer - Validating
2019-01-13 14:51:49,244 - INFO - allennlp.training.trainer -              Training |  Validation
2019-01-13 14:51:49,244 - INFO - allennlp.training.trainer - loss     |     0.340  |     0.437
2019-01-13 14:51:49,245 - INFO - allennlp.training.trainer - accuracy |     0.867  |     0.833
2019-01-13 14:51:49,249 - INFO - allennlp.training.trainer - Epoch duration: 00:00:08
2019-01-13 14:51:49,249 - INFO - allennlp.training.trainer - Estimated training time remaining: 0:26:33
2019-01-13 14:51:49,249 - INFO - allennlp.training.trainer - Epoch 14/199
2019-01-13 14:51:49,249 - INFO - allennlp.training.trainer - Peak CPU memory usage MB: 3116.064
2019-01-13 14:51:49,339 - INFO - allennlp.training.trainer - GPU 0 memory usage MB: 20
2019-01-13 14:51:49,340 - INFO - allennlp.training.trainer - GPU 1 memory usage MB: 1577
2019-01-13 14:51:49,340 - INFO - allennlp.training.trainer - Training
2019-01-13 14:51:56,958 - INFO - allennlp.training.trainer - Validating
2019-01-13 14:51:57,509 - INFO - allennlp.training.trainer -              Training |  Validation
2019-01-13 14:51:57,509 - INFO - allennlp.training.trainer - loss     |     0.358  |     0.340
2019-01-13 14:51:57,509 - INFO - allennlp.training.trainer - accuracy |     0.862  |     0.868
2019-01-13 14:51:57,514 - INFO - allennlp.training.trainer - Best validation performance so far. Copying weights to 'experiments/supervised/boe_trials/results/boe3/best.th'.
2019-01-13 14:51:57,516 - INFO - allennlp.training.trainer - Epoch duration: 00:00:08
2019-01-13 14:51:57,516 - INFO - allennlp.training.trainer - Estimated training time remaining: 0:26:21
2019-01-13 14:51:57,516 - INFO - allennlp.training.trainer - Epoch 15/199
2019-01-13 14:51:57,516 - INFO - allennlp.training.trainer - Peak CPU memory usage MB: 3116.064
2019-01-13 14:51:57,605 - INFO - allennlp.training.trainer - GPU 0 memory usage MB: 20
2019-01-13 14:51:57,605 - INFO - allennlp.training.trainer - GPU 1 memory usage MB: 1577
2019-01-13 14:51:57,605 - INFO - allennlp.training.trainer - Training
2019-01-13 14:52:05,178 - INFO - allennlp.training.trainer - Validating
2019-01-13 14:52:05,722 - INFO - allennlp.training.trainer -              Training |  Validation
2019-01-13 14:52:05,723 - INFO - allennlp.training.trainer - loss     |     0.350  |     0.446
2019-01-13 14:52:05,723 - INFO - allennlp.training.trainer - accuracy |     0.864  |     0.836
2019-01-13 14:52:05,728 - INFO - allennlp.training.trainer - Epoch duration: 00:00:08
2019-01-13 14:52:05,728 - INFO - allennlp.training.trainer - Estimated training time remaining: 0:26:09
2019-01-13 14:52:05,728 - INFO - allennlp.training.trainer - Epoch 16/199
2019-01-13 14:52:05,728 - INFO - allennlp.training.trainer - Peak CPU memory usage MB: 3116.064
2019-01-13 14:52:05,822 - INFO - allennlp.training.trainer - GPU 0 memory usage MB: 20
2019-01-13 14:52:05,822 - INFO - allennlp.training.trainer - GPU 1 memory usage MB: 1577
2019-01-13 14:52:05,822 - INFO - allennlp.training.trainer - Training
2019-01-13 14:52:13,328 - INFO - allennlp.training.trainer - Validating
2019-01-13 14:52:13,870 - INFO - allennlp.training.trainer -              Training |  Validation
2019-01-13 14:52:13,871 - INFO - allennlp.training.trainer - loss     |     0.318  |     0.419
2019-01-13 14:52:13,872 - INFO - allennlp.training.trainer - accuracy |     0.871  |     0.837
2019-01-13 14:52:13,876 - INFO - allennlp.training.trainer - Epoch duration: 00:00:08
2019-01-13 14:52:13,876 - INFO - allennlp.training.trainer - Estimated training time remaining: 0:25:56
2019-01-13 14:52:13,876 - INFO - allennlp.training.trainer - Epoch 17/199
2019-01-13 14:52:13,876 - INFO - allennlp.training.trainer - Peak CPU memory usage MB: 3116.064
2019-01-13 14:52:13,970 - INFO - allennlp.training.trainer - GPU 0 memory usage MB: 20
2019-01-13 14:52:13,971 - INFO - allennlp.training.trainer - GPU 1 memory usage MB: 1577
2019-01-13 14:52:13,971 - INFO - allennlp.training.trainer - Training
2019-01-13 14:52:21,534 - INFO - allennlp.training.trainer - Validating
2019-01-13 14:52:22,078 - INFO - allennlp.training.trainer -              Training |  Validation
2019-01-13 14:52:22,079 - INFO - allennlp.training.trainer - loss     |     0.318  |     0.340
2019-01-13 14:52:22,079 - INFO - allennlp.training.trainer - accuracy |     0.870  |     0.864
2019-01-13 14:52:22,084 - INFO - allennlp.training.trainer - Epoch duration: 00:00:08
2019-01-13 14:52:22,084 - INFO - allennlp.training.trainer - Estimated training time remaining: 0:25:44
2019-01-13 14:52:22,084 - INFO - allennlp.training.trainer - Epoch 18/199
2019-01-13 14:52:22,084 - INFO - allennlp.training.trainer - Peak CPU memory usage MB: 3116.064
2019-01-13 14:52:22,178 - INFO - allennlp.training.trainer - GPU 0 memory usage MB: 20
2019-01-13 14:52:22,178 - INFO - allennlp.training.trainer - GPU 1 memory usage MB: 1577
2019-01-13 14:52:22,178 - INFO - allennlp.training.trainer - Training
2019-01-13 14:52:29,851 - INFO - allennlp.training.trainer - Validating
2019-01-13 14:52:30,396 - INFO - allennlp.training.trainer -              Training |  Validation
2019-01-13 14:52:30,396 - INFO - allennlp.training.trainer - loss     |     0.300  |     0.354
2019-01-13 14:52:30,396 - INFO - allennlp.training.trainer - accuracy |     0.878  |     0.857
2019-01-13 14:52:30,401 - INFO - allennlp.training.trainer - Epoch duration: 00:00:08
2019-01-13 14:52:30,401 - INFO - allennlp.training.trainer - Estimated training time remaining: 0:25:34
2019-01-13 14:52:30,401 - INFO - allennlp.training.trainer - Epoch 19/199
2019-01-13 14:52:30,401 - INFO - allennlp.training.trainer - Peak CPU memory usage MB: 3116.064
2019-01-13 14:52:30,494 - INFO - allennlp.training.trainer - GPU 0 memory usage MB: 20
2019-01-13 14:52:30,494 - INFO - allennlp.training.trainer - GPU 1 memory usage MB: 1577
2019-01-13 14:52:30,495 - INFO - allennlp.training.trainer - Training
2019-01-13 14:52:38,194 - INFO - allennlp.training.trainer - Validating
2019-01-13 14:52:38,740 - INFO - allennlp.training.trainer -              Training |  Validation
2019-01-13 14:52:38,740 - INFO - allennlp.training.trainer - loss     |     0.315  |     0.359
2019-01-13 14:52:38,740 - INFO - allennlp.training.trainer - accuracy |     0.873  |     0.860
2019-01-13 14:52:38,745 - INFO - allennlp.training.trainer - Epoch duration: 00:00:08
2019-01-13 14:52:38,745 - INFO - allennlp.training.trainer - Estimated training time remaining: 0:25:25
2019-01-13 14:52:38,745 - INFO - allennlp.training.trainer - Epoch 20/199
2019-01-13 14:52:38,745 - INFO - allennlp.training.trainer - Peak CPU memory usage MB: 3116.064
2019-01-13 14:52:38,837 - INFO - allennlp.training.trainer - GPU 0 memory usage MB: 20
2019-01-13 14:52:38,838 - INFO - allennlp.training.trainer - GPU 1 memory usage MB: 1577
2019-01-13 14:52:38,838 - INFO - allennlp.training.trainer - Training
2019-01-13 14:52:46,430 - INFO - allennlp.training.trainer - Validating
2019-01-13 14:52:46,975 - INFO - allennlp.training.trainer -              Training |  Validation
2019-01-13 14:52:46,976 - INFO - allennlp.training.trainer - loss     |     0.307  |     0.351
2019-01-13 14:52:46,976 - INFO - allennlp.training.trainer - accuracy |     0.877  |     0.860
2019-01-13 14:52:46,981 - INFO - allennlp.training.trainer - Epoch duration: 00:00:08
2019-01-13 14:52:46,981 - INFO - allennlp.training.trainer - Estimated training time remaining: 0:25:14
2019-01-13 14:52:46,981 - INFO - allennlp.training.trainer - Epoch 21/199
2019-01-13 14:52:46,981 - INFO - allennlp.training.trainer - Peak CPU memory usage MB: 3116.064
2019-01-13 14:52:47,075 - INFO - allennlp.training.trainer - GPU 0 memory usage MB: 20
2019-01-13 14:52:47,075 - INFO - allennlp.training.trainer - GPU 1 memory usage MB: 1577
2019-01-13 14:52:47,076 - INFO - allennlp.training.trainer - Training
2019-01-13 14:52:54,749 - INFO - allennlp.training.trainer - Validating
2019-01-13 14:52:55,293 - INFO - allennlp.training.trainer -              Training |  Validation
2019-01-13 14:52:55,294 - INFO - allennlp.training.trainer - loss     |     0.317  |     0.394
2019-01-13 14:52:55,294 - INFO - allennlp.training.trainer - accuracy |     0.875  |     0.847
2019-01-13 14:52:55,300 - INFO - allennlp.training.trainer - Epoch duration: 00:00:08
2019-01-13 14:52:55,300 - INFO - allennlp.training.trainer - Estimated training time remaining: 0:25:05
2019-01-13 14:52:55,300 - INFO - allennlp.training.trainer - Epoch 22/199
2019-01-13 14:52:55,300 - INFO - allennlp.training.trainer - Peak CPU memory usage MB: 3116.064
2019-01-13 14:52:55,394 - INFO - allennlp.training.trainer - GPU 0 memory usage MB: 20
2019-01-13 14:52:55,394 - INFO - allennlp.training.trainer - GPU 1 memory usage MB: 1577
2019-01-13 14:52:55,395 - INFO - allennlp.training.trainer - Training
2019-01-13 14:53:02,974 - INFO - allennlp.training.trainer - Validating
2019-01-13 14:53:03,519 - INFO - allennlp.training.trainer -              Training |  Validation
2019-01-13 14:53:03,520 - INFO - allennlp.training.trainer - loss     |     0.310  |     0.352
2019-01-13 14:53:03,520 - INFO - allennlp.training.trainer - accuracy |     0.876  |     0.861
2019-01-13 14:53:03,525 - INFO - allennlp.training.trainer - Epoch duration: 00:00:08
2019-01-13 14:53:03,525 - INFO - allennlp.training.trainer - Estimated training time remaining: 0:24:54
2019-01-13 14:53:03,525 - INFO - allennlp.training.trainer - Epoch 23/199
2019-01-13 14:53:03,525 - INFO - allennlp.training.trainer - Peak CPU memory usage MB: 3116.064
2019-01-13 14:53:03,618 - INFO - allennlp.training.trainer - GPU 0 memory usage MB: 20
2019-01-13 14:53:03,618 - INFO - allennlp.training.trainer - GPU 1 memory usage MB: 1577
2019-01-13 14:53:03,619 - INFO - allennlp.training.trainer - Training
2019-01-13 14:53:11,308 - INFO - allennlp.training.trainer - Validating
2019-01-13 14:53:11,853 - INFO - allennlp.training.trainer -              Training |  Validation
2019-01-13 14:53:11,854 - INFO - allennlp.training.trainer - loss     |     0.317  |     0.349
2019-01-13 14:53:11,854 - INFO - allennlp.training.trainer - accuracy |     0.876  |     0.863
2019-01-13 14:53:11,859 - INFO - allennlp.training.trainer - Epoch duration: 00:00:08
2019-01-13 14:53:11,859 - INFO - allennlp.training.trainer - Estimated training time remaining: 0:24:45
2019-01-13 14:53:11,859 - INFO - allennlp.training.trainer - Epoch 24/199
2019-01-13 14:53:11,859 - INFO - allennlp.training.trainer - Peak CPU memory usage MB: 3116.064
2019-01-13 14:53:11,952 - INFO - allennlp.training.trainer - GPU 0 memory usage MB: 20
2019-01-13 14:53:11,952 - INFO - allennlp.training.trainer - GPU 1 memory usage MB: 1577
2019-01-13 14:53:11,953 - INFO - allennlp.training.trainer - Training
2019-01-13 14:53:19,574 - INFO - allennlp.training.trainer - Validating
2019-01-13 14:53:20,116 - INFO - allennlp.training.trainer -              Training |  Validation
2019-01-13 14:53:20,117 - INFO - allennlp.training.trainer - loss     |     0.333  |     0.614
2019-01-13 14:53:20,117 - INFO - allennlp.training.trainer - accuracy |     0.870  |     0.799
2019-01-13 14:53:20,122 - INFO - allennlp.training.trainer - Epoch duration: 00:00:08
2019-01-13 14:53:20,122 - INFO - allennlp.training.trainer - Estimated training time remaining: 0:24:35
2019-01-13 14:53:20,123 - INFO - allennlp.training.trainer - Epoch 25/199
2019-01-13 14:53:20,123 - INFO - allennlp.training.trainer - Peak CPU memory usage MB: 3116.064
2019-01-13 14:53:20,216 - INFO - allennlp.training.trainer - GPU 0 memory usage MB: 20
2019-01-13 14:53:20,217 - INFO - allennlp.training.trainer - GPU 1 memory usage MB: 1577
2019-01-13 14:53:20,217 - INFO - allennlp.training.trainer - Training
2019-01-13 14:53:27,835 - INFO - allennlp.training.trainer - Validating
2019-01-13 14:53:28,378 - INFO - allennlp.training.trainer -              Training |  Validation
2019-01-13 14:53:28,379 - INFO - allennlp.training.trainer - loss     |     0.326  |     0.349
2019-01-13 14:53:28,379 - INFO - allennlp.training.trainer - accuracy |     0.873  |     0.864
2019-01-13 14:53:28,384 - INFO - allennlp.training.trainer - Epoch duration: 00:00:08
2019-01-13 14:53:28,384 - INFO - allennlp.training.trainer - Estimated training time remaining: 0:24:26
2019-01-13 14:53:28,384 - INFO - allennlp.training.trainer - Epoch 26/199
2019-01-13 14:53:28,384 - INFO - allennlp.training.trainer - Peak CPU memory usage MB: 3116.064
2019-01-13 14:53:28,478 - INFO - allennlp.training.trainer - GPU 0 memory usage MB: 20
2019-01-13 14:53:28,478 - INFO - allennlp.training.trainer - GPU 1 memory usage MB: 1577
2019-01-13 14:53:28,478 - INFO - allennlp.training.trainer - Training
2019-01-13 14:53:36,016 - INFO - allennlp.training.trainer - Validating
2019-01-13 14:53:36,558 - INFO - allennlp.training.trainer -              Training |  Validation
2019-01-13 14:53:36,559 - INFO - allennlp.training.trainer - loss     |     0.298  |     0.397
2019-01-13 14:53:36,559 - INFO - allennlp.training.trainer - accuracy |     0.882  |     0.849
2019-01-13 14:53:36,564 - INFO - allennlp.training.trainer - Epoch duration: 00:00:08
2019-01-13 14:53:36,565 - INFO - allennlp.training.trainer - Estimated training time remaining: 0:24:16
2019-01-13 14:53:36,565 - INFO - allennlp.training.trainer - Epoch 27/199
2019-01-13 14:53:36,565 - INFO - allennlp.training.trainer - Peak CPU memory usage MB: 3116.064
2019-01-13 14:53:36,658 - INFO - allennlp.training.trainer - GPU 0 memory usage MB: 20
2019-01-13 14:53:36,659 - INFO - allennlp.training.trainer - GPU 1 memory usage MB: 1577
2019-01-13 14:53:36,659 - INFO - allennlp.training.trainer - Training
2019-01-13 14:53:44,241 - INFO - allennlp.training.trainer - Validating
2019-01-13 14:53:44,785 - INFO - allennlp.training.trainer -              Training |  Validation
2019-01-13 14:53:44,786 - INFO - allennlp.training.trainer - loss     |     0.350  |     0.381
2019-01-13 14:53:44,786 - INFO - allennlp.training.trainer - accuracy |     0.867  |     0.857
2019-01-13 14:53:44,791 - INFO - allennlp.training.trainer - Epoch duration: 00:00:08
2019-01-13 14:53:44,791 - INFO - allennlp.training.trainer - Estimated training time remaining: 0:24:06
2019-01-13 14:53:44,791 - INFO - allennlp.training.trainer - Epoch 28/199
2019-01-13 14:53:44,791 - INFO - allennlp.training.trainer - Peak CPU memory usage MB: 3116.064
2019-01-13 14:53:44,884 - INFO - allennlp.training.trainer - GPU 0 memory usage MB: 20
2019-01-13 14:53:44,885 - INFO - allennlp.training.trainer - GPU 1 memory usage MB: 1577
2019-01-13 14:53:44,885 - INFO - allennlp.training.trainer - Training
2019-01-13 14:53:52,460 - INFO - allennlp.training.trainer - Validating
2019-01-13 14:53:53,003 - INFO - allennlp.training.trainer -              Training |  Validation
2019-01-13 14:53:53,004 - INFO - allennlp.training.trainer - loss     |     0.306  |     0.543
2019-01-13 14:53:53,004 - INFO - allennlp.training.trainer - accuracy |     0.879  |     0.814
2019-01-13 14:53:53,009 - INFO - allennlp.training.trainer - Epoch duration: 00:00:08
2019-01-13 14:53:53,010 - INFO - allennlp.training.trainer - Estimated training time remaining: 0:23:57
2019-01-13 14:53:53,010 - INFO - allennlp.training.trainer - Epoch 29/199
2019-01-13 14:53:53,010 - INFO - allennlp.training.trainer - Peak CPU memory usage MB: 3116.064
2019-01-13 14:53:53,103 - INFO - allennlp.training.trainer - GPU 0 memory usage MB: 20
2019-01-13 14:53:53,103 - INFO - allennlp.training.trainer - GPU 1 memory usage MB: 1577
2019-01-13 14:53:53,103 - INFO - allennlp.training.trainer - Training
2019-01-13 14:54:00,706 - INFO - allennlp.training.trainer - Validating
2019-01-13 14:54:01,249 - INFO - allennlp.training.trainer -              Training |  Validation
2019-01-13 14:54:01,250 - INFO - allennlp.training.trainer - loss     |     0.315  |     0.589
2019-01-13 14:54:01,250 - INFO - allennlp.training.trainer - accuracy |     0.878  |     0.806
2019-01-13 14:54:01,254 - INFO - allennlp.training.trainer - Epoch duration: 00:00:08
2019-01-13 14:54:01,255 - INFO - allennlp.training.trainer - Estimated training time remaining: 0:23:47
2019-01-13 14:54:01,255 - INFO - allennlp.training.trainer - Epoch 30/199
2019-01-13 14:54:01,255 - INFO - allennlp.training.trainer - Peak CPU memory usage MB: 3116.064
2019-01-13 14:54:01,348 - INFO - allennlp.training.trainer - GPU 0 memory usage MB: 20
2019-01-13 14:54:01,348 - INFO - allennlp.training.trainer - GPU 1 memory usage MB: 1577
2019-01-13 14:54:01,349 - INFO - allennlp.training.trainer - Training
2019-01-13 14:54:09,015 - INFO - allennlp.training.trainer - Validating
2019-01-13 14:54:09,558 - INFO - allennlp.training.trainer -              Training |  Validation
2019-01-13 14:54:09,560 - INFO - allennlp.training.trainer - loss     |     0.301  |     0.369
2019-01-13 14:54:09,560 - INFO - allennlp.training.trainer - accuracy |     0.880  |     0.860
2019-01-13 14:54:09,565 - INFO - allennlp.training.trainer - Epoch duration: 00:00:08
2019-01-13 14:54:09,565 - INFO - allennlp.training.trainer - Estimated training time remaining: 0:23:38
2019-01-13 14:54:09,565 - INFO - allennlp.training.trainer - Epoch 31/199
2019-01-13 14:54:09,565 - INFO - allennlp.training.trainer - Peak CPU memory usage MB: 3116.064
2019-01-13 14:54:09,656 - INFO - allennlp.training.trainer - GPU 0 memory usage MB: 20
2019-01-13 14:54:09,657 - INFO - allennlp.training.trainer - GPU 1 memory usage MB: 1577
2019-01-13 14:54:09,657 - INFO - allennlp.training.trainer - Training
2019-01-13 14:54:17,308 - INFO - allennlp.training.trainer - Validating
2019-01-13 14:54:17,853 - INFO - allennlp.training.trainer -              Training |  Validation
2019-01-13 14:54:17,854 - INFO - allennlp.training.trainer - loss     |     0.291  |     0.373
2019-01-13 14:54:17,854 - INFO - allennlp.training.trainer - accuracy |     0.883  |     0.855
2019-01-13 14:54:17,859 - INFO - allennlp.training.trainer - Epoch duration: 00:00:08
2019-01-13 14:54:17,859 - INFO - allennlp.training.trainer - Estimated training time remaining: 0:23:29
2019-01-13 14:54:17,859 - INFO - allennlp.training.trainer - Epoch 32/199
2019-01-13 14:54:17,859 - INFO - allennlp.training.trainer - Peak CPU memory usage MB: 3116.064
2019-01-13 14:54:17,953 - INFO - allennlp.training.trainer - GPU 0 memory usage MB: 20
2019-01-13 14:54:17,954 - INFO - allennlp.training.trainer - GPU 1 memory usage MB: 1577
2019-01-13 14:54:17,954 - INFO - allennlp.training.trainer - Training
2019-01-13 14:54:25,610 - INFO - allennlp.training.trainer - Validating
2019-01-13 14:54:26,153 - INFO - allennlp.training.trainer -              Training |  Validation
2019-01-13 14:54:26,154 - INFO - allennlp.training.trainer - loss     |     0.293  |     0.381
2019-01-13 14:54:26,154 - INFO - allennlp.training.trainer - accuracy |     0.883  |     0.853
2019-01-13 14:54:26,159 - INFO - allennlp.training.trainer - Epoch duration: 00:00:08
2019-01-13 14:54:26,159 - INFO - allennlp.training.trainer - Estimated training time remaining: 0:23:21
2019-01-13 14:54:26,159 - INFO - allennlp.training.trainer - Epoch 33/199
2019-01-13 14:54:26,159 - INFO - allennlp.training.trainer - Peak CPU memory usage MB: 3116.064
2019-01-13 14:54:26,250 - INFO - allennlp.training.trainer - GPU 0 memory usage MB: 20
2019-01-13 14:54:26,251 - INFO - allennlp.training.trainer - GPU 1 memory usage MB: 1577
2019-01-13 14:54:26,251 - INFO - allennlp.training.trainer - Training
2019-01-13 14:54:33,824 - INFO - allennlp.training.trainer - Validating
2019-01-13 14:54:34,371 - INFO - allennlp.training.trainer -              Training |  Validation
2019-01-13 14:54:34,371 - INFO - allennlp.training.trainer - loss     |     0.304  |     0.423
2019-01-13 14:54:34,372 - INFO - allennlp.training.trainer - accuracy |     0.880  |     0.845
2019-01-13 14:54:34,377 - INFO - allennlp.training.trainer - Epoch duration: 00:00:08
2019-01-13 14:54:34,377 - INFO - allennlp.training.trainer - Estimated training time remaining: 0:23:11
2019-01-13 14:54:34,377 - INFO - allennlp.training.trainer - Epoch 34/199
2019-01-13 14:54:34,377 - INFO - allennlp.training.trainer - Peak CPU memory usage MB: 3116.064
2019-01-13 14:54:34,470 - INFO - allennlp.training.trainer - GPU 0 memory usage MB: 20
2019-01-13 14:54:34,471 - INFO - allennlp.training.trainer - GPU 1 memory usage MB: 1577
2019-01-13 14:54:34,471 - INFO - allennlp.training.trainer - Training
2019-01-13 14:54:42,058 - INFO - allennlp.training.trainer - Validating
2019-01-13 14:54:42,602 - INFO - allennlp.training.trainer - Ran out of patience.  Stopping training.
2019-01-13 14:54:42,602 - INFO - allennlp.models.archival - archiving weights and vocabulary to experiments/supervised/boe_trials/results/boe3/model.tar.gz
2019-01-13 14:54:42,691 - INFO - allennlp.commands.train - Loading the best epoch weights.
2019-01-13 14:54:42,693 - INFO - allennlp.common.util - Metrics: {
  "training_duration": "00:04:45",
  "training_start_epoch": 0,
  "training_epochs": 33,
  "epoch": 33,
  "training_accuracy": 0.8796,
  "training_loss": 0.3036021003127098,
  "validation_accuracy": 0.8446,
  "validation_loss": 0.42342134833335876,
  "best_epoch": 14,
  "best_validation_accuracy": 0.8676,
  "best_validation_loss": 0.33961991280317305
}
