2019-01-11 15:26:00,881 - INFO - allennlp.common.from_params - instantiating class <class 'allennlp.data.dataset_readers.dataset_reader.DatasetReader'> from params {'type': 'document_reader'} and extras {}
2019-01-11 15:26:00,881 - INFO - allennlp.common.params - dataset_reader.type = document_reader
2019-01-11 15:26:00,881 - INFO - allennlp.common.from_params - instantiating class <class 'library.dataset_readers.document_reader.DocumentReader'> from params {} and extras {}
2019-01-11 15:26:00,882 - INFO - allennlp.common.params - dataset_reader.lazy = False
2019-01-11 15:26:00,882 - INFO - allennlp.common.params - dataset_reader.token_indexers = <allennlp.common.params.Params object at 0x7fc5a0215c18>
2019-01-11 15:26:00,882 - INFO - allennlp.common.params - dataset_reader.use_stopless_tokens = True
2019-01-11 15:26:01,174 - INFO - allennlp.common.params - validation_dataset_reader = None
2019-01-11 15:26:01,174 - INFO - allennlp.common.params - train_data_path = /data/dangt7/IMDB/train_labelled.filtered.jsonl
2019-01-11 15:26:01,174 - INFO - allennlp.commands.train - Reading training data from /data/dangt7/IMDB/train_labelled.filtered.jsonl
2019-01-11 15:26:01,175 - INFO - library.dataset_readers.document_reader - Reading instances from lines in file: /data/dangt7/IMDB/train_labelled.filtered.jsonl
2019-01-11 15:27:03,031 - INFO - allennlp.common.params - validation_data_path = /data/dangt7/IMDB/valid.filtered.jsonl
2019-01-11 15:27:03,031 - INFO - allennlp.commands.train - Reading validation data from /data/dangt7/IMDB/valid.filtered.jsonl
2019-01-11 15:27:03,031 - INFO - library.dataset_readers.document_reader - Reading instances from lines in file: /data/dangt7/IMDB/valid.filtered.jsonl
2019-01-11 15:27:18,365 - INFO - allennlp.common.params - test_data_path = None
2019-01-11 15:27:18,365 - INFO - allennlp.commands.train - From dataset instances, train, validation will be considered for vocabulary creation.
2019-01-11 15:27:18,365 - INFO - allennlp.common.params - vocabulary.type = None
2019-01-11 15:27:18,365 - INFO - allennlp.common.params - vocabulary.extend = False
2019-01-11 15:27:18,365 - INFO - allennlp.common.params - vocabulary.directory_path = None
2019-01-11 15:27:18,365 - INFO - allennlp.common.params - vocabulary.min_count = None
2019-01-11 15:27:18,365 - INFO - allennlp.common.params - vocabulary.max_vocab_size = 10000
2019-01-11 15:27:18,365 - INFO - allennlp.common.params - vocabulary.non_padded_namespaces = ('*tags', '*labels')
2019-01-11 15:27:18,365 - INFO - allennlp.common.params - vocabulary.min_pretrained_embeddings = None
2019-01-11 15:27:18,365 - INFO - allennlp.common.params - vocabulary.only_include_pretrained_words = False
2019-01-11 15:27:18,365 - INFO - allennlp.common.params - vocabulary.tokens_to_add = None
2019-01-11 15:27:18,365 - INFO - allennlp.data.vocabulary - Fitting token dictionary from dataset.
2019-01-11 15:27:22,040 - INFO - allennlp.common.from_params - instantiating class <class 'allennlp.models.model.Model'> from params {'classification_layer': {'activations': ['linear'], 'hidden_dims': [2], 'input_dim': 300, 'num_layers': 1}, 'encoder': {'embedding_dim': 300, 'num_filters': 32, 'output_dim': 300, 'type': 'cnn'}, 'text_field_embedder': {'tokens': {'embedding_dim': 300, 'pretrained_file': '/data/dangt7/glove/glove.6B.300d.txt', 'trainable': True, 'type': 'embedding', 'vocab_namespace': 'tokens'}}, 'type': 'seq2vec_classifier'} and extras {'vocab': <allennlp.data.vocabulary.Vocabulary object at 0x7fc5a0215c18>}
2019-01-11 15:27:22,040 - INFO - allennlp.common.params - model.type = seq2vec_classifier
2019-01-11 15:27:22,040 - INFO - allennlp.common.from_params - instantiating class <class 'library.models.baselines.Seq2VecClassifier'> from params {'classification_layer': {'activations': ['linear'], 'hidden_dims': [2], 'input_dim': 300, 'num_layers': 1}, 'encoder': {'embedding_dim': 300, 'num_filters': 32, 'output_dim': 300, 'type': 'cnn'}, 'text_field_embedder': {'tokens': {'embedding_dim': 300, 'pretrained_file': '/data/dangt7/glove/glove.6B.300d.txt', 'trainable': True, 'type': 'embedding', 'vocab_namespace': 'tokens'}}} and extras {'vocab': <allennlp.data.vocabulary.Vocabulary object at 0x7fc5a0215c18>}
2019-01-11 15:27:22,040 - INFO - allennlp.common.from_params - instantiating class <class 'allennlp.modules.seq2vec_encoders.seq2vec_encoder.Seq2VecEncoder'> from params {'embedding_dim': 300, 'num_filters': 32, 'output_dim': 300, 'type': 'cnn'} and extras {'vocab': <allennlp.data.vocabulary.Vocabulary object at 0x7fc5a0215c18>}
2019-01-11 15:27:22,040 - INFO - allennlp.common.params - model.encoder.type = cnn
2019-01-11 15:27:22,040 - INFO - allennlp.common.from_params - instantiating class <class 'allennlp.modules.seq2vec_encoders.cnn_encoder.CnnEncoder'> from params {'embedding_dim': 300, 'num_filters': 32, 'output_dim': 300} and extras {'vocab': <allennlp.data.vocabulary.Vocabulary object at 0x7fc5a0215c18>}
2019-01-11 15:27:22,041 - INFO - allennlp.common.params - model.encoder.embedding_dim = 300
2019-01-11 15:27:22,041 - INFO - allennlp.common.params - model.encoder.num_filters = 32
2019-01-11 15:27:22,041 - INFO - allennlp.common.params - model.encoder.ngram_filter_sizes = (2, 3, 4, 5)
2019-01-11 15:27:22,041 - INFO - allennlp.common.params - model.encoder.output_dim = 300
2019-01-11 15:27:22,041 - INFO - allennlp.common.registrable - instantiating registered subclass relu of <class 'allennlp.nn.activations.Activation'>
2019-01-11 15:27:22,043 - INFO - allennlp.common.params - model.classification_layer.input_dim = 300
2019-01-11 15:27:22,043 - INFO - allennlp.common.params - model.classification_layer.num_layers = 1
2019-01-11 15:27:22,043 - INFO - allennlp.common.params - model.classification_layer.hidden_dims = [2]
2019-01-11 15:27:22,043 - INFO - allennlp.common.params - model.classification_layer.activations = ['linear']
2019-01-11 15:27:22,043 - INFO - allennlp.common.params - model.classification_layer.dropout = 0.0
2019-01-11 15:27:22,043 - INFO - allennlp.common.registrable - instantiating registered subclass linear of <class 'allennlp.nn.activations.Activation'>
2019-01-11 15:27:22,043 - INFO - allennlp.common.from_params - instantiating class <class 'allennlp.modules.text_field_embedders.text_field_embedder.TextFieldEmbedder'> from params {'tokens': {'embedding_dim': 300, 'pretrained_file': '/data/dangt7/glove/glove.6B.300d.txt', 'trainable': True, 'type': 'embedding', 'vocab_namespace': 'tokens'}} and extras {'vocab': <allennlp.data.vocabulary.Vocabulary object at 0x7fc5a0215c18>}
2019-01-11 15:27:22,044 - INFO - allennlp.common.params - model.text_field_embedder.type = basic
2019-01-11 15:27:22,044 - INFO - allennlp.common.params - model.text_field_embedder.embedder_to_indexer_map = None
2019-01-11 15:27:22,044 - INFO - allennlp.common.params - model.text_field_embedder.allow_unmatched_keys = False
2019-01-11 15:27:22,044 - INFO - allennlp.common.params - model.text_field_embedder.token_embedders = None
2019-01-11 15:27:22,044 - INFO - allennlp.common.from_params - instantiating class <class 'allennlp.modules.token_embedders.token_embedder.TokenEmbedder'> from params {'embedding_dim': 300, 'pretrained_file': '/data/dangt7/glove/glove.6B.300d.txt', 'trainable': True, 'type': 'embedding', 'vocab_namespace': 'tokens'} and extras {'vocab': <allennlp.data.vocabulary.Vocabulary object at 0x7fc5a0215c18>}
2019-01-11 15:27:22,044 - INFO - allennlp.common.params - model.text_field_embedder.tokens.type = embedding
2019-01-11 15:27:22,044 - INFO - allennlp.common.params - model.text_field_embedder.tokens.num_embeddings = None
2019-01-11 15:27:22,044 - INFO - allennlp.common.params - model.text_field_embedder.tokens.vocab_namespace = tokens
2019-01-11 15:27:22,044 - INFO - allennlp.common.params - model.text_field_embedder.tokens.embedding_dim = 300
2019-01-11 15:27:22,044 - INFO - allennlp.common.params - model.text_field_embedder.tokens.pretrained_file = /data/dangt7/glove/glove.6B.300d.txt
2019-01-11 15:27:22,044 - INFO - allennlp.common.params - model.text_field_embedder.tokens.projection_dim = None
2019-01-11 15:27:22,044 - INFO - allennlp.common.params - model.text_field_embedder.tokens.trainable = True
2019-01-11 15:27:22,044 - INFO - allennlp.common.params - model.text_field_embedder.tokens.padding_index = None
2019-01-11 15:27:22,044 - INFO - allennlp.common.params - model.text_field_embedder.tokens.max_norm = None
2019-01-11 15:27:22,044 - INFO - allennlp.common.params - model.text_field_embedder.tokens.norm_type = 2.0
2019-01-11 15:27:22,044 - INFO - allennlp.common.params - model.text_field_embedder.tokens.scale_grad_by_freq = False
2019-01-11 15:27:22,044 - INFO - allennlp.common.params - model.text_field_embedder.tokens.sparse = False
2019-01-11 15:27:22,045 - INFO - allennlp.modules.token_embedders.embedding - Reading pretrained embeddings from file
2019-01-11 15:27:23,702 - INFO - allennlp.modules.token_embedders.embedding - Initializing pre-trained embedding layer
2019-01-11 15:27:23,780 - INFO - allennlp.modules.token_embedders.embedding - Pretrained embeddings were found for 9962 out of 10002 tokens
2019-01-11 15:27:23,782 - INFO - allennlp.nn.initializers - Initializing parameters
2019-01-11 15:27:23,782 - INFO - allennlp.nn.initializers - Done initializing parameters; the following parameters are using their default initialization from their code
2019-01-11 15:27:23,782 - INFO - allennlp.nn.initializers -    classification_layer._linear_layers.0.bias
2019-01-11 15:27:23,782 - INFO - allennlp.nn.initializers -    classification_layer._linear_layers.0.weight
2019-01-11 15:27:23,782 - INFO - allennlp.nn.initializers -    encoder.conv_layer_0.bias
2019-01-11 15:27:23,782 - INFO - allennlp.nn.initializers -    encoder.conv_layer_0.weight
2019-01-11 15:27:23,782 - INFO - allennlp.nn.initializers -    encoder.conv_layer_1.bias
2019-01-11 15:27:23,782 - INFO - allennlp.nn.initializers -    encoder.conv_layer_1.weight
2019-01-11 15:27:23,782 - INFO - allennlp.nn.initializers -    encoder.conv_layer_2.bias
2019-01-11 15:27:23,782 - INFO - allennlp.nn.initializers -    encoder.conv_layer_2.weight
2019-01-11 15:27:23,782 - INFO - allennlp.nn.initializers -    encoder.conv_layer_3.bias
2019-01-11 15:27:23,782 - INFO - allennlp.nn.initializers -    encoder.conv_layer_3.weight
2019-01-11 15:27:23,782 - INFO - allennlp.nn.initializers -    encoder.projection_layer.bias
2019-01-11 15:27:23,782 - INFO - allennlp.nn.initializers -    encoder.projection_layer.weight
2019-01-11 15:27:23,782 - INFO - allennlp.nn.initializers -    text_field_embedder.token_embedder_tokens.weight
2019-01-11 15:27:23,800 - INFO - allennlp.common.from_params - instantiating class <class 'allennlp.data.iterators.data_iterator.DataIterator'> from params {'batch_size': 100, 'type': 'basic'} and extras {}
2019-01-11 15:27:23,800 - INFO - allennlp.common.params - iterator.type = basic
2019-01-11 15:27:23,800 - INFO - allennlp.common.from_params - instantiating class <class 'allennlp.data.iterators.basic_iterator.BasicIterator'> from params {'batch_size': 100} and extras {}
2019-01-11 15:27:23,801 - INFO - allennlp.common.params - iterator.batch_size = 100
2019-01-11 15:27:23,801 - INFO - allennlp.common.params - iterator.instances_per_epoch = None
2019-01-11 15:27:23,801 - INFO - allennlp.common.params - iterator.max_instances_in_memory = None
2019-01-11 15:27:23,801 - INFO - allennlp.common.params - iterator.cache_instances = False
2019-01-11 15:27:23,801 - INFO - allennlp.common.params - iterator.track_epoch = False
2019-01-11 15:27:23,801 - INFO - allennlp.common.params - iterator.maximum_samples_per_batch = None
2019-01-11 15:27:23,801 - INFO - allennlp.common.params - validation_iterator = None
2019-01-11 15:27:23,801 - INFO - allennlp.common.params - trainer.no_grad = ()
2019-01-11 15:27:23,801 - INFO - allennlp.commands.train - Following parameters are Frozen  (without gradient):
2019-01-11 15:27:23,801 - INFO - allennlp.commands.train - Following parameters are Tunable (with gradient):
2019-01-11 15:27:23,801 - INFO - allennlp.commands.train - encoder.conv_layer_0.weight
2019-01-11 15:27:23,801 - INFO - allennlp.commands.train - encoder.conv_layer_0.bias
2019-01-11 15:27:23,801 - INFO - allennlp.commands.train - encoder.conv_layer_1.weight
2019-01-11 15:27:23,801 - INFO - allennlp.commands.train - encoder.conv_layer_1.bias
2019-01-11 15:27:23,801 - INFO - allennlp.commands.train - encoder.conv_layer_2.weight
2019-01-11 15:27:23,801 - INFO - allennlp.commands.train - encoder.conv_layer_2.bias
2019-01-11 15:27:23,801 - INFO - allennlp.commands.train - encoder.conv_layer_3.weight
2019-01-11 15:27:23,801 - INFO - allennlp.commands.train - encoder.conv_layer_3.bias
2019-01-11 15:27:23,802 - INFO - allennlp.commands.train - encoder.projection_layer.weight
2019-01-11 15:27:23,802 - INFO - allennlp.commands.train - encoder.projection_layer.bias
2019-01-11 15:27:23,802 - INFO - allennlp.commands.train - classification_layer._linear_layers.0.weight
2019-01-11 15:27:23,802 - INFO - allennlp.commands.train - classification_layer._linear_layers.0.bias
2019-01-11 15:27:23,802 - INFO - allennlp.commands.train - text_field_embedder.token_embedder_tokens.weight
2019-01-11 15:27:23,802 - INFO - allennlp.common.params - trainer.patience = 20
2019-01-11 15:27:23,802 - INFO - allennlp.common.params - trainer.validation_metric = +accuracy
2019-01-11 15:27:23,802 - INFO - allennlp.common.params - trainer.shuffle = True
2019-01-11 15:27:23,802 - INFO - allennlp.common.params - trainer.num_epochs = 200
2019-01-11 15:27:23,802 - INFO - allennlp.common.params - trainer.cuda_device = 0
2019-01-11 15:27:23,802 - INFO - allennlp.common.params - trainer.grad_norm = None
2019-01-11 15:27:23,802 - INFO - allennlp.common.params - trainer.grad_clipping = None
2019-01-11 15:27:23,802 - INFO - allennlp.common.params - trainer.learning_rate_scheduler = None
2019-01-11 15:27:25,647 - INFO - allennlp.common.params - trainer.optimizer.type = adam
2019-01-11 15:27:25,647 - INFO - allennlp.common.params - trainer.optimizer.parameter_groups = None
2019-01-11 15:27:25,647 - INFO - allennlp.training.optimizers - Number of trainable parameters: 3174430
2019-01-11 15:27:25,647 - INFO - allennlp.common.registrable - instantiating registered subclass adam of <class 'allennlp.training.optimizers.Optimizer'>
2019-01-11 15:27:25,647 - INFO - allennlp.common.params - Converting Params object to dict; logging of default values will not occur when dictionary parameters are used subsequently.
2019-01-11 15:27:25,647 - INFO - allennlp.common.params - CURRENTLY DEFINED PARAMETERS: 
2019-01-11 15:27:25,647 - INFO - allennlp.common.params - trainer.optimizer.lr = 0.001
2019-01-11 15:27:25,647 - INFO - allennlp.common.params - trainer.optimizer.weight_decay = 0.001
2019-01-11 15:27:25,647 - INFO - allennlp.common.params - trainer.num_serialized_models_to_keep = 20
2019-01-11 15:27:25,647 - INFO - allennlp.common.params - trainer.keep_serialized_model_every_num_seconds = None
2019-01-11 15:27:25,648 - INFO - allennlp.common.params - trainer.model_save_interval = None
2019-01-11 15:27:25,648 - INFO - allennlp.common.params - trainer.summary_interval = 100
2019-01-11 15:27:25,648 - INFO - allennlp.common.params - trainer.histogram_interval = None
2019-01-11 15:27:25,648 - INFO - allennlp.common.params - trainer.should_log_parameter_statistics = True
2019-01-11 15:27:25,648 - INFO - allennlp.common.params - trainer.should_log_learning_rate = False
2019-01-11 15:27:25,649 - INFO - allennlp.common.params - evaluate_on_test = False
2019-01-11 15:27:25,649 - INFO - allennlp.training.trainer - Beginning training.
2019-01-11 15:27:25,649 - INFO - allennlp.training.trainer - Epoch 0/199
2019-01-11 15:27:25,649 - INFO - allennlp.training.trainer - Peak CPU memory usage MB: 3008.276
2019-01-11 15:27:25,747 - INFO - allennlp.training.trainer - GPU 0 memory usage MB: 20
2019-01-11 15:27:25,747 - INFO - allennlp.training.trainer - GPU 1 memory usage MB: 545
2019-01-11 15:27:25,748 - INFO - allennlp.training.trainer - Training
2019-01-11 15:27:41,015 - INFO - allennlp.training.trainer - Validating
2019-01-11 15:27:42,672 - INFO - allennlp.training.trainer -              Training |  Validation
2019-01-11 15:27:42,673 - INFO - allennlp.training.trainer - loss     |     0.400  |     0.307
2019-01-11 15:27:42,673 - INFO - allennlp.training.trainer - accuracy |     0.809  |     0.871
2019-01-11 15:27:42,727 - INFO - allennlp.training.trainer - Best validation performance so far. Copying weights to 'experiments/supervised/cnn_trials/results/cnn4/best.th'.
2019-01-11 15:27:42,734 - INFO - allennlp.training.trainer - Epoch duration: 00:00:17
2019-01-11 15:27:42,734 - INFO - allennlp.training.trainer - Estimated training time remaining: 0:56:39
2019-01-11 15:27:42,734 - INFO - allennlp.training.trainer - Epoch 1/199
2019-01-11 15:27:42,734 - INFO - allennlp.training.trainer - Peak CPU memory usage MB: 3127.1
2019-01-11 15:27:42,833 - INFO - allennlp.training.trainer - GPU 0 memory usage MB: 20
2019-01-11 15:27:42,833 - INFO - allennlp.training.trainer - GPU 1 memory usage MB: 4033
2019-01-11 15:27:42,833 - INFO - allennlp.training.trainer - Training
2019-01-11 15:27:54,161 - INFO - allennlp.training.trainer - Validating
2019-01-11 15:27:54,951 - INFO - allennlp.training.trainer -              Training |  Validation
2019-01-11 15:27:54,952 - INFO - allennlp.training.trainer - loss     |     0.256  |     0.297
2019-01-11 15:27:54,952 - INFO - allennlp.training.trainer - accuracy |     0.896  |     0.874
2019-01-11 15:27:54,970 - INFO - allennlp.training.trainer - Best validation performance so far. Copying weights to 'experiments/supervised/cnn_trials/results/cnn4/best.th'.
2019-01-11 15:27:54,979 - INFO - allennlp.training.trainer - Epoch duration: 00:00:12
2019-01-11 15:27:54,979 - INFO - allennlp.training.trainer - Estimated training time remaining: 0:48:23
2019-01-11 15:27:54,979 - INFO - allennlp.training.trainer - Epoch 2/199
2019-01-11 15:27:54,979 - INFO - allennlp.training.trainer - Peak CPU memory usage MB: 3127.1
2019-01-11 15:27:55,082 - INFO - allennlp.training.trainer - GPU 0 memory usage MB: 20
2019-01-11 15:27:55,083 - INFO - allennlp.training.trainer - GPU 1 memory usage MB: 4033
2019-01-11 15:27:55,083 - INFO - allennlp.training.trainer - Training
2019-01-11 15:28:06,271 - INFO - allennlp.training.trainer - Validating
2019-01-11 15:28:07,062 - INFO - allennlp.training.trainer -              Training |  Validation
2019-01-11 15:28:07,062 - INFO - allennlp.training.trainer - loss     |     0.186  |     0.293
2019-01-11 15:28:07,062 - INFO - allennlp.training.trainer - accuracy |     0.928  |     0.882
2019-01-11 15:28:07,080 - INFO - allennlp.training.trainer - Best validation performance so far. Copying weights to 'experiments/supervised/cnn_trials/results/cnn4/best.th'.
2019-01-11 15:28:07,089 - INFO - allennlp.training.trainer - Epoch duration: 00:00:12
2019-01-11 15:28:07,089 - INFO - allennlp.training.trainer - Estimated training time remaining: 0:45:21
2019-01-11 15:28:07,089 - INFO - allennlp.training.trainer - Epoch 3/199
2019-01-11 15:28:07,089 - INFO - allennlp.training.trainer - Peak CPU memory usage MB: 3127.1
2019-01-11 15:28:07,190 - INFO - allennlp.training.trainer - GPU 0 memory usage MB: 20
2019-01-11 15:28:07,190 - INFO - allennlp.training.trainer - GPU 1 memory usage MB: 4033
2019-01-11 15:28:07,191 - INFO - allennlp.training.trainer - Training
2019-01-11 15:28:18,245 - INFO - allennlp.training.trainer - Validating
2019-01-11 15:28:19,032 - INFO - allennlp.training.trainer -              Training |  Validation
2019-01-11 15:28:19,033 - INFO - allennlp.training.trainer - loss     |     0.122  |     0.336
2019-01-11 15:28:19,033 - INFO - allennlp.training.trainer - accuracy |     0.959  |     0.871
2019-01-11 15:28:19,052 - INFO - allennlp.training.trainer - Epoch duration: 00:00:11
2019-01-11 15:28:19,053 - INFO - allennlp.training.trainer - Estimated training time remaining: 0:43:36
2019-01-11 15:28:19,053 - INFO - allennlp.training.trainer - Epoch 4/199
2019-01-11 15:28:19,053 - INFO - allennlp.training.trainer - Peak CPU memory usage MB: 3127.1
2019-01-11 15:28:19,154 - INFO - allennlp.training.trainer - GPU 0 memory usage MB: 20
2019-01-11 15:28:19,154 - INFO - allennlp.training.trainer - GPU 1 memory usage MB: 4033
2019-01-11 15:28:19,155 - INFO - allennlp.training.trainer - Training
2019-01-11 15:28:30,296 - INFO - allennlp.training.trainer - Validating
2019-01-11 15:28:31,105 - INFO - allennlp.training.trainer -              Training |  Validation
2019-01-11 15:28:31,105 - INFO - allennlp.training.trainer - loss     |     0.089  |     0.342
2019-01-11 15:28:31,105 - INFO - allennlp.training.trainer - accuracy |     0.971  |     0.874
2019-01-11 15:28:31,123 - INFO - allennlp.training.trainer - Epoch duration: 00:00:12
2019-01-11 15:28:31,124 - INFO - allennlp.training.trainer - Estimated training time remaining: 0:42:33
2019-01-11 15:28:31,124 - INFO - allennlp.training.trainer - Epoch 5/199
2019-01-11 15:28:31,124 - INFO - allennlp.training.trainer - Peak CPU memory usage MB: 3127.1
2019-01-11 15:28:31,222 - INFO - allennlp.training.trainer - GPU 0 memory usage MB: 20
2019-01-11 15:28:31,222 - INFO - allennlp.training.trainer - GPU 1 memory usage MB: 4033
2019-01-11 15:28:31,222 - INFO - allennlp.training.trainer - Training
2019-01-11 15:28:42,328 - INFO - allennlp.training.trainer - Validating
2019-01-11 15:28:43,120 - INFO - allennlp.training.trainer -              Training |  Validation
2019-01-11 15:28:43,120 - INFO - allennlp.training.trainer - loss     |     0.090  |     0.344
2019-01-11 15:28:43,120 - INFO - allennlp.training.trainer - accuracy |     0.967  |     0.881
2019-01-11 15:28:43,137 - INFO - allennlp.training.trainer - Epoch duration: 00:00:12
2019-01-11 15:28:43,138 - INFO - allennlp.training.trainer - Estimated training time remaining: 0:41:45
2019-01-11 15:28:43,138 - INFO - allennlp.training.trainer - Epoch 6/199
2019-01-11 15:28:43,138 - INFO - allennlp.training.trainer - Peak CPU memory usage MB: 3127.1
2019-01-11 15:28:43,236 - INFO - allennlp.training.trainer - GPU 0 memory usage MB: 20
2019-01-11 15:28:43,236 - INFO - allennlp.training.trainer - GPU 1 memory usage MB: 4033
2019-01-11 15:28:43,237 - INFO - allennlp.training.trainer - Training
2019-01-11 15:28:54,552 - INFO - allennlp.training.trainer - Validating
2019-01-11 15:28:55,344 - INFO - allennlp.training.trainer -              Training |  Validation
2019-01-11 15:28:55,344 - INFO - allennlp.training.trainer - loss     |     0.082  |     0.350
2019-01-11 15:28:55,344 - INFO - allennlp.training.trainer - accuracy |     0.970  |     0.873
2019-01-11 15:28:55,364 - INFO - allennlp.training.trainer - Epoch duration: 00:00:12
2019-01-11 15:28:55,364 - INFO - allennlp.training.trainer - Estimated training time remaining: 0:41:13
2019-01-11 15:28:55,364 - INFO - allennlp.training.trainer - Epoch 7/199
2019-01-11 15:28:55,364 - INFO - allennlp.training.trainer - Peak CPU memory usage MB: 3127.1
2019-01-11 15:28:55,471 - INFO - allennlp.training.trainer - GPU 0 memory usage MB: 20
2019-01-11 15:28:55,471 - INFO - allennlp.training.trainer - GPU 1 memory usage MB: 4033
2019-01-11 15:28:55,471 - INFO - allennlp.training.trainer - Training
2019-01-11 15:29:06,711 - INFO - allennlp.training.trainer - Validating
2019-01-11 15:29:07,500 - INFO - allennlp.training.trainer -              Training |  Validation
2019-01-11 15:29:07,501 - INFO - allennlp.training.trainer - loss     |     0.060  |     0.371
2019-01-11 15:29:07,501 - INFO - allennlp.training.trainer - accuracy |     0.981  |     0.875
2019-01-11 15:29:07,518 - INFO - allennlp.training.trainer - Epoch duration: 00:00:12
2019-01-11 15:29:07,519 - INFO - allennlp.training.trainer - Estimated training time remaining: 0:40:44
2019-01-11 15:29:07,519 - INFO - allennlp.training.trainer - Epoch 8/199
2019-01-11 15:29:07,519 - INFO - allennlp.training.trainer - Peak CPU memory usage MB: 3127.1
2019-01-11 15:29:07,617 - INFO - allennlp.training.trainer - GPU 0 memory usage MB: 20
2019-01-11 15:29:07,617 - INFO - allennlp.training.trainer - GPU 1 memory usage MB: 4033
2019-01-11 15:29:07,618 - INFO - allennlp.training.trainer - Training
2019-01-11 15:29:18,849 - INFO - allennlp.training.trainer - Validating
2019-01-11 15:29:19,638 - INFO - allennlp.training.trainer -              Training |  Validation
2019-01-11 15:29:19,638 - INFO - allennlp.training.trainer - loss     |     0.055  |     0.381
2019-01-11 15:29:19,639 - INFO - allennlp.training.trainer - accuracy |     0.983  |     0.867
2019-01-11 15:29:19,657 - INFO - allennlp.training.trainer - Epoch duration: 00:00:12
2019-01-11 15:29:19,657 - INFO - allennlp.training.trainer - Estimated training time remaining: 0:40:19
2019-01-11 15:29:19,657 - INFO - allennlp.training.trainer - Epoch 9/199
2019-01-11 15:29:19,657 - INFO - allennlp.training.trainer - Peak CPU memory usage MB: 3127.1
2019-01-11 15:29:19,759 - INFO - allennlp.training.trainer - GPU 0 memory usage MB: 20
2019-01-11 15:29:19,759 - INFO - allennlp.training.trainer - GPU 1 memory usage MB: 4033
2019-01-11 15:29:19,760 - INFO - allennlp.training.trainer - Training
2019-01-11 15:29:30,888 - INFO - allennlp.training.trainer - Validating
2019-01-11 15:29:31,676 - INFO - allennlp.training.trainer -              Training |  Validation
2019-01-11 15:29:31,677 - INFO - allennlp.training.trainer - loss     |     0.066  |     0.374
2019-01-11 15:29:31,677 - INFO - allennlp.training.trainer - accuracy |     0.978  |     0.870
2019-01-11 15:29:31,696 - INFO - allennlp.training.trainer - Epoch duration: 00:00:12
2019-01-11 15:29:31,696 - INFO - allennlp.training.trainer - Estimated training time remaining: 0:39:54
2019-01-11 15:29:31,696 - INFO - allennlp.training.trainer - Epoch 10/199
2019-01-11 15:29:31,696 - INFO - allennlp.training.trainer - Peak CPU memory usage MB: 3127.1
2019-01-11 15:29:31,795 - INFO - allennlp.training.trainer - GPU 0 memory usage MB: 20
2019-01-11 15:29:31,795 - INFO - allennlp.training.trainer - GPU 1 memory usage MB: 4033
2019-01-11 15:29:31,796 - INFO - allennlp.training.trainer - Training
2019-01-11 15:29:42,945 - INFO - allennlp.training.trainer - Validating
2019-01-11 15:29:43,733 - INFO - allennlp.training.trainer -              Training |  Validation
2019-01-11 15:29:43,733 - INFO - allennlp.training.trainer - loss     |     0.068  |     0.368
2019-01-11 15:29:43,733 - INFO - allennlp.training.trainer - accuracy |     0.977  |     0.867
2019-01-11 15:29:43,752 - INFO - allennlp.training.trainer - Epoch duration: 00:00:12
2019-01-11 15:29:43,752 - INFO - allennlp.training.trainer - Estimated training time remaining: 0:39:32
2019-01-11 15:29:43,752 - INFO - allennlp.training.trainer - Epoch 11/199
2019-01-11 15:29:43,752 - INFO - allennlp.training.trainer - Peak CPU memory usage MB: 3127.1
2019-01-11 15:29:43,854 - INFO - allennlp.training.trainer - GPU 0 memory usage MB: 20
2019-01-11 15:29:43,854 - INFO - allennlp.training.trainer - GPU 1 memory usage MB: 4033
2019-01-11 15:29:43,855 - INFO - allennlp.training.trainer - Training
2019-01-11 15:29:55,082 - INFO - allennlp.training.trainer - Validating
2019-01-11 15:29:55,873 - INFO - allennlp.training.trainer -              Training |  Validation
2019-01-11 15:29:55,874 - INFO - allennlp.training.trainer - loss     |     0.049  |     0.426
2019-01-11 15:29:55,874 - INFO - allennlp.training.trainer - accuracy |     0.984  |     0.863
2019-01-11 15:29:55,892 - INFO - allennlp.training.trainer - Epoch duration: 00:00:12
2019-01-11 15:29:55,892 - INFO - allennlp.training.trainer - Estimated training time remaining: 0:39:13
2019-01-11 15:29:55,892 - INFO - allennlp.training.trainer - Epoch 12/199
2019-01-11 15:29:55,892 - INFO - allennlp.training.trainer - Peak CPU memory usage MB: 3127.1
2019-01-11 15:29:55,999 - INFO - allennlp.training.trainer - GPU 0 memory usage MB: 20
2019-01-11 15:29:55,999 - INFO - allennlp.training.trainer - GPU 1 memory usage MB: 4033
2019-01-11 15:29:56,000 - INFO - allennlp.training.trainer - Training
2019-01-11 15:30:07,260 - INFO - allennlp.training.trainer - Validating
2019-01-11 15:30:08,049 - INFO - allennlp.training.trainer -              Training |  Validation
2019-01-11 15:30:08,050 - INFO - allennlp.training.trainer - loss     |     0.049  |     0.443
2019-01-11 15:30:08,050 - INFO - allennlp.training.trainer - accuracy |     0.986  |     0.852
2019-01-11 15:30:08,069 - INFO - allennlp.training.trainer - Epoch duration: 00:00:12
2019-01-11 15:30:08,069 - INFO - allennlp.training.trainer - Estimated training time remaining: 0:38:56
2019-01-11 15:30:08,069 - INFO - allennlp.training.trainer - Epoch 13/199
2019-01-11 15:30:08,069 - INFO - allennlp.training.trainer - Peak CPU memory usage MB: 3127.1
2019-01-11 15:30:08,170 - INFO - allennlp.training.trainer - GPU 0 memory usage MB: 20
2019-01-11 15:30:08,171 - INFO - allennlp.training.trainer - GPU 1 memory usage MB: 4033
2019-01-11 15:30:08,171 - INFO - allennlp.training.trainer - Training
2019-01-11 15:30:19,374 - INFO - allennlp.training.trainer - Validating
2019-01-11 15:30:20,164 - INFO - allennlp.training.trainer -              Training |  Validation
2019-01-11 15:30:20,164 - INFO - allennlp.training.trainer - loss     |     0.036  |     0.415
2019-01-11 15:30:20,164 - INFO - allennlp.training.trainer - accuracy |     0.991  |     0.862
2019-01-11 15:30:20,184 - INFO - allennlp.training.trainer - Epoch duration: 00:00:12
2019-01-11 15:30:20,184 - INFO - allennlp.training.trainer - Estimated training time remaining: 0:38:38
2019-01-11 15:30:20,184 - INFO - allennlp.training.trainer - Epoch 14/199
2019-01-11 15:30:20,184 - INFO - allennlp.training.trainer - Peak CPU memory usage MB: 3127.1
2019-01-11 15:30:20,292 - INFO - allennlp.training.trainer - GPU 0 memory usage MB: 20
2019-01-11 15:30:20,292 - INFO - allennlp.training.trainer - GPU 1 memory usage MB: 4033
2019-01-11 15:30:20,293 - INFO - allennlp.training.trainer - Training
2019-01-11 15:30:31,461 - INFO - allennlp.training.trainer - Validating
2019-01-11 15:30:32,263 - INFO - allennlp.training.trainer -              Training |  Validation
2019-01-11 15:30:32,264 - INFO - allennlp.training.trainer - loss     |     0.034  |     0.390
2019-01-11 15:30:32,264 - INFO - allennlp.training.trainer - accuracy |     0.991  |     0.870
2019-01-11 15:30:32,282 - INFO - allennlp.training.trainer - Epoch duration: 00:00:12
2019-01-11 15:30:32,282 - INFO - allennlp.training.trainer - Estimated training time remaining: 0:38:21
2019-01-11 15:30:32,282 - INFO - allennlp.training.trainer - Epoch 15/199
2019-01-11 15:30:32,282 - INFO - allennlp.training.trainer - Peak CPU memory usage MB: 3127.1
2019-01-11 15:30:32,382 - INFO - allennlp.training.trainer - GPU 0 memory usage MB: 20
2019-01-11 15:30:32,382 - INFO - allennlp.training.trainer - GPU 1 memory usage MB: 4033
2019-01-11 15:30:32,383 - INFO - allennlp.training.trainer - Training
2019-01-11 15:30:43,736 - INFO - allennlp.training.trainer - Validating
2019-01-11 15:30:44,525 - INFO - allennlp.training.trainer -              Training |  Validation
2019-01-11 15:30:44,525 - INFO - allennlp.training.trainer - loss     |     0.040  |     0.418
2019-01-11 15:30:44,526 - INFO - allennlp.training.trainer - accuracy |     0.988  |     0.855
2019-01-11 15:30:44,544 - INFO - allennlp.training.trainer - Epoch duration: 00:00:12
2019-01-11 15:30:44,544 - INFO - allennlp.training.trainer - Estimated training time remaining: 0:38:07
2019-01-11 15:30:44,544 - INFO - allennlp.training.trainer - Epoch 16/199
2019-01-11 15:30:44,544 - INFO - allennlp.training.trainer - Peak CPU memory usage MB: 3127.1
2019-01-11 15:30:44,652 - INFO - allennlp.training.trainer - GPU 0 memory usage MB: 20
2019-01-11 15:30:44,652 - INFO - allennlp.training.trainer - GPU 1 memory usage MB: 4033
2019-01-11 15:30:44,653 - INFO - allennlp.training.trainer - Training
2019-01-11 15:30:55,937 - INFO - allennlp.training.trainer - Validating
2019-01-11 15:30:56,726 - INFO - allennlp.training.trainer -              Training |  Validation
2019-01-11 15:30:56,727 - INFO - allennlp.training.trainer - loss     |     0.063  |     0.426
2019-01-11 15:30:56,727 - INFO - allennlp.training.trainer - accuracy |     0.979  |     0.856
2019-01-11 15:30:56,744 - INFO - allennlp.training.trainer - Epoch duration: 00:00:12
2019-01-11 15:30:56,744 - INFO - allennlp.training.trainer - Estimated training time remaining: 0:37:52
2019-01-11 15:30:56,744 - INFO - allennlp.training.trainer - Epoch 17/199
2019-01-11 15:30:56,744 - INFO - allennlp.training.trainer - Peak CPU memory usage MB: 3127.1
2019-01-11 15:30:56,851 - INFO - allennlp.training.trainer - GPU 0 memory usage MB: 20
2019-01-11 15:30:56,852 - INFO - allennlp.training.trainer - GPU 1 memory usage MB: 4033
2019-01-11 15:30:56,852 - INFO - allennlp.training.trainer - Training
2019-01-11 15:31:07,961 - INFO - allennlp.training.trainer - Validating
2019-01-11 15:31:08,750 - INFO - allennlp.training.trainer -              Training |  Validation
2019-01-11 15:31:08,751 - INFO - allennlp.training.trainer - loss     |     0.061  |     0.397
2019-01-11 15:31:08,751 - INFO - allennlp.training.trainer - accuracy |     0.979  |     0.869
2019-01-11 15:31:08,770 - INFO - allennlp.training.trainer - Epoch duration: 00:00:12
2019-01-11 15:31:08,770 - INFO - allennlp.training.trainer - Estimated training time remaining: 0:37:35
2019-01-11 15:31:08,770 - INFO - allennlp.training.trainer - Epoch 18/199
2019-01-11 15:31:08,770 - INFO - allennlp.training.trainer - Peak CPU memory usage MB: 3127.1
2019-01-11 15:31:08,875 - INFO - allennlp.training.trainer - GPU 0 memory usage MB: 20
2019-01-11 15:31:08,876 - INFO - allennlp.training.trainer - GPU 1 memory usage MB: 4033
2019-01-11 15:31:08,876 - INFO - allennlp.training.trainer - Training
2019-01-11 15:31:20,085 - INFO - allennlp.training.trainer - Validating
2019-01-11 15:31:20,874 - INFO - allennlp.training.trainer -              Training |  Validation
2019-01-11 15:31:20,875 - INFO - allennlp.training.trainer - loss     |     0.038  |     0.412
2019-01-11 15:31:20,875 - INFO - allennlp.training.trainer - accuracy |     0.988  |     0.865
2019-01-11 15:31:20,892 - INFO - allennlp.training.trainer - Epoch duration: 00:00:12
2019-01-11 15:31:20,892 - INFO - allennlp.training.trainer - Estimated training time remaining: 0:37:20
2019-01-11 15:31:20,892 - INFO - allennlp.training.trainer - Epoch 19/199
2019-01-11 15:31:20,893 - INFO - allennlp.training.trainer - Peak CPU memory usage MB: 3127.1
2019-01-11 15:31:21,000 - INFO - allennlp.training.trainer - GPU 0 memory usage MB: 20
2019-01-11 15:31:21,000 - INFO - allennlp.training.trainer - GPU 1 memory usage MB: 4033
2019-01-11 15:31:21,001 - INFO - allennlp.training.trainer - Training
2019-01-11 15:31:32,403 - INFO - allennlp.training.trainer - Validating
2019-01-11 15:31:33,191 - INFO - allennlp.training.trainer -              Training |  Validation
2019-01-11 15:31:33,192 - INFO - allennlp.training.trainer - loss     |     0.021  |     0.379
2019-01-11 15:31:33,192 - INFO - allennlp.training.trainer - accuracy |     0.997  |     0.879
2019-01-11 15:31:33,210 - INFO - allennlp.training.trainer - Epoch duration: 00:00:12
2019-01-11 15:31:33,210 - INFO - allennlp.training.trainer - Estimated training time remaining: 0:37:08
2019-01-11 15:31:33,210 - INFO - allennlp.training.trainer - Epoch 20/199
2019-01-11 15:31:33,210 - INFO - allennlp.training.trainer - Peak CPU memory usage MB: 3127.1
2019-01-11 15:31:33,318 - INFO - allennlp.training.trainer - GPU 0 memory usage MB: 20
2019-01-11 15:31:33,318 - INFO - allennlp.training.trainer - GPU 1 memory usage MB: 4033
2019-01-11 15:31:33,318 - INFO - allennlp.training.trainer - Training
2019-01-11 15:31:44,508 - INFO - allennlp.training.trainer - Validating
2019-01-11 15:31:45,299 - INFO - allennlp.training.trainer -              Training |  Validation
2019-01-11 15:31:45,300 - INFO - allennlp.training.trainer - loss     |     0.017  |     0.376
2019-01-11 15:31:45,300 - INFO - allennlp.training.trainer - accuracy |     0.998  |     0.873
2019-01-11 15:31:45,321 - INFO - allennlp.training.trainer - Epoch duration: 00:00:12
2019-01-11 15:31:45,321 - INFO - allennlp.training.trainer - Estimated training time remaining: 0:36:53
2019-01-11 15:31:45,321 - INFO - allennlp.training.trainer - Epoch 21/199
2019-01-11 15:31:45,321 - INFO - allennlp.training.trainer - Peak CPU memory usage MB: 3127.1
2019-01-11 15:31:45,426 - INFO - allennlp.training.trainer - GPU 0 memory usage MB: 20
2019-01-11 15:31:45,426 - INFO - allennlp.training.trainer - GPU 1 memory usage MB: 4033
2019-01-11 15:31:45,427 - INFO - allennlp.training.trainer - Training
2019-01-11 15:31:56,722 - INFO - allennlp.training.trainer - Validating
2019-01-11 15:31:57,510 - INFO - allennlp.training.trainer -              Training |  Validation
2019-01-11 15:31:57,511 - INFO - allennlp.training.trainer - loss     |     0.018  |     0.373
2019-01-11 15:31:57,511 - INFO - allennlp.training.trainer - accuracy |     0.998  |     0.874
2019-01-11 15:31:57,534 - INFO - allennlp.training.trainer - Epoch duration: 00:00:12
2019-01-11 15:31:57,534 - INFO - allennlp.training.trainer - Estimated training time remaining: 0:36:39
2019-01-11 15:31:57,534 - INFO - allennlp.training.trainer - Epoch 22/199
2019-01-11 15:31:57,534 - INFO - allennlp.training.trainer - Peak CPU memory usage MB: 3127.1
2019-01-11 15:31:57,638 - INFO - allennlp.training.trainer - GPU 0 memory usage MB: 20
2019-01-11 15:31:57,638 - INFO - allennlp.training.trainer - GPU 1 memory usage MB: 4033
2019-01-11 15:31:57,639 - INFO - allennlp.training.trainer - Training
2019-01-11 15:32:08,910 - INFO - allennlp.training.trainer - Validating
2019-01-11 15:32:09,700 - INFO - allennlp.training.trainer - Ran out of patience.  Stopping training.
2019-01-11 15:32:09,700 - INFO - allennlp.models.archival - archiving weights and vocabulary to experiments/supervised/cnn_trials/results/cnn4/model.tar.gz
2019-01-11 15:32:10,157 - INFO - allennlp.commands.train - Loading the best epoch weights.
2019-01-11 15:32:10,165 - INFO - allennlp.common.util - Metrics: {
  "training_duration": "00:04:31",
  "training_start_epoch": 0,
  "training_epochs": 21,
  "epoch": 21,
  "training_accuracy": 0.99825,
  "training_loss": 0.01835047475527972,
  "validation_accuracy": 0.8736,
  "validation_loss": 0.37305213332176207,
  "best_epoch": 2,
  "best_validation_accuracy": 0.8818,
  "best_validation_loss": 0.2929552346467972
}
