2019-01-10 00:12:57,780 - INFO - allennlp.common.from_params - instantiating class <class 'allennlp.data.dataset_readers.dataset_reader.DatasetReader'> from params {'type': 'document_reader_semi_supervised'} and extras {}
2019-01-10 00:12:57,780 - INFO - allennlp.common.params - dataset_reader.type = document_reader_semi_supervised
2019-01-10 00:12:57,780 - INFO - allennlp.common.from_params - instantiating class <class 'library.dataset_readers.document_reader.DocumentReaderSemiSupervised'> from params {} and extras {}
2019-01-10 00:12:57,780 - INFO - allennlp.common.params - dataset_reader.lazy = False
2019-01-10 00:12:57,780 - INFO - allennlp.common.params - validation_dataset_reader = None
2019-01-10 00:12:57,780 - INFO - allennlp.common.params - train_data_path = /data/dangt7/IMDB/train_20k_labelled.filtered.jsonl
2019-01-10 00:12:57,780 - INFO - allennlp.commands.train - Reading training data from /data/dangt7/IMDB/train_20k_labelled.filtered.jsonl
2019-01-10 00:12:57,780 - INFO - library.dataset_readers.document_reader - Reading instances from lines in file: /data/dangt7/IMDB/train_20k_labelled.filtered.jsonl
2019-01-10 00:13:25,218 - INFO - allennlp.common.params - validation_data_path = /data/dangt7/IMDB/valid.filtered.jsonl
2019-01-10 00:13:25,218 - INFO - allennlp.commands.train - Reading validation data from /data/dangt7/IMDB/valid.filtered.jsonl
2019-01-10 00:13:25,218 - INFO - library.dataset_readers.document_reader - Reading instances from lines in file: /data/dangt7/IMDB/valid.filtered.jsonl
2019-01-10 00:13:26,924 - INFO - allennlp.common.params - test_data_path = None
2019-01-10 00:13:26,925 - INFO - allennlp.commands.train - From dataset instances, train, validation will be considered for vocabulary creation.
2019-01-10 00:13:26,925 - INFO - allennlp.common.params - vocabulary.type = None
2019-01-10 00:13:26,925 - INFO - allennlp.common.params - vocabulary.extend = False
2019-01-10 00:13:26,925 - INFO - allennlp.common.params - vocabulary.directory_path = None
2019-01-10 00:13:26,925 - INFO - allennlp.common.params - vocabulary.min_count = None
2019-01-10 00:13:26,925 - INFO - allennlp.common.params - Converting Params object to dict; logging of default values will not occur when dictionary parameters are used subsequently.
2019-01-10 00:13:26,925 - INFO - allennlp.common.params - CURRENTLY DEFINED PARAMETERS: 
2019-01-10 00:13:26,925 - INFO - allennlp.common.params - vocabulary.max_vocab_size.full = 10000
2019-01-10 00:13:26,925 - INFO - allennlp.common.params - vocabulary.max_vocab_size.stopless = 2000
2019-01-10 00:13:26,925 - INFO - allennlp.common.params - vocabulary.non_padded_namespaces = ('*tags', '*labels')
2019-01-10 00:13:26,925 - INFO - allennlp.common.params - vocabulary.min_pretrained_embeddings = None
2019-01-10 00:13:26,925 - INFO - allennlp.common.params - vocabulary.only_include_pretrained_words = False
2019-01-10 00:13:26,925 - INFO - allennlp.common.params - vocabulary.tokens_to_add = None
2019-01-10 00:13:26,925 - INFO - allennlp.data.vocabulary - Fitting token dictionary from dataset.
2019-01-10 00:13:40,746 - INFO - allennlp.common.from_params - instantiating class <class 'allennlp.models.model.Model'> from params {'alpha': 50, 'background_data_path': '/data/dangt7/IMDB/train_20k_labelled.bgfreq.json', 'classification_layer': {'activations': ['linear'], 'hidden_dims': [2], 'input_dim': 300, 'num_layers': 1}, 'encoder': {'embedding_dim': 300, 'type': 'boe'}, 'filtered_embedder': {'filtered': {'embedding_dim': 300, 'pretrained_file': '/data/dangt7/glove/glove.6B.300d.txt', 'trainable': True, 'type': 'embedding', 'vocab_namespace': 'stopless'}}, 'input_embedder': {'full': {'embedding_dim': 300, 'trainable': True, 'type': 'embedding', 'vocab_namespace': 'full'}}, 'print_topics': False, 'type': 'BOWTopicModelSemiSupervised', 'update_bg': False, 'vae': {'apply_batchnorm': {'mu': False, 'sigma': False}, 'decoder': {'activations': ['tanh'], 'hidden_dims': [2004], 'input_dim': 10, 'num_layers': 1}, 'encoder': {'activations': ['relu', 'relu'], 'hidden_dims': [1000, 300], 'input_dim': 2004, 'num_layers': 2}, 'log_variance_projection': {'activations': ['linear'], 'hidden_dims': [10], 'input_dim': 300, 'num_layers': 1}, 'mu_projection': {'activations': ['linear'], 'hidden_dims': [10], 'input_dim': 300, 'num_layers': 1}}} and extras {'vocab': <allennlp.data.vocabulary.Vocabulary object at 0x7f5b60ae61d0>}
2019-01-10 00:13:40,746 - INFO - allennlp.common.params - model.type = BOWTopicModelSemiSupervised
2019-01-10 00:13:40,746 - INFO - allennlp.common.from_params - instantiating class <class 'library.models.semi_supervised.BOWTopicModelSemiSupervised'> from params {'alpha': 50, 'background_data_path': '/data/dangt7/IMDB/train_20k_labelled.bgfreq.json', 'classification_layer': {'activations': ['linear'], 'hidden_dims': [2], 'input_dim': 300, 'num_layers': 1}, 'encoder': {'embedding_dim': 300, 'type': 'boe'}, 'filtered_embedder': {'filtered': {'embedding_dim': 300, 'pretrained_file': '/data/dangt7/glove/glove.6B.300d.txt', 'trainable': True, 'type': 'embedding', 'vocab_namespace': 'stopless'}}, 'input_embedder': {'full': {'embedding_dim': 300, 'trainable': True, 'type': 'embedding', 'vocab_namespace': 'full'}}, 'print_topics': False, 'update_bg': False, 'vae': {'apply_batchnorm': {'mu': False, 'sigma': False}, 'decoder': {'activations': ['tanh'], 'hidden_dims': [2004], 'input_dim': 10, 'num_layers': 1}, 'encoder': {'activations': ['relu', 'relu'], 'hidden_dims': [1000, 300], 'input_dim': 2004, 'num_layers': 2}, 'log_variance_projection': {'activations': ['linear'], 'hidden_dims': [10], 'input_dim': 300, 'num_layers': 1}, 'mu_projection': {'activations': ['linear'], 'hidden_dims': [10], 'input_dim': 300, 'num_layers': 1}}} and extras {'vocab': <allennlp.data.vocabulary.Vocabulary object at 0x7f5b60ae61d0>}
2019-01-10 00:13:40,746 - INFO - allennlp.common.from_params - instantiating class <class 'allennlp.modules.seq2vec_encoders.seq2vec_encoder.Seq2VecEncoder'> from params {'embedding_dim': 300, 'type': 'boe'} and extras {'vocab': <allennlp.data.vocabulary.Vocabulary object at 0x7f5b60ae61d0>}
2019-01-10 00:13:40,746 - INFO - allennlp.common.params - model.encoder.type = boe
2019-01-10 00:13:40,746 - INFO - allennlp.common.from_params - instantiating class <class 'allennlp.modules.seq2vec_encoders.boe_encoder.BagOfEmbeddingsEncoder'> from params {'embedding_dim': 300} and extras {'vocab': <allennlp.data.vocabulary.Vocabulary object at 0x7f5b60ae61d0>}
2019-01-10 00:13:40,746 - INFO - allennlp.common.params - model.encoder.embedding_dim = 300
2019-01-10 00:13:40,747 - INFO - allennlp.common.params - model.encoder.averaged = False
2019-01-10 00:13:40,747 - INFO - allennlp.common.params - model.classification_layer.input_dim = 300
2019-01-10 00:13:40,747 - INFO - allennlp.common.params - model.classification_layer.num_layers = 1
2019-01-10 00:13:40,747 - INFO - allennlp.common.params - model.classification_layer.hidden_dims = [2]
2019-01-10 00:13:40,747 - INFO - allennlp.common.params - model.classification_layer.activations = ['linear']
2019-01-10 00:13:40,747 - INFO - allennlp.common.params - model.classification_layer.dropout = 0.0
2019-01-10 00:13:40,747 - INFO - allennlp.common.registrable - instantiating registered subclass linear of <class 'allennlp.nn.activations.Activation'>
2019-01-10 00:13:40,747 - INFO - allennlp.common.from_params - instantiating class <class 'library.models.vae.VAE'> from params {'apply_batchnorm': {'mu': False, 'sigma': False}, 'decoder': {'activations': ['tanh'], 'hidden_dims': [2004], 'input_dim': 10, 'num_layers': 1}, 'encoder': {'activations': ['relu', 'relu'], 'hidden_dims': [1000, 300], 'input_dim': 2004, 'num_layers': 2}, 'log_variance_projection': {'activations': ['linear'], 'hidden_dims': [10], 'input_dim': 300, 'num_layers': 1}, 'mu_projection': {'activations': ['linear'], 'hidden_dims': [10], 'input_dim': 300, 'num_layers': 1}} and extras {'vocab': <allennlp.data.vocabulary.Vocabulary object at 0x7f5b60ae61d0>}
2019-01-10 00:13:40,748 - INFO - allennlp.common.params - model.vae.encoder.input_dim = 2004
2019-01-10 00:13:40,748 - INFO - allennlp.common.params - model.vae.encoder.num_layers = 2
2019-01-10 00:13:40,748 - INFO - allennlp.common.params - model.vae.encoder.hidden_dims = [1000, 300]
2019-01-10 00:13:40,748 - INFO - allennlp.common.params - model.vae.encoder.activations = ['relu', 'relu']
2019-01-10 00:13:40,748 - INFO - allennlp.common.params - model.vae.encoder.dropout = 0.0
2019-01-10 00:13:40,748 - INFO - allennlp.common.registrable - instantiating registered subclass relu of <class 'allennlp.nn.activations.Activation'>
2019-01-10 00:13:40,748 - INFO - allennlp.common.registrable - instantiating registered subclass relu of <class 'allennlp.nn.activations.Activation'>
2019-01-10 00:13:40,765 - INFO - allennlp.common.params - model.vae.mu_projection.input_dim = 300
2019-01-10 00:13:40,765 - INFO - allennlp.common.params - model.vae.mu_projection.num_layers = 1
2019-01-10 00:13:40,765 - INFO - allennlp.common.params - model.vae.mu_projection.hidden_dims = [10]
2019-01-10 00:13:40,765 - INFO - allennlp.common.params - model.vae.mu_projection.activations = ['linear']
2019-01-10 00:13:40,765 - INFO - allennlp.common.params - model.vae.mu_projection.dropout = 0.0
2019-01-10 00:13:40,765 - INFO - allennlp.common.registrable - instantiating registered subclass linear of <class 'allennlp.nn.activations.Activation'>
2019-01-10 00:13:40,766 - INFO - allennlp.common.params - model.vae.log_variance_projection.input_dim = 300
2019-01-10 00:13:40,766 - INFO - allennlp.common.params - model.vae.log_variance_projection.num_layers = 1
2019-01-10 00:13:40,766 - INFO - allennlp.common.params - model.vae.log_variance_projection.hidden_dims = [10]
2019-01-10 00:13:40,766 - INFO - allennlp.common.params - model.vae.log_variance_projection.activations = ['linear']
2019-01-10 00:13:40,766 - INFO - allennlp.common.params - model.vae.log_variance_projection.dropout = 0.0
2019-01-10 00:13:40,766 - INFO - allennlp.common.registrable - instantiating registered subclass linear of <class 'allennlp.nn.activations.Activation'>
2019-01-10 00:13:40,766 - INFO - allennlp.common.params - model.vae.decoder.input_dim = 10
2019-01-10 00:13:40,766 - INFO - allennlp.common.params - model.vae.decoder.num_layers = 1
2019-01-10 00:13:40,766 - INFO - allennlp.common.params - model.vae.decoder.hidden_dims = [2004]
2019-01-10 00:13:40,766 - INFO - allennlp.common.params - model.vae.decoder.activations = ['tanh']
2019-01-10 00:13:40,766 - INFO - allennlp.common.params - model.vae.decoder.dropout = 0.0
2019-01-10 00:13:40,767 - INFO - allennlp.common.registrable - instantiating registered subclass tanh of <class 'allennlp.nn.activations.Activation'>
2019-01-10 00:13:40,767 - INFO - allennlp.common.params - model.vae.z_dropout = 0.2
2019-01-10 00:13:40,767 - INFO - allennlp.common.from_params - instantiating class <class 'allennlp.modules.text_field_embedders.text_field_embedder.TextFieldEmbedder'> from params {'full': {'embedding_dim': 300, 'trainable': True, 'type': 'embedding', 'vocab_namespace': 'full'}} and extras {'vocab': <allennlp.data.vocabulary.Vocabulary object at 0x7f5b60ae61d0>}
2019-01-10 00:13:40,768 - INFO - allennlp.common.params - model.input_embedder.type = basic
2019-01-10 00:13:40,768 - INFO - allennlp.common.params - model.input_embedder.embedder_to_indexer_map = None
2019-01-10 00:13:40,768 - INFO - allennlp.common.params - model.input_embedder.allow_unmatched_keys = False
2019-01-10 00:13:40,768 - INFO - allennlp.common.params - model.input_embedder.token_embedders = None
2019-01-10 00:13:40,768 - INFO - allennlp.common.from_params - instantiating class <class 'allennlp.modules.token_embedders.token_embedder.TokenEmbedder'> from params {'embedding_dim': 300, 'trainable': True, 'type': 'embedding', 'vocab_namespace': 'full'} and extras {'vocab': <allennlp.data.vocabulary.Vocabulary object at 0x7f5b60ae61d0>}
2019-01-10 00:13:40,768 - INFO - allennlp.common.params - model.input_embedder.full.type = embedding
2019-01-10 00:13:40,768 - INFO - allennlp.common.params - model.input_embedder.full.num_embeddings = None
2019-01-10 00:13:40,768 - INFO - allennlp.common.params - model.input_embedder.full.vocab_namespace = full
2019-01-10 00:13:40,768 - INFO - allennlp.common.params - model.input_embedder.full.embedding_dim = 300
2019-01-10 00:13:40,768 - INFO - allennlp.common.params - model.input_embedder.full.pretrained_file = None
2019-01-10 00:13:40,768 - INFO - allennlp.common.params - model.input_embedder.full.projection_dim = None
2019-01-10 00:13:40,768 - INFO - allennlp.common.params - model.input_embedder.full.trainable = True
2019-01-10 00:13:40,768 - INFO - allennlp.common.params - model.input_embedder.full.padding_index = None
2019-01-10 00:13:40,768 - INFO - allennlp.common.params - model.input_embedder.full.max_norm = None
2019-01-10 00:13:40,768 - INFO - allennlp.common.params - model.input_embedder.full.norm_type = 2.0
2019-01-10 00:13:40,768 - INFO - allennlp.common.params - model.input_embedder.full.scale_grad_by_freq = False
2019-01-10 00:13:40,769 - INFO - allennlp.common.params - model.input_embedder.full.sparse = False
2019-01-10 00:13:40,791 - INFO - allennlp.common.from_params - instantiating class <class 'allennlp.modules.text_field_embedders.text_field_embedder.TextFieldEmbedder'> from params {'filtered': {'embedding_dim': 300, 'pretrained_file': '/data/dangt7/glove/glove.6B.300d.txt', 'trainable': True, 'type': 'embedding', 'vocab_namespace': 'stopless'}} and extras {'vocab': <allennlp.data.vocabulary.Vocabulary object at 0x7f5b60ae61d0>}
2019-01-10 00:13:40,791 - INFO - allennlp.common.params - model.filtered_embedder.type = basic
2019-01-10 00:13:40,791 - INFO - allennlp.common.params - model.filtered_embedder.embedder_to_indexer_map = None
2019-01-10 00:13:40,791 - INFO - allennlp.common.params - model.filtered_embedder.allow_unmatched_keys = False
2019-01-10 00:13:40,791 - INFO - allennlp.common.params - model.filtered_embedder.token_embedders = None
2019-01-10 00:13:40,791 - INFO - allennlp.common.from_params - instantiating class <class 'allennlp.modules.token_embedders.token_embedder.TokenEmbedder'> from params {'embedding_dim': 300, 'pretrained_file': '/data/dangt7/glove/glove.6B.300d.txt', 'trainable': True, 'type': 'embedding', 'vocab_namespace': 'stopless'} and extras {'vocab': <allennlp.data.vocabulary.Vocabulary object at 0x7f5b60ae61d0>}
2019-01-10 00:13:40,791 - INFO - allennlp.common.params - model.filtered_embedder.filtered.type = embedding
2019-01-10 00:13:40,791 - INFO - allennlp.common.params - model.filtered_embedder.filtered.num_embeddings = None
2019-01-10 00:13:40,791 - INFO - allennlp.common.params - model.filtered_embedder.filtered.vocab_namespace = stopless
2019-01-10 00:13:40,791 - INFO - allennlp.common.params - model.filtered_embedder.filtered.embedding_dim = 300
2019-01-10 00:13:40,792 - INFO - allennlp.common.params - model.filtered_embedder.filtered.pretrained_file = /data/dangt7/glove/glove.6B.300d.txt
2019-01-10 00:13:40,792 - INFO - allennlp.common.params - model.filtered_embedder.filtered.projection_dim = None
2019-01-10 00:13:40,792 - INFO - allennlp.common.params - model.filtered_embedder.filtered.trainable = True
2019-01-10 00:13:40,792 - INFO - allennlp.common.params - model.filtered_embedder.filtered.padding_index = None
2019-01-10 00:13:40,792 - INFO - allennlp.common.params - model.filtered_embedder.filtered.max_norm = None
2019-01-10 00:13:40,792 - INFO - allennlp.common.params - model.filtered_embedder.filtered.norm_type = 2.0
2019-01-10 00:13:40,792 - INFO - allennlp.common.params - model.filtered_embedder.filtered.scale_grad_by_freq = False
2019-01-10 00:13:40,792 - INFO - allennlp.common.params - model.filtered_embedder.filtered.sparse = False
2019-01-10 00:13:40,792 - INFO - allennlp.modules.token_embedders.embedding - Reading pretrained embeddings from file
2019-01-10 00:13:42,040 - INFO - allennlp.modules.token_embedders.embedding - Initializing pre-trained embedding layer
2019-01-10 00:13:42,056 - INFO - allennlp.modules.token_embedders.embedding - Pretrained embeddings were found for 1995 out of 2002 tokens
2019-01-10 00:13:42,057 - INFO - allennlp.common.params - model.alpha = 50
2019-01-10 00:13:42,057 - INFO - allennlp.common.params - model.background_data_path = /data/dangt7/IMDB/train_20k_labelled.bgfreq.json
2019-01-10 00:13:42,057 - INFO - allennlp.common.params - model.print_topics = False
2019-01-10 00:13:42,057 - INFO - allennlp.common.params - model.update_bg = False
2019-01-10 00:13:42,057 - INFO - allennlp.common.params - model.use_filtered_tokens = True
2019-01-10 00:13:42,057 - INFO - allennlp.common.params - model.use_shared_representation = False
2019-01-10 00:13:42,150 - INFO - allennlp.nn.initializers - Initializing parameters
2019-01-10 00:13:42,150 - INFO - allennlp.nn.initializers - Done initializing parameters; the following parameters are using their default initialization from their code
2019-01-10 00:13:42,150 - INFO - allennlp.nn.initializers -    background
2019-01-10 00:13:42,150 - INFO - allennlp.nn.initializers -    batchnorm.bias
2019-01-10 00:13:42,150 - INFO - allennlp.nn.initializers -    batchnorm.weight
2019-01-10 00:13:42,150 - INFO - allennlp.nn.initializers -    beta
2019-01-10 00:13:42,150 - INFO - allennlp.nn.initializers -    classification_layer._linear_layers.0.bias
2019-01-10 00:13:42,150 - INFO - allennlp.nn.initializers -    classification_layer._linear_layers.0.weight
2019-01-10 00:13:42,150 - INFO - allennlp.nn.initializers -    covariates
2019-01-10 00:13:42,150 - INFO - allennlp.nn.initializers -    filtered_embedder.token_embedder_filtered.weight
2019-01-10 00:13:42,150 - INFO - allennlp.nn.initializers -    input_batchnorm.bias
2019-01-10 00:13:42,150 - INFO - allennlp.nn.initializers -    input_batchnorm.weight
2019-01-10 00:13:42,150 - INFO - allennlp.nn.initializers -    input_embedder.token_embedder_full.weight
2019-01-10 00:13:42,150 - INFO - allennlp.nn.initializers -    vae.batchnorm.bias
2019-01-10 00:13:42,150 - INFO - allennlp.nn.initializers -    vae.batchnorm.weight
2019-01-10 00:13:42,151 - INFO - allennlp.nn.initializers -    vae.decoder._linear_layers.0.bias
2019-01-10 00:13:42,151 - INFO - allennlp.nn.initializers -    vae.decoder._linear_layers.0.weight
2019-01-10 00:13:42,151 - INFO - allennlp.nn.initializers -    vae.encoder._linear_layers.0.bias
2019-01-10 00:13:42,151 - INFO - allennlp.nn.initializers -    vae.encoder._linear_layers.0.weight
2019-01-10 00:13:42,151 - INFO - allennlp.nn.initializers -    vae.encoder._linear_layers.1.bias
2019-01-10 00:13:42,151 - INFO - allennlp.nn.initializers -    vae.encoder._linear_layers.1.weight
2019-01-10 00:13:42,151 - INFO - allennlp.nn.initializers -    vae.log_variance_projection._linear_layers.0.bias
2019-01-10 00:13:42,151 - INFO - allennlp.nn.initializers -    vae.log_variance_projection._linear_layers.0.weight
2019-01-10 00:13:42,151 - INFO - allennlp.nn.initializers -    vae.mu_projection._linear_layers.0.bias
2019-01-10 00:13:42,151 - INFO - allennlp.nn.initializers -    vae.mu_projection._linear_layers.0.weight
2019-01-10 00:13:42,173 - INFO - allennlp.common.from_params - instantiating class <class 'allennlp.data.iterators.data_iterator.DataIterator'> from params {'batch_size': 100, 'type': 'basic'} and extras {}
2019-01-10 00:13:42,173 - INFO - allennlp.common.params - iterator.type = basic
2019-01-10 00:13:42,173 - INFO - allennlp.common.from_params - instantiating class <class 'allennlp.data.iterators.basic_iterator.BasicIterator'> from params {'batch_size': 100} and extras {}
2019-01-10 00:13:42,173 - INFO - allennlp.common.params - iterator.batch_size = 100
2019-01-10 00:13:42,173 - INFO - allennlp.common.params - iterator.instances_per_epoch = None
2019-01-10 00:13:42,173 - INFO - allennlp.common.params - iterator.max_instances_in_memory = None
2019-01-10 00:13:42,173 - INFO - allennlp.common.params - iterator.cache_instances = False
2019-01-10 00:13:42,173 - INFO - allennlp.common.params - iterator.track_epoch = False
2019-01-10 00:13:42,173 - INFO - allennlp.common.params - iterator.maximum_samples_per_batch = None
2019-01-10 00:13:42,174 - INFO - allennlp.common.params - validation_iterator = None
2019-01-10 00:13:42,174 - INFO - allennlp.common.params - trainer.no_grad = ()
2019-01-10 00:13:42,174 - INFO - allennlp.commands.train - Following parameters are Frozen  (without gradient):
2019-01-10 00:13:42,174 - INFO - allennlp.commands.train - background
2019-01-10 00:13:42,174 - INFO - allennlp.commands.train - vae.batchnorm.weight
2019-01-10 00:13:42,174 - INFO - allennlp.commands.train - batchnorm.weight
2019-01-10 00:13:42,174 - INFO - allennlp.commands.train - input_batchnorm.weight
2019-01-10 00:13:42,174 - INFO - allennlp.commands.train - Following parameters are Tunable (with gradient):
2019-01-10 00:13:42,174 - INFO - allennlp.commands.train - beta
2019-01-10 00:13:42,174 - INFO - allennlp.commands.train - covariates
2019-01-10 00:13:42,174 - INFO - allennlp.commands.train - input_embedder.token_embedder_full.weight
2019-01-10 00:13:42,174 - INFO - allennlp.commands.train - filtered_embedder.token_embedder_filtered.weight
2019-01-10 00:13:42,174 - INFO - allennlp.commands.train - classification_layer._linear_layers.0.weight
2019-01-10 00:13:42,174 - INFO - allennlp.commands.train - classification_layer._linear_layers.0.bias
2019-01-10 00:13:42,174 - INFO - allennlp.commands.train - vae.encoder._linear_layers.0.weight
2019-01-10 00:13:42,174 - INFO - allennlp.commands.train - vae.encoder._linear_layers.0.bias
2019-01-10 00:13:42,174 - INFO - allennlp.commands.train - vae.encoder._linear_layers.1.weight
2019-01-10 00:13:42,174 - INFO - allennlp.commands.train - vae.encoder._linear_layers.1.bias
2019-01-10 00:13:42,175 - INFO - allennlp.commands.train - vae.mu_projection._linear_layers.0.weight
2019-01-10 00:13:42,175 - INFO - allennlp.commands.train - vae.mu_projection._linear_layers.0.bias
2019-01-10 00:13:42,175 - INFO - allennlp.commands.train - vae.log_variance_projection._linear_layers.0.weight
2019-01-10 00:13:42,175 - INFO - allennlp.commands.train - vae.log_variance_projection._linear_layers.0.bias
2019-01-10 00:13:42,175 - INFO - allennlp.commands.train - vae.decoder._linear_layers.0.weight
2019-01-10 00:13:42,175 - INFO - allennlp.commands.train - vae.decoder._linear_layers.0.bias
2019-01-10 00:13:42,175 - INFO - allennlp.commands.train - vae.batchnorm.bias
2019-01-10 00:13:42,175 - INFO - allennlp.commands.train - batchnorm.bias
2019-01-10 00:13:42,175 - INFO - allennlp.commands.train - input_batchnorm.bias
2019-01-10 00:13:42,175 - INFO - allennlp.common.params - trainer.patience = 20
2019-01-10 00:13:42,175 - INFO - allennlp.common.params - trainer.validation_metric = +Accuracy
2019-01-10 00:13:42,175 - INFO - allennlp.common.params - trainer.shuffle = True
2019-01-10 00:13:42,175 - INFO - allennlp.common.params - trainer.num_epochs = 200
2019-01-10 00:13:42,175 - INFO - allennlp.common.params - trainer.cuda_device = 0
2019-01-10 00:13:42,175 - INFO - allennlp.common.params - trainer.grad_norm = None
2019-01-10 00:13:42,175 - INFO - allennlp.common.params - trainer.grad_clipping = None
2019-01-10 00:13:42,175 - INFO - allennlp.common.params - trainer.learning_rate_scheduler = None
2019-01-10 00:13:43,978 - INFO - allennlp.common.params - trainer.optimizer.type = adam
2019-01-10 00:13:43,978 - INFO - allennlp.common.params - trainer.optimizer.parameter_groups = None
2019-01-10 00:13:43,978 - INFO - allennlp.training.optimizers - Number of trainable parameters: 5961502
2019-01-10 00:13:43,978 - INFO - allennlp.common.registrable - instantiating registered subclass adam of <class 'allennlp.training.optimizers.Optimizer'>
2019-01-10 00:13:43,978 - INFO - allennlp.common.params - Converting Params object to dict; logging of default values will not occur when dictionary parameters are used subsequently.
2019-01-10 00:13:43,978 - INFO - allennlp.common.params - CURRENTLY DEFINED PARAMETERS: 
2019-01-10 00:13:43,978 - INFO - allennlp.common.params - trainer.optimizer.lr = 0.001
2019-01-10 00:13:43,978 - INFO - allennlp.common.params - trainer.optimizer.weight_decay = 0.001
2019-01-10 00:13:43,978 - INFO - allennlp.common.params - trainer.num_serialized_models_to_keep = 20
2019-01-10 00:13:43,978 - INFO - allennlp.common.params - trainer.keep_serialized_model_every_num_seconds = None
2019-01-10 00:13:43,978 - INFO - allennlp.common.params - trainer.model_save_interval = None
2019-01-10 00:13:43,978 - INFO - allennlp.common.params - trainer.summary_interval = 100
2019-01-10 00:13:43,978 - INFO - allennlp.common.params - trainer.histogram_interval = None
2019-01-10 00:13:43,979 - INFO - allennlp.common.params - trainer.should_log_parameter_statistics = True
2019-01-10 00:13:43,979 - INFO - allennlp.common.params - trainer.should_log_learning_rate = False
2019-01-10 00:13:43,980 - INFO - allennlp.common.params - evaluate_on_test = False
2019-01-10 00:13:43,980 - INFO - allennlp.training.trainer - Beginning training.
2019-01-10 00:13:43,980 - INFO - allennlp.training.trainer - Epoch 0/199
2019-01-10 00:13:43,980 - INFO - allennlp.training.trainer - Peak CPU memory usage MB: 7910.344
2019-01-10 00:13:44,189 - INFO - allennlp.training.trainer - GPU 0 memory usage MB: 20
2019-01-10 00:13:44,190 - INFO - allennlp.training.trainer - GPU 1 memory usage MB: 557
2019-01-10 00:13:44,190 - INFO - allennlp.training.trainer - Training
2019-01-10 00:20:55,672 - INFO - allennlp.training.trainer - Validating
2019-01-10 00:21:31,028 - INFO - allennlp.training.trainer -                          Training |  Validation
2019-01-10 00:21:31,028 - INFO - allennlp.training.trainer - Reconstruction       |   623.303  |   571.085
2019-01-10 00:21:31,028 - INFO - allennlp.training.trainer - loss                 |  63487.683  |  59710.180
2019-01-10 00:21:31,028 - INFO - allennlp.training.trainer - Scaled_Cross_Entropy |  1088.349  |  1995.201
2019-01-10 00:21:31,028 - INFO - allennlp.training.trainer - ELBO                 |  62399.334  |  57714.979
2019-01-10 00:21:31,028 - INFO - allennlp.training.trainer - Accuracy             |     0.804  |     0.858
2019-01-10 00:21:31,028 - INFO - allennlp.training.trainer - KL-Divergence        |     5.778  |     5.371
2019-01-10 00:21:31,090 - INFO - allennlp.training.trainer - Best validation performance so far. Copying weights to 'experiments/semi_supervised/boe_trials/results/boe0/best.th'.
2019-01-10 00:21:31,102 - INFO - allennlp.training.trainer - Epoch duration: 00:07:47
2019-01-10 00:21:31,102 - INFO - allennlp.training.trainer - Estimated training time remaining: 1 day, 1:49:17
2019-01-10 00:21:31,102 - INFO - allennlp.training.trainer - Epoch 1/199
2019-01-10 00:21:31,103 - INFO - allennlp.training.trainer - Peak CPU memory usage MB: 8741.644
2019-01-10 00:21:31,351 - INFO - allennlp.training.trainer - GPU 0 memory usage MB: 20
2019-01-10 00:21:31,352 - INFO - allennlp.training.trainer - GPU 1 memory usage MB: 1753
2019-01-10 00:21:31,353 - INFO - allennlp.training.trainer - Training
2019-01-10 00:22:18,537 - INFO - allennlp.training.trainer - Validating
2019-01-10 00:22:20,206 - INFO - allennlp.training.trainer -                          Training |  Validation
2019-01-10 00:22:20,206 - INFO - allennlp.training.trainer - Reconstruction       |   598.918  |   566.518
2019-01-10 00:22:20,206 - INFO - allennlp.training.trainer - loss                 |  59865.092  |  59307.259
2019-01-10 00:22:20,206 - INFO - allennlp.training.trainer - Scaled_Cross_Entropy |   811.425  |  2018.145
2019-01-10 00:22:20,206 - INFO - allennlp.training.trainer - ELBO                 |  59053.666  |  57289.113
2019-01-10 00:22:20,206 - INFO - allennlp.training.trainer - Accuracy             |     0.858  |     0.868
2019-01-10 00:22:20,206 - INFO - allennlp.training.trainer - KL-Divergence        |    10.446  |     5.680
2019-01-10 00:22:20,233 - INFO - allennlp.training.trainer - Best validation performance so far. Copying weights to 'experiments/semi_supervised/boe_trials/results/boe0/best.th'.
2019-01-10 00:22:20,250 - INFO - allennlp.training.trainer - Epoch duration: 00:00:49
2019-01-10 00:22:20,250 - INFO - allennlp.training.trainer - Estimated training time remaining: 14:11:50
2019-01-10 00:22:20,250 - INFO - allennlp.training.trainer - Epoch 2/199
2019-01-10 00:22:20,250 - INFO - allennlp.training.trainer - Peak CPU memory usage MB: 8741.644
2019-01-10 00:22:20,488 - INFO - allennlp.training.trainer - GPU 0 memory usage MB: 20
2019-01-10 00:22:20,489 - INFO - allennlp.training.trainer - GPU 1 memory usage MB: 1753
2019-01-10 00:22:20,489 - INFO - allennlp.training.trainer - Training
2019-01-10 00:23:07,898 - INFO - allennlp.training.trainer - Validating
2019-01-10 00:23:09,551 - INFO - allennlp.training.trainer -                          Training |  Validation
2019-01-10 00:23:09,551 - INFO - allennlp.training.trainer - Reconstruction       |   588.658  |   561.120
2019-01-10 00:23:09,551 - INFO - allennlp.training.trainer - loss                 |  58674.705  |  58745.074
2019-01-10 00:23:09,551 - INFO - allennlp.training.trainer - Scaled_Cross_Entropy |   691.889  |  2039.967
2019-01-10 00:23:09,551 - INFO - allennlp.training.trainer - ELBO                 |  57982.816  |  56705.107
2019-01-10 00:23:09,551 - INFO - allennlp.training.trainer - Accuracy             |     0.870  |     0.861
2019-01-10 00:23:09,551 - INFO - allennlp.training.trainer - KL-Divergence        |    16.930  |     5.238
2019-01-10 00:23:09,576 - INFO - allennlp.training.trainer - Epoch duration: 00:00:49
2019-01-10 00:23:09,576 - INFO - allennlp.training.trainer - Estimated training time remaining: 10:19:00
2019-01-10 00:23:09,576 - INFO - allennlp.training.trainer - Epoch 3/199
2019-01-10 00:23:09,576 - INFO - allennlp.training.trainer - Peak CPU memory usage MB: 8741.644
2019-01-10 00:23:09,835 - INFO - allennlp.training.trainer - GPU 0 memory usage MB: 20
2019-01-10 00:23:09,835 - INFO - allennlp.training.trainer - GPU 1 memory usage MB: 1985
2019-01-10 00:23:09,836 - INFO - allennlp.training.trainer - Training
2019-01-10 00:23:56,558 - INFO - allennlp.training.trainer - Validating
2019-01-10 00:23:58,230 - INFO - allennlp.training.trainer -                          Training |  Validation
2019-01-10 00:23:58,230 - INFO - allennlp.training.trainer - Reconstruction       |   582.254  |   557.702
2019-01-10 00:23:58,230 - INFO - allennlp.training.trainer - loss                 |  58188.131  |  58942.107
2019-01-10 00:23:58,230 - INFO - allennlp.training.trainer - Scaled_Cross_Entropy |   749.015  |  2615.432
2019-01-10 00:23:58,230 - INFO - allennlp.training.trainer - ELBO                 |  57439.116  |  56326.675
2019-01-10 00:23:58,230 - INFO - allennlp.training.trainer - Accuracy             |     0.867  |     0.847
2019-01-10 00:23:58,230 - INFO - allennlp.training.trainer - KL-Divergence        |    96.995  |     4.872
2019-01-10 00:23:58,256 - INFO - allennlp.training.trainer - Epoch duration: 00:00:48
2019-01-10 00:23:58,256 - INFO - allennlp.training.trainer - Estimated training time remaining: 8:21:39
2019-01-10 00:23:58,256 - INFO - allennlp.training.trainer - Epoch 4/199
2019-01-10 00:23:58,256 - INFO - allennlp.training.trainer - Peak CPU memory usage MB: 8741.644
2019-01-10 00:23:58,493 - INFO - allennlp.training.trainer - GPU 0 memory usage MB: 20
2019-01-10 00:23:58,494 - INFO - allennlp.training.trainer - GPU 1 memory usage MB: 1985
2019-01-10 00:23:58,494 - INFO - allennlp.training.trainer - Training
2019-01-10 00:24:43,511 - INFO - allennlp.training.trainer - Validating
2019-01-10 00:24:45,168 - INFO - allennlp.training.trainer -                          Training |  Validation
2019-01-10 00:24:45,168 - INFO - allennlp.training.trainer - Reconstruction       |   577.447  |   556.398
2019-01-10 00:24:45,168 - INFO - allennlp.training.trainer - loss                 |  57833.076  |  58478.470
2019-01-10 00:24:45,169 - INFO - allennlp.training.trainer - Scaled_Cross_Entropy |   710.128  |  2269.645
2019-01-10 00:24:45,169 - INFO - allennlp.training.trainer - ELBO                 |  57122.948  |  56208.824
2019-01-10 00:24:45,169 - INFO - allennlp.training.trainer - Accuracy             |     0.869  |     0.860
2019-01-10 00:24:45,169 - INFO - allennlp.training.trainer - KL-Divergence        |    67.655  |     4.997
2019-01-10 00:24:45,194 - INFO - allennlp.training.trainer - Epoch duration: 00:00:46
2019-01-10 00:24:45,194 - INFO - allennlp.training.trainer - Estimated training time remaining: 7:09:47
2019-01-10 00:24:45,194 - INFO - allennlp.training.trainer - Epoch 5/199
2019-01-10 00:24:45,194 - INFO - allennlp.training.trainer - Peak CPU memory usage MB: 8741.644
2019-01-10 00:24:45,424 - INFO - allennlp.training.trainer - GPU 0 memory usage MB: 20
2019-01-10 00:24:45,425 - INFO - allennlp.training.trainer - GPU 1 memory usage MB: 1985
2019-01-10 00:24:45,425 - INFO - allennlp.training.trainer - Training
2019-01-10 00:25:32,043 - INFO - allennlp.training.trainer - Validating
2019-01-10 00:25:33,750 - INFO - allennlp.training.trainer -                          Training |  Validation
2019-01-10 00:25:33,750 - INFO - allennlp.training.trainer - Reconstruction       |   574.672  |   555.108
2019-01-10 00:25:33,750 - INFO - allennlp.training.trainer - loss                 |  57596.612  |  58901.311
2019-01-10 00:25:33,750 - INFO - allennlp.training.trainer - Scaled_Cross_Entropy |   652.704  |  2829.607
2019-01-10 00:25:33,750 - INFO - allennlp.training.trainer - ELBO                 |  56943.908  |  56071.703
2019-01-10 00:25:33,750 - INFO - allennlp.training.trainer - Accuracy             |     0.876  |     0.837
2019-01-10 00:25:33,751 - INFO - allennlp.training.trainer - KL-Divergence        |   103.531  |     4.916
2019-01-10 00:25:33,775 - INFO - allennlp.training.trainer - Epoch duration: 00:00:48
2019-01-10 00:25:33,775 - INFO - allennlp.training.trainer - Estimated training time remaining: 6:22:30
2019-01-10 00:25:33,775 - INFO - allennlp.training.trainer - Epoch 6/199
2019-01-10 00:25:33,775 - INFO - allennlp.training.trainer - Peak CPU memory usage MB: 8741.644
2019-01-10 00:25:34,012 - INFO - allennlp.training.trainer - GPU 0 memory usage MB: 20
2019-01-10 00:25:34,012 - INFO - allennlp.training.trainer - GPU 1 memory usage MB: 1985
2019-01-10 00:25:34,013 - INFO - allennlp.training.trainer - Training
2019-01-10 00:26:21,757 - INFO - allennlp.training.trainer - Validating
2019-01-10 00:26:23,413 - INFO - allennlp.training.trainer -                          Training |  Validation
2019-01-10 00:26:23,413 - INFO - allennlp.training.trainer - Reconstruction       |   570.965  |   554.850
2019-01-10 00:26:23,413 - INFO - allennlp.training.trainer - loss                 |  57544.894  |  58141.555
2019-01-10 00:26:23,413 - INFO - allennlp.training.trainer - Scaled_Cross_Entropy |   612.053  |  2120.683
2019-01-10 00:26:23,413 - INFO - allennlp.training.trainer - ELBO                 |  56932.841  |  56020.872
2019-01-10 00:26:23,413 - INFO - allennlp.training.trainer - Accuracy             |     0.878  |     0.852
2019-01-10 00:26:23,413 - INFO - allennlp.training.trainer - KL-Divergence        |  155151.328  |     4.665
2019-01-10 00:26:23,439 - INFO - allennlp.training.trainer - Epoch duration: 00:00:49
2019-01-10 00:26:23,439 - INFO - allennlp.training.trainer - Estimated training time remaining: 5:48:59
2019-01-10 00:26:23,439 - INFO - allennlp.training.trainer - Epoch 7/199
2019-01-10 00:26:23,439 - INFO - allennlp.training.trainer - Peak CPU memory usage MB: 8741.644
2019-01-10 00:26:23,676 - INFO - allennlp.training.trainer - GPU 0 memory usage MB: 20
2019-01-10 00:26:23,677 - INFO - allennlp.training.trainer - GPU 1 memory usage MB: 1985
2019-01-10 00:26:23,677 - INFO - allennlp.training.trainer - Training
2019-01-10 00:27:09,671 - INFO - allennlp.training.trainer - Validating
2019-01-10 00:27:11,347 - INFO - allennlp.training.trainer -                          Training |  Validation
2019-01-10 00:27:11,347 - INFO - allennlp.training.trainer - Reconstruction       |   569.879  |   553.856
2019-01-10 00:27:11,347 - INFO - allennlp.training.trainer - loss                 |  57427.470  |  58105.095
2019-01-10 00:27:11,347 - INFO - allennlp.training.trainer - Scaled_Cross_Entropy |   654.904  |  2185.281
2019-01-10 00:27:11,348 - INFO - allennlp.training.trainer - ELBO                 |  56772.567  |  55919.814
2019-01-10 00:27:11,348 - INFO - allennlp.training.trainer - Accuracy             |     0.875  |     0.857
2019-01-10 00:27:11,348 - INFO - allennlp.training.trainer - KL-Divergence        |    12.690  |     4.649
2019-01-10 00:27:11,373 - INFO - allennlp.training.trainer - Epoch duration: 00:00:47
2019-01-10 00:27:11,373 - INFO - allennlp.training.trainer - Estimated training time remaining: 5:22:57
2019-01-10 00:27:11,373 - INFO - allennlp.training.trainer - Epoch 8/199
2019-01-10 00:27:11,373 - INFO - allennlp.training.trainer - Peak CPU memory usage MB: 8741.644
2019-01-10 00:27:11,610 - INFO - allennlp.training.trainer - GPU 0 memory usage MB: 20
2019-01-10 00:27:11,610 - INFO - allennlp.training.trainer - GPU 1 memory usage MB: 1985
2019-01-10 00:27:11,611 - INFO - allennlp.training.trainer - Training
2019-01-10 00:27:58,244 - INFO - allennlp.training.trainer - Validating
2019-01-10 00:27:59,922 - INFO - allennlp.training.trainer -                          Training |  Validation
2019-01-10 00:27:59,923 - INFO - allennlp.training.trainer - Reconstruction       |   569.111  |   553.863
2019-01-10 00:27:59,924 - INFO - allennlp.training.trainer - loss                 |  57315.719  |  58359.813
2019-01-10 00:27:59,924 - INFO - allennlp.training.trainer - Scaled_Cross_Entropy |   602.496  |  2429.105
2019-01-10 00:27:59,924 - INFO - allennlp.training.trainer - ELBO                 |  56713.223  |  55930.708
2019-01-10 00:27:59,924 - INFO - allennlp.training.trainer - Accuracy             |     0.878  |     0.837
2019-01-10 00:27:59,925 - INFO - allennlp.training.trainer - KL-Divergence        |    24.231  |     4.750
2019-01-10 00:27:59,948 - INFO - allennlp.training.trainer - Epoch duration: 00:00:48
2019-01-10 00:27:59,948 - INFO - allennlp.training.trainer - Estimated training time remaining: 5:02:45
2019-01-10 00:27:59,948 - INFO - allennlp.training.trainer - Epoch 9/199
2019-01-10 00:27:59,948 - INFO - allennlp.training.trainer - Peak CPU memory usage MB: 8741.644
2019-01-10 00:28:00,185 - INFO - allennlp.training.trainer - GPU 0 memory usage MB: 20
2019-01-10 00:28:00,185 - INFO - allennlp.training.trainer - GPU 1 memory usage MB: 1985
2019-01-10 00:28:00,186 - INFO - allennlp.training.trainer - Training
2019-01-10 00:28:46,574 - INFO - allennlp.training.trainer - Validating
2019-01-10 00:28:48,229 - INFO - allennlp.training.trainer -                          Training |  Validation
2019-01-10 00:28:48,229 - INFO - allennlp.training.trainer - Reconstruction       |   567.362  |   553.600
2019-01-10 00:28:48,229 - INFO - allennlp.training.trainer - loss                 |  57323.923  |  58609.976
2019-01-10 00:28:48,229 - INFO - allennlp.training.trainer - Scaled_Cross_Entropy |   643.125  |  2719.411
2019-01-10 00:28:48,230 - INFO - allennlp.training.trainer - ELBO                 |  56680.798  |  55890.565
2019-01-10 00:28:48,230 - INFO - allennlp.training.trainer - Accuracy             |     0.874  |     0.837
2019-01-10 00:28:48,230 - INFO - allennlp.training.trainer - KL-Divergence        |    13.346  |     4.612
2019-01-10 00:28:48,255 - INFO - allennlp.training.trainer - Epoch duration: 00:00:48
2019-01-10 00:28:48,255 - INFO - allennlp.training.trainer - Estimated training time remaining: 4:46:21
2019-01-10 00:28:48,255 - INFO - allennlp.training.trainer - Epoch 10/199
2019-01-10 00:28:48,255 - INFO - allennlp.training.trainer - Peak CPU memory usage MB: 8741.644
2019-01-10 00:28:48,493 - INFO - allennlp.training.trainer - GPU 0 memory usage MB: 20
2019-01-10 00:28:48,494 - INFO - allennlp.training.trainer - GPU 1 memory usage MB: 1985
2019-01-10 00:28:48,494 - INFO - allennlp.training.trainer - Training
2019-01-10 00:29:35,218 - INFO - allennlp.training.trainer - Validating
2019-01-10 00:29:36,892 - INFO - allennlp.training.trainer -                          Training |  Validation
2019-01-10 00:29:36,893 - INFO - allennlp.training.trainer - Reconstruction       |   566.319  |   553.175
2019-01-10 00:29:36,893 - INFO - allennlp.training.trainer - loss                 |  57255.302  |  58094.752
2019-01-10 00:29:36,893 - INFO - allennlp.training.trainer - Scaled_Cross_Entropy |   609.424  |  2234.056
2019-01-10 00:29:36,893 - INFO - allennlp.training.trainer - ELBO                 |  56645.879  |  55860.695
2019-01-10 00:29:36,893 - INFO - allennlp.training.trainer - Accuracy             |     0.878  |     0.852
2019-01-10 00:29:36,893 - INFO - allennlp.training.trainer - KL-Divergence        |     9.357  |     4.738
2019-01-10 00:29:36,919 - INFO - allennlp.training.trainer - Epoch duration: 00:00:48
2019-01-10 00:29:36,919 - INFO - allennlp.training.trainer - Estimated training time remaining: 4:32:53
2019-01-10 00:29:36,919 - INFO - allennlp.training.trainer - Epoch 11/199
2019-01-10 00:29:36,920 - INFO - allennlp.training.trainer - Peak CPU memory usage MB: 8741.644
2019-01-10 00:29:37,150 - INFO - allennlp.training.trainer - GPU 0 memory usage MB: 20
2019-01-10 00:29:37,150 - INFO - allennlp.training.trainer - GPU 1 memory usage MB: 1985
2019-01-10 00:29:37,151 - INFO - allennlp.training.trainer - Training
2019-01-10 00:30:23,981 - INFO - allennlp.training.trainer - Validating
2019-01-10 00:30:25,634 - INFO - allennlp.training.trainer -                          Training |  Validation
2019-01-10 00:30:25,634 - INFO - allennlp.training.trainer - Reconstruction       |   565.686  |   552.606
2019-01-10 00:30:25,634 - INFO - allennlp.training.trainer - loss                 |  57207.723  |  58004.663
2019-01-10 00:30:25,634 - INFO - allennlp.training.trainer - Scaled_Cross_Entropy |   585.279  |  2181.715
2019-01-10 00:30:25,634 - INFO - allennlp.training.trainer - ELBO                 |  56622.445  |  55822.948
2019-01-10 00:30:25,634 - INFO - allennlp.training.trainer - Accuracy             |     0.879  |     0.851
2019-01-10 00:30:25,634 - INFO - allennlp.training.trainer - KL-Divergence        |     9.531  |     4.930
2019-01-10 00:30:25,661 - INFO - allennlp.training.trainer - Epoch duration: 00:00:48
2019-01-10 00:30:25,661 - INFO - allennlp.training.trainer - Estimated training time remaining: 4:21:33
2019-01-10 00:30:25,661 - INFO - allennlp.training.trainer - Epoch 12/199
2019-01-10 00:30:25,661 - INFO - allennlp.training.trainer - Peak CPU memory usage MB: 8742.0
2019-01-10 00:30:25,891 - INFO - allennlp.training.trainer - GPU 0 memory usage MB: 20
2019-01-10 00:30:25,891 - INFO - allennlp.training.trainer - GPU 1 memory usage MB: 1985
2019-01-10 00:30:25,892 - INFO - allennlp.training.trainer - Training
2019-01-10 00:31:11,390 - INFO - allennlp.training.trainer - Validating
2019-01-10 00:31:13,039 - INFO - allennlp.training.trainer -                          Training |  Validation
2019-01-10 00:31:13,039 - INFO - allennlp.training.trainer - Reconstruction       |   565.096  |   552.462
2019-01-10 00:31:13,039 - INFO - allennlp.training.trainer - loss                 |  57219.912  |  57931.030
2019-01-10 00:31:13,039 - INFO - allennlp.training.trainer - Scaled_Cross_Entropy |   619.321  |  2124.374
2019-01-10 00:31:13,039 - INFO - allennlp.training.trainer - ELBO                 |  56600.591  |  55806.656
2019-01-10 00:31:13,039 - INFO - allennlp.training.trainer - Accuracy             |     0.878  |     0.853
2019-01-10 00:31:13,039 - INFO - allennlp.training.trainer - KL-Divergence        |     8.772  |     4.911
2019-01-10 00:31:13,065 - INFO - allennlp.training.trainer - Epoch duration: 00:00:47
2019-01-10 00:31:13,065 - INFO - allennlp.training.trainer - Estimated training time remaining: 4:11:30
2019-01-10 00:31:13,065 - INFO - allennlp.training.trainer - Epoch 13/199
2019-01-10 00:31:13,065 - INFO - allennlp.training.trainer - Peak CPU memory usage MB: 8742.232
2019-01-10 00:31:13,294 - INFO - allennlp.training.trainer - GPU 0 memory usage MB: 20
2019-01-10 00:31:13,295 - INFO - allennlp.training.trainer - GPU 1 memory usage MB: 1985
2019-01-10 00:31:13,295 - INFO - allennlp.training.trainer - Training
2019-01-10 00:31:59,285 - INFO - allennlp.training.trainer - Validating
2019-01-10 00:32:00,946 - INFO - allennlp.training.trainer -                          Training |  Validation
2019-01-10 00:32:00,947 - INFO - allennlp.training.trainer - Reconstruction       |   564.712  |   552.501
2019-01-10 00:32:00,947 - INFO - allennlp.training.trainer - loss                 |  57159.005  |  58148.878
2019-01-10 00:32:00,947 - INFO - allennlp.training.trainer - Scaled_Cross_Entropy |   581.630  |  2350.357
2019-01-10 00:32:00,948 - INFO - allennlp.training.trainer - ELBO                 |  56577.375  |  55798.521
2019-01-10 00:32:00,949 - INFO - allennlp.training.trainer - Accuracy             |     0.881  |     0.841
2019-01-10 00:32:00,949 - INFO - allennlp.training.trainer - KL-Divergence        |     9.043  |     4.791
2019-01-10 00:32:00,972 - INFO - allennlp.training.trainer - Epoch duration: 00:00:47
2019-01-10 00:32:00,972 - INFO - allennlp.training.trainer - Estimated training time remaining: 4:02:54
2019-01-10 00:32:00,972 - INFO - allennlp.training.trainer - Epoch 14/199
2019-01-10 00:32:00,972 - INFO - allennlp.training.trainer - Peak CPU memory usage MB: 8742.232
2019-01-10 00:32:01,206 - INFO - allennlp.training.trainer - GPU 0 memory usage MB: 20
2019-01-10 00:32:01,207 - INFO - allennlp.training.trainer - GPU 1 memory usage MB: 1985
2019-01-10 00:32:01,207 - INFO - allennlp.training.trainer - Training
2019-01-10 00:32:48,479 - INFO - allennlp.training.trainer - Validating
2019-01-10 00:32:50,188 - INFO - allennlp.training.trainer -                          Training |  Validation
2019-01-10 00:32:50,188 - INFO - allennlp.training.trainer - Reconstruction       |   564.183  |   552.321
2019-01-10 00:32:50,188 - INFO - allennlp.training.trainer - loss                 |  57112.514  |  57909.288
2019-01-10 00:32:50,188 - INFO - allennlp.training.trainer - Scaled_Cross_Entropy |   551.243  |  2124.971
2019-01-10 00:32:50,188 - INFO - allennlp.training.trainer - ELBO                 |  56561.271  |  55784.318
2019-01-10 00:32:50,188 - INFO - allennlp.training.trainer - Accuracy             |     0.883  |     0.845
2019-01-10 00:32:50,188 - INFO - allennlp.training.trainer - KL-Divergence        |     8.996  |     4.830
2019-01-10 00:32:50,214 - INFO - allennlp.training.trainer - Epoch duration: 00:00:49
2019-01-10 00:32:50,214 - INFO - allennlp.training.trainer - Estimated training time remaining: 3:55:36
2019-01-10 00:32:50,214 - INFO - allennlp.training.trainer - Epoch 15/199
2019-01-10 00:32:50,214 - INFO - allennlp.training.trainer - Peak CPU memory usage MB: 8742.456
2019-01-10 00:32:50,448 - INFO - allennlp.training.trainer - GPU 0 memory usage MB: 20
2019-01-10 00:32:50,449 - INFO - allennlp.training.trainer - GPU 1 memory usage MB: 1985
2019-01-10 00:32:50,450 - INFO - allennlp.training.trainer - Training
2019-01-10 00:33:36,739 - INFO - allennlp.training.trainer - Validating
2019-01-10 00:33:38,387 - INFO - allennlp.training.trainer -                          Training |  Validation
2019-01-10 00:33:38,389 - INFO - allennlp.training.trainer - Reconstruction       |   563.741  |   551.912
2019-01-10 00:33:38,389 - INFO - allennlp.training.trainer - loss                 |  57121.400  |  57974.506
2019-01-10 00:33:38,389 - INFO - allennlp.training.trainer - Scaled_Cross_Entropy |   578.120  |  2221.515
2019-01-10 00:33:38,389 - INFO - allennlp.training.trainer - ELBO                 |  56543.280  |  55752.990
2019-01-10 00:33:38,389 - INFO - allennlp.training.trainer - Accuracy             |     0.880  |     0.847
2019-01-10 00:33:38,389 - INFO - allennlp.training.trainer - KL-Divergence        |     8.906  |     4.925
2019-01-10 00:33:38,412 - INFO - allennlp.training.trainer - Epoch duration: 00:00:48
2019-01-10 00:33:38,412 - INFO - allennlp.training.trainer - Estimated training time remaining: 3:48:55
2019-01-10 00:33:38,412 - INFO - allennlp.training.trainer - Epoch 16/199
2019-01-10 00:33:38,412 - INFO - allennlp.training.trainer - Peak CPU memory usage MB: 8742.596
2019-01-10 00:33:38,648 - INFO - allennlp.training.trainer - GPU 0 memory usage MB: 20
2019-01-10 00:33:38,649 - INFO - allennlp.training.trainer - GPU 1 memory usage MB: 1985
2019-01-10 00:33:38,649 - INFO - allennlp.training.trainer - Training
2019-01-10 00:34:24,278 - INFO - allennlp.training.trainer - Validating
2019-01-10 00:34:25,988 - INFO - allennlp.training.trainer -                          Training |  Validation
2019-01-10 00:34:25,989 - INFO - allennlp.training.trainer - Reconstruction       |   563.139  |   551.878
2019-01-10 00:34:25,990 - INFO - allennlp.training.trainer - loss                 |  57109.441  |  57718.944
2019-01-10 00:34:25,990 - INFO - allennlp.training.trainer - Scaled_Cross_Entropy |   572.771  |  1956.957
2019-01-10 00:34:25,990 - INFO - allennlp.training.trainer - ELBO                 |  56536.670  |  55761.987
2019-01-10 00:34:25,990 - INFO - allennlp.training.trainer - Accuracy             |     0.881  |     0.858
2019-01-10 00:34:25,990 - INFO - allennlp.training.trainer - KL-Divergence        |     8.411  |     5.049
2019-01-10 00:34:26,013 - INFO - allennlp.training.trainer - Epoch duration: 00:00:47
2019-01-10 00:34:26,014 - INFO - allennlp.training.trainer - Estimated training time remaining: 3:42:50
2019-01-10 00:34:26,014 - INFO - allennlp.training.trainer - Epoch 17/199
2019-01-10 00:34:26,014 - INFO - allennlp.training.trainer - Peak CPU memory usage MB: 8742.692
2019-01-10 00:34:26,263 - INFO - allennlp.training.trainer - GPU 0 memory usage MB: 20
2019-01-10 00:34:26,263 - INFO - allennlp.training.trainer - GPU 1 memory usage MB: 1985
2019-01-10 00:34:26,263 - INFO - allennlp.training.trainer - Training
2019-01-10 00:35:14,113 - INFO - allennlp.training.trainer - Validating
2019-01-10 00:35:15,787 - INFO - allennlp.training.trainer -                          Training |  Validation
2019-01-10 00:35:15,788 - INFO - allennlp.training.trainer - Reconstruction       |   562.656  |   551.465
2019-01-10 00:35:15,788 - INFO - allennlp.training.trainer - loss                 |  57089.150  |  57648.811
2019-01-10 00:35:15,789 - INFO - allennlp.training.trainer - Scaled_Cross_Entropy |   565.938  |  1934.060
2019-01-10 00:35:15,789 - INFO - allennlp.training.trainer - ELBO                 |  56523.211  |  55714.751
2019-01-10 00:35:15,789 - INFO - allennlp.training.trainer - Accuracy             |     0.885  |     0.858
2019-01-10 00:35:15,789 - INFO - allennlp.training.trainer - KL-Divergence        |     8.622  |     4.990
2019-01-10 00:35:15,812 - INFO - allennlp.training.trainer - Epoch duration: 00:00:49
2019-01-10 00:35:15,812 - INFO - allennlp.training.trainer - Estimated training time remaining: 3:37:41
2019-01-10 00:35:15,812 - INFO - allennlp.training.trainer - Epoch 18/199
2019-01-10 00:35:15,812 - INFO - allennlp.training.trainer - Peak CPU memory usage MB: 8742.8
2019-01-10 00:35:16,037 - INFO - allennlp.training.trainer - GPU 0 memory usage MB: 20
2019-01-10 00:35:16,038 - INFO - allennlp.training.trainer - GPU 1 memory usage MB: 1985
2019-01-10 00:35:16,038 - INFO - allennlp.training.trainer - Training
2019-01-10 00:36:02,910 - INFO - allennlp.training.trainer - Validating
2019-01-10 00:36:04,556 - INFO - allennlp.training.trainer -                          Training |  Validation
2019-01-10 00:36:04,556 - INFO - allennlp.training.trainer - Reconstruction       |   562.356  |   551.523
2019-01-10 00:36:04,557 - INFO - allennlp.training.trainer - loss                 |  57052.353  |  57652.273
2019-01-10 00:36:04,557 - INFO - allennlp.training.trainer - Scaled_Cross_Entropy |   541.576  |  1947.983
2019-01-10 00:36:04,558 - INFO - allennlp.training.trainer - ELBO                 |  56510.776  |  55704.291
2019-01-10 00:36:04,558 - INFO - allennlp.training.trainer - Accuracy             |     0.882  |     0.855
2019-01-10 00:36:04,558 - INFO - allennlp.training.trainer - KL-Divergence        |     7.664  |     4.827
2019-01-10 00:36:04,581 - INFO - allennlp.training.trainer - Epoch duration: 00:00:48
2019-01-10 00:36:04,581 - INFO - allennlp.training.trainer - Estimated training time remaining: 3:32:50
2019-01-10 00:36:04,581 - INFO - allennlp.training.trainer - Epoch 19/199
2019-01-10 00:36:04,581 - INFO - allennlp.training.trainer - Peak CPU memory usage MB: 8742.8
2019-01-10 00:36:04,809 - INFO - allennlp.training.trainer - GPU 0 memory usage MB: 20
2019-01-10 00:36:04,809 - INFO - allennlp.training.trainer - GPU 1 memory usage MB: 1985
2019-01-10 00:36:04,810 - INFO - allennlp.training.trainer - Training
2019-01-10 00:36:50,172 - INFO - allennlp.training.trainer - Validating
2019-01-10 00:36:51,832 - INFO - allennlp.training.trainer -                          Training |  Validation
2019-01-10 00:36:51,833 - INFO - allennlp.training.trainer - Reconstruction       |   562.136  |   551.527
2019-01-10 00:36:51,834 - INFO - allennlp.training.trainer - loss                 |  57072.268  |  57701.442
2019-01-10 00:36:51,834 - INFO - allennlp.training.trainer - Scaled_Cross_Entropy |   569.322  |  1964.960
2019-01-10 00:36:51,834 - INFO - allennlp.training.trainer - ELBO                 |  56502.946  |  55736.483
2019-01-10 00:36:51,834 - INFO - allennlp.training.trainer - Accuracy             |     0.882  |     0.853
2019-01-10 00:36:51,834 - INFO - allennlp.training.trainer - KL-Divergence        |     7.506  |     5.145
2019-01-10 00:36:51,857 - INFO - allennlp.training.trainer - Epoch duration: 00:00:47
2019-01-10 00:36:51,857 - INFO - allennlp.training.trainer - Estimated training time remaining: 3:28:10
2019-01-10 00:36:51,857 - INFO - allennlp.training.trainer - Epoch 20/199
2019-01-10 00:36:51,857 - INFO - allennlp.training.trainer - Peak CPU memory usage MB: 8742.888
2019-01-10 00:36:52,090 - INFO - allennlp.training.trainer - GPU 0 memory usage MB: 20
2019-01-10 00:36:52,091 - INFO - allennlp.training.trainer - GPU 1 memory usage MB: 1985
2019-01-10 00:36:52,091 - INFO - allennlp.training.trainer - Training
2019-01-10 00:37:37,614 - INFO - allennlp.training.trainer - Validating
2019-01-10 00:37:39,270 - INFO - allennlp.training.trainer -                          Training |  Validation
2019-01-10 00:37:39,270 - INFO - allennlp.training.trainer - Reconstruction       |   561.176  |   551.485
2019-01-10 00:37:39,270 - INFO - allennlp.training.trainer - loss                 |  57034.583  |  57828.000
2019-01-10 00:37:39,271 - INFO - allennlp.training.trainer - Scaled_Cross_Entropy |   543.297  |  2120.239
2019-01-10 00:37:39,271 - INFO - allennlp.training.trainer - ELBO                 |  56491.286  |  55707.762
2019-01-10 00:37:39,271 - INFO - allennlp.training.trainer - Accuracy             |     0.882  |     0.849
2019-01-10 00:37:39,271 - INFO - allennlp.training.trainer - KL-Divergence        |     7.003  |     4.899
2019-01-10 00:37:39,299 - INFO - allennlp.training.trainer - Epoch duration: 00:00:47
2019-01-10 00:37:39,299 - INFO - allennlp.training.trainer - Estimated training time remaining: 3:23:54
2019-01-10 00:37:39,299 - INFO - allennlp.training.trainer - Epoch 21/199
2019-01-10 00:37:39,299 - INFO - allennlp.training.trainer - Peak CPU memory usage MB: 8743.008
2019-01-10 00:37:39,522 - INFO - allennlp.training.trainer - GPU 0 memory usage MB: 20
2019-01-10 00:37:39,522 - INFO - allennlp.training.trainer - GPU 1 memory usage MB: 1985
2019-01-10 00:37:39,523 - INFO - allennlp.training.trainer - Training
2019-01-10 00:38:25,446 - INFO - allennlp.training.trainer - Validating
2019-01-10 00:38:27,108 - INFO - allennlp.training.trainer - Ran out of patience.  Stopping training.
2019-01-10 00:38:27,109 - INFO - allennlp.models.archival - archiving weights and vocabulary to experiments/semi_supervised/boe_trials/results/boe0/model.tar.gz
2019-01-10 00:38:28,094 - INFO - allennlp.commands.train - Loading the best epoch weights.
2019-01-10 00:38:28,108 - INFO - allennlp.common.util - Metrics: {
  "training_duration": "00:23:55",
  "training_start_epoch": 0,
  "training_epochs": 20,
  "epoch": 20,
  "training_KL-Divergence": 7.003101348876953,
  "training_Reconstruction": 561.176025390625,
  "training_Accuracy": 0.88225,
  "training_Scaled_Cross_Entropy": 543.2973022460938,
  "training_ELBO": 56491.285534446026,
  "training_loss": 57034.583061079546,
  "validation_KL-Divergence": 4.899474620819092,
  "validation_Reconstruction": 551.4849853515625,
  "validation_Accuracy": 0.8492,
  "validation_Scaled_Cross_Entropy": 2120.23876953125,
  "validation_ELBO": 55707.761640625,
  "validation_loss": 57828.00046875,
  "best_epoch": 1,
  "best_validation_KL-Divergence": 5.679935932159424,
  "best_validation_Reconstruction": 566.5180053710938,
  "best_validation_Accuracy": 0.868,
  "best_validation_Scaled_Cross_Entropy": 2018.145263671875,
  "best_validation_ELBO": 57289.113125,
  "best_validation_loss": 59307.258515625
}
