2019-01-13 14:26:49,526 - INFO - allennlp.common.from_params - instantiating class <class 'allennlp.data.dataset_readers.dataset_reader.DatasetReader'> from params {'type': 'document_reader'} and extras {}
2019-01-13 14:26:49,526 - INFO - allennlp.common.params - dataset_reader.type = document_reader
2019-01-13 14:26:49,526 - INFO - allennlp.common.from_params - instantiating class <class 'library.dataset_readers.document_reader.DocumentReader'> from params {} and extras {}
2019-01-13 14:26:49,527 - INFO - allennlp.common.params - dataset_reader.lazy = False
2019-01-13 14:26:49,527 - INFO - allennlp.common.params - dataset_reader.token_indexers = <allennlp.common.params.Params object at 0x7fa72ab6b860>
2019-01-13 14:26:49,527 - INFO - allennlp.common.params - dataset_reader.use_stopless_tokens = True
2019-01-13 14:26:49,758 - INFO - allennlp.common.params - validation_dataset_reader = None
2019-01-13 14:26:49,759 - INFO - allennlp.common.params - train_data_path = /data/dangt7/IMDB/train_labelled.filtered.jsonl
2019-01-13 14:26:49,759 - INFO - allennlp.commands.train - Reading training data from /data/dangt7/IMDB/train_labelled.filtered.jsonl
2019-01-13 14:26:49,759 - INFO - library.dataset_readers.document_reader - Reading instances from lines in file: /data/dangt7/IMDB/train_labelled.filtered.jsonl
2019-01-13 14:27:51,872 - INFO - allennlp.common.params - validation_data_path = /data/dangt7/IMDB/valid.filtered.jsonl
2019-01-13 14:27:51,872 - INFO - allennlp.commands.train - Reading validation data from /data/dangt7/IMDB/valid.filtered.jsonl
2019-01-13 14:27:51,872 - INFO - library.dataset_readers.document_reader - Reading instances from lines in file: /data/dangt7/IMDB/valid.filtered.jsonl
2019-01-13 14:28:07,280 - INFO - allennlp.common.params - test_data_path = None
2019-01-13 14:28:07,280 - INFO - allennlp.commands.train - From dataset instances, validation, train will be considered for vocabulary creation.
2019-01-13 14:28:07,280 - INFO - allennlp.common.params - vocabulary.type = None
2019-01-13 14:28:07,280 - INFO - allennlp.common.params - vocabulary.extend = False
2019-01-13 14:28:07,280 - INFO - allennlp.common.params - vocabulary.directory_path = None
2019-01-13 14:28:07,280 - INFO - allennlp.common.params - vocabulary.min_count = None
2019-01-13 14:28:07,280 - INFO - allennlp.common.params - vocabulary.max_vocab_size = 2000
2019-01-13 14:28:07,280 - INFO - allennlp.common.params - vocabulary.non_padded_namespaces = ('*tags', '*labels')
2019-01-13 14:28:07,280 - INFO - allennlp.common.params - vocabulary.min_pretrained_embeddings = None
2019-01-13 14:28:07,280 - INFO - allennlp.common.params - vocabulary.only_include_pretrained_words = False
2019-01-13 14:28:07,280 - INFO - allennlp.common.params - vocabulary.tokens_to_add = None
2019-01-13 14:28:07,280 - INFO - allennlp.data.vocabulary - Fitting token dictionary from dataset.
2019-01-13 14:28:11,093 - INFO - allennlp.common.from_params - instantiating class <class 'allennlp.models.model.Model'> from params {'classification_layer': {'activations': ['linear'], 'hidden_dims': [2], 'input_dim': 300, 'num_layers': 1}, 'encoder': {'embedding_dim': 300, 'type': 'boe'}, 'text_field_embedder': {'tokens': {'embedding_dim': 300, 'pretrained_file': '/data/dangt7/glove/glove.6B.300d.txt', 'trainable': True, 'type': 'embedding', 'vocab_namespace': 'tokens'}}, 'type': 'seq2vec_classifier'} and extras {'vocab': <allennlp.data.vocabulary.Vocabulary object at 0x7fa72ab6b860>}
2019-01-13 14:28:11,094 - INFO - allennlp.common.params - model.type = seq2vec_classifier
2019-01-13 14:28:11,094 - INFO - allennlp.common.from_params - instantiating class <class 'library.models.baselines.Seq2VecClassifier'> from params {'classification_layer': {'activations': ['linear'], 'hidden_dims': [2], 'input_dim': 300, 'num_layers': 1}, 'encoder': {'embedding_dim': 300, 'type': 'boe'}, 'text_field_embedder': {'tokens': {'embedding_dim': 300, 'pretrained_file': '/data/dangt7/glove/glove.6B.300d.txt', 'trainable': True, 'type': 'embedding', 'vocab_namespace': 'tokens'}}} and extras {'vocab': <allennlp.data.vocabulary.Vocabulary object at 0x7fa72ab6b860>}
2019-01-13 14:28:11,094 - INFO - allennlp.common.from_params - instantiating class <class 'allennlp.modules.seq2vec_encoders.seq2vec_encoder.Seq2VecEncoder'> from params {'embedding_dim': 300, 'type': 'boe'} and extras {'vocab': <allennlp.data.vocabulary.Vocabulary object at 0x7fa72ab6b860>}
2019-01-13 14:28:11,094 - INFO - allennlp.common.params - model.encoder.type = boe
2019-01-13 14:28:11,094 - INFO - allennlp.common.from_params - instantiating class <class 'allennlp.modules.seq2vec_encoders.boe_encoder.BagOfEmbeddingsEncoder'> from params {'embedding_dim': 300} and extras {'vocab': <allennlp.data.vocabulary.Vocabulary object at 0x7fa72ab6b860>}
2019-01-13 14:28:11,094 - INFO - allennlp.common.params - model.encoder.embedding_dim = 300
2019-01-13 14:28:11,094 - INFO - allennlp.common.params - model.encoder.averaged = False
2019-01-13 14:28:11,094 - INFO - allennlp.common.params - model.classification_layer.input_dim = 300
2019-01-13 14:28:11,094 - INFO - allennlp.common.params - model.classification_layer.num_layers = 1
2019-01-13 14:28:11,094 - INFO - allennlp.common.params - model.classification_layer.hidden_dims = [2]
2019-01-13 14:28:11,095 - INFO - allennlp.common.params - model.classification_layer.activations = ['linear']
2019-01-13 14:28:11,095 - INFO - allennlp.common.params - model.classification_layer.dropout = 0.0
2019-01-13 14:28:11,095 - INFO - allennlp.common.registrable - instantiating registered subclass linear of <class 'allennlp.nn.activations.Activation'>
2019-01-13 14:28:11,095 - INFO - allennlp.common.from_params - instantiating class <class 'allennlp.modules.text_field_embedders.text_field_embedder.TextFieldEmbedder'> from params {'tokens': {'embedding_dim': 300, 'pretrained_file': '/data/dangt7/glove/glove.6B.300d.txt', 'trainable': True, 'type': 'embedding', 'vocab_namespace': 'tokens'}} and extras {'vocab': <allennlp.data.vocabulary.Vocabulary object at 0x7fa72ab6b860>}
2019-01-13 14:28:11,095 - INFO - allennlp.common.params - model.text_field_embedder.type = basic
2019-01-13 14:28:11,095 - INFO - allennlp.common.params - model.text_field_embedder.embedder_to_indexer_map = None
2019-01-13 14:28:11,095 - INFO - allennlp.common.params - model.text_field_embedder.allow_unmatched_keys = False
2019-01-13 14:28:11,095 - INFO - allennlp.common.params - model.text_field_embedder.token_embedders = None
2019-01-13 14:28:11,096 - INFO - allennlp.common.from_params - instantiating class <class 'allennlp.modules.token_embedders.token_embedder.TokenEmbedder'> from params {'embedding_dim': 300, 'pretrained_file': '/data/dangt7/glove/glove.6B.300d.txt', 'trainable': True, 'type': 'embedding', 'vocab_namespace': 'tokens'} and extras {'vocab': <allennlp.data.vocabulary.Vocabulary object at 0x7fa72ab6b860>}
2019-01-13 14:28:11,096 - INFO - allennlp.common.params - model.text_field_embedder.tokens.type = embedding
2019-01-13 14:28:11,096 - INFO - allennlp.common.params - model.text_field_embedder.tokens.num_embeddings = None
2019-01-13 14:28:11,096 - INFO - allennlp.common.params - model.text_field_embedder.tokens.vocab_namespace = tokens
2019-01-13 14:28:11,096 - INFO - allennlp.common.params - model.text_field_embedder.tokens.embedding_dim = 300
2019-01-13 14:28:11,096 - INFO - allennlp.common.params - model.text_field_embedder.tokens.pretrained_file = /data/dangt7/glove/glove.6B.300d.txt
2019-01-13 14:28:11,096 - INFO - allennlp.common.params - model.text_field_embedder.tokens.projection_dim = None
2019-01-13 14:28:11,096 - INFO - allennlp.common.params - model.text_field_embedder.tokens.trainable = True
2019-01-13 14:28:11,096 - INFO - allennlp.common.params - model.text_field_embedder.tokens.padding_index = None
2019-01-13 14:28:11,096 - INFO - allennlp.common.params - model.text_field_embedder.tokens.max_norm = None
2019-01-13 14:28:11,096 - INFO - allennlp.common.params - model.text_field_embedder.tokens.norm_type = 2.0
2019-01-13 14:28:11,096 - INFO - allennlp.common.params - model.text_field_embedder.tokens.scale_grad_by_freq = False
2019-01-13 14:28:11,096 - INFO - allennlp.common.params - model.text_field_embedder.tokens.sparse = False
2019-01-13 14:28:11,096 - INFO - allennlp.modules.token_embedders.embedding - Reading pretrained embeddings from file
2019-01-13 14:28:12,260 - INFO - allennlp.modules.token_embedders.embedding - Initializing pre-trained embedding layer
2019-01-13 14:28:12,276 - INFO - allennlp.modules.token_embedders.embedding - Pretrained embeddings were found for 2000 out of 2002 tokens
2019-01-13 14:28:12,276 - INFO - allennlp.nn.initializers - Initializing parameters
2019-01-13 14:28:12,276 - INFO - allennlp.nn.initializers - Done initializing parameters; the following parameters are using their default initialization from their code
2019-01-13 14:28:12,277 - INFO - allennlp.nn.initializers -    classification_layer._linear_layers.0.bias
2019-01-13 14:28:12,277 - INFO - allennlp.nn.initializers -    classification_layer._linear_layers.0.weight
2019-01-13 14:28:12,277 - INFO - allennlp.nn.initializers -    text_field_embedder.token_embedder_tokens.weight
2019-01-13 14:28:12,281 - INFO - allennlp.common.from_params - instantiating class <class 'allennlp.data.iterators.data_iterator.DataIterator'> from params {'batch_size': 100, 'type': 'basic'} and extras {}
2019-01-13 14:28:12,281 - INFO - allennlp.common.params - iterator.type = basic
2019-01-13 14:28:12,281 - INFO - allennlp.common.from_params - instantiating class <class 'allennlp.data.iterators.basic_iterator.BasicIterator'> from params {'batch_size': 100} and extras {}
2019-01-13 14:28:12,281 - INFO - allennlp.common.params - iterator.batch_size = 100
2019-01-13 14:28:12,281 - INFO - allennlp.common.params - iterator.instances_per_epoch = None
2019-01-13 14:28:12,281 - INFO - allennlp.common.params - iterator.max_instances_in_memory = None
2019-01-13 14:28:12,281 - INFO - allennlp.common.params - iterator.cache_instances = False
2019-01-13 14:28:12,281 - INFO - allennlp.common.params - iterator.track_epoch = False
2019-01-13 14:28:12,281 - INFO - allennlp.common.params - iterator.maximum_samples_per_batch = None
2019-01-13 14:28:12,281 - INFO - allennlp.common.params - validation_iterator = None
2019-01-13 14:28:12,281 - INFO - allennlp.common.params - trainer.no_grad = ()
2019-01-13 14:28:12,281 - INFO - allennlp.commands.train - Following parameters are Frozen  (without gradient):
2019-01-13 14:28:12,281 - INFO - allennlp.commands.train - Following parameters are Tunable (with gradient):
2019-01-13 14:28:12,281 - INFO - allennlp.commands.train - classification_layer._linear_layers.0.weight
2019-01-13 14:28:12,281 - INFO - allennlp.commands.train - classification_layer._linear_layers.0.bias
2019-01-13 14:28:12,281 - INFO - allennlp.commands.train - text_field_embedder.token_embedder_tokens.weight
2019-01-13 14:28:12,282 - INFO - allennlp.common.params - trainer.patience = 20
2019-01-13 14:28:12,282 - INFO - allennlp.common.params - trainer.validation_metric = +accuracy
2019-01-13 14:28:12,282 - INFO - allennlp.common.params - trainer.shuffle = True
2019-01-13 14:28:12,282 - INFO - allennlp.common.params - trainer.num_epochs = 200
2019-01-13 14:28:12,282 - INFO - allennlp.common.params - trainer.cuda_device = 0
2019-01-13 14:28:12,282 - INFO - allennlp.common.params - trainer.grad_norm = None
2019-01-13 14:28:12,282 - INFO - allennlp.common.params - trainer.grad_clipping = None
2019-01-13 14:28:12,282 - INFO - allennlp.common.params - trainer.learning_rate_scheduler = None
2019-01-13 14:28:14,097 - INFO - allennlp.common.params - trainer.optimizer.type = adam
2019-01-13 14:28:14,097 - INFO - allennlp.common.params - trainer.optimizer.parameter_groups = None
2019-01-13 14:28:14,098 - INFO - allennlp.training.optimizers - Number of trainable parameters: 601202
2019-01-13 14:28:14,098 - INFO - allennlp.common.registrable - instantiating registered subclass adam of <class 'allennlp.training.optimizers.Optimizer'>
2019-01-13 14:28:14,098 - INFO - allennlp.common.params - Converting Params object to dict; logging of default values will not occur when dictionary parameters are used subsequently.
2019-01-13 14:28:14,098 - INFO - allennlp.common.params - CURRENTLY DEFINED PARAMETERS: 
2019-01-13 14:28:14,098 - INFO - allennlp.common.params - trainer.optimizer.lr = 0.001
2019-01-13 14:28:14,098 - INFO - allennlp.common.params - trainer.optimizer.weight_decay = 0.001
2019-01-13 14:28:14,098 - INFO - allennlp.common.params - trainer.num_serialized_models_to_keep = 20
2019-01-13 14:28:14,098 - INFO - allennlp.common.params - trainer.keep_serialized_model_every_num_seconds = None
2019-01-13 14:28:14,098 - INFO - allennlp.common.params - trainer.model_save_interval = None
2019-01-13 14:28:14,098 - INFO - allennlp.common.params - trainer.summary_interval = 100
2019-01-13 14:28:14,098 - INFO - allennlp.common.params - trainer.histogram_interval = None
2019-01-13 14:28:14,098 - INFO - allennlp.common.params - trainer.should_log_parameter_statistics = True
2019-01-13 14:28:14,098 - INFO - allennlp.common.params - trainer.should_log_learning_rate = False
2019-01-13 14:28:14,100 - INFO - allennlp.common.params - evaluate_on_test = False
2019-01-13 14:28:14,100 - INFO - allennlp.training.trainer - Beginning training.
2019-01-13 14:28:14,100 - INFO - allennlp.training.trainer - Epoch 0/199
2019-01-13 14:28:14,100 - INFO - allennlp.training.trainer - Peak CPU memory usage MB: 2992.464
2019-01-13 14:28:14,187 - INFO - allennlp.training.trainer - GPU 0 memory usage MB: 20
2019-01-13 14:28:14,188 - INFO - allennlp.training.trainer - GPU 1 memory usage MB: 537
2019-01-13 14:28:14,188 - INFO - allennlp.training.trainer - Training
2019-01-13 14:28:25,606 - INFO - allennlp.training.trainer - Validating
2019-01-13 14:28:26,983 - INFO - allennlp.training.trainer -              Training |  Validation
2019-01-13 14:28:26,983 - INFO - allennlp.training.trainer - loss     |     0.602  |     0.477
2019-01-13 14:28:26,984 - INFO - allennlp.training.trainer - accuracy |     0.776  |     0.811
2019-01-13 14:28:27,022 - INFO - allennlp.training.trainer - Best validation performance so far. Copying weights to 'experiments/supervised/boe_trials/results/boe0/best.th'.
2019-01-13 14:28:27,023 - INFO - allennlp.training.trainer - Epoch duration: 00:00:12
2019-01-13 14:28:27,023 - INFO - allennlp.training.trainer - Estimated training time remaining: 0:42:51
2019-01-13 14:28:27,023 - INFO - allennlp.training.trainer - Epoch 1/199
2019-01-13 14:28:27,023 - INFO - allennlp.training.trainer - Peak CPU memory usage MB: 3113.844
2019-01-13 14:28:27,117 - INFO - allennlp.training.trainer - GPU 0 memory usage MB: 20
2019-01-13 14:28:27,117 - INFO - allennlp.training.trainer - GPU 1 memory usage MB: 1217
2019-01-13 14:28:27,118 - INFO - allennlp.training.trainer - Training
2019-01-13 14:28:34,692 - INFO - allennlp.training.trainer - Validating
2019-01-13 14:28:35,233 - INFO - allennlp.training.trainer -              Training |  Validation
2019-01-13 14:28:35,234 - INFO - allennlp.training.trainer - loss     |     0.365  |     0.382
2019-01-13 14:28:35,234 - INFO - allennlp.training.trainer - accuracy |     0.849  |     0.845
2019-01-13 14:28:35,238 - INFO - allennlp.training.trainer - Best validation performance so far. Copying weights to 'experiments/supervised/boe_trials/results/boe0/best.th'.
2019-01-13 14:28:35,240 - INFO - allennlp.training.trainer - Epoch duration: 00:00:08
2019-01-13 14:28:35,240 - INFO - allennlp.training.trainer - Estimated training time remaining: 0:34:52
2019-01-13 14:28:35,240 - INFO - allennlp.training.trainer - Epoch 2/199
2019-01-13 14:28:35,240 - INFO - allennlp.training.trainer - Peak CPU memory usage MB: 3113.844
2019-01-13 14:28:35,337 - INFO - allennlp.training.trainer - GPU 0 memory usage MB: 20
2019-01-13 14:28:35,337 - INFO - allennlp.training.trainer - GPU 1 memory usage MB: 1217
2019-01-13 14:28:35,338 - INFO - allennlp.training.trainer - Training
2019-01-13 14:28:42,894 - INFO - allennlp.training.trainer - Validating
2019-01-13 14:28:43,440 - INFO - allennlp.training.trainer -              Training |  Validation
2019-01-13 14:28:43,441 - INFO - allennlp.training.trainer - loss     |     0.338  |     0.326
2019-01-13 14:28:43,441 - INFO - allennlp.training.trainer - accuracy |     0.863  |     0.867
2019-01-13 14:28:43,445 - INFO - allennlp.training.trainer - Best validation performance so far. Copying weights to 'experiments/supervised/boe_trials/results/boe0/best.th'.
2019-01-13 14:28:43,447 - INFO - allennlp.training.trainer - Epoch duration: 00:00:08
2019-01-13 14:28:43,447 - INFO - allennlp.training.trainer - Estimated training time remaining: 0:32:07
2019-01-13 14:28:43,447 - INFO - allennlp.training.trainer - Epoch 3/199
2019-01-13 14:28:43,447 - INFO - allennlp.training.trainer - Peak CPU memory usage MB: 3113.844
2019-01-13 14:28:43,542 - INFO - allennlp.training.trainer - GPU 0 memory usage MB: 20
2019-01-13 14:28:43,542 - INFO - allennlp.training.trainer - GPU 1 memory usage MB: 1217
2019-01-13 14:28:43,543 - INFO - allennlp.training.trainer - Training
2019-01-13 14:28:51,110 - INFO - allennlp.training.trainer - Validating
2019-01-13 14:28:51,654 - INFO - allennlp.training.trainer -              Training |  Validation
2019-01-13 14:28:51,655 - INFO - allennlp.training.trainer - loss     |     0.404  |     0.358
2019-01-13 14:28:51,655 - INFO - allennlp.training.trainer - accuracy |     0.848  |     0.857
2019-01-13 14:28:51,660 - INFO - allennlp.training.trainer - Epoch duration: 00:00:08
2019-01-13 14:28:51,660 - INFO - allennlp.training.trainer - Estimated training time remaining: 0:30:40
2019-01-13 14:28:51,660 - INFO - allennlp.training.trainer - Epoch 4/199
2019-01-13 14:28:51,660 - INFO - allennlp.training.trainer - Peak CPU memory usage MB: 3113.844
2019-01-13 14:28:51,751 - INFO - allennlp.training.trainer - GPU 0 memory usage MB: 20
2019-01-13 14:28:51,751 - INFO - allennlp.training.trainer - GPU 1 memory usage MB: 1217
2019-01-13 14:28:51,752 - INFO - allennlp.training.trainer - Training
2019-01-13 14:28:59,306 - INFO - allennlp.training.trainer - Validating
2019-01-13 14:28:59,850 - INFO - allennlp.training.trainer -              Training |  Validation
2019-01-13 14:28:59,851 - INFO - allennlp.training.trainer - loss     |     0.330  |     0.328
2019-01-13 14:28:59,851 - INFO - allennlp.training.trainer - accuracy |     0.867  |     0.870
2019-01-13 14:28:59,855 - INFO - allennlp.training.trainer - Best validation performance so far. Copying weights to 'experiments/supervised/boe_trials/results/boe0/best.th'.
2019-01-13 14:28:59,857 - INFO - allennlp.training.trainer - Epoch duration: 00:00:08
2019-01-13 14:28:59,857 - INFO - allennlp.training.trainer - Estimated training time remaining: 0:29:44
2019-01-13 14:28:59,857 - INFO - allennlp.training.trainer - Epoch 5/199
2019-01-13 14:28:59,857 - INFO - allennlp.training.trainer - Peak CPU memory usage MB: 3113.844
2019-01-13 14:28:59,949 - INFO - allennlp.training.trainer - GPU 0 memory usage MB: 20
2019-01-13 14:28:59,950 - INFO - allennlp.training.trainer - GPU 1 memory usage MB: 1217
2019-01-13 14:28:59,950 - INFO - allennlp.training.trainer - Training
2019-01-13 14:29:07,494 - INFO - allennlp.training.trainer - Validating
2019-01-13 14:29:08,042 - INFO - allennlp.training.trainer -              Training |  Validation
2019-01-13 14:29:08,043 - INFO - allennlp.training.trainer - loss     |     0.332  |     0.328
2019-01-13 14:29:08,043 - INFO - allennlp.training.trainer - accuracy |     0.865  |     0.867
2019-01-13 14:29:08,047 - INFO - allennlp.training.trainer - Epoch duration: 00:00:08
2019-01-13 14:29:08,047 - INFO - allennlp.training.trainer - Estimated training time remaining: 0:29:04
2019-01-13 14:29:08,047 - INFO - allennlp.training.trainer - Epoch 6/199
2019-01-13 14:29:08,047 - INFO - allennlp.training.trainer - Peak CPU memory usage MB: 3113.844
2019-01-13 14:29:08,138 - INFO - allennlp.training.trainer - GPU 0 memory usage MB: 20
2019-01-13 14:29:08,138 - INFO - allennlp.training.trainer - GPU 1 memory usage MB: 1217
2019-01-13 14:29:08,139 - INFO - allennlp.training.trainer - Training
2019-01-13 14:29:15,750 - INFO - allennlp.training.trainer - Validating
2019-01-13 14:29:16,296 - INFO - allennlp.training.trainer -              Training |  Validation
2019-01-13 14:29:16,297 - INFO - allennlp.training.trainer - loss     |     0.341  |     0.340
2019-01-13 14:29:16,297 - INFO - allennlp.training.trainer - accuracy |     0.863  |     0.869
2019-01-13 14:29:16,301 - INFO - allennlp.training.trainer - Epoch duration: 00:00:08
2019-01-13 14:29:16,301 - INFO - allennlp.training.trainer - Estimated training time remaining: 0:28:34
2019-01-13 14:29:16,302 - INFO - allennlp.training.trainer - Epoch 7/199
2019-01-13 14:29:16,302 - INFO - allennlp.training.trainer - Peak CPU memory usage MB: 3113.844
2019-01-13 14:29:16,394 - INFO - allennlp.training.trainer - GPU 0 memory usage MB: 20
2019-01-13 14:29:16,395 - INFO - allennlp.training.trainer - GPU 1 memory usage MB: 1217
2019-01-13 14:29:16,395 - INFO - allennlp.training.trainer - Training
2019-01-13 14:29:24,025 - INFO - allennlp.training.trainer - Validating
2019-01-13 14:29:24,569 - INFO - allennlp.training.trainer -              Training |  Validation
2019-01-13 14:29:24,570 - INFO - allennlp.training.trainer - loss     |     0.348  |     0.396
2019-01-13 14:29:24,570 - INFO - allennlp.training.trainer - accuracy |     0.862  |     0.847
2019-01-13 14:29:24,575 - INFO - allennlp.training.trainer - Epoch duration: 00:00:08
2019-01-13 14:29:24,575 - INFO - allennlp.training.trainer - Estimated training time remaining: 0:28:11
2019-01-13 14:29:24,575 - INFO - allennlp.training.trainer - Epoch 8/199
2019-01-13 14:29:24,575 - INFO - allennlp.training.trainer - Peak CPU memory usage MB: 3113.844
2019-01-13 14:29:24,670 - INFO - allennlp.training.trainer - GPU 0 memory usage MB: 20
2019-01-13 14:29:24,670 - INFO - allennlp.training.trainer - GPU 1 memory usage MB: 1217
2019-01-13 14:29:24,671 - INFO - allennlp.training.trainer - Training
2019-01-13 14:29:32,213 - INFO - allennlp.training.trainer - Validating
2019-01-13 14:29:32,758 - INFO - allennlp.training.trainer -              Training |  Validation
2019-01-13 14:29:32,759 - INFO - allennlp.training.trainer - loss     |     0.325  |     0.448
2019-01-13 14:29:32,759 - INFO - allennlp.training.trainer - accuracy |     0.872  |     0.823
2019-01-13 14:29:32,763 - INFO - allennlp.training.trainer - Epoch duration: 00:00:08
2019-01-13 14:29:32,763 - INFO - allennlp.training.trainer - Estimated training time remaining: 0:27:49
2019-01-13 14:29:32,763 - INFO - allennlp.training.trainer - Epoch 9/199
2019-01-13 14:29:32,763 - INFO - allennlp.training.trainer - Peak CPU memory usage MB: 3113.844
2019-01-13 14:29:32,857 - INFO - allennlp.training.trainer - GPU 0 memory usage MB: 20
2019-01-13 14:29:32,858 - INFO - allennlp.training.trainer - GPU 1 memory usage MB: 1217
2019-01-13 14:29:32,858 - INFO - allennlp.training.trainer - Training
2019-01-13 14:29:40,473 - INFO - allennlp.training.trainer - Validating
2019-01-13 14:29:41,018 - INFO - allennlp.training.trainer -              Training |  Validation
2019-01-13 14:29:41,019 - INFO - allennlp.training.trainer - loss     |     0.335  |     0.373
2019-01-13 14:29:41,019 - INFO - allennlp.training.trainer - accuracy |     0.864  |     0.850
2019-01-13 14:29:41,024 - INFO - allennlp.training.trainer - Epoch duration: 00:00:08
2019-01-13 14:29:41,024 - INFO - allennlp.training.trainer - Estimated training time remaining: 0:27:31
2019-01-13 14:29:41,024 - INFO - allennlp.training.trainer - Epoch 10/199
2019-01-13 14:29:41,024 - INFO - allennlp.training.trainer - Peak CPU memory usage MB: 3113.844
2019-01-13 14:29:41,118 - INFO - allennlp.training.trainer - GPU 0 memory usage MB: 20
2019-01-13 14:29:41,118 - INFO - allennlp.training.trainer - GPU 1 memory usage MB: 1217
2019-01-13 14:29:41,119 - INFO - allennlp.training.trainer - Training
2019-01-13 14:29:48,713 - INFO - allennlp.training.trainer - Validating
2019-01-13 14:29:49,260 - INFO - allennlp.training.trainer -              Training |  Validation
2019-01-13 14:29:49,261 - INFO - allennlp.training.trainer - loss     |     0.335  |     0.339
2019-01-13 14:29:49,261 - INFO - allennlp.training.trainer - accuracy |     0.865  |     0.865
2019-01-13 14:29:49,265 - INFO - allennlp.training.trainer - Epoch duration: 00:00:08
2019-01-13 14:29:49,265 - INFO - allennlp.training.trainer - Estimated training time remaining: 0:27:15
2019-01-13 14:29:49,265 - INFO - allennlp.training.trainer - Epoch 11/199
2019-01-13 14:29:49,265 - INFO - allennlp.training.trainer - Peak CPU memory usage MB: 3113.844
2019-01-13 14:29:49,356 - INFO - allennlp.training.trainer - GPU 0 memory usage MB: 20
2019-01-13 14:29:49,357 - INFO - allennlp.training.trainer - GPU 1 memory usage MB: 1217
2019-01-13 14:29:49,357 - INFO - allennlp.training.trainer - Training
2019-01-13 14:29:56,981 - INFO - allennlp.training.trainer - Validating
2019-01-13 14:29:57,530 - INFO - allennlp.training.trainer -              Training |  Validation
2019-01-13 14:29:57,531 - INFO - allennlp.training.trainer - loss     |     0.311  |     0.416
2019-01-13 14:29:57,531 - INFO - allennlp.training.trainer - accuracy |     0.873  |     0.837
2019-01-13 14:29:57,536 - INFO - allennlp.training.trainer - Epoch duration: 00:00:08
2019-01-13 14:29:57,536 - INFO - allennlp.training.trainer - Estimated training time remaining: 0:27:00
2019-01-13 14:29:57,536 - INFO - allennlp.training.trainer - Epoch 12/199
2019-01-13 14:29:57,536 - INFO - allennlp.training.trainer - Peak CPU memory usage MB: 3113.844
2019-01-13 14:29:57,626 - INFO - allennlp.training.trainer - GPU 0 memory usage MB: 20
2019-01-13 14:29:57,626 - INFO - allennlp.training.trainer - GPU 1 memory usage MB: 1217
2019-01-13 14:29:57,626 - INFO - allennlp.training.trainer - Training
2019-01-13 14:30:05,194 - INFO - allennlp.training.trainer - Validating
2019-01-13 14:30:05,738 - INFO - allennlp.training.trainer -              Training |  Validation
2019-01-13 14:30:05,739 - INFO - allennlp.training.trainer - loss     |     0.330  |     0.448
2019-01-13 14:30:05,739 - INFO - allennlp.training.trainer - accuracy |     0.869  |     0.821
2019-01-13 14:30:05,743 - INFO - allennlp.training.trainer - Epoch duration: 00:00:08
2019-01-13 14:30:05,743 - INFO - allennlp.training.trainer - Estimated training time remaining: 0:26:45
2019-01-13 14:30:05,743 - INFO - allennlp.training.trainer - Epoch 13/199
2019-01-13 14:30:05,743 - INFO - allennlp.training.trainer - Peak CPU memory usage MB: 3113.844
2019-01-13 14:30:05,835 - INFO - allennlp.training.trainer - GPU 0 memory usage MB: 20
2019-01-13 14:30:05,835 - INFO - allennlp.training.trainer - GPU 1 memory usage MB: 1217
2019-01-13 14:30:05,835 - INFO - allennlp.training.trainer - Training
2019-01-13 14:30:13,286 - INFO - allennlp.training.trainer - Validating
2019-01-13 14:30:13,829 - INFO - allennlp.training.trainer -              Training |  Validation
2019-01-13 14:30:13,829 - INFO - allennlp.training.trainer - loss     |     0.330  |     0.343
2019-01-13 14:30:13,829 - INFO - allennlp.training.trainer - accuracy |     0.869  |     0.864
2019-01-13 14:30:13,834 - INFO - allennlp.training.trainer - Epoch duration: 00:00:08
2019-01-13 14:30:13,834 - INFO - allennlp.training.trainer - Estimated training time remaining: 0:26:30
2019-01-13 14:30:13,834 - INFO - allennlp.training.trainer - Epoch 14/199
2019-01-13 14:30:13,834 - INFO - allennlp.training.trainer - Peak CPU memory usage MB: 3113.844
2019-01-13 14:30:13,927 - INFO - allennlp.training.trainer - GPU 0 memory usage MB: 20
2019-01-13 14:30:13,928 - INFO - allennlp.training.trainer - GPU 1 memory usage MB: 1217
2019-01-13 14:30:13,928 - INFO - allennlp.training.trainer - Training
2019-01-13 14:30:21,497 - INFO - allennlp.training.trainer - Validating
2019-01-13 14:30:22,039 - INFO - allennlp.training.trainer -              Training |  Validation
2019-01-13 14:30:22,039 - INFO - allennlp.training.trainer - loss     |     0.315  |     0.357
2019-01-13 14:30:22,039 - INFO - allennlp.training.trainer - accuracy |     0.875  |     0.857
2019-01-13 14:30:22,044 - INFO - allennlp.training.trainer - Epoch duration: 00:00:08
2019-01-13 14:30:22,044 - INFO - allennlp.training.trainer - Estimated training time remaining: 0:26:17
2019-01-13 14:30:22,044 - INFO - allennlp.training.trainer - Epoch 15/199
2019-01-13 14:30:22,044 - INFO - allennlp.training.trainer - Peak CPU memory usage MB: 3113.844
2019-01-13 14:30:22,136 - INFO - allennlp.training.trainer - GPU 0 memory usage MB: 20
2019-01-13 14:30:22,136 - INFO - allennlp.training.trainer - GPU 1 memory usage MB: 1217
2019-01-13 14:30:22,137 - INFO - allennlp.training.trainer - Training
2019-01-13 14:30:29,667 - INFO - allennlp.training.trainer - Validating
2019-01-13 14:30:30,212 - INFO - allennlp.training.trainer -              Training |  Validation
2019-01-13 14:30:30,213 - INFO - allennlp.training.trainer - loss     |     0.313  |     0.338
2019-01-13 14:30:30,213 - INFO - allennlp.training.trainer - accuracy |     0.876  |     0.867
2019-01-13 14:30:30,218 - INFO - allennlp.training.trainer - Epoch duration: 00:00:08
2019-01-13 14:30:30,218 - INFO - allennlp.training.trainer - Estimated training time remaining: 0:26:05
2019-01-13 14:30:30,218 - INFO - allennlp.training.trainer - Epoch 16/199
2019-01-13 14:30:30,218 - INFO - allennlp.training.trainer - Peak CPU memory usage MB: 3113.844
2019-01-13 14:30:30,308 - INFO - allennlp.training.trainer - GPU 0 memory usage MB: 20
2019-01-13 14:30:30,308 - INFO - allennlp.training.trainer - GPU 1 memory usage MB: 1217
2019-01-13 14:30:30,309 - INFO - allennlp.training.trainer - Training
2019-01-13 14:30:37,890 - INFO - allennlp.training.trainer - Validating
2019-01-13 14:30:38,435 - INFO - allennlp.training.trainer -              Training |  Validation
2019-01-13 14:30:38,436 - INFO - allennlp.training.trainer - loss     |     0.358  |     0.368
2019-01-13 14:30:38,436 - INFO - allennlp.training.trainer - accuracy |     0.862  |     0.859
2019-01-13 14:30:38,441 - INFO - allennlp.training.trainer - Epoch duration: 00:00:08
2019-01-13 14:30:38,441 - INFO - allennlp.training.trainer - Estimated training time remaining: 0:25:53
2019-01-13 14:30:38,441 - INFO - allennlp.training.trainer - Epoch 17/199
2019-01-13 14:30:38,441 - INFO - allennlp.training.trainer - Peak CPU memory usage MB: 3113.844
2019-01-13 14:30:38,533 - INFO - allennlp.training.trainer - GPU 0 memory usage MB: 20
2019-01-13 14:30:38,534 - INFO - allennlp.training.trainer - GPU 1 memory usage MB: 1217
2019-01-13 14:30:38,534 - INFO - allennlp.training.trainer - Training
2019-01-13 14:30:46,103 - INFO - allennlp.training.trainer - Validating
2019-01-13 14:30:46,648 - INFO - allennlp.training.trainer -              Training |  Validation
2019-01-13 14:30:46,649 - INFO - allennlp.training.trainer - loss     |     0.315  |     0.347
2019-01-13 14:30:46,649 - INFO - allennlp.training.trainer - accuracy |     0.875  |     0.863
2019-01-13 14:30:46,653 - INFO - allennlp.training.trainer - Epoch duration: 00:00:08
2019-01-13 14:30:46,653 - INFO - allennlp.training.trainer - Estimated training time remaining: 0:25:42
2019-01-13 14:30:46,654 - INFO - allennlp.training.trainer - Epoch 18/199
2019-01-13 14:30:46,654 - INFO - allennlp.training.trainer - Peak CPU memory usage MB: 3113.844
2019-01-13 14:30:46,746 - INFO - allennlp.training.trainer - GPU 0 memory usage MB: 20
2019-01-13 14:30:46,747 - INFO - allennlp.training.trainer - GPU 1 memory usage MB: 1217
2019-01-13 14:30:46,747 - INFO - allennlp.training.trainer - Training
2019-01-13 14:30:54,401 - INFO - allennlp.training.trainer - Validating
2019-01-13 14:30:54,946 - INFO - allennlp.training.trainer -              Training |  Validation
2019-01-13 14:30:54,947 - INFO - allennlp.training.trainer - loss     |     0.331  |     0.347
2019-01-13 14:30:54,947 - INFO - allennlp.training.trainer - accuracy |     0.871  |     0.865
2019-01-13 14:30:54,951 - INFO - allennlp.training.trainer - Epoch duration: 00:00:08
2019-01-13 14:30:54,951 - INFO - allennlp.training.trainer - Estimated training time remaining: 0:25:32
2019-01-13 14:30:54,951 - INFO - allennlp.training.trainer - Epoch 19/199
2019-01-13 14:30:54,951 - INFO - allennlp.training.trainer - Peak CPU memory usage MB: 3113.844
2019-01-13 14:30:55,045 - INFO - allennlp.training.trainer - GPU 0 memory usage MB: 20
2019-01-13 14:30:55,046 - INFO - allennlp.training.trainer - GPU 1 memory usage MB: 1217
2019-01-13 14:30:55,046 - INFO - allennlp.training.trainer - Training
2019-01-13 14:31:02,725 - INFO - allennlp.training.trainer - Validating
2019-01-13 14:31:03,278 - INFO - allennlp.training.trainer -              Training |  Validation
2019-01-13 14:31:03,279 - INFO - allennlp.training.trainer - loss     |     0.310  |     0.355
2019-01-13 14:31:03,279 - INFO - allennlp.training.trainer - accuracy |     0.878  |     0.860
2019-01-13 14:31:03,284 - INFO - allennlp.training.trainer - Epoch duration: 00:00:08
2019-01-13 14:31:03,284 - INFO - allennlp.training.trainer - Estimated training time remaining: 0:25:22
2019-01-13 14:31:03,284 - INFO - allennlp.training.trainer - Epoch 20/199
2019-01-13 14:31:03,284 - INFO - allennlp.training.trainer - Peak CPU memory usage MB: 3113.844
2019-01-13 14:31:03,378 - INFO - allennlp.training.trainer - GPU 0 memory usage MB: 20
2019-01-13 14:31:03,378 - INFO - allennlp.training.trainer - GPU 1 memory usage MB: 1217
2019-01-13 14:31:03,378 - INFO - allennlp.training.trainer - Training
2019-01-13 14:31:10,999 - INFO - allennlp.training.trainer - Validating
2019-01-13 14:31:11,544 - INFO - allennlp.training.trainer -              Training |  Validation
2019-01-13 14:31:11,544 - INFO - allennlp.training.trainer - loss     |     0.319  |     0.344
2019-01-13 14:31:11,545 - INFO - allennlp.training.trainer - accuracy |     0.875  |     0.867
2019-01-13 14:31:11,550 - INFO - allennlp.training.trainer - Epoch duration: 00:00:08
2019-01-13 14:31:11,550 - INFO - allennlp.training.trainer - Estimated training time remaining: 0:25:12
2019-01-13 14:31:11,550 - INFO - allennlp.training.trainer - Epoch 21/199
2019-01-13 14:31:11,550 - INFO - allennlp.training.trainer - Peak CPU memory usage MB: 3113.844
2019-01-13 14:31:11,645 - INFO - allennlp.training.trainer - GPU 0 memory usage MB: 20
2019-01-13 14:31:11,645 - INFO - allennlp.training.trainer - GPU 1 memory usage MB: 1217
2019-01-13 14:31:11,645 - INFO - allennlp.training.trainer - Training
2019-01-13 14:31:19,225 - INFO - allennlp.training.trainer - Validating
2019-01-13 14:31:19,778 - INFO - allennlp.training.trainer -              Training |  Validation
2019-01-13 14:31:19,779 - INFO - allennlp.training.trainer - loss     |     0.315  |     0.376
2019-01-13 14:31:19,780 - INFO - allennlp.training.trainer - accuracy |     0.875  |     0.855
2019-01-13 14:31:19,785 - INFO - allennlp.training.trainer - Epoch duration: 00:00:08
2019-01-13 14:31:19,785 - INFO - allennlp.training.trainer - Estimated training time remaining: 0:25:02
2019-01-13 14:31:19,785 - INFO - allennlp.training.trainer - Epoch 22/199
2019-01-13 14:31:19,785 - INFO - allennlp.training.trainer - Peak CPU memory usage MB: 3113.844
2019-01-13 14:31:19,877 - INFO - allennlp.training.trainer - GPU 0 memory usage MB: 20
2019-01-13 14:31:19,878 - INFO - allennlp.training.trainer - GPU 1 memory usage MB: 1217
2019-01-13 14:31:19,878 - INFO - allennlp.training.trainer - Training
2019-01-13 14:31:27,563 - INFO - allennlp.training.trainer - Validating
2019-01-13 14:31:28,107 - INFO - allennlp.training.trainer -              Training |  Validation
2019-01-13 14:31:28,108 - INFO - allennlp.training.trainer - loss     |     0.308  |     0.393
2019-01-13 14:31:28,108 - INFO - allennlp.training.trainer - accuracy |     0.879  |     0.846
2019-01-13 14:31:28,113 - INFO - allennlp.training.trainer - Epoch duration: 00:00:08
2019-01-13 14:31:28,113 - INFO - allennlp.training.trainer - Estimated training time remaining: 0:24:53
2019-01-13 14:31:28,113 - INFO - allennlp.training.trainer - Epoch 23/199
2019-01-13 14:31:28,113 - INFO - allennlp.training.trainer - Peak CPU memory usage MB: 3113.844
2019-01-13 14:31:28,207 - INFO - allennlp.training.trainer - GPU 0 memory usage MB: 20
2019-01-13 14:31:28,208 - INFO - allennlp.training.trainer - GPU 1 memory usage MB: 1217
2019-01-13 14:31:28,208 - INFO - allennlp.training.trainer - Training
2019-01-13 14:31:35,752 - INFO - allennlp.training.trainer - Validating
2019-01-13 14:31:36,295 - INFO - allennlp.training.trainer -              Training |  Validation
2019-01-13 14:31:36,296 - INFO - allennlp.training.trainer - loss     |     0.325  |     0.614
2019-01-13 14:31:36,296 - INFO - allennlp.training.trainer - accuracy |     0.874  |     0.806
2019-01-13 14:31:36,301 - INFO - allennlp.training.trainer - Epoch duration: 00:00:08
2019-01-13 14:31:36,301 - INFO - allennlp.training.trainer - Estimated training time remaining: 0:24:42
2019-01-13 14:31:36,301 - INFO - allennlp.training.trainer - Epoch 24/199
2019-01-13 14:31:36,301 - INFO - allennlp.training.trainer - Peak CPU memory usage MB: 3113.844
2019-01-13 14:31:36,393 - INFO - allennlp.training.trainer - GPU 0 memory usage MB: 20
2019-01-13 14:31:36,394 - INFO - allennlp.training.trainer - GPU 1 memory usage MB: 1217
2019-01-13 14:31:36,394 - INFO - allennlp.training.trainer - Training
2019-01-13 14:31:44,008 - INFO - allennlp.training.trainer - Validating
2019-01-13 14:31:44,550 - INFO - allennlp.training.trainer - Ran out of patience.  Stopping training.
2019-01-13 14:31:44,550 - INFO - allennlp.models.archival - archiving weights and vocabulary to experiments/supervised/boe_trials/results/boe0/model.tar.gz
2019-01-13 14:31:44,640 - INFO - allennlp.commands.train - Loading the best epoch weights.
2019-01-13 14:31:44,642 - INFO - allennlp.common.util - Metrics: {
  "training_duration": "00:03:22",
  "training_start_epoch": 0,
  "training_epochs": 23,
  "epoch": 23,
  "training_accuracy": 0.8736,
  "training_loss": 0.32477916061878204,
  "validation_accuracy": 0.806,
  "validation_loss": 0.6135806304216385,
  "best_epoch": 4,
  "best_validation_accuracy": 0.8702,
  "best_validation_loss": 0.3280827659368515
}
