2019-01-13 15:34:48,665 - INFO - allennlp.common.from_params - instantiating class <class 'allennlp.data.dataset_readers.dataset_reader.DatasetReader'> from params {'type': 'document_reader'} and extras {}
2019-01-13 15:34:48,665 - INFO - allennlp.common.params - dataset_reader.type = document_reader
2019-01-13 15:34:48,665 - INFO - allennlp.common.from_params - instantiating class <class 'library.dataset_readers.document_reader.DocumentReader'> from params {} and extras {}
2019-01-13 15:34:48,665 - INFO - allennlp.common.params - dataset_reader.lazy = False
2019-01-13 15:34:48,665 - INFO - allennlp.common.params - dataset_reader.token_indexers = <allennlp.common.params.Params object at 0x7f866d4bd0b8>
2019-01-13 15:34:48,665 - INFO - allennlp.common.params - dataset_reader.use_stopless_tokens = True
2019-01-13 15:34:48,892 - INFO - allennlp.common.params - validation_dataset_reader = None
2019-01-13 15:34:48,893 - INFO - allennlp.common.params - train_data_path = /data/dangt7/IMDB/train_labelled.filtered.jsonl
2019-01-13 15:34:48,893 - INFO - allennlp.commands.train - Reading training data from /data/dangt7/IMDB/train_labelled.filtered.jsonl
2019-01-13 15:34:48,893 - INFO - library.dataset_readers.document_reader - Reading instances from lines in file: /data/dangt7/IMDB/train_labelled.filtered.jsonl
2019-01-13 15:35:51,213 - INFO - allennlp.common.params - validation_data_path = /data/dangt7/IMDB/valid.filtered.jsonl
2019-01-13 15:35:51,213 - INFO - allennlp.commands.train - Reading validation data from /data/dangt7/IMDB/valid.filtered.jsonl
2019-01-13 15:35:51,213 - INFO - library.dataset_readers.document_reader - Reading instances from lines in file: /data/dangt7/IMDB/valid.filtered.jsonl
2019-01-13 15:36:06,593 - INFO - allennlp.common.params - test_data_path = None
2019-01-13 15:36:06,593 - INFO - allennlp.commands.train - From dataset instances, validation, train will be considered for vocabulary creation.
2019-01-13 15:36:06,593 - INFO - allennlp.common.params - vocabulary.type = None
2019-01-13 15:36:06,593 - INFO - allennlp.common.params - vocabulary.extend = False
2019-01-13 15:36:06,593 - INFO - allennlp.common.params - vocabulary.directory_path = None
2019-01-13 15:36:06,593 - INFO - allennlp.common.params - vocabulary.min_count = None
2019-01-13 15:36:06,593 - INFO - allennlp.common.params - vocabulary.max_vocab_size = 2000
2019-01-13 15:36:06,593 - INFO - allennlp.common.params - vocabulary.non_padded_namespaces = ('*tags', '*labels')
2019-01-13 15:36:06,593 - INFO - allennlp.common.params - vocabulary.min_pretrained_embeddings = None
2019-01-13 15:36:06,593 - INFO - allennlp.common.params - vocabulary.only_include_pretrained_words = False
2019-01-13 15:36:06,593 - INFO - allennlp.common.params - vocabulary.tokens_to_add = None
2019-01-13 15:36:06,593 - INFO - allennlp.data.vocabulary - Fitting token dictionary from dataset.
2019-01-13 15:36:10,050 - INFO - allennlp.common.from_params - instantiating class <class 'allennlp.models.model.Model'> from params {'classification_layer': {'activations': ['linear'], 'hidden_dims': [2], 'input_dim': 300, 'num_layers': 1}, 'encoder': {'embedding_dim': 300, 'type': 'boe'}, 'text_field_embedder': {'tokens': {'embedding_dim': 300, 'pretrained_file': '/data/dangt7/glove/glove.6B.300d.txt', 'trainable': True, 'type': 'embedding', 'vocab_namespace': 'tokens'}}, 'type': 'seq2vec_classifier'} and extras {'vocab': <allennlp.data.vocabulary.Vocabulary object at 0x7f866d4bd0b8>}
2019-01-13 15:36:10,050 - INFO - allennlp.common.params - model.type = seq2vec_classifier
2019-01-13 15:36:10,050 - INFO - allennlp.common.from_params - instantiating class <class 'library.models.baselines.Seq2VecClassifier'> from params {'classification_layer': {'activations': ['linear'], 'hidden_dims': [2], 'input_dim': 300, 'num_layers': 1}, 'encoder': {'embedding_dim': 300, 'type': 'boe'}, 'text_field_embedder': {'tokens': {'embedding_dim': 300, 'pretrained_file': '/data/dangt7/glove/glove.6B.300d.txt', 'trainable': True, 'type': 'embedding', 'vocab_namespace': 'tokens'}}} and extras {'vocab': <allennlp.data.vocabulary.Vocabulary object at 0x7f866d4bd0b8>}
2019-01-13 15:36:10,050 - INFO - allennlp.common.from_params - instantiating class <class 'allennlp.modules.seq2vec_encoders.seq2vec_encoder.Seq2VecEncoder'> from params {'embedding_dim': 300, 'type': 'boe'} and extras {'vocab': <allennlp.data.vocabulary.Vocabulary object at 0x7f866d4bd0b8>}
2019-01-13 15:36:10,050 - INFO - allennlp.common.params - model.encoder.type = boe
2019-01-13 15:36:10,050 - INFO - allennlp.common.from_params - instantiating class <class 'allennlp.modules.seq2vec_encoders.boe_encoder.BagOfEmbeddingsEncoder'> from params {'embedding_dim': 300} and extras {'vocab': <allennlp.data.vocabulary.Vocabulary object at 0x7f866d4bd0b8>}
2019-01-13 15:36:10,050 - INFO - allennlp.common.params - model.encoder.embedding_dim = 300
2019-01-13 15:36:10,050 - INFO - allennlp.common.params - model.encoder.averaged = False
2019-01-13 15:36:10,051 - INFO - allennlp.common.params - model.classification_layer.input_dim = 300
2019-01-13 15:36:10,051 - INFO - allennlp.common.params - model.classification_layer.num_layers = 1
2019-01-13 15:36:10,051 - INFO - allennlp.common.params - model.classification_layer.hidden_dims = [2]
2019-01-13 15:36:10,051 - INFO - allennlp.common.params - model.classification_layer.activations = ['linear']
2019-01-13 15:36:10,051 - INFO - allennlp.common.params - model.classification_layer.dropout = 0.0
2019-01-13 15:36:10,051 - INFO - allennlp.common.registrable - instantiating registered subclass linear of <class 'allennlp.nn.activations.Activation'>
2019-01-13 15:36:10,051 - INFO - allennlp.common.from_params - instantiating class <class 'allennlp.modules.text_field_embedders.text_field_embedder.TextFieldEmbedder'> from params {'tokens': {'embedding_dim': 300, 'pretrained_file': '/data/dangt7/glove/glove.6B.300d.txt', 'trainable': True, 'type': 'embedding', 'vocab_namespace': 'tokens'}} and extras {'vocab': <allennlp.data.vocabulary.Vocabulary object at 0x7f866d4bd0b8>}
2019-01-13 15:36:10,051 - INFO - allennlp.common.params - model.text_field_embedder.type = basic
2019-01-13 15:36:10,052 - INFO - allennlp.common.params - model.text_field_embedder.embedder_to_indexer_map = None
2019-01-13 15:36:10,052 - INFO - allennlp.common.params - model.text_field_embedder.allow_unmatched_keys = False
2019-01-13 15:36:10,052 - INFO - allennlp.common.params - model.text_field_embedder.token_embedders = None
2019-01-13 15:36:10,052 - INFO - allennlp.common.from_params - instantiating class <class 'allennlp.modules.token_embedders.token_embedder.TokenEmbedder'> from params {'embedding_dim': 300, 'pretrained_file': '/data/dangt7/glove/glove.6B.300d.txt', 'trainable': True, 'type': 'embedding', 'vocab_namespace': 'tokens'} and extras {'vocab': <allennlp.data.vocabulary.Vocabulary object at 0x7f866d4bd0b8>}
2019-01-13 15:36:10,052 - INFO - allennlp.common.params - model.text_field_embedder.tokens.type = embedding
2019-01-13 15:36:10,052 - INFO - allennlp.common.params - model.text_field_embedder.tokens.num_embeddings = None
2019-01-13 15:36:10,052 - INFO - allennlp.common.params - model.text_field_embedder.tokens.vocab_namespace = tokens
2019-01-13 15:36:10,052 - INFO - allennlp.common.params - model.text_field_embedder.tokens.embedding_dim = 300
2019-01-13 15:36:10,052 - INFO - allennlp.common.params - model.text_field_embedder.tokens.pretrained_file = /data/dangt7/glove/glove.6B.300d.txt
2019-01-13 15:36:10,052 - INFO - allennlp.common.params - model.text_field_embedder.tokens.projection_dim = None
2019-01-13 15:36:10,052 - INFO - allennlp.common.params - model.text_field_embedder.tokens.trainable = True
2019-01-13 15:36:10,052 - INFO - allennlp.common.params - model.text_field_embedder.tokens.padding_index = None
2019-01-13 15:36:10,052 - INFO - allennlp.common.params - model.text_field_embedder.tokens.max_norm = None
2019-01-13 15:36:10,052 - INFO - allennlp.common.params - model.text_field_embedder.tokens.norm_type = 2.0
2019-01-13 15:36:10,052 - INFO - allennlp.common.params - model.text_field_embedder.tokens.scale_grad_by_freq = False
2019-01-13 15:36:10,052 - INFO - allennlp.common.params - model.text_field_embedder.tokens.sparse = False
2019-01-13 15:36:10,053 - INFO - allennlp.modules.token_embedders.embedding - Reading pretrained embeddings from file
2019-01-13 15:36:11,220 - INFO - allennlp.modules.token_embedders.embedding - Initializing pre-trained embedding layer
2019-01-13 15:36:11,236 - INFO - allennlp.modules.token_embedders.embedding - Pretrained embeddings were found for 2000 out of 2002 tokens
2019-01-13 15:36:11,236 - INFO - allennlp.nn.initializers - Initializing parameters
2019-01-13 15:36:11,236 - INFO - allennlp.nn.initializers - Done initializing parameters; the following parameters are using their default initialization from their code
2019-01-13 15:36:11,236 - INFO - allennlp.nn.initializers -    classification_layer._linear_layers.0.bias
2019-01-13 15:36:11,236 - INFO - allennlp.nn.initializers -    classification_layer._linear_layers.0.weight
2019-01-13 15:36:11,237 - INFO - allennlp.nn.initializers -    text_field_embedder.token_embedder_tokens.weight
2019-01-13 15:36:11,240 - INFO - allennlp.common.from_params - instantiating class <class 'allennlp.data.iterators.data_iterator.DataIterator'> from params {'batch_size': 100, 'type': 'basic'} and extras {}
2019-01-13 15:36:11,240 - INFO - allennlp.common.params - iterator.type = basic
2019-01-13 15:36:11,240 - INFO - allennlp.common.from_params - instantiating class <class 'allennlp.data.iterators.basic_iterator.BasicIterator'> from params {'batch_size': 100} and extras {}
2019-01-13 15:36:11,241 - INFO - allennlp.common.params - iterator.batch_size = 100
2019-01-13 15:36:11,241 - INFO - allennlp.common.params - iterator.instances_per_epoch = None
2019-01-13 15:36:11,241 - INFO - allennlp.common.params - iterator.max_instances_in_memory = None
2019-01-13 15:36:11,241 - INFO - allennlp.common.params - iterator.cache_instances = False
2019-01-13 15:36:11,241 - INFO - allennlp.common.params - iterator.track_epoch = False
2019-01-13 15:36:11,241 - INFO - allennlp.common.params - iterator.maximum_samples_per_batch = None
2019-01-13 15:36:11,241 - INFO - allennlp.common.params - validation_iterator = None
2019-01-13 15:36:11,241 - INFO - allennlp.common.params - trainer.no_grad = ()
2019-01-13 15:36:11,241 - INFO - allennlp.commands.train - Following parameters are Frozen  (without gradient):
2019-01-13 15:36:11,241 - INFO - allennlp.commands.train - Following parameters are Tunable (with gradient):
2019-01-13 15:36:11,241 - INFO - allennlp.commands.train - classification_layer._linear_layers.0.weight
2019-01-13 15:36:11,241 - INFO - allennlp.commands.train - classification_layer._linear_layers.0.bias
2019-01-13 15:36:11,241 - INFO - allennlp.commands.train - text_field_embedder.token_embedder_tokens.weight
2019-01-13 15:36:11,241 - INFO - allennlp.common.params - trainer.patience = 20
2019-01-13 15:36:11,241 - INFO - allennlp.common.params - trainer.validation_metric = +accuracy
2019-01-13 15:36:11,241 - INFO - allennlp.common.params - trainer.shuffle = True
2019-01-13 15:36:11,241 - INFO - allennlp.common.params - trainer.num_epochs = 200
2019-01-13 15:36:11,241 - INFO - allennlp.common.params - trainer.cuda_device = 0
2019-01-13 15:36:11,241 - INFO - allennlp.common.params - trainer.grad_norm = None
2019-01-13 15:36:11,242 - INFO - allennlp.common.params - trainer.grad_clipping = None
2019-01-13 15:36:11,242 - INFO - allennlp.common.params - trainer.learning_rate_scheduler = None
2019-01-13 15:36:13,059 - INFO - allennlp.common.params - trainer.optimizer.type = adam
2019-01-13 15:36:13,059 - INFO - allennlp.common.params - trainer.optimizer.parameter_groups = None
2019-01-13 15:36:13,059 - INFO - allennlp.training.optimizers - Number of trainable parameters: 601202
2019-01-13 15:36:13,060 - INFO - allennlp.common.registrable - instantiating registered subclass adam of <class 'allennlp.training.optimizers.Optimizer'>
2019-01-13 15:36:13,060 - INFO - allennlp.common.params - Converting Params object to dict; logging of default values will not occur when dictionary parameters are used subsequently.
2019-01-13 15:36:13,060 - INFO - allennlp.common.params - CURRENTLY DEFINED PARAMETERS: 
2019-01-13 15:36:13,060 - INFO - allennlp.common.params - trainer.optimizer.lr = 0.001
2019-01-13 15:36:13,060 - INFO - allennlp.common.params - trainer.optimizer.weight_decay = 0.001
2019-01-13 15:36:13,060 - INFO - allennlp.common.params - trainer.num_serialized_models_to_keep = 20
2019-01-13 15:36:13,060 - INFO - allennlp.common.params - trainer.keep_serialized_model_every_num_seconds = None
2019-01-13 15:36:13,060 - INFO - allennlp.common.params - trainer.model_save_interval = None
2019-01-13 15:36:13,060 - INFO - allennlp.common.params - trainer.summary_interval = 100
2019-01-13 15:36:13,060 - INFO - allennlp.common.params - trainer.histogram_interval = None
2019-01-13 15:36:13,060 - INFO - allennlp.common.params - trainer.should_log_parameter_statistics = True
2019-01-13 15:36:13,060 - INFO - allennlp.common.params - trainer.should_log_learning_rate = False
2019-01-13 15:36:13,062 - INFO - allennlp.common.params - evaluate_on_test = False
2019-01-13 15:36:13,062 - INFO - allennlp.training.trainer - Beginning training.
2019-01-13 15:36:13,062 - INFO - allennlp.training.trainer - Epoch 0/199
2019-01-13 15:36:13,062 - INFO - allennlp.training.trainer - Peak CPU memory usage MB: 2993.816
2019-01-13 15:36:13,151 - INFO - allennlp.training.trainer - GPU 0 memory usage MB: 20
2019-01-13 15:36:13,151 - INFO - allennlp.training.trainer - GPU 1 memory usage MB: 537
2019-01-13 15:36:13,151 - INFO - allennlp.training.trainer - Training
2019-01-13 15:36:24,477 - INFO - allennlp.training.trainer - Validating
2019-01-13 15:36:25,794 - INFO - allennlp.training.trainer -              Training |  Validation
2019-01-13 15:36:25,794 - INFO - allennlp.training.trainer - loss     |     0.653  |     0.361
2019-01-13 15:36:25,794 - INFO - allennlp.training.trainer - accuracy |     0.761  |     0.851
2019-01-13 15:36:25,833 - INFO - allennlp.training.trainer - Best validation performance so far. Copying weights to 'experiments/supervised/boe_trials/results/boe9/best.th'.
2019-01-13 15:36:25,834 - INFO - allennlp.training.trainer - Epoch duration: 00:00:12
2019-01-13 15:36:25,834 - INFO - allennlp.training.trainer - Estimated training time remaining: 0:42:21
2019-01-13 15:36:25,834 - INFO - allennlp.training.trainer - Epoch 1/199
2019-01-13 15:36:25,834 - INFO - allennlp.training.trainer - Peak CPU memory usage MB: 3114.916
2019-01-13 15:36:25,926 - INFO - allennlp.training.trainer - GPU 0 memory usage MB: 20
2019-01-13 15:36:25,926 - INFO - allennlp.training.trainer - GPU 1 memory usage MB: 1671
2019-01-13 15:36:25,927 - INFO - allennlp.training.trainer - Training
2019-01-13 15:36:33,497 - INFO - allennlp.training.trainer - Validating
2019-01-13 15:36:34,043 - INFO - allennlp.training.trainer -              Training |  Validation
2019-01-13 15:36:34,044 - INFO - allennlp.training.trainer - loss     |     0.381  |     0.381
2019-01-13 15:36:34,044 - INFO - allennlp.training.trainer - accuracy |     0.847  |     0.849
2019-01-13 15:36:34,048 - INFO - allennlp.training.trainer - Epoch duration: 00:00:08
2019-01-13 15:36:34,048 - INFO - allennlp.training.trainer - Estimated training time remaining: 0:34:37
2019-01-13 15:36:34,048 - INFO - allennlp.training.trainer - Epoch 2/199
2019-01-13 15:36:34,048 - INFO - allennlp.training.trainer - Peak CPU memory usage MB: 3114.916
2019-01-13 15:36:34,139 - INFO - allennlp.training.trainer - GPU 0 memory usage MB: 20
2019-01-13 15:36:34,139 - INFO - allennlp.training.trainer - GPU 1 memory usage MB: 1671
2019-01-13 15:36:34,140 - INFO - allennlp.training.trainer - Training
2019-01-13 15:36:41,804 - INFO - allennlp.training.trainer - Validating
2019-01-13 15:36:42,353 - INFO - allennlp.training.trainer -              Training |  Validation
2019-01-13 15:36:42,353 - INFO - allennlp.training.trainer - loss     |     0.354  |     0.328
2019-01-13 15:36:42,354 - INFO - allennlp.training.trainer - accuracy |     0.858  |     0.865
2019-01-13 15:36:42,358 - INFO - allennlp.training.trainer - Best validation performance so far. Copying weights to 'experiments/supervised/boe_trials/results/boe9/best.th'.
2019-01-13 15:36:42,360 - INFO - allennlp.training.trainer - Epoch duration: 00:00:08
2019-01-13 15:36:42,360 - INFO - allennlp.training.trainer - Estimated training time remaining: 0:32:03
2019-01-13 15:36:42,360 - INFO - allennlp.training.trainer - Epoch 3/199
2019-01-13 15:36:42,360 - INFO - allennlp.training.trainer - Peak CPU memory usage MB: 3114.916
2019-01-13 15:36:42,452 - INFO - allennlp.training.trainer - GPU 0 memory usage MB: 20
2019-01-13 15:36:42,452 - INFO - allennlp.training.trainer - GPU 1 memory usage MB: 1671
2019-01-13 15:36:42,453 - INFO - allennlp.training.trainer - Training
2019-01-13 15:36:50,041 - INFO - allennlp.training.trainer - Validating
2019-01-13 15:36:50,591 - INFO - allennlp.training.trainer -              Training |  Validation
2019-01-13 15:36:50,592 - INFO - allennlp.training.trainer - loss     |     0.357  |     0.393
2019-01-13 15:36:50,592 - INFO - allennlp.training.trainer - accuracy |     0.856  |     0.843
2019-01-13 15:36:50,597 - INFO - allennlp.training.trainer - Epoch duration: 00:00:08
2019-01-13 15:36:50,597 - INFO - allennlp.training.trainer - Estimated training time remaining: 0:30:39
2019-01-13 15:36:50,597 - INFO - allennlp.training.trainer - Epoch 4/199
2019-01-13 15:36:50,597 - INFO - allennlp.training.trainer - Peak CPU memory usage MB: 3114.916
2019-01-13 15:36:50,689 - INFO - allennlp.training.trainer - GPU 0 memory usage MB: 20
2019-01-13 15:36:50,689 - INFO - allennlp.training.trainer - GPU 1 memory usage MB: 1671
2019-01-13 15:36:50,689 - INFO - allennlp.training.trainer - Training
2019-01-13 15:36:58,220 - INFO - allennlp.training.trainer - Validating
2019-01-13 15:36:58,766 - INFO - allennlp.training.trainer -              Training |  Validation
2019-01-13 15:36:58,766 - INFO - allennlp.training.trainer - loss     |     0.333  |     0.331
2019-01-13 15:36:58,766 - INFO - allennlp.training.trainer - accuracy |     0.868  |     0.864
2019-01-13 15:36:58,771 - INFO - allennlp.training.trainer - Epoch duration: 00:00:08
2019-01-13 15:36:58,771 - INFO - allennlp.training.trainer - Estimated training time remaining: 0:29:42
2019-01-13 15:36:58,771 - INFO - allennlp.training.trainer - Epoch 5/199
2019-01-13 15:36:58,772 - INFO - allennlp.training.trainer - Peak CPU memory usage MB: 3114.916
2019-01-13 15:36:58,862 - INFO - allennlp.training.trainer - GPU 0 memory usage MB: 20
2019-01-13 15:36:58,862 - INFO - allennlp.training.trainer - GPU 1 memory usage MB: 1671
2019-01-13 15:36:58,863 - INFO - allennlp.training.trainer - Training
2019-01-13 15:37:06,490 - INFO - allennlp.training.trainer - Validating
2019-01-13 15:37:07,041 - INFO - allennlp.training.trainer -              Training |  Validation
2019-01-13 15:37:07,042 - INFO - allennlp.training.trainer - loss     |     0.338  |     0.454
2019-01-13 15:37:07,042 - INFO - allennlp.training.trainer - accuracy |     0.866  |     0.830
2019-01-13 15:37:07,046 - INFO - allennlp.training.trainer - Epoch duration: 00:00:08
2019-01-13 15:37:07,046 - INFO - allennlp.training.trainer - Estimated training time remaining: 0:29:05
2019-01-13 15:37:07,046 - INFO - allennlp.training.trainer - Epoch 6/199
2019-01-13 15:37:07,046 - INFO - allennlp.training.trainer - Peak CPU memory usage MB: 3114.916
2019-01-13 15:37:07,137 - INFO - allennlp.training.trainer - GPU 0 memory usage MB: 20
2019-01-13 15:37:07,137 - INFO - allennlp.training.trainer - GPU 1 memory usage MB: 1671
2019-01-13 15:37:07,138 - INFO - allennlp.training.trainer - Training
2019-01-13 15:37:14,743 - INFO - allennlp.training.trainer - Validating
2019-01-13 15:37:15,291 - INFO - allennlp.training.trainer -              Training |  Validation
2019-01-13 15:37:15,292 - INFO - allennlp.training.trainer - loss     |     0.330  |     0.334
2019-01-13 15:37:15,292 - INFO - allennlp.training.trainer - accuracy |     0.869  |     0.867
2019-01-13 15:37:15,296 - INFO - allennlp.training.trainer - Best validation performance so far. Copying weights to 'experiments/supervised/boe_trials/results/boe9/best.th'.
2019-01-13 15:37:15,298 - INFO - allennlp.training.trainer - Epoch duration: 00:00:08
2019-01-13 15:37:15,298 - INFO - allennlp.training.trainer - Estimated training time remaining: 0:28:35
2019-01-13 15:37:15,298 - INFO - allennlp.training.trainer - Epoch 7/199
2019-01-13 15:37:15,298 - INFO - allennlp.training.trainer - Peak CPU memory usage MB: 3114.916
2019-01-13 15:37:15,383 - INFO - allennlp.training.trainer - GPU 0 memory usage MB: 20
2019-01-13 15:37:15,384 - INFO - allennlp.training.trainer - GPU 1 memory usage MB: 1671
2019-01-13 15:37:15,384 - INFO - allennlp.training.trainer - Training
2019-01-13 15:37:22,944 - INFO - allennlp.training.trainer - Validating
2019-01-13 15:37:23,492 - INFO - allennlp.training.trainer -              Training |  Validation
2019-01-13 15:37:23,492 - INFO - allennlp.training.trainer - loss     |     0.347  |     0.387
2019-01-13 15:37:23,493 - INFO - allennlp.training.trainer - accuracy |     0.864  |     0.849
2019-01-13 15:37:23,497 - INFO - allennlp.training.trainer - Epoch duration: 00:00:08
2019-01-13 15:37:23,497 - INFO - allennlp.training.trainer - Estimated training time remaining: 0:28:10
2019-01-13 15:37:23,497 - INFO - allennlp.training.trainer - Epoch 8/199
2019-01-13 15:37:23,497 - INFO - allennlp.training.trainer - Peak CPU memory usage MB: 3114.916
2019-01-13 15:37:23,589 - INFO - allennlp.training.trainer - GPU 0 memory usage MB: 20
2019-01-13 15:37:23,589 - INFO - allennlp.training.trainer - GPU 1 memory usage MB: 1671
2019-01-13 15:37:23,589 - INFO - allennlp.training.trainer - Training
2019-01-13 15:37:31,245 - INFO - allennlp.training.trainer - Validating
2019-01-13 15:37:31,792 - INFO - allennlp.training.trainer -              Training |  Validation
2019-01-13 15:37:31,793 - INFO - allennlp.training.trainer - loss     |     0.324  |     0.330
2019-01-13 15:37:31,793 - INFO - allennlp.training.trainer - accuracy |     0.869  |     0.864
2019-01-13 15:37:31,797 - INFO - allennlp.training.trainer - Epoch duration: 00:00:08
2019-01-13 15:37:31,797 - INFO - allennlp.training.trainer - Estimated training time remaining: 0:27:50
2019-01-13 15:37:31,797 - INFO - allennlp.training.trainer - Epoch 9/199
2019-01-13 15:37:31,797 - INFO - allennlp.training.trainer - Peak CPU memory usage MB: 3114.916
2019-01-13 15:37:31,883 - INFO - allennlp.training.trainer - GPU 0 memory usage MB: 20
2019-01-13 15:37:31,883 - INFO - allennlp.training.trainer - GPU 1 memory usage MB: 1671
2019-01-13 15:37:31,884 - INFO - allennlp.training.trainer - Training
2019-01-13 15:37:39,623 - INFO - allennlp.training.trainer - Validating
2019-01-13 15:37:40,173 - INFO - allennlp.training.trainer -              Training |  Validation
2019-01-13 15:37:40,174 - INFO - allennlp.training.trainer - loss     |     0.323  |     0.392
2019-01-13 15:37:40,175 - INFO - allennlp.training.trainer - accuracy |     0.873  |     0.847
2019-01-13 15:37:40,179 - INFO - allennlp.training.trainer - Epoch duration: 00:00:08
2019-01-13 15:37:40,179 - INFO - allennlp.training.trainer - Estimated training time remaining: 0:27:35
2019-01-13 15:37:40,179 - INFO - allennlp.training.trainer - Epoch 10/199
2019-01-13 15:37:40,179 - INFO - allennlp.training.trainer - Peak CPU memory usage MB: 3114.916
2019-01-13 15:37:40,272 - INFO - allennlp.training.trainer - GPU 0 memory usage MB: 20
2019-01-13 15:37:40,273 - INFO - allennlp.training.trainer - GPU 1 memory usage MB: 1671
2019-01-13 15:37:40,273 - INFO - allennlp.training.trainer - Training
2019-01-13 15:37:47,941 - INFO - allennlp.training.trainer - Validating
2019-01-13 15:37:48,490 - INFO - allennlp.training.trainer -              Training |  Validation
2019-01-13 15:37:48,490 - INFO - allennlp.training.trainer - loss     |     0.332  |     0.342
2019-01-13 15:37:48,490 - INFO - allennlp.training.trainer - accuracy |     0.866  |     0.864
2019-01-13 15:37:48,495 - INFO - allennlp.training.trainer - Epoch duration: 00:00:08
2019-01-13 15:37:48,495 - INFO - allennlp.training.trainer - Estimated training time remaining: 0:27:19
2019-01-13 15:37:48,495 - INFO - allennlp.training.trainer - Epoch 11/199
2019-01-13 15:37:48,495 - INFO - allennlp.training.trainer - Peak CPU memory usage MB: 3114.916
2019-01-13 15:37:48,584 - INFO - allennlp.training.trainer - GPU 0 memory usage MB: 20
2019-01-13 15:37:48,584 - INFO - allennlp.training.trainer - GPU 1 memory usage MB: 1671
2019-01-13 15:37:48,585 - INFO - allennlp.training.trainer - Training
2019-01-13 15:37:56,251 - INFO - allennlp.training.trainer - Validating
2019-01-13 15:37:56,800 - INFO - allennlp.training.trainer -              Training |  Validation
2019-01-13 15:37:56,800 - INFO - allennlp.training.trainer - loss     |     0.331  |     0.361
2019-01-13 15:37:56,801 - INFO - allennlp.training.trainer - accuracy |     0.869  |     0.861
2019-01-13 15:37:56,805 - INFO - allennlp.training.trainer - Epoch duration: 00:00:08
2019-01-13 15:37:56,805 - INFO - allennlp.training.trainer - Estimated training time remaining: 0:27:05
2019-01-13 15:37:56,805 - INFO - allennlp.training.trainer - Epoch 12/199
2019-01-13 15:37:56,805 - INFO - allennlp.training.trainer - Peak CPU memory usage MB: 3114.916
2019-01-13 15:37:56,890 - INFO - allennlp.training.trainer - GPU 0 memory usage MB: 20
2019-01-13 15:37:56,890 - INFO - allennlp.training.trainer - GPU 1 memory usage MB: 1671
2019-01-13 15:37:56,890 - INFO - allennlp.training.trainer - Training
2019-01-13 15:38:04,509 - INFO - allennlp.training.trainer - Validating
2019-01-13 15:38:05,058 - INFO - allennlp.training.trainer -              Training |  Validation
2019-01-13 15:38:05,058 - INFO - allennlp.training.trainer - loss     |     0.341  |     0.345
2019-01-13 15:38:05,058 - INFO - allennlp.training.trainer - accuracy |     0.864  |     0.865
2019-01-13 15:38:05,063 - INFO - allennlp.training.trainer - Epoch duration: 00:00:08
2019-01-13 15:38:05,063 - INFO - allennlp.training.trainer - Estimated training time remaining: 0:26:51
2019-01-13 15:38:05,063 - INFO - allennlp.training.trainer - Epoch 13/199
2019-01-13 15:38:05,063 - INFO - allennlp.training.trainer - Peak CPU memory usage MB: 3114.916
2019-01-13 15:38:05,156 - INFO - allennlp.training.trainer - GPU 0 memory usage MB: 20
2019-01-13 15:38:05,156 - INFO - allennlp.training.trainer - GPU 1 memory usage MB: 1671
2019-01-13 15:38:05,156 - INFO - allennlp.training.trainer - Training
2019-01-13 15:38:12,726 - INFO - allennlp.training.trainer - Validating
2019-01-13 15:38:13,274 - INFO - allennlp.training.trainer -              Training |  Validation
2019-01-13 15:38:13,274 - INFO - allennlp.training.trainer - loss     |     0.321  |     0.331
2019-01-13 15:38:13,275 - INFO - allennlp.training.trainer - accuracy |     0.874  |     0.870
2019-01-13 15:38:13,279 - INFO - allennlp.training.trainer - Best validation performance so far. Copying weights to 'experiments/supervised/boe_trials/results/boe9/best.th'.
2019-01-13 15:38:13,281 - INFO - allennlp.training.trainer - Epoch duration: 00:00:08
2019-01-13 15:38:13,281 - INFO - allennlp.training.trainer - Estimated training time remaining: 0:26:37
2019-01-13 15:38:13,281 - INFO - allennlp.training.trainer - Epoch 14/199
2019-01-13 15:38:13,281 - INFO - allennlp.training.trainer - Peak CPU memory usage MB: 3114.916
2019-01-13 15:38:13,369 - INFO - allennlp.training.trainer - GPU 0 memory usage MB: 20
2019-01-13 15:38:13,370 - INFO - allennlp.training.trainer - GPU 1 memory usage MB: 1671
2019-01-13 15:38:13,370 - INFO - allennlp.training.trainer - Training
2019-01-13 15:38:21,008 - INFO - allennlp.training.trainer - Validating
2019-01-13 15:38:21,553 - INFO - allennlp.training.trainer -              Training |  Validation
2019-01-13 15:38:21,553 - INFO - allennlp.training.trainer - loss     |     0.317  |     0.355
2019-01-13 15:38:21,553 - INFO - allennlp.training.trainer - accuracy |     0.874  |     0.858
2019-01-13 15:38:21,558 - INFO - allennlp.training.trainer - Epoch duration: 00:00:08
2019-01-13 15:38:21,558 - INFO - allennlp.training.trainer - Estimated training time remaining: 0:26:24
2019-01-13 15:38:21,558 - INFO - allennlp.training.trainer - Epoch 15/199
2019-01-13 15:38:21,558 - INFO - allennlp.training.trainer - Peak CPU memory usage MB: 3114.916
2019-01-13 15:38:21,648 - INFO - allennlp.training.trainer - GPU 0 memory usage MB: 20
2019-01-13 15:38:21,648 - INFO - allennlp.training.trainer - GPU 1 memory usage MB: 1671
2019-01-13 15:38:21,649 - INFO - allennlp.training.trainer - Training
2019-01-13 15:38:29,330 - INFO - allennlp.training.trainer - Validating
2019-01-13 15:38:29,877 - INFO - allennlp.training.trainer -              Training |  Validation
2019-01-13 15:38:29,877 - INFO - allennlp.training.trainer - loss     |     0.313  |     0.406
2019-01-13 15:38:29,878 - INFO - allennlp.training.trainer - accuracy |     0.875  |     0.845
2019-01-13 15:38:29,882 - INFO - allennlp.training.trainer - Epoch duration: 00:00:08
2019-01-13 15:38:29,882 - INFO - allennlp.training.trainer - Estimated training time remaining: 0:26:13
2019-01-13 15:38:29,882 - INFO - allennlp.training.trainer - Epoch 16/199
2019-01-13 15:38:29,882 - INFO - allennlp.training.trainer - Peak CPU memory usage MB: 3114.916
2019-01-13 15:38:29,967 - INFO - allennlp.training.trainer - GPU 0 memory usage MB: 20
2019-01-13 15:38:29,968 - INFO - allennlp.training.trainer - GPU 1 memory usage MB: 1671
2019-01-13 15:38:29,968 - INFO - allennlp.training.trainer - Training
2019-01-13 15:38:37,570 - INFO - allennlp.training.trainer - Validating
2019-01-13 15:38:38,121 - INFO - allennlp.training.trainer -              Training |  Validation
2019-01-13 15:38:38,121 - INFO - allennlp.training.trainer - loss     |     0.313  |     0.331
2019-01-13 15:38:38,121 - INFO - allennlp.training.trainer - accuracy |     0.874  |     0.867
2019-01-13 15:38:38,126 - INFO - allennlp.training.trainer - Epoch duration: 00:00:08
2019-01-13 15:38:38,126 - INFO - allennlp.training.trainer - Estimated training time remaining: 0:26:01
2019-01-13 15:38:38,126 - INFO - allennlp.training.trainer - Epoch 17/199
2019-01-13 15:38:38,126 - INFO - allennlp.training.trainer - Peak CPU memory usage MB: 3114.916
2019-01-13 15:38:38,213 - INFO - allennlp.training.trainer - GPU 0 memory usage MB: 20
2019-01-13 15:38:38,213 - INFO - allennlp.training.trainer - GPU 1 memory usage MB: 1671
2019-01-13 15:38:38,214 - INFO - allennlp.training.trainer - Training
2019-01-13 15:38:45,755 - INFO - allennlp.training.trainer - Validating
2019-01-13 15:38:46,303 - INFO - allennlp.training.trainer -              Training |  Validation
2019-01-13 15:38:46,304 - INFO - allennlp.training.trainer - loss     |     0.313  |     0.360
2019-01-13 15:38:46,304 - INFO - allennlp.training.trainer - accuracy |     0.876  |     0.857
2019-01-13 15:38:46,309 - INFO - allennlp.training.trainer - Epoch duration: 00:00:08
2019-01-13 15:38:46,309 - INFO - allennlp.training.trainer - Estimated training time remaining: 0:25:49
2019-01-13 15:38:46,309 - INFO - allennlp.training.trainer - Epoch 18/199
2019-01-13 15:38:46,309 - INFO - allennlp.training.trainer - Peak CPU memory usage MB: 3114.916
2019-01-13 15:38:46,393 - INFO - allennlp.training.trainer - GPU 0 memory usage MB: 20
2019-01-13 15:38:46,393 - INFO - allennlp.training.trainer - GPU 1 memory usage MB: 1671
2019-01-13 15:38:46,393 - INFO - allennlp.training.trainer - Training
2019-01-13 15:38:53,980 - INFO - allennlp.training.trainer - Validating
2019-01-13 15:38:54,527 - INFO - allennlp.training.trainer -              Training |  Validation
2019-01-13 15:38:54,528 - INFO - allennlp.training.trainer - loss     |     0.325  |     0.361
2019-01-13 15:38:54,528 - INFO - allennlp.training.trainer - accuracy |     0.868  |     0.858
2019-01-13 15:38:54,532 - INFO - allennlp.training.trainer - Epoch duration: 00:00:08
2019-01-13 15:38:54,533 - INFO - allennlp.training.trainer - Estimated training time remaining: 0:25:38
2019-01-13 15:38:54,533 - INFO - allennlp.training.trainer - Epoch 19/199
2019-01-13 15:38:54,533 - INFO - allennlp.training.trainer - Peak CPU memory usage MB: 3114.916
2019-01-13 15:38:54,617 - INFO - allennlp.training.trainer - GPU 0 memory usage MB: 20
2019-01-13 15:38:54,618 - INFO - allennlp.training.trainer - GPU 1 memory usage MB: 1671
2019-01-13 15:38:54,618 - INFO - allennlp.training.trainer - Training
2019-01-13 15:39:02,276 - INFO - allennlp.training.trainer - Validating
2019-01-13 15:39:02,823 - INFO - allennlp.training.trainer -              Training |  Validation
2019-01-13 15:39:02,824 - INFO - allennlp.training.trainer - loss     |     0.307  |     0.364
2019-01-13 15:39:02,824 - INFO - allennlp.training.trainer - accuracy |     0.876  |     0.857
2019-01-13 15:39:02,828 - INFO - allennlp.training.trainer - Epoch duration: 00:00:08
2019-01-13 15:39:02,828 - INFO - allennlp.training.trainer - Estimated training time remaining: 0:25:27
2019-01-13 15:39:02,828 - INFO - allennlp.training.trainer - Epoch 20/199
2019-01-13 15:39:02,829 - INFO - allennlp.training.trainer - Peak CPU memory usage MB: 3114.916
2019-01-13 15:39:02,915 - INFO - allennlp.training.trainer - GPU 0 memory usage MB: 20
2019-01-13 15:39:02,915 - INFO - allennlp.training.trainer - GPU 1 memory usage MB: 1671
2019-01-13 15:39:02,916 - INFO - allennlp.training.trainer - Training
2019-01-13 15:39:10,561 - INFO - allennlp.training.trainer - Validating
2019-01-13 15:39:11,107 - INFO - allennlp.training.trainer -              Training |  Validation
2019-01-13 15:39:11,107 - INFO - allennlp.training.trainer - loss     |     0.302  |     0.336
2019-01-13 15:39:11,107 - INFO - allennlp.training.trainer - accuracy |     0.879  |     0.868
2019-01-13 15:39:11,113 - INFO - allennlp.training.trainer - Epoch duration: 00:00:08
2019-01-13 15:39:11,113 - INFO - allennlp.training.trainer - Estimated training time remaining: 0:25:17
2019-01-13 15:39:11,113 - INFO - allennlp.training.trainer - Epoch 21/199
2019-01-13 15:39:11,113 - INFO - allennlp.training.trainer - Peak CPU memory usage MB: 3114.916
2019-01-13 15:39:11,197 - INFO - allennlp.training.trainer - GPU 0 memory usage MB: 20
2019-01-13 15:39:11,197 - INFO - allennlp.training.trainer - GPU 1 memory usage MB: 1671
2019-01-13 15:39:11,197 - INFO - allennlp.training.trainer - Training
2019-01-13 15:39:18,887 - INFO - allennlp.training.trainer - Validating
2019-01-13 15:39:19,437 - INFO - allennlp.training.trainer -              Training |  Validation
2019-01-13 15:39:19,437 - INFO - allennlp.training.trainer - loss     |     0.309  |     0.370
2019-01-13 15:39:19,437 - INFO - allennlp.training.trainer - accuracy |     0.875  |     0.858
2019-01-13 15:39:19,443 - INFO - allennlp.training.trainer - Epoch duration: 00:00:08
2019-01-13 15:39:19,443 - INFO - allennlp.training.trainer - Estimated training time remaining: 0:25:07
2019-01-13 15:39:19,443 - INFO - allennlp.training.trainer - Epoch 22/199
2019-01-13 15:39:19,443 - INFO - allennlp.training.trainer - Peak CPU memory usage MB: 3114.916
2019-01-13 15:39:19,527 - INFO - allennlp.training.trainer - GPU 0 memory usage MB: 20
2019-01-13 15:39:19,528 - INFO - allennlp.training.trainer - GPU 1 memory usage MB: 1671
2019-01-13 15:39:19,528 - INFO - allennlp.training.trainer - Training
2019-01-13 15:39:27,245 - INFO - allennlp.training.trainer - Validating
2019-01-13 15:39:27,790 - INFO - allennlp.training.trainer -              Training |  Validation
2019-01-13 15:39:27,790 - INFO - allennlp.training.trainer - loss     |     0.316  |     0.382
2019-01-13 15:39:27,791 - INFO - allennlp.training.trainer - accuracy |     0.875  |     0.856
2019-01-13 15:39:27,796 - INFO - allennlp.training.trainer - Epoch duration: 00:00:08
2019-01-13 15:39:27,796 - INFO - allennlp.training.trainer - Estimated training time remaining: 0:24:58
2019-01-13 15:39:27,796 - INFO - allennlp.training.trainer - Epoch 23/199
2019-01-13 15:39:27,796 - INFO - allennlp.training.trainer - Peak CPU memory usage MB: 3114.916
2019-01-13 15:39:27,886 - INFO - allennlp.training.trainer - GPU 0 memory usage MB: 20
2019-01-13 15:39:27,886 - INFO - allennlp.training.trainer - GPU 1 memory usage MB: 1671
2019-01-13 15:39:27,887 - INFO - allennlp.training.trainer - Training
2019-01-13 15:39:35,528 - INFO - allennlp.training.trainer - Validating
2019-01-13 15:39:36,072 - INFO - allennlp.training.trainer -              Training |  Validation
2019-01-13 15:39:36,072 - INFO - allennlp.training.trainer - loss     |     0.307  |     0.391
2019-01-13 15:39:36,072 - INFO - allennlp.training.trainer - accuracy |     0.877  |     0.849
2019-01-13 15:39:36,078 - INFO - allennlp.training.trainer - Epoch duration: 00:00:08
2019-01-13 15:39:36,078 - INFO - allennlp.training.trainer - Estimated training time remaining: 0:24:48
2019-01-13 15:39:36,078 - INFO - allennlp.training.trainer - Epoch 24/199
2019-01-13 15:39:36,078 - INFO - allennlp.training.trainer - Peak CPU memory usage MB: 3114.916
2019-01-13 15:39:36,166 - INFO - allennlp.training.trainer - GPU 0 memory usage MB: 20
2019-01-13 15:39:36,166 - INFO - allennlp.training.trainer - GPU 1 memory usage MB: 1671
2019-01-13 15:39:36,166 - INFO - allennlp.training.trainer - Training
2019-01-13 15:39:43,774 - INFO - allennlp.training.trainer - Validating
2019-01-13 15:39:44,317 - INFO - allennlp.training.trainer -              Training |  Validation
2019-01-13 15:39:44,318 - INFO - allennlp.training.trainer - loss     |     0.304  |     0.377
2019-01-13 15:39:44,318 - INFO - allennlp.training.trainer - accuracy |     0.878  |     0.859
2019-01-13 15:39:44,323 - INFO - allennlp.training.trainer - Epoch duration: 00:00:08
2019-01-13 15:39:44,323 - INFO - allennlp.training.trainer - Estimated training time remaining: 0:24:38
2019-01-13 15:39:44,323 - INFO - allennlp.training.trainer - Epoch 25/199
2019-01-13 15:39:44,323 - INFO - allennlp.training.trainer - Peak CPU memory usage MB: 3114.916
2019-01-13 15:39:44,410 - INFO - allennlp.training.trainer - GPU 0 memory usage MB: 20
2019-01-13 15:39:44,410 - INFO - allennlp.training.trainer - GPU 1 memory usage MB: 1671
2019-01-13 15:39:44,411 - INFO - allennlp.training.trainer - Training
2019-01-13 15:39:52,054 - INFO - allennlp.training.trainer - Validating
2019-01-13 15:39:52,600 - INFO - allennlp.training.trainer -              Training |  Validation
2019-01-13 15:39:52,600 - INFO - allennlp.training.trainer - loss     |     0.314  |     0.343
2019-01-13 15:39:52,600 - INFO - allennlp.training.trainer - accuracy |     0.875  |     0.870
2019-01-13 15:39:52,606 - INFO - allennlp.training.trainer - Epoch duration: 00:00:08
2019-01-13 15:39:52,606 - INFO - allennlp.training.trainer - Estimated training time remaining: 0:24:29
2019-01-13 15:39:52,606 - INFO - allennlp.training.trainer - Epoch 26/199
2019-01-13 15:39:52,606 - INFO - allennlp.training.trainer - Peak CPU memory usage MB: 3114.916
2019-01-13 15:39:52,694 - INFO - allennlp.training.trainer - GPU 0 memory usage MB: 20
2019-01-13 15:39:52,694 - INFO - allennlp.training.trainer - GPU 1 memory usage MB: 1671
2019-01-13 15:39:52,695 - INFO - allennlp.training.trainer - Training
2019-01-13 15:40:00,373 - INFO - allennlp.training.trainer - Validating
2019-01-13 15:40:00,921 - INFO - allennlp.training.trainer -              Training |  Validation
2019-01-13 15:40:00,922 - INFO - allennlp.training.trainer - loss     |     0.300  |     0.377
2019-01-13 15:40:00,922 - INFO - allennlp.training.trainer - accuracy |     0.881  |     0.857
2019-01-13 15:40:00,927 - INFO - allennlp.training.trainer - Epoch duration: 00:00:08
2019-01-13 15:40:00,927 - INFO - allennlp.training.trainer - Estimated training time remaining: 0:24:20
2019-01-13 15:40:00,927 - INFO - allennlp.training.trainer - Epoch 27/199
2019-01-13 15:40:00,927 - INFO - allennlp.training.trainer - Peak CPU memory usage MB: 3114.916
2019-01-13 15:40:01,011 - INFO - allennlp.training.trainer - GPU 0 memory usage MB: 20
2019-01-13 15:40:01,012 - INFO - allennlp.training.trainer - GPU 1 memory usage MB: 1671
2019-01-13 15:40:01,012 - INFO - allennlp.training.trainer - Training
2019-01-13 15:40:08,632 - INFO - allennlp.training.trainer - Validating
2019-01-13 15:40:09,179 - INFO - allennlp.training.trainer -              Training |  Validation
2019-01-13 15:40:09,179 - INFO - allennlp.training.trainer - loss     |     0.298  |     0.415
2019-01-13 15:40:09,179 - INFO - allennlp.training.trainer - accuracy |     0.882  |     0.846
2019-01-13 15:40:09,185 - INFO - allennlp.training.trainer - Epoch duration: 00:00:08
2019-01-13 15:40:09,185 - INFO - allennlp.training.trainer - Estimated training time remaining: 0:24:10
2019-01-13 15:40:09,185 - INFO - allennlp.training.trainer - Epoch 28/199
2019-01-13 15:40:09,185 - INFO - allennlp.training.trainer - Peak CPU memory usage MB: 3114.916
2019-01-13 15:40:09,270 - INFO - allennlp.training.trainer - GPU 0 memory usage MB: 20
2019-01-13 15:40:09,271 - INFO - allennlp.training.trainer - GPU 1 memory usage MB: 1671
2019-01-13 15:40:09,271 - INFO - allennlp.training.trainer - Training
2019-01-13 15:40:16,938 - INFO - allennlp.training.trainer - Validating
2019-01-13 15:40:17,486 - INFO - allennlp.training.trainer -              Training |  Validation
2019-01-13 15:40:17,487 - INFO - allennlp.training.trainer - loss     |     0.285  |     0.347
2019-01-13 15:40:17,487 - INFO - allennlp.training.trainer - accuracy |     0.885  |     0.865
2019-01-13 15:40:17,492 - INFO - allennlp.training.trainer - Epoch duration: 00:00:08
2019-01-13 15:40:17,492 - INFO - allennlp.training.trainer - Estimated training time remaining: 0:24:01
2019-01-13 15:40:17,492 - INFO - allennlp.training.trainer - Epoch 29/199
2019-01-13 15:40:17,492 - INFO - allennlp.training.trainer - Peak CPU memory usage MB: 3114.916
2019-01-13 15:40:17,579 - INFO - allennlp.training.trainer - GPU 0 memory usage MB: 20
2019-01-13 15:40:17,579 - INFO - allennlp.training.trainer - GPU 1 memory usage MB: 1671
2019-01-13 15:40:17,580 - INFO - allennlp.training.trainer - Training
2019-01-13 15:40:25,231 - INFO - allennlp.training.trainer - Validating
2019-01-13 15:40:25,777 - INFO - allennlp.training.trainer -              Training |  Validation
2019-01-13 15:40:25,777 - INFO - allennlp.training.trainer - loss     |     0.305  |     0.359
2019-01-13 15:40:25,777 - INFO - allennlp.training.trainer - accuracy |     0.879  |     0.865
2019-01-13 15:40:25,783 - INFO - allennlp.training.trainer - Epoch duration: 00:00:08
2019-01-13 15:40:25,783 - INFO - allennlp.training.trainer - Estimated training time remaining: 0:23:52
2019-01-13 15:40:25,783 - INFO - allennlp.training.trainer - Epoch 30/199
2019-01-13 15:40:25,783 - INFO - allennlp.training.trainer - Peak CPU memory usage MB: 3114.916
2019-01-13 15:40:25,870 - INFO - allennlp.training.trainer - GPU 0 memory usage MB: 20
2019-01-13 15:40:25,871 - INFO - allennlp.training.trainer - GPU 1 memory usage MB: 1671
2019-01-13 15:40:25,871 - INFO - allennlp.training.trainer - Training
2019-01-13 15:40:33,400 - INFO - allennlp.training.trainer - Validating
2019-01-13 15:40:33,948 - INFO - allennlp.training.trainer -              Training |  Validation
2019-01-13 15:40:33,948 - INFO - allennlp.training.trainer - loss     |     0.293  |     0.352
2019-01-13 15:40:33,948 - INFO - allennlp.training.trainer - accuracy |     0.884  |     0.864
2019-01-13 15:40:33,954 - INFO - allennlp.training.trainer - Epoch duration: 00:00:08
2019-01-13 15:40:33,954 - INFO - allennlp.training.trainer - Estimated training time remaining: 0:23:42
2019-01-13 15:40:33,954 - INFO - allennlp.training.trainer - Epoch 31/199
2019-01-13 15:40:33,954 - INFO - allennlp.training.trainer - Peak CPU memory usage MB: 3114.916
2019-01-13 15:40:34,039 - INFO - allennlp.training.trainer - GPU 0 memory usage MB: 20
2019-01-13 15:40:34,040 - INFO - allennlp.training.trainer - GPU 1 memory usage MB: 1671
2019-01-13 15:40:34,040 - INFO - allennlp.training.trainer - Training
2019-01-13 15:40:41,711 - INFO - allennlp.training.trainer - Validating
2019-01-13 15:40:42,255 - INFO - allennlp.training.trainer -              Training |  Validation
2019-01-13 15:40:42,255 - INFO - allennlp.training.trainer - loss     |     0.284  |     0.352
2019-01-13 15:40:42,255 - INFO - allennlp.training.trainer - accuracy |     0.885  |     0.863
2019-01-13 15:40:42,261 - INFO - allennlp.training.trainer - Epoch duration: 00:00:08
2019-01-13 15:40:42,261 - INFO - allennlp.training.trainer - Estimated training time remaining: 0:23:33
2019-01-13 15:40:42,261 - INFO - allennlp.training.trainer - Epoch 32/199
2019-01-13 15:40:42,261 - INFO - allennlp.training.trainer - Peak CPU memory usage MB: 3114.916
2019-01-13 15:40:42,347 - INFO - allennlp.training.trainer - GPU 0 memory usage MB: 20
2019-01-13 15:40:42,347 - INFO - allennlp.training.trainer - GPU 1 memory usage MB: 1671
2019-01-13 15:40:42,347 - INFO - allennlp.training.trainer - Training
2019-01-13 15:40:50,034 - INFO - allennlp.training.trainer - Validating
2019-01-13 15:40:50,581 - INFO - allennlp.training.trainer -              Training |  Validation
2019-01-13 15:40:50,582 - INFO - allennlp.training.trainer - loss     |     0.290  |     0.348
2019-01-13 15:40:50,582 - INFO - allennlp.training.trainer - accuracy |     0.884  |     0.865
2019-01-13 15:40:50,587 - INFO - allennlp.training.trainer - Epoch duration: 00:00:08
2019-01-13 15:40:50,587 - INFO - allennlp.training.trainer - Estimated training time remaining: 0:23:24
2019-01-13 15:40:50,587 - INFO - allennlp.training.trainer - Epoch 33/199
2019-01-13 15:40:50,587 - INFO - allennlp.training.trainer - Peak CPU memory usage MB: 3114.916
2019-01-13 15:40:50,670 - INFO - allennlp.training.trainer - GPU 0 memory usage MB: 20
2019-01-13 15:40:50,670 - INFO - allennlp.training.trainer - GPU 1 memory usage MB: 1671
2019-01-13 15:40:50,670 - INFO - allennlp.training.trainer - Training
2019-01-13 15:40:58,268 - INFO - allennlp.training.trainer - Validating
2019-01-13 15:40:58,817 - INFO - allennlp.training.trainer - Ran out of patience.  Stopping training.
2019-01-13 15:40:58,817 - INFO - allennlp.models.archival - archiving weights and vocabulary to experiments/supervised/boe_trials/results/boe9/model.tar.gz
2019-01-13 15:40:58,905 - INFO - allennlp.commands.train - Loading the best epoch weights.
2019-01-13 15:40:58,907 - INFO - allennlp.common.util - Metrics: {
  "training_duration": "00:04:37",
  "training_start_epoch": 0,
  "training_epochs": 32,
  "epoch": 32,
  "training_accuracy": 0.88405,
  "training_loss": 0.2898018255829811,
  "validation_accuracy": 0.8652,
  "validation_loss": 0.3477718499302864,
  "best_epoch": 13,
  "best_validation_accuracy": 0.87,
  "best_validation_loss": 0.330694742500782
}
